spk_ver/v00/v0000	SES146	0.729809	-49.0465	-49.7763
spk_ver/v00/v0001	SES002	-22.3784	-73.2673	-50.8889
spk_ver/v00/v0002	SES002	-17.0373	-67.6791	-50.6418
spk_ver/v00/v0003	SES002	-22.9211	-74.6162	-51.6952
spk_ver/v00/v0004	SES002	-2.46601	-52.9352	-50.4692
spk_ver/v00/v0005	SES002	-4.60023	-54.7286	-50.1283
spk_ver/v00/v0006	SES002	-13.6896	-63.459	-49.7694
spk_ver/v00/v0007	SES002	-14.1973	-65.9311	-51.7338
spk_ver/v00/v0008	SES146	-0.22504	-50.3439	-50.1188
spk_ver/v00/v0009	SES002	-2.28613	-51.3836	-49.0975
spk_ver/v00/v0010	SES002	-3.78666	-54.1624	-50.3757
spk_ver/v00/v0011	SES002	-2.34348	-53.8454	-51.5019
spk_ver/v00/v0012	SES002	-15.9634	-64.8201	-48.8567
spk_ver/v00/v0013	SES002	-10.5886	-59.7759	-49.1873
spk_ver/v00/v0014	SES002	-1.54963	-51.2779	-49.7283
spk_ver/v00/v0015	SES002	-1.75802	-51.0382	-49.2802
spk_ver/v00/v0016	SES275	0.851852	-50.549	-51.4009
spk_ver/v00/v0017	SES002	-0.309135	-49.3834	-49.0743
spk_ver/v00/v0018	SES002	-19.1348	-70.9823	-51.8475
spk_ver/v00/v0019	SES002	-2.7495	-52.5177	-49.7682
spk_ver/v00/v0020	SES002	-16.3492	-68.3918	-52.0426
spk_ver/v00/v0021	SES002	-18.1415	-68.6529	-50.5114
spk_ver/v00/v0022	SES002	-2.46003	-52.4092	-49.9492
spk_ver/v00/v0023	SES002	-14.0468	-63.0187	-48.9718
spk_ver/v00/v0024	SES002	-17.2526	-68.169	-50.9163
spk_ver/v00/v0025	SES002	-10.2976	-61.3632	-51.0656
spk_ver/v00/v0026	SES002	-8.89186	-58.1471	-49.2553
spk_ver/v00/v0027	SES129	1.60038	-47.9206	-49.521
spk_ver/v00/v0028	SES007	-2.52335	-52.166	-49.6427
spk_ver/v00/v0029	SES083	-0.160027	-49.3867	-49.2267
spk_ver/v00/v0030	SES019	2.273	-47.9773	-50.2503
spk_ver/v00/v0031	SES007	-2.7675	-53.3442	-50.5767
spk_ver/v00/v0032	SES270	1.112	-48.2471	-49.3591
spk_ver/v00/v0033	SES007	-3.78859	-53.9525	-50.1639
spk_ver/v00/v0034	SES007	-3.99949	-57.9656	-53.9662
spk_ver/v00/v0035	SES007	-1.64471	-51.188	-49.5432
spk_ver/v00/v0036	SES007	-1.68528	-50.6723	-48.987
spk_ver/v00/v0037	SES007	-3.88682	-53.0179	-49.1311
spk_ver/v00/v0038	SES259	1.82797	-46.9552	-48.7832
spk_ver/v00/v0039	SES007	-3.13899	-53.5539	-50.4149
spk_ver/v00/v0040	SES007	-3.12795	-51.8107	-48.6828
spk_ver/v00/v0041	SES007	-3.07656	-52.1996	-49.123
spk_ver/v00/v0042	SES007	-1.22505	-51.4265	-50.2015
spk_ver/v00/v0043	SES007	-0.91259	-51.0221	-50.1095
spk_ver/v00/v0044	SES007	-2.97196	-51.0973	-48.1254
spk_ver/v00/v0045	SES007	-1.39219	-50.9985	-49.6063
spk_ver/v00/v0046	SES007	-1.79968	-51.1402	-49.3405
spk_ver/v00/v0047	SES172	0.380188	-49.411	-49.7912
spk_ver/v00/v0048	SES105	1.18845	-49.1382	-50.3267
spk_ver/v00/v0049	SES007	-1.17918	-50.4343	-49.2552
spk_ver/v00/v0050	SES292	-0.176861	-50.1217	-49.9449
spk_ver/v00/v0051	SES007	-2.49854	-53.2136	-50.7151
spk_ver/v00/v0052	SES068	0.698551	-48.3163	-49.0149
spk_ver/v00/v0053	SES008	-1.79272	-50.6739	-48.8811
spk_ver/v00/v0054	SES008	-5.86644	-57.7855	-51.9191
spk_ver/v00/v0055	SES008	-3.07096	-53.2819	-50.211
spk_ver/v00/v0056	SES008	-7.59804	-57.794	-50.196
spk_ver/v00/v0057	SES008	-7.43415	-57.235	-49.8008
spk_ver/v00/v0058	SES083	0.52578	-49.0694	-49.5952
spk_ver/v00/v0059	SES158	1.3524	-48.2473	-49.5997
spk_ver/v00/v0060	SES008	-3.14398	-52.8771	-49.7332
spk_ver/v00/v0061	SES101	0.0672913	-49.6432	-49.7104
spk_ver/v00/v0062	SES008	-4.83273	-55.0949	-50.2621
spk_ver/v00/v0063	SES008	-3.01911	-53.1518	-50.1327
spk_ver/v00/v0064	SES117	0.987637	-49.8813	-50.869
spk_ver/v00/v0065	SES149	1.65807	-47.4788	-49.1369
spk_ver/v00/v0066	SES008	-2.97292	-52.7284	-49.7554
spk_ver/v00/v0067	SES008	-5.57094	-57.2037	-51.6328
spk_ver/v00/v0068	SES162	1.6007	-49.0382	-50.639
spk_ver/v00/v0069	SES008	-6.71261	-55.8635	-49.1509
spk_ver/v00/v0070	SES008	-1.25957	-50.4844	-49.2248
spk_ver/v00/v0071	SES008	-3.57074	-53.7361	-50.1654
spk_ver/v00/v0072	SES008	-1.43822	-49.8443	-48.4061
spk_ver/v00/v0073	SES008	-3.76525	-52.3123	-48.5471
spk_ver/v00/v0074	SES008	-5.21657	-54.4756	-49.259
spk_ver/v00/v0075	SES008	-8.88977	-59.622	-50.7322
spk_ver/v00/v0076	SES167	1.3101	-48.4364	-49.7465
spk_ver/v00/v0077	SES008	-2.23949	-51.0797	-48.8402
spk_ver/v00/v0078	SES177	0.77803	-48.9347	-49.7127
spk_ver/v00/v0079	SES008	-3.24212	-53.5526	-50.3105
spk_ver/v00/v0080	SES008	-3.82793	-54.8738	-51.0459
spk_ver/v00/v0081	SES008	-7.13205	-59.1398	-52.0078
spk_ver/v00/v0082	SES008	-3.69632	-53.083	-49.3867
spk_ver/v00/v0083	SES008	-7.87423	-58.4512	-50.577
spk_ver/v00/v0084	SES144	0.827217	-49.7529	-50.5802
spk_ver/v00/v0085	SES008	-2.61837	-52.8212	-50.2029
spk_ver/v00/v0086	SES008	-2.38168	-50.8773	-48.4957
spk_ver/v00/v0087	SES008	-4.94315	-56.4954	-51.5523
spk_ver/v00/v0088	SES008	-3.86847	-53.9523	-50.0838
spk_ver/v00/v0089	SES008	-1.90007	-52.7571	-50.857
spk_ver/v00/v0090	SES142	1.63511	-49.0042	-50.6394
spk_ver/v00/v0091	SES008	-7.7863	-56.6498	-48.8635
spk_ver/v00/v0092	SES158	0.972221	-49.5421	-50.5143
spk_ver/v00/v0093	SES014	-7.60639	-56.8862	-49.2798
spk_ver/v00/v0094	SES014	-4.22696	-55.8696	-51.6427
spk_ver/v00/v0095	SES014	-1.19312	-49.6839	-48.4908
spk_ver/v00/v0096	SES014	-3.17921	-52.4024	-49.2232
spk_ver/v00/v0097	SES014	-2.09401	-52.6494	-50.5554
spk_ver/v00/v0098	SES014	-1.78392	-50.4772	-48.6933
spk_ver/v00/v0099	SES014	-18.008	-69.1082	-51.1001
spk_ver/v01/v0100	SES127	0.660198	-49.0905	-49.7507
spk_ver/v01/v0101	SES014	-13.0677	-64.9571	-51.8895
spk_ver/v01/v0102	SES014	-22.88	-74.4671	-51.5871
spk_ver/v01/v0103	SES014	-5.32988	-57.2252	-51.8954
spk_ver/v01/v0104	SES014	-14.1646	-65.538	-51.3734
spk_ver/v01/v0105	SES014	-4.36058	-56.0195	-51.6589
spk_ver/v01/v0106	SES014	-2.14851	-52.2727	-50.1242
spk_ver/v01/v0107	SES014	-18.5441	-68.1385	-49.5944
spk_ver/v01/v0108	SES014	-24.2499	-74.8938	-50.6439
spk_ver/v01/v0109	SES014	-14.1728	-65.4133	-51.2405
spk_ver/v01/v0110	SES014	-3.02285	-54.3172	-51.2943
spk_ver/v01/v0111	SES014	-1.47559	-50.3249	-48.8493
spk_ver/v01/v0112	SES014	-14.7558	-64.3531	-49.5973
spk_ver/v01/v0113	SES104	-0.212193	-50.3601	-50.1479
spk_ver/v01/v0114	SES082	0.540928	-48.5169	-49.0579
spk_ver/v01/v0115	SES087	1.60979	-48.0155	-49.6253
spk_ver/v01/v0116	SES014	-1.83824	-51.3516	-49.5134
spk_ver/v01/v0117	SES177	0.0596275	-50.0357	-50.0953
spk_ver/v01/v0118	SES014	-15.3328	-66.6648	-51.332
spk_ver/v01/v0119	SES014	-1.32318	-50.3412	-49.0181
spk_ver/v01/v0120	SES014	-21.3035	-72.7852	-51.4816
spk_ver/v01/v0121	SES146	0.0503349	-49.641	-49.6913
spk_ver/v01/v0122	SES014	1.38052	-46.6027	-47.9833
spk_ver/v01/v0123	SES014	-1.80636	-51.374	-49.5676
spk_ver/v01/v0124	SES014	-15.6772	-65.8035	-50.1263
spk_ver/v01/v0125	SES014	-7.39267	-58.244	-50.8514
spk_ver/v01/v0126	SES016	-2.97436	-53.7458	-50.7714
spk_ver/v01/v0127	SES016	-3.21716	-54.9451	-51.728
spk_ver/v01/v0128	SES106	1.586	-48.1045	-49.6905
spk_ver/v01/v0129	SES016	-5.41072	-54.1248	-48.7141
spk_ver/v01/v0130	SES016	-2.78908	-53.4957	-50.7066
spk_ver/v01/v0131	SES016	-5.21379	-54.8612	-49.6475
spk_ver/v01/v0132	SES016	-1.79455	-51.7481	-49.9536
spk_ver/v01/v0133	SES016	-2.09203	-53.71	-51.618
spk_ver/v01/v0134	SES016	-3.52258	-52.249	-48.7264
spk_ver/v01/v0135	SES016	-3.41448	-54.8406	-51.4261
spk_ver/v01/v0136	SES016	-4.05218	-55.1922	-51.14
spk_ver/v01/v0137	SES007	0.48893	-49.9359	-50.4249
spk_ver/v01/v0138	SES016	-1.31891	-51.2693	-49.9504
spk_ver/v01/v0139	SES016	-2.05681	-51.3538	-49.297
spk_ver/v01/v0140	SES016	0.677155	-49.3005	-49.9777
spk_ver/v01/v0141	SES016	-9.29756	-62.0254	-52.7279
spk_ver/v01/v0142	SES016	-4.05621	-53.6591	-49.6029
spk_ver/v01/v0143	SES016	-6.74937	-58.0532	-51.3038
spk_ver/v01/v0144	SES016	-3.19337	-52.928	-49.7346
spk_ver/v01/v0145	SES016	-3.94623	-55.3888	-51.4426
spk_ver/v01/v0146	SES016	-1.62779	-50.7588	-49.131
spk_ver/v01/v0147	SES016	-1.66333	-51.7869	-50.1235
spk_ver/v01/v0148	SES127	0.581493	-49.3839	-49.9654
spk_ver/v01/v0149	SES016	-5.10947	-54.5499	-49.4404
spk_ver/v01/v0150	SES016	-2.12632	-51.8809	-49.7545
spk_ver/v01/v0151	SES147	1.39994	-50.3795	-51.7794
spk_ver/v01/v0152	SES016	-1.89926	-52.0875	-50.1882
spk_ver/v01/v0153	SES104	0.943665	-47.3735	-48.3172
spk_ver/v01/v0154	SES016	-3.24088	-54.1525	-50.9117
spk_ver/v01/v0155	SES016	-2.96767	-54.0542	-51.0866
spk_ver/v01/v0156	SES019	-1.609	-52.2	-50.591
spk_ver/v01/v0157	SES019	-3.55988	-52.1314	-48.5715
spk_ver/v01/v0158	SES019	-0.986568	-50.4264	-49.4398
spk_ver/v01/v0159	SES007	0.0640564	-49.5199	-49.584
spk_ver/v01/v0160	SES019	-2.55851	-51.0638	-48.5052
spk_ver/v01/v0161	SES019	-2.43604	-52.7898	-50.3538
spk_ver/v01/v0162	SES019	-11.7073	-60.8343	-49.1269
spk_ver/v01/v0163	SES189	0.953854	-50.2726	-51.2264
spk_ver/v01/v0164	SES019	-1.90393	-51.0044	-49.1004
spk_ver/v01/v0165	SES019	-1.23478	-51.7457	-50.5109
spk_ver/v01/v0166	SES019	-10.401	-59.8778	-49.4768
spk_ver/v01/v0167	SES019	-13.9407	-64.8958	-50.9551
spk_ver/v01/v0168	SES019	-1.42732	-52.5535	-51.1262
spk_ver/v01/v0169	SES019	-3.52366	-53.7909	-50.2672
spk_ver/v01/v0170	SES270	1.16986	-48.4181	-49.5879
spk_ver/v01/v0171	SES019	-2.60244	-52.3224	-49.72
spk_ver/v01/v0172	SES019	-14.5914	-65.6653	-51.0739
spk_ver/v01/v0173	SES206	1.08402	-48.322	-49.406
spk_ver/v01/v0174	SES019	-2.51595	-52.4931	-49.9772
spk_ver/v01/v0175	SES014	1.09672	-47.5845	-48.6813
spk_ver/v01/v0176	SES019	-9.29644	-59.0395	-49.743
spk_ver/v01/v0177	SES120	0.923122	-49.8032	-50.7263
spk_ver/v01/v0178	SES019	-1.15726	-52.6365	-51.4792
spk_ver/v01/v0179	SES019	-15.1415	-64.0279	-48.8865
spk_ver/v01/v0180	SES175	0.884819	-49.6418	-50.5266
spk_ver/v01/v0181	SES019	-13.0866	-64.4496	-51.363
spk_ver/v01/v0182	SES019	-5.45362	-54.4361	-48.9824
spk_ver/v01/v0183	SES029	-2.99462	-52.9769	-49.9823
spk_ver/v01/v0184	SES029	-5.72781	-55.0709	-49.3431
spk_ver/v01/v0185	SES029	-3.51853	-53.413	-49.8945
spk_ver/v01/v0186	SES068	0.445362	-48.5194	-48.9648
spk_ver/v01/v0187	SES029	-5.0071	-54.2966	-49.2895
spk_ver/v01/v0188	SES029	-3.45012	-52.0213	-48.5712
spk_ver/v01/v0189	SES149	1.94613	-46.8474	-48.7935
spk_ver/v01/v0190	SES029	-4.53939	-53.6286	-49.0892
spk_ver/v01/v0191	SES029	-5.23611	-55.0368	-49.8007
spk_ver/v01/v0192	SES183	0.91518	-48.1508	-49.066
spk_ver/v01/v0193	SES029	-1.40909	-51.7742	-50.3651
spk_ver/v01/v0194	SES016	1.08807	-48.7047	-49.7927
spk_ver/v01/v0195	SES029	-3.11589	-52.7437	-49.6278
spk_ver/v01/v0196	SES029	-0.882767	-50.9829	-50.1001
spk_ver/v01/v0197	SES029	-4.72095	-53.4274	-48.7064
spk_ver/v01/v0198	SES146	-0.0204391	-50.0368	-50.0163
spk_ver/v01/v0199	SES029	-4.10892	-55.0433	-50.9344
spk_ver/v02/v0200	SES029	-2.94271	-54.2091	-51.2664
spk_ver/v02/v0201	SES068	0.65094	-48.5517	-49.2027
spk_ver/v02/v0202	SES148	1.33294	-48.69	-50.0229
spk_ver/v02/v0203	SES029	-3.22617	-52.8704	-49.6443
spk_ver/v02/v0204	SES029	-0.936119	-51.0897	-50.1536
spk_ver/v02/v0205	SES060	0.638824	-48.1636	-48.8025
spk_ver/v02/v0206	SES127	1.52664	-47.9226	-49.4493
spk_ver/v02/v0207	SES029	-4.58553	-54.9804	-50.3948
spk_ver/v02/v0208	SES048	2.02392	-48.7518	-50.7757
spk_ver/v02/v0209	SES029	-1.89393	-52.2264	-50.3325
spk_ver/v02/v0210	SES029	-5.48654	-55.5386	-50.0521
spk_ver/v02/v0211	SES029	-3.35854	-52.4461	-49.0876
spk_ver/v02/v0212	SES042	-19.6095	-71.1054	-51.4959
spk_ver/v02/v0213	SES085	0.806396	-49.4754	-50.2818
spk_ver/v02/v0214	SES206	1.43116	-47.3517	-48.7829
spk_ver/v02/v0215	SES144	0.292339	-49.7575	-50.0498
spk_ver/v02/v0216	SES042	-3.62606	-53.2483	-49.6223
spk_ver/v02/v0217	SES042	-3.76346	-57.2511	-53.4876
spk_ver/v02/v0218	SES042	-1.51086	-49.9292	-48.4183
spk_ver/v02/v0219	SES206	0.734619	-48.167	-48.9016
spk_ver/v02/v0220	SES019	3.8087	-47.1634	-50.9721
spk_ver/v02/v0221	SES007	0.16745	-49.8247	-49.9922
spk_ver/v02/v0222	SES042	-17.5543	-69.1751	-51.6208
spk_ver/v02/v0223	SES147	1.16278	-50.3657	-51.5285
spk_ver/v02/v0224	SES105	0.840847	-49.6968	-50.5377
spk_ver/v02/v0225	SES042	-2.21801	-51.7772	-49.5592
spk_ver/v02/v0226	SES275	0.824604	-49.6166	-50.4412
spk_ver/v02/v0227	SES042	-4.82399	-55.1285	-50.3045
spk_ver/v02/v0228	SES042	-9.18839	-59.2621	-50.0737
spk_ver/v02/v0229	SES042	-20.1732	-69.6771	-49.5039
spk_ver/v02/v0230	SES085	0.550194	-47.8955	-48.4457
spk_ver/v02/v0231	SES014	1.90768	-46.6625	-48.5702
spk_ver/v02/v0232	SES042	-1.91786	-50.5598	-48.642
spk_ver/v02/v0233	SES048	-4.49362	-53.7009	-49.2072
spk_ver/v02/v0234	SES048	-7.94602	-59.559	-51.6129
spk_ver/v02/v0235	SES029	0.792088	-49.2544	-50.0465
spk_ver/v02/v0236	SES048	-4.42796	-53.3971	-48.9691
spk_ver/v02/v0237	SES048	-5.02728	-54.504	-49.4768
spk_ver/v02/v0238	SES048	-4.11916	-54.3544	-50.2352
spk_ver/v02/v0239	SES060	0.391865	-48.7697	-49.1615
spk_ver/v02/v0240	SES048	-7.11967	-57.9607	-50.841
spk_ver/v02/v0241	SES048	-6.85772	-57.4764	-50.6187
spk_ver/v02/v0242	SES189	2.02291	-49.7945	-51.8174
spk_ver/v02/v0243	SES162	0.75626	-49.9443	-50.7006
spk_ver/v02/v0244	SES048	-4.53935	-53.1119	-48.5726
spk_ver/v02/v0245	SES048	-4.29477	-53.2697	-48.9749
spk_ver/v02/v0246	SES048	-4.2799	-53.1097	-48.8298
spk_ver/v02/v0247	SES048	-4.7571	-55.7493	-50.9922
spk_ver/v02/v0248	SES226	2.1373	-47.6769	-49.8142
spk_ver/v02/v0249	SES048	-3.70161	-54.0117	-50.3101
spk_ver/v02/v0250	SES048	-2.98444	-53.8667	-50.8823
spk_ver/v02/v0251	SES048	-4.33092	-54.8845	-50.5536
spk_ver/v02/v0252	SES060	-7.24127	-59.093	-51.8517
spk_ver/v02/v0253	SES060	-4.6788	-53.8934	-49.2146
spk_ver/v02/v0254	SES259	2.14519	-46.7714	-48.9166
spk_ver/v02/v0255	SES060	-4.17921	-55.7081	-51.5289
spk_ver/v02/v0256	SES202	0.579872	-50.4979	-51.0778
spk_ver/v02/v0257	SES148	0.67141	-48.5067	-49.1782
spk_ver/v02/v0258	SES060	-5.28256	-57.5506	-52.268
spk_ver/v02/v0259	SES060	-1.77939	-51.2983	-49.5189
spk_ver/v02/v0260	SES060	-2.6036	-52.79	-50.1863
spk_ver/v02/v0261	SES099	2.04013	-47.354	-49.3941
spk_ver/v02/v0262	SES060	-3.49743	-53.69	-50.1926
spk_ver/v02/v0263	SES060	-3.11894	-52.0465	-48.9276
spk_ver/v02/v0264	SES292	-0.271774	-50.2048	-49.933
spk_ver/v02/v0265	SES060	-1.56484	-51.3072	-49.7424
spk_ver/v02/v0266	SES060	-6.2699	-56.8214	-50.5515
spk_ver/v02/v0267	SES060	-4.30904	-55.4226	-51.1135
spk_ver/v02/v0268	SES060	-4.50633	-55.7321	-51.2258
spk_ver/v02/v0269	SES127	0.648605	-49.0234	-49.672
spk_ver/v02/v0270	SES060	-3.19958	-53.8501	-50.6506
spk_ver/v02/v0271	SES060	-1.75678	-51.0802	-49.3234
spk_ver/v02/v0272	SES060	-3.93632	-55.2575	-51.3212
spk_ver/v02/v0273	SES087	1.71904	-47.8585	-49.5775
spk_ver/v02/v0274	SES146	0.349106	-49.8736	-50.2227
spk_ver/v02/v0275	SES060	-4.31244	-55.3404	-51.028
spk_ver/v02/v0276	SES002	2.0334	-47.3855	-49.4189
spk_ver/v02/v0277	SES060	-1.74762	-51.1338	-49.3862
spk_ver/v02/v0278	SES060	-4.96922	-55.3795	-50.4103
spk_ver/v02/v0279	SES060	-4.91641	-53.4104	-48.494
spk_ver/v02/v0280	SES129	2.11315	-47.5862	-49.6993
spk_ver/v02/v0281	SES162	0.850044	-49.416	-50.2661
spk_ver/v02/v0282	SES060	-3.21979	-52.8352	-49.6154
spk_ver/v02/v0283	SES060	-3.79101	-53.1482	-49.3572
spk_ver/v02/v0284	SES062	-4.12473	-55.6971	-51.5723
spk_ver/v02/v0285	SES062	-4.33226	-53.98	-49.6478
spk_ver/v02/v0286	SES120	-0.238155	-50.8495	-50.6114
spk_ver/v02/v0287	SES062	-3.86492	-54.6519	-50.787
spk_ver/v02/v0288	SES062	-3.65594	-53.7995	-50.1436
spk_ver/v02/v0289	SES062	-3.2976	-51.2391	-47.9415
spk_ver/v02/v0290	SES062	-2.57038	-52.6191	-50.0488
spk_ver/v02/v0291	SES275	0.228291	-49.7032	-49.9315
spk_ver/v02/v0292	SES062	-4.38446	-55.3527	-50.9682
spk_ver/v02/v0293	SES062	-5.7851	-56.7651	-50.98
spk_ver/v02/v0294	SES062	-2.7004	-51.3998	-48.6994
spk_ver/v02/v0295	SES062	-4.08362	-54.6007	-50.5171
spk_ver/v02/v0296	SES062	-3.98195	-53.8743	-49.8924
spk_ver/v02/v0297	SES062	-5.26731	-55.9416	-50.6743
spk_ver/v02/v0298	SES062	-3.65186	-54.0083	-50.3565
spk_ver/v02/v0299	SES062	-3.10538	-53.4084	-50.303
spk_ver/v03/v0300	SES062	-5.60735	-57.869	-52.2617
spk_ver/v03/v0301	SES062	-3.2075	-52.4118	-49.2043
spk_ver/v03/v0302	SES172	0.804661	-47.6306	-48.4353
spk_ver/v03/v0303	SES062	-1.70876	-51.4507	-49.7419
spk_ver/v03/v0304	SES062	-2.72857	-52.4218	-49.6932
spk_ver/v03/v0305	SES062	-3.6162	-53.4287	-49.8125
spk_ver/v03/v0306	SES062	-6.67717	-59.2783	-52.6011
spk_ver/v03/v0307	SES062	-4.24486	-53.0109	-48.7661
spk_ver/v03/v0308	SES062	-6.33844	-57.4384	-51.0999
spk_ver/v03/v0309	SES062	-2.88733	-54.8879	-52.0006
spk_ver/v03/v0310	SES125	1.16716	-47.1969	-48.3641
spk_ver/v03/v0311	SES062	-3.49858	-52.5429	-49.0443
spk_ver/v03/v0312	SES062	-6.00407	-57.2424	-51.2383
spk_ver/v03/v0313	SES062	-3.55622	-55.5108	-51.9546
spk_ver/v03/v0314	SES068	-5.15453	-54.5739	-49.4194
spk_ver/v03/v0315	SES068	-3.88971	-52.2801	-48.3904
spk_ver/v03/v0316	SES068	-5.02062	-56.9029	-51.8822
spk_ver/v03/v0317	SES068	-3.31532	-55.1671	-51.8518
spk_ver/v03/v0318	SES068	-5.46272	-54.5895	-49.1268
spk_ver/v03/v0319	SES068	-6.94631	-57.2113	-50.265
spk_ver/v03/v0320	SES068	-1.58892	-50.2822	-48.6933
spk_ver/v03/v0321	SES068	-1.11531	-51.1579	-50.0426
spk_ver/v03/v0322	SES068	-1.01651	-51.1732	-50.1566
spk_ver/v03/v0323	SES068	-4.13695	-54.3	-50.1631
spk_ver/v03/v0324	SES144	0.306656	-50.981	-51.2877
spk_ver/v03/v0325	SES068	-2.55644	-51.5862	-49.0298
spk_ver/v03/v0326	SES068	-1.0784	-49.579	-48.5006
spk_ver/v03/v0327	SES068	-2.52851	-52.7713	-50.2428
spk_ver/v03/v0328	SES068	-5.05547	-55.1019	-50.0465
spk_ver/v03/v0329	SES068	-2.14621	-51.7539	-49.6077
spk_ver/v03/v0330	SES180	-0.101719	-50.2487	-50.1469
spk_ver/v03/v0331	SES068	-1.13443	-51.1236	-49.9891
spk_ver/v03/v0332	SES275	1.17357	-48.6753	-49.8488
spk_ver/v03/v0333	SES062	1.19757	-47.2835	-48.4811
spk_ver/v03/v0334	SES270	1.688	-48.3625	-50.0504
spk_ver/v03/v0335	SES068	-5.64528	-57.0317	-51.3864
spk_ver/v03/v0336	SES068	-1.47239	-50.081	-48.6086
spk_ver/v03/v0337	SES068	-3.44854	-54.8801	-51.4316
spk_ver/v03/v0338	SES068	-3.10273	-54.1955	-51.0927
spk_ver/v03/v0339	SES068	-1.14715	-51.3983	-50.2511
spk_ver/v03/v0340	SES068	-3.26393	-54.7013	-51.4373
spk_ver/v03/v0341	SES016	0.627892	-48.5821	-49.21
spk_ver/v03/v0342	SES068	-3.70239	-55.2714	-51.569
spk_ver/v03/v0343	SES068	-1.56565	-51.7791	-50.2135
spk_ver/v03/v0344	SES125	1.21822	-47.7725	-48.9907
spk_ver/v03/v0345	SES187	0.889423	-48.9846	-49.874
spk_ver/v03/v0346	SES068	-3.03214	-52.4637	-49.4316
spk_ver/v03/v0347	SES143	0.757038	-49.401	-50.1581
spk_ver/v03/v0348	SES292	0.664333	-49.1322	-49.7965
spk_ver/v03/v0349	SES082	-8.7539	-58.547	-49.7931
spk_ver/v03/v0350	SES101	0.871983	-47.6861	-48.5581
spk_ver/v03/v0351	SES082	-0.371231	-50.5026	-50.1314
spk_ver/v03/v0352	SES082	-1.50114	-51.6763	-50.1751
spk_ver/v03/v0353	SES082	-7.11101	-57.4202	-50.3092
spk_ver/v03/v0354	SES082	-14.472	-66.0758	-51.6038
spk_ver/v03/v0355	SES083	0.15884	-47.8524	-48.0112
spk_ver/v03/v0356	SES082	-2.59809	-53.0849	-50.4868
spk_ver/v03/v0357	SES082	-13.137	-63.9995	-50.8625
spk_ver/v03/v0358	SES082	-1.27579	-50.9734	-49.6976
spk_ver/v03/v0359	SES117	0.370487	-51.7865	-52.1569
spk_ver/v03/v0360	SES082	-8.7539	-58.458	-49.7041
spk_ver/v03/v0361	SES082	-2.10761	-52.0571	-49.9494
spk_ver/v03/v0362	SES007	0.796116	-48.6819	-49.4781
spk_ver/v03/v0363	SES082	-2.94542	-52.5049	-49.5595
spk_ver/v03/v0364	SES019	2.06308	-48.2403	-50.3034
spk_ver/v03/v0365	SES082	-0.920528	-51.1378	-50.2172
spk_ver/v03/v0366	SES226	1.99208	-48.1382	-50.1303
spk_ver/v03/v0367	SES167	1.40552	-48.0479	-49.4534
spk_ver/v03/v0368	SES082	-2.49047	-51.055	-48.5645
spk_ver/v03/v0369	SES042	3.02001	-45.5612	-48.5812
spk_ver/v03/v0370	SES042	2.23328	-46.8385	-49.0718
spk_ver/v03/v0371	SES082	-8.70541	-58.868	-50.1626
spk_ver/v03/v0372	SES082	-2.43621	-51.3143	-48.8781
spk_ver/v03/v0373	SES082	-5.51897	-56.4665	-50.9475
spk_ver/v03/v0374	SES083	-2.11492	-50.7165	-48.6016
spk_ver/v03/v0375	SES292	0.629356	-49.2515	-49.8809
spk_ver/v03/v0376	SES083	-3.99506	-53.5446	-49.5495
spk_ver/v03/v0377	SES083	-4.59948	-54.6306	-50.0312
spk_ver/v03/v0378	SES083	-2.08723	-52.8099	-50.7227
spk_ver/v03/v0379	SES083	-1.41084	-51.6018	-50.1909
spk_ver/v03/v0380	SES083	-2.22624	-53.2992	-51.073
spk_ver/v03/v0381	SES083	-2.44565	-52.3281	-49.8825
spk_ver/v03/v0382	SES148	0.838139	-49.0748	-49.9129
spk_ver/v03/v0383	SES083	-1.74313	-50.406	-48.6629
spk_ver/v03/v0384	SES226	1.69954	-47.5766	-49.2762
spk_ver/v03/v0385	SES226	1.84667	-47.2333	-49.08
spk_ver/v03/v0386	SES087	1.60825	-48.1766	-49.7848
spk_ver/v03/v0387	SES029	0.784912	-49.1961	-49.981
spk_ver/v03/v0388	SES147	1.54407	-49.4825	-51.0265
spk_ver/v03/v0389	SES083	-5.54332	-56.1261	-50.5828
spk_ver/v03/v0390	SES189	1.41975	-49.3129	-50.7327
spk_ver/v03/v0391	SES083	-2.01422	-51.6589	-49.6447
spk_ver/v03/v0392	SES083	-0.256088	-48.6947	-48.4387
spk_ver/v03/v0393	SES083	-2.38701	-52.0504	-49.6634
spk_ver/v03/v0394	SES083	-4.24923	-54.3565	-50.1072
spk_ver/v03/v0395	SES083	-1.912	-51.5379	-49.6259
spk_ver/v03/v0396	SES014	2.36785	-46.0984	-48.4662
spk_ver/v03/v0397	SES085	-0.766281	-49.2493	-48.483
spk_ver/v03/v0398	SES085	-2.50116	-51.0232	-48.522
spk_ver/v03/v0399	SES085	-6.20933	-55.3954	-49.1861
spk_ver/v04/v0400	SES106	1.86035	-47.2728	-49.1332
spk_ver/v04/v0401	SES085	-4.94942	-54.3549	-49.4054
spk_ver/v04/v0402	SES085	-10.197	-61.3411	-51.144
spk_ver/v04/v0403	SES085	-1.305	-50.3683	-49.0633
spk_ver/v04/v0404	SES180	0.935017	-48.5986	-49.5336
spk_ver/v04/v0405	SES129	1.7504	-46.9966	-48.747
spk_ver/v04/v0406	SES085	-5.82732	-55.5861	-49.7588
spk_ver/v04/v0407	SES146	-0.10627	-50.5604	-50.4541
spk_ver/v04/v0408	SES085	-1.53204	-50.5933	-49.0613
spk_ver/v04/v0409	SES085	-4.44188	-53.9914	-49.5496
spk_ver/v04/v0410	SES085	-6.99542	-56.5092	-49.5138
spk_ver/v04/v0411	SES292	0.605991	-49.6994	-50.3054
spk_ver/v04/v0412	SES085	-2.34338	-51.3183	-48.9749
spk_ver/v04/v0413	SES125	1.50335	-47.0944	-48.5977
spk_ver/v04/v0414	SES085	-6.0596	-59.7692	-53.7096
spk_ver/v04/v0415	SES085	-2.74387	-52.5495	-49.8057
spk_ver/v04/v0416	SES085	-4.24335	-53.4908	-49.2475
spk_ver/v04/v0417	SES062	0.0761414	-48.5015	-48.5776
spk_ver/v04/v0418	SES060	1.74319	-47.8288	-49.5719
spk_ver/v04/v0419	SES085	-2.28889	-51.9401	-49.6512
spk_ver/v04/v0420	SES085	-6.55316	-55.9178	-49.3647
spk_ver/v04/v0421	SES085	-8.5475	-58.7209	-50.1734
spk_ver/v04/v0422	SES085	-2.02024	-53.0436	-51.0234
spk_ver/v04/v0423	SES085	-7.13763	-57.3042	-50.1666
spk_ver/v04/v0424	SES085	-5.0582	-56.1829	-51.1247
spk_ver/v04/v0425	SES183	0.855858	-49.8482	-50.704
spk_ver/v04/v0426	SES085	-5.92387	-55.3692	-49.4453
spk_ver/v04/v0427	SES087	-2.9757	-52.7439	-49.7682
spk_ver/v04/v0428	SES162	1.25001	-49.3889	-50.6389
spk_ver/v04/v0429	SES087	-1.75714	-50.6838	-48.9267
spk_ver/v04/v0430	SES087	-6.11033	-57.7432	-51.6328
spk_ver/v04/v0431	SES087	-18.3953	-69.4511	-51.0558
spk_ver/v04/v0432	SES087	-2.33199	-52.5366	-50.2046
spk_ver/v04/v0433	SES087	-13.0465	-62.1345	-49.088
spk_ver/v04/v0434	SES142	2.73851	-47.7572	-50.4957
spk_ver/v04/v0435	SES087	-14.0052	-65.1226	-51.1174
spk_ver/v04/v0436	SES099	1.19051	-47.9982	-49.1887
spk_ver/v04/v0437	SES087	-6.38955	-55.3197	-48.9302
spk_ver/v04/v0438	SES087	-8.3644	-58.9252	-50.5608
spk_ver/v04/v0439	SES087	-2.05411	-50.3371	-48.283
spk_ver/v04/v0440	SES087	-9.30951	-59.222	-49.9125
spk_ver/v04/v0441	SES087	-16.1504	-66.8168	-50.6664
spk_ver/v04/v0442	SES187	2.0606	-49.2276	-51.2882
spk_ver/v04/v0443	SES172	1.52654	-48.4404	-49.9669
spk_ver/v04/v0444	SES087	-3.26381	-52.6089	-49.3451
spk_ver/v04/v0445	SES087	-2.15271	-51.0388	-48.8861
spk_ver/v04/v0446	SES087	-0.460728	-49.2596	-48.7989
spk_ver/v04/v0447	SES087	-1.28088	-50.451	-49.1701
spk_ver/v04/v0448	SES106	1.86092	-48.3981	-50.259
spk_ver/v04/v0449	SES146	0.752625	-49.8532	-50.6058
spk_ver/v04/v0450	SES087	-13.69	-64.1228	-50.4328
spk_ver/v04/v0451	SES087	-1.32108	-50.7646	-49.4435
spk_ver/v04/v0452	SES007	0.826664	-49.2706	-50.0972
spk_ver/v04/v0453	SES087	-2.34806	-51.9444	-49.5964
spk_ver/v04/v0454	SES087	-11.1415	-61.9548	-50.8133
spk_ver/v04/v0455	SES180	0.613998	-49.5279	-50.1419
spk_ver/v04/v0456	SES099	-8.03995	-58.7124	-50.6725
spk_ver/v04/v0457	SES042	1.76052	-47.7527	-49.5132
spk_ver/v04/v0458	SES099	-0.460873	-50.279	-49.8181
spk_ver/v04/v0459	SES099	-17.4435	-67.9404	-50.4969
spk_ver/v04/v0460	SES099	-9.79959	-62.1377	-52.3381
spk_ver/v04/v0461	SES099	-1.42448	-50.7049	-49.2804
spk_ver/v04/v0462	SES082	1.59143	-47.5471	-49.1386
spk_ver/v04/v0463	SES099	-0.287525	-49.9486	-49.661
spk_ver/v04/v0464	SES099	0.704861	-48.142	-48.8468
spk_ver/v04/v0465	SES099	-14.8472	-64.7681	-49.9209
spk_ver/v04/v0466	SES099	-0.542786	-49.8307	-49.2879
spk_ver/v04/v0467	SES099	-0.744446	-50.3351	-49.5906
spk_ver/v04/v0468	SES129	2.05477	-47.694	-49.7488
spk_ver/v04/v0469	SES101	0.742634	-48.4341	-49.1767
spk_ver/v04/v0470	SES099	-10.0482	-61.2462	-51.198
spk_ver/v04/v0471	SES172	0.742706	-49.2047	-49.9474
spk_ver/v04/v0472	SES099	-0.126202	-49.7103	-49.5841
spk_ver/v04/v0473	SES270	2.27325	-47.645	-49.9182
spk_ver/v04/v0474	SES099	-4.64777	-54.1257	-49.4779
spk_ver/v04/v0475	SES099	-3.34007	-52.3267	-48.9867
spk_ver/v04/v0476	SES099	-2.86116	-55.5548	-52.6937
spk_ver/v04/v0477	SES002	1.76267	-46.8588	-48.6214
spk_ver/v04/v0478	SES099	0.104641	-49.5048	-49.6094
spk_ver/v04/v0479	SES007	-0.887032	-51.1979	-50.3109
spk_ver/v04/v0480	SES101	-5.08011	-53.4136	-48.3335
spk_ver/v04/v0481	SES101	-4.34973	-56.0641	-51.7144
spk_ver/v04/v0482	SES175	0.451065	-49.9628	-50.4139
spk_ver/v04/v0483	SES101	-2.47043	-52.0392	-49.5688
spk_ver/v04/v0484	SES101	-4.6125	-52.9717	-48.3592
spk_ver/v04/v0485	SES101	-3.2842	-54.1162	-50.832
spk_ver/v04/v0486	SES101	-2.07645	-54.0288	-51.9524
spk_ver/v04/v0487	SES101	-2.79718	-53.5368	-50.7396
spk_ver/v04/v0488	SES101	-5.12262	-55.3481	-50.2255
spk_ver/v04/v0489	SES147	0.817657	-51.1494	-51.9671
spk_ver/v04/v0490	SES085	-0.143444	-50.7163	-50.5729
spk_ver/v04/v0491	SES101	-3.36479	-54.9453	-51.5805
spk_ver/v04/v0492	SES101	-5.32601	-56.7104	-51.3844
spk_ver/v04/v0493	SES101	-3.22842	-51.967	-48.7386
spk_ver/v04/v0494	SES101	-2.30169	-53.9705	-51.6688
spk_ver/v04/v0495	SES101	-1.84287	-50.4143	-48.5715
spk_ver/v04/v0496	SES101	-3.39849	-53.3605	-49.962
spk_ver/v04/v0497	SES014	1.59838	-46.4374	-48.0358
spk_ver/v04/v0498	SES101	-3.87075	-53.7461	-49.8753
spk_ver/v04/v0499	SES101	-2.06008	-51.2957	-49.2356
spk_ver/v05/v0500	SES085	0.583328	-48.4181	-49.0014
spk_ver/v05/v0501	SES101	-6.09771	-55.7529	-49.6552
spk_ver/v05/v0502	SES275	0.674889	-49.3934	-50.0683
spk_ver/v05/v0503	SES117	1.04407	-50.2947	-51.3388
spk_ver/v05/v0504	SES101	-5.23357	-54.3994	-49.1658
spk_ver/v05/v0505	SES101	-1.96511	-51.9047	-49.9396
spk_ver/v05/v0506	SES101	-2.2419	-52.8339	-50.5919
spk_ver/v05/v0507	SES048	0.910866	-48.0722	-48.9831
spk_ver/v05/v0508	SES117	0.5839	-51.3333	-51.9172
spk_ver/v05/v0509	SES202	2.51416	-47.5723	-50.0865
spk_ver/v05/v0510	SES104	-2.27405	-53.971	-51.697
spk_ver/v05/v0511	SES008	-0.0381546	-50.7514	-50.7133
spk_ver/v05/v0512	SES104	-1.47699	-52.1147	-50.6377
spk_ver/v05/v0513	SES104	-1.77193	-50.2919	-48.52
spk_ver/v05/v0514	SES104	-12.2128	-60.8043	-48.5915
spk_ver/v05/v0515	SES104	-18.6859	-69.6294	-50.9435
spk_ver/v05/v0516	SES104	-1.5037	-53.0738	-51.5701
spk_ver/v05/v0517	SES060	0.134518	-47.7855	-47.92
spk_ver/v05/v0518	SES104	-17.2306	-68.9122	-51.6817
spk_ver/v05/v0519	SES104	-17.932	-69.0462	-51.1142
spk_ver/v05/v0520	SES104	-0.566612	-48.9867	-48.4201
spk_ver/v05/v0521	SES008	1.11791	-47.4429	-48.5608
spk_ver/v05/v0522	SES068	1.24263	-48.5824	-49.825
spk_ver/v05/v0523	SES087	1.35795	-47.8175	-49.1754
spk_ver/v05/v0524	SES104	-1.81216	-51.5906	-49.7785
spk_ver/v05/v0525	SES104	-1.48756	-50.8569	-49.3694
spk_ver/v05/v0526	SES104	-1.58362	-51.1837	-49.6
spk_ver/v05/v0527	SES083	0.392391	-48.9735	-49.3659
spk_ver/v05/v0528	SES148	1.04941	-48.9231	-49.9725
spk_ver/v05/v0529	SES104	-3.02555	-53.4316	-50.4061
spk_ver/v05/v0530	SES104	-12.5972	-62.5714	-49.9742
spk_ver/v05/v0531	SES125	0.876209	-48.4217	-49.2979
spk_ver/v05/v0532	SES104	-17.039	-67.3825	-50.3435
spk_ver/v05/v0533	SES149	2.55364	-46.4114	-48.965
spk_ver/v05/v0534	SES104	-17.4057	-67.3332	-49.9275
spk_ver/v05/v0535	SES187	0.621487	-50.4112	-51.0327
spk_ver/v05/v0536	SES104	-2.87962	-52.2922	-49.4125
spk_ver/v05/v0537	SES104	-2.40591	-52.2071	-49.8012
spk_ver/v05/v0538	SES167	1.42237	-48.6578	-50.0802
spk_ver/v05/v0539	SES104	-1.9083	-53.6786	-51.7703
spk_ver/v05/v0540	SES104	-15.2184	-63.6444	-48.4259
spk_ver/v05/v0541	SES183	1.24565	-50.7054	-51.9511
spk_ver/v05/v0542	SES104	-1.30596	-51.3522	-50.0462
spk_ver/v05/v0543	SES104	-14.7957	-64.5051	-49.7094
spk_ver/v05/v0544	SES105	-3.62391	-54.0022	-50.3783
spk_ver/v05/v0545	SES105	-2.86086	-53.4145	-50.5536
spk_ver/v05/v0546	SES105	-3.06123	-52.562	-49.5008
spk_ver/v05/v0547	SES105	-3.52021	-55.0854	-51.5652
spk_ver/v05/v0548	SES019	2.78588	-48.1474	-50.9333
spk_ver/v05/v0549	SES105	-2.57304	-53.1149	-50.5418
spk_ver/v05/v0550	SES105	-3.25112	-54.4889	-51.2378
spk_ver/v05/v0551	SES202	1.66905	-50.217	-51.8861
spk_ver/v05/v0552	SES105	-4.21679	-55.2649	-51.0481
spk_ver/v05/v0553	SES105	-1.08107	-50.5624	-49.4813
spk_ver/v05/v0554	SES105	-1.6893	-50.7423	-49.053
spk_ver/v05/v0555	SES105	-2.53315	-52.6393	-50.1062
spk_ver/v05/v0556	SES082	0.594162	-48.7351	-49.3293
spk_ver/v05/v0557	SES105	-3.4215	-52.6133	-49.1918
spk_ver/v05/v0558	SES014	1.65071	-47.158	-48.8087
spk_ver/v05/v0559	SES105	-1.79433	-51.8015	-50.0072
spk_ver/v05/v0560	SES177	-0.331226	-50.2822	-49.9509
spk_ver/v05/v0561	SES189	3.42501	-53.0744	-56.4994
spk_ver/v05/v0562	SES105	-2.89384	-54.1004	-51.2066
spk_ver/v05/v0563	SES099	1.65792	-49.2785	-50.9365
spk_ver/v05/v0564	SES105	-2.39881	-52.0119	-49.6131
spk_ver/v05/v0565	SES105	-3.47921	-53.2437	-49.7645
spk_ver/v05/v0566	SES105	-3.39439	-53.8562	-50.4618
spk_ver/v05/v0567	SES142	1.74747	-49.4927	-51.2401
spk_ver/v05/v0568	SES048	0.913761	-48.4349	-49.3487
spk_ver/v05/v0569	SES105	-3.99751	-53.4101	-49.4126
spk_ver/v05/v0570	SES105	-1.63388	-51.1134	-49.4795
spk_ver/v05/v0571	SES105	-3.97736	-54.8317	-50.8543
spk_ver/v05/v0572	SES105	-3.61681	-55.1469	-51.5301
spk_ver/v05/v0573	SES105	-4.08177	-54.1332	-50.0515
spk_ver/v05/v0574	SES105	-1.8043	-52.0947	-50.2904
spk_ver/v05/v0575	SES105	-2.29199	-53.2633	-50.9713
spk_ver/v05/v0576	SES106	-13.0484	-64.5201	-51.4717
spk_ver/v05/v0577	SES106	-5.13707	-56.2421	-51.105
spk_ver/v05/v0578	SES106	-10.175	-59.9433	-49.7682
spk_ver/v05/v0579	SES106	-10.9339	-60.2648	-49.3309
spk_ver/v05/v0580	SES106	-1.49454	-50.1855	-48.6909
spk_ver/v05/v0581	SES106	-14.0941	-64.782	-50.688
spk_ver/v05/v0582	SES106	-2.3656	-53.3607	-50.9951
spk_ver/v05/v0583	SES106	-1.5769	-50.2677	-48.6908
spk_ver/v05/v0584	SES106	-13.4338	-63.9355	-50.5016
spk_ver/v05/v0585	SES106	-0.88781	-52.9589	-52.0711
spk_ver/v05/v0586	SES106	-10.1762	-60.411	-50.2348
spk_ver/v05/v0587	SES106	-4.13249	-54.5495	-50.417
spk_ver/v05/v0588	SES106	-9.63616	-58.579	-48.9429
spk_ver/v05/v0589	SES106	-12.8052	-61.5056	-48.7003
spk_ver/v05/v0590	SES082	0.959885	-48.9448	-49.9046
spk_ver/v05/v0591	SES180	0.608887	-49.6131	-50.2219
spk_ver/v05/v0592	SES106	-1.26553	-51.3656	-50.1001
spk_ver/v05/v0593	SES106	-15.8368	-66.7538	-50.9171
spk_ver/v05/v0594	SES292	0.962852	-48.8316	-49.7944
spk_ver/v05/v0595	SES106	-1.58978	-51.9002	-50.3104
spk_ver/v05/v0596	SES106	-12.7472	-63.1266	-50.3794
spk_ver/v05/v0597	SES106	-11.0539	-61.3319	-50.2781
spk_ver/v05/v0598	SES042	1.98025	-47.5322	-49.5124
spk_ver/v05/v0599	SES106	-11.1137	-62.1568	-51.0432
spk_ver/v06/v0600	SES106	-0.399738	-50.7547	-50.355
spk_ver/v06/v0601	SES106	-2.25722	-52.4544	-50.1972
spk_ver/v06/v0602	SES106	-5.96821	-55.7407	-49.7725
spk_ver/v06/v0603	SES106	-12.928	-63.6207	-50.6927
spk_ver/v06/v0604	SES106	-9.93526	-59.6776	-49.7423
spk_ver/v06/v0605	SES106	-11.6283	-64.0515	-52.4232
spk_ver/v06/v0606	SES048	1.80706	-47.3194	-49.1264
spk_ver/v06/v0607	SES167	1.73438	-47.7074	-49.4418
spk_ver/v06/v0608	SES106	-9.71861	-60.3895	-50.6709
spk_ver/v06/v0609	SES143	0.610306	-49.5797	-50.19
spk_ver/v06/v0610	SES106	-16.3261	-68.5431	-52.217
spk_ver/v06/v0611	SES106	-7.27617	-57.8745	-50.5984
spk_ver/v06/v0612	SES106	-17.4887	-68.8092	-51.3205
spk_ver/v06/v0613	SES117	-1.20461	-51.3149	-50.1103
spk_ver/v06/v0614	SES117	-5.17474	-54.7055	-49.5307
spk_ver/v06/v0615	SES117	-1.54371	-52.0316	-50.4879
spk_ver/v06/v0616	SES106	1.84539	-46.2506	-48.0959
spk_ver/v06/v0617	SES142	3.08558	-48.8088	-51.8943
spk_ver/v06/v0618	SES048	1.68222	-47.5501	-49.2323
spk_ver/v06/v0619	SES175	0.94368	-50.0173	-50.961
spk_ver/v06/v0620	SES180	0.726635	-49.1674	-49.894
spk_ver/v06/v0621	SES117	-0.967953	-52.7126	-51.7447
spk_ver/v06/v0622	SES029	0.123421	-50.3014	-50.4248
spk_ver/v06/v0623	SES117	-1.90038	-51.1983	-49.2979
spk_ver/v06/v0624	SES117	-4.09751	-54.3521	-50.2546
spk_ver/v06/v0625	SES117	-1.85784	-54.3556	-52.4978
spk_ver/v06/v0626	SES106	1.77491	-47.8878	-49.6627
spk_ver/v06/v0627	SES226	1.54907	-47.3274	-48.8765
spk_ver/v06/v0628	SES117	-0.178703	-50.5218	-50.3431
spk_ver/v06/v0629	SES117	-2.47675	-49.2699	-46.7932
spk_ver/v06/v0630	SES117	-4.23798	-53.4646	-49.2266
spk_ver/v06/v0631	SES117	-4.68525	-56.6122	-51.9269
spk_ver/v06/v0632	SES117	-1.38783	-50.4769	-49.0891
spk_ver/v06/v0633	SES099	1.82764	-47.7884	-49.616
spk_ver/v06/v0634	SES105	1.71245	-48.7665	-50.479
spk_ver/v06/v0635	SES167	0.825901	-49.4744	-50.3003
spk_ver/v06/v0636	SES117	-0.567905	-50.2423	-49.6744
spk_ver/v06/v0637	SES202	1.79749	-49.162	-50.9595
spk_ver/v06/v0638	SES117	-1.86804	-51.4004	-49.5323
spk_ver/v06/v0639	SES167	1.08464	-49.3138	-50.3984
spk_ver/v06/v0640	SES117	-2.04684	-52.0364	-49.9895
spk_ver/v06/v0641	SES117	-3.11878	-51.9935	-48.8747
spk_ver/v06/v0642	SES101	0.728027	-48.3147	-49.0427
spk_ver/v06/v0643	SES068	0.903057	-48.7096	-49.6127
spk_ver/v06/v0644	SES120	-3.89379	-54.8048	-50.911
spk_ver/v06/v0645	SES120	-2.0335	-53.5801	-51.5466
spk_ver/v06/v0646	SES172	0.574718	-49.6208	-50.1955
spk_ver/v06/v0647	SES120	-2.51276	-51.7703	-49.2575
spk_ver/v06/v0648	SES120	-0.945602	-49.9139	-48.9683
spk_ver/v06/v0649	SES120	-3.39733	-54.8562	-51.4589
spk_ver/v06/v0650	SES087	1.74017	-48.1194	-49.8596
spk_ver/v06/v0651	SES120	-2.45901	-52.5334	-50.0743
spk_ver/v06/v0652	SES104	-0.998531	-51.7974	-50.7989
spk_ver/v06/v0653	SES129	1.46824	-47.7057	-49.174
spk_ver/v06/v0654	SES120	-2.65419	-52.9353	-50.2811
spk_ver/v06/v0655	SES120	-2.55781	-53.022	-50.4641
spk_ver/v06/v0656	SES120	-1.71438	-51.7018	-49.9874
spk_ver/v06/v0657	SES147	1.19009	-50.4152	-51.6053
spk_ver/v06/v0658	SES120	-3.44322	-53.9872	-50.544
spk_ver/v06/v0659	SES120	-2.79748	-51.8323	-49.0348
spk_ver/v06/v0660	SES120	-1.3174	-50.9346	-49.6172
spk_ver/v06/v0661	SES120	-3.66235	-54.9841	-51.3218
spk_ver/v06/v0662	SES120	-2.19291	-51.7412	-49.5483
spk_ver/v06/v0663	SES120	-3.30327	-55.0903	-51.7871
spk_ver/v06/v0664	SES147	1.70501	-49.2513	-50.9563
spk_ver/v06/v0665	SES162	1.02286	-49.8705	-50.8934
spk_ver/v06/v0666	SES120	-2.16301	-51.4273	-49.2643
spk_ver/v06/v0667	SES120	-3.63416	-53.4204	-49.7862
spk_ver/v06/v0668	SES120	1.53502	-48.2808	-49.8158
spk_ver/v06/v0669	SES142	2.45704	-48.4448	-50.9018
spk_ver/v06/v0670	SES106	1.98372	-47.1187	-49.1024
spk_ver/v06/v0671	SES183	1.3251	-49.6126	-50.9377
spk_ver/v06/v0672	SES120	-3.32644	-53.5343	-50.2079
spk_ver/v06/v0673	SES029	0.151695	-50.2962	-50.4478
spk_ver/v06/v0674	SES120	-2.32573	-52.511	-50.1853
spk_ver/v06/v0675	SES008	1.40771	-48.1006	-49.5083
spk_ver/v06/v0676	SES125	-15.4787	-67.5952	-52.1165
spk_ver/v06/v0677	SES143	0.8507	-49.8793	-50.73
spk_ver/v06/v0678	SES125	-12.9517	-64.9514	-51.9997
spk_ver/v06/v0679	SES162	0.26511	-49.733	-49.9982
spk_ver/v06/v0680	SES125	-6.31878	-55.5721	-49.2533
spk_ver/v06/v0681	SES125	-2.64368	-51.9453	-49.3016
spk_ver/v06/v0682	SES125	-9.11598	-57.2349	-48.1189
spk_ver/v06/v0683	SES226	1.72435	-48.0547	-49.779
spk_ver/v06/v0684	SES125	-11.5891	-62.5757	-50.9866
spk_ver/v06/v0685	SES125	-13.7064	-63.4895	-49.7831
spk_ver/v06/v0686	SES120	0.620029	-48.5267	-49.1467
spk_ver/v06/v0687	SES125	-3.1194	-55.1623	-52.0429
spk_ver/v06/v0688	SES158	1.28068	-48.151	-49.4317
spk_ver/v06/v0689	SES125	-6.92926	-58.2637	-51.3344
spk_ver/v06/v0690	SES105	1.51943	-48.7637	-50.2831
spk_ver/v06/v0691	SES125	-0.966663	-51.0534	-50.0868
spk_ver/v06/v0692	SES125	-2.93841	-52.0415	-49.1031
spk_ver/v06/v0693	SES180	1.11751	-48.8641	-49.9816
spk_ver/v06/v0694	SES125	-22.9792	-74.106	-51.1269
spk_ver/v06/v0695	SES125	-2.56297	-51.7974	-49.2344
spk_ver/v06/v0696	SES125	-15.9239	-65.3967	-49.4727
spk_ver/v06/v0697	SES125	-17.3188	-68.9776	-51.6589
spk_ver/v06/v0698	SES083	0.720104	-48.1721	-48.8922
spk_ver/v06/v0699	SES125	-14.3218	-64.9088	-50.587
spk_ver/v07/v0700	SES014	1.61505	-47.2546	-48.8696
spk_ver/v07/v0701	SES125	-8.67967	-57.8052	-49.1255
spk_ver/v07/v0702	SES127	-1.16299	-51.1172	-49.9542
spk_ver/v07/v0703	SES127	-1.73633	-53.0444	-51.308
spk_ver/v07/v0704	SES206	1.76589	-47.0244	-48.7903
spk_ver/v07/v0705	SES127	-2.13971	-52.7455	-50.6057
spk_ver/v07/v0706	SES127	-3.76461	-53.8882	-50.1236
spk_ver/v07/v0707	SES127	-5.10918	-54.3241	-49.215
spk_ver/v07/v0708	SES275	0.535954	-49.3589	-49.8948
spk_ver/v07/v0709	SES127	-2.50107	-53.1287	-50.6276
spk_ver/v07/v0710	SES105	0.914238	-49.5549	-50.4691
spk_ver/v07/v0711	SES127	-3.45144	-53.6391	-50.1877
spk_ver/v07/v0712	SES127	-1.69522	-51.2938	-49.5986
spk_ver/v07/v0713	SES127	-3.76155	-53.7561	-49.9945
spk_ver/v07/v0714	SES019	3.87587	-47.0882	-50.9641
spk_ver/v07/v0715	SES127	-2.39972	-54.4796	-52.0799
spk_ver/v07/v0716	SES148	0.513256	-49.0195	-49.5327
spk_ver/v07/v0717	SES162	0.989792	-48.6992	-49.689
spk_ver/v07/v0718	SES189	0.935558	-51.139	-52.0745
spk_ver/v07/v0719	SES149	0.481007	-48.0636	-48.5446
spk_ver/v07/v0720	SES175	0.936897	-49.7542	-50.6911
spk_ver/v07/v0721	SES127	-4.67215	-54.4841	-49.812
spk_ver/v07/v0722	SES127	-2.15571	-52.9306	-50.7749
spk_ver/v07/v0723	SES127	-2.66835	-52.659	-49.9906
spk_ver/v07/v0724	SES127	-3.10483	-53.4985	-50.3937
spk_ver/v07/v0725	SES127	-2.66333	-53.3289	-50.6655
spk_ver/v07/v0726	SES259	1.6926	-47.4712	-49.1638
spk_ver/v07/v0727	SES127	-3.50383	-54.6489	-51.145
spk_ver/v07/v0728	SES127	-1.05222	-49.5663	-48.5141
spk_ver/v07/v0729	SES127	-5.61115	-55.718	-50.1068
spk_ver/v07/v0730	SES127	-2.54409	-53.9176	-51.3735
spk_ver/v07/v0731	SES129	-1.81706	-50.3055	-48.4885
spk_ver/v07/v0732	SES129	-3.71967	-54.2914	-50.5717
spk_ver/v07/v0733	SES129	-6.8199	-59.1506	-52.3307
spk_ver/v07/v0734	SES129	-10.2005	-62.2469	-52.0463
spk_ver/v07/v0735	SES183	1.0968	-49.0516	-50.1484
spk_ver/v07/v0736	SES129	-3.10499	-53.491	-50.386
spk_ver/v07/v0737	SES129	-2.93303	-53.7886	-50.8556
spk_ver/v07/v0738	SES129	-5.52206	-55.5658	-50.0437
spk_ver/v07/v0739	SES129	-4.16793	-54.8544	-50.6865
spk_ver/v07/v0740	SES167	-0.550373	-50.0287	-49.4784
spk_ver/v07/v0741	SES129	-4.52962	-55.91	-51.3803
spk_ver/v07/v0742	SES129	-3.48951	-51.699	-48.2095
spk_ver/v07/v0743	SES129	-2.52356	-52.5355	-50.0119
spk_ver/v07/v0744	SES129	-4.68373	-57.1334	-52.4496
spk_ver/v07/v0745	SES180	0.859314	-49.3517	-50.211
spk_ver/v07/v0746	SES129	-1.69894	-50.6528	-48.9538
spk_ver/v07/v0747	SES292	0.138569	-49.2237	-49.3623
spk_ver/v07/v0748	SES202	1.30788	-49.4402	-50.7481
spk_ver/v07/v0749	SES270	1.29713	-48.3152	-49.6123
spk_ver/v07/v0750	SES129	-4.00252	-52.9308	-48.9283
spk_ver/v07/v0751	SES129	-4.31775	-52.7321	-48.4144
spk_ver/v07/v0752	SES060	-0.409527	-49.9216	-49.5121
spk_ver/v07/v0753	SES129	-3.58054	-54.4531	-50.8726
spk_ver/v07/v0754	SES129	-9.25062	-62.5446	-53.2939
spk_ver/v07/v0755	SES129	-4.81026	-55.9516	-51.1413
spk_ver/v07/v0756	SES175	0.880196	-50.2174	-51.0976
spk_ver/v07/v0757	SES129	-5.39047	-55.6809	-50.2904
spk_ver/v07/v0758	SES129	-5.75512	-55.8186	-50.0635
spk_ver/v07/v0759	SES129	-4.3019	-52.9898	-48.6879
spk_ver/v07/v0760	SES129	-3.7981	-53.6387	-49.8406
spk_ver/v07/v0761	SES129	-3.40862	-51.1885	-47.7799
spk_ver/v07/v0762	SES172	0.24659	-50.092	-50.3386
spk_ver/v07/v0763	SES129	-4.39326	-55.822	-51.4287
spk_ver/v07/v0764	SES129	-4.25927	-53.7549	-49.4957
spk_ver/v07/v0765	SES175	0.9706	-50.459	-51.4296
spk_ver/v07/v0766	SES129	-4.52252	-53.1619	-48.6394
spk_ver/v07/v0767	SES129	-3.28327	-53.7092	-50.4259
spk_ver/v07/v0768	SES042	2.28123	-46.6993	-48.9806
spk_ver/v07/v0769	SES099	1.31936	-49.0418	-50.3612
spk_ver/v07/v0770	SES142	-5.52293	-56.3896	-50.8667
spk_ver/v07/v0771	SES142	-4.79549	-54.2332	-49.4377
spk_ver/v07/v0772	SES101	0.651981	-48.5543	-49.2063
spk_ver/v07/v0773	SES142	-9.45956	-59.9768	-50.5172
spk_ver/v07/v0774	SES142	-5.50117	-57.3731	-51.872
spk_ver/v07/v0775	SES142	-2.49968	-53.2649	-50.7653
spk_ver/v07/v0776	SES142	-4.1993	-53.0152	-48.8159
spk_ver/v07/v0777	SES142	-4.30839	-54.822	-50.5136
spk_ver/v07/v0778	SES142	-2.34155	-53.7914	-51.4498
spk_ver/v07/v0779	SES142	-9.78977	-59.3589	-49.5691
spk_ver/v07/v0780	SES142	-3.80361	-55.2989	-51.4953
spk_ver/v07/v0781	SES142	-7.40055	-57.3637	-49.9632
spk_ver/v07/v0782	SES101	0.885334	-49.3096	-50.1949
spk_ver/v07/v0783	SES142	-4.61869	-54.3806	-49.7619
spk_ver/v07/v0784	SES187	1.72544	-48.6187	-50.3442
spk_ver/v07/v0785	SES143	0.471085	-50.9324	-51.4034
spk_ver/v07/v0786	SES142	-4.52562	-55.0391	-50.5135
spk_ver/v07/v0787	SES144	0.442696	-49.6055	-50.0482
spk_ver/v07/v0788	SES275	0.389576	-49.6927	-50.0823
spk_ver/v07/v0789	SES142	-3.75774	-53.5901	-49.8323
spk_ver/v07/v0790	SES099	1.49662	-47.3743	-48.8709
spk_ver/v07/v0791	SES142	-8.34643	-59.1051	-50.7586
spk_ver/v07/v0792	SES142	-4.0964	-52.0261	-47.9297
spk_ver/v07/v0793	SES142	-7.40018	-57.4059	-50.0057
spk_ver/v07/v0794	SES014	1.16014	-47.0404	-48.2005
spk_ver/v07/v0795	SES142	-6.84709	-55.9893	-49.1422
spk_ver/v07/v0796	SES142	-4.75677	-53.9954	-49.2386
spk_ver/v07/v0797	SES143	-1.04619	-50.2161	-49.1699
spk_ver/v07/v0798	SES206	1.45673	-46.7428	-48.1995
spk_ver/v07/v0799	SES143	-5.84808	-56.4639	-50.6158
spk_ver/v08/v0800	SES143	-2.06153	-52.9609	-50.8994
spk_ver/v08/v0801	SES143	-1.3923	-50.22	-48.8277
spk_ver/v08/v0802	SES143	-3.12416	-53.0911	-49.967
spk_ver/v08/v0803	SES143	-4.4891	-54.0827	-49.5936
spk_ver/v08/v0804	SES143	-4.41622	-55.1099	-50.6937
spk_ver/v08/v0805	SES143	-4.77818	-55.2625	-50.4843
spk_ver/v08/v0806	SES143	-4.07197	-55.3552	-51.2833
spk_ver/v08/v0807	SES177	0.219833	-49.442	-49.6619
spk_ver/v08/v0808	SES149	1.51736	-47.5187	-49.036
spk_ver/v08/v0809	SES143	-7.35572	-56.4023	-49.0466
spk_ver/v08/v0810	SES158	1.07669	-48.9363	-50.0129
spk_ver/v08/v0811	SES143	-4.4594	-58.303	-53.8436
spk_ver/v08/v0812	SES062	1.16409	-47.4068	-48.5708
spk_ver/v08/v0813	SES259	1.37798	-47.4728	-48.8508
spk_ver/v08/v0814	SES143	-6.66383	-54.611	-47.9472
spk_ver/v08/v0815	SES143	-5.38973	-55.2952	-49.9055
spk_ver/v08/v0816	SES143	-1.81807	-51.5915	-49.7735
spk_ver/v08/v0817	SES144	0.572456	-49.9149	-50.4874
spk_ver/v08/v0818	SES143	-2.3402	-52.9011	-50.5609
spk_ver/v08/v0819	SES143	-3.08044	-52.9147	-49.8342
spk_ver/v08/v0820	SES143	-1.26668	-49.5284	-48.2617
spk_ver/v08/v0821	SES143	-2.62743	-53.2311	-50.6036
spk_ver/v08/v0822	SES143	-4.11322	-53.5421	-49.4289
spk_ver/v08/v0823	SES104	1.66635	-47.5017	-49.168
spk_ver/v08/v0824	SES143	-3.8952	-53.8424	-49.9472
spk_ver/v08/v0825	SES143	-4.25602	-53.5854	-49.3294
spk_ver/v08/v0826	SES144	-5.20932	-54.4498	-49.2404
spk_ver/v08/v0827	SES144	-2.29045	-52.2036	-49.9131
spk_ver/v08/v0828	SES144	-0.598766	-49.6253	-49.0265
spk_ver/v08/v0829	SES172	0.227806	-49.9697	-50.1975
spk_ver/v08/v0830	SES144	-0.646893	-50.8991	-50.2522
spk_ver/v08/v0831	SES183	0.74662	-50.0138	-50.7604
spk_ver/v08/v0832	SES144	-3.13621	-54.084	-50.9478
spk_ver/v08/v0833	SES144	-5.1702	-53.8438	-48.6736
spk_ver/v08/v0834	SES144	-0.869644	-51.108	-50.2383
spk_ver/v08/v0835	SES144	-2.52715	-53.2847	-50.7576
spk_ver/v08/v0836	SES144	-2.77527	-53.2054	-50.4301
spk_ver/v08/v0837	SES144	-2.79197	-51.2404	-48.4485
spk_ver/v08/v0838	SES144	-3.46193	-55.0491	-51.5871
spk_ver/v08/v0839	SES085	0.327492	-49.309	-49.6365
spk_ver/v08/v0840	SES144	-0.615883	-50.9441	-50.3282
spk_ver/v08/v0841	SES144	-5.03704	-56.6526	-51.6156
spk_ver/v08/v0842	SES144	-4.83296	-54.0171	-49.1842
spk_ver/v08/v0843	SES144	-0.905514	-50.5043	-49.5988
spk_ver/v08/v0844	SES144	-2.67154	-52.2687	-49.5972
spk_ver/v08/v0845	SES144	-4.10543	-52.8494	-48.744
spk_ver/v08/v0846	SES104	0.704334	-48.8032	-49.5076
spk_ver/v08/v0847	SES144	-2.13415	-52.7102	-50.576
spk_ver/v08/v0848	SES144	-2.27868	-55.208	-52.9293
spk_ver/v08/v0849	SES144	-5.4668	-54.5652	-49.0983
spk_ver/v08/v0850	SES144	-4.57029	-52.8736	-48.3033
spk_ver/v08/v0851	SES144	-1.79454	-50.669	-48.8745
spk_ver/v08/v0852	SES144	-0.948669	-50.2566	-49.3079
spk_ver/v08/v0853	SES144	-5.42913	-54.6985	-49.2693
spk_ver/v08/v0854	SES144	-1.27323	-51.5816	-50.3083
spk_ver/v08/v0855	SES144	-0.613407	-49.1407	-48.5273
spk_ver/v08/v0856	SES082	-0.358883	-52.5507	-52.1918
spk_ver/v08/v0857	SES142	2.11181	-48.3841	-50.4959
spk_ver/v08/v0858	SES144	-0.758183	-52.4441	-51.6859
spk_ver/v08/v0859	SES144	-1.10677	-51.9687	-50.8619
spk_ver/v08/v0860	SES146	-3.64762	-53.6141	-49.9665
spk_ver/v08/v0861	SES146	-3.63532	-53.6216	-49.9862
spk_ver/v08/v0862	SES146	-3.65856	-53.3152	-49.6566
spk_ver/v08/v0863	SES146	-3.0942	-54.5457	-51.4515
spk_ver/v08/v0864	SES146	-3.65556	-51.9846	-48.329
spk_ver/v08/v0865	SES008	1.99903	-47.4813	-49.4803
spk_ver/v08/v0866	SES142	1.27065	-49.5381	-50.8087
spk_ver/v08/v0867	SES146	-2.43833	-51.2918	-48.8534
spk_ver/v08/v0868	SES082	1.79362	-46.6891	-48.4827
spk_ver/v08/v0869	SES146	-1.67651	-50.3029	-48.6264
spk_ver/v08/v0870	SES146	-3.15466	-53.9607	-50.8061
spk_ver/v08/v0871	SES146	-4.14761	-54.0112	-49.8636
spk_ver/v08/v0872	SES146	-4.36781	-55.418	-51.0502
spk_ver/v08/v0873	SES082	1.22496	-46.8595	-48.0844
spk_ver/v08/v0874	SES146	-3.35872	-54.9812	-51.6225
spk_ver/v08/v0875	SES144	0.195465	-50.5886	-50.784
spk_ver/v08/v0876	SES146	-2.32428	-49.0607	-46.7364
spk_ver/v08/v0877	SES146	-2.60995	-52.2804	-49.6704
spk_ver/v08/v0878	SES146	-2.47464	-52.5975	-50.1229
spk_ver/v08/v0879	SES146	-3.4295	-53.7169	-50.2874
spk_ver/v08/v0880	SES146	-3.36444	-54.4662	-51.1017
spk_ver/v08/v0881	SES143	1.19622	-49.6431	-50.8393
spk_ver/v08/v0882	SES146	-1.33216	-51.5167	-50.1845
spk_ver/v08/v0883	SES147	-2.83279	-51.9422	-49.1094
spk_ver/v08/v0884	SES147	-1.44519	-51.4079	-49.9627
spk_ver/v08/v0885	SES016	0.531292	-49.1377	-49.669
spk_ver/v08/v0886	SES147	-1.96482	-53.0026	-51.0378
spk_ver/v08/v0887	SES147	-2.3717	-52.8559	-50.4842
spk_ver/v08/v0888	SES147	-2.09277	-53.6498	-51.557
spk_ver/v08/v0889	SES019	1.43153	-48.8143	-50.2459
spk_ver/v08/v0890	SES147	-3.19644	-54.3589	-51.1625
spk_ver/v08/v0891	SES147	-4.14001	-53.8024	-49.6624
spk_ver/v08/v0892	SES147	-3.92912	-54.6071	-50.678
spk_ver/v08/v0893	SES270	1.70808	-49.4413	-51.1494
spk_ver/v08/v0894	SES029	0.828072	-49.7541	-50.5821
spk_ver/v08/v0895	SES147	-2.83366	-55.4902	-52.6565
spk_ver/v08/v0896	SES117	1.10161	-50.2143	-51.3159
spk_ver/v08/v0897	SES183	1.20981	-50.5113	-51.7211
spk_ver/v08/v0898	SES147	-4.37937	-53.403	-49.0236
spk_ver/v08/v0899	SES147	-4.16289	-56.3821	-52.2192
spk_ver/v09/v0900	SES087	1.4603	-47.8297	-49.29
spk_ver/v09/v0901	SES147	-6.57491	-57.1884	-50.6135
spk_ver/v09/v0902	SES147	-4.61195	-53.9376	-49.3257
spk_ver/v09/v0903	SES147	-2.3576	-52.8939	-50.5363
spk_ver/v09/v0904	SES147	-3.23863	-52.3186	-49.08
spk_ver/v09/v0905	SES143	0.984314	-49.793	-50.7773
spk_ver/v09/v0906	SES149	0.695469	-47.9808	-48.6763
spk_ver/v09/v0907	SES148	-1.36053	-50.865	-49.5045
spk_ver/v09/v0908	SES148	-0.779461	-50.6005	-49.8211
spk_ver/v09/v0909	SES106	1.82591	-48.6074	-50.4334
spk_ver/v09/v0910	SES148	-1.0116	-52.5279	-51.5163
spk_ver/v09/v0911	SES148	-3.42339	-53.4071	-49.9838
spk_ver/v09/v0912	SES142	0.756508	-50.2062	-50.9627
spk_ver/v09/v0913	SES148	-4.85074	-55.151	-50.3002
spk_ver/v09/v0914	SES148	-3.23573	-52.9814	-49.7457
spk_ver/v09/v0915	SES148	-2.79434	-54.9531	-52.1588
spk_ver/v09/v0916	SES148	-3.20435	-54.8018	-51.5974
spk_ver/v09/v0917	SES148	0.556435	-49.5649	-50.1213
spk_ver/v09/v0918	SES148	-0.981266	-50.1566	-49.1754
spk_ver/v09/v0919	SES270	1.19859	-49.1713	-50.3699
spk_ver/v09/v0920	SES148	-1.59358	-50.6504	-49.0568
spk_ver/v09/v0921	SES148	-2.69212	-51.9875	-49.2954
spk_ver/v09/v0922	SES129	1.21471	-47.7312	-48.9459
spk_ver/v09/v0923	SES117	0.981216	-49.2789	-50.2601
spk_ver/v09/v0924	SES042	3.01215	-46.183	-49.1951
spk_ver/v09/v0925	SES148	-4.26575	-55.5449	-51.2791
spk_ver/v09/v0926	SES148	-3.9759	-55.3789	-51.403
spk_ver/v09/v0927	SES144	0.672909	-49.5508	-50.2237
spk_ver/v09/v0928	SES007	0.404221	-49.8425	-50.2468
spk_ver/v09/v0929	SES148	-2.37511	-51.1661	-48.791
spk_ver/v09/v0930	SES148	-1.28724	-50.7745	-49.4873
spk_ver/v09/v0931	SES148	-3.06173	-54.9078	-51.846
spk_ver/v09/v0932	SES202	1.42285	-48.5415	-49.9643
spk_ver/v09/v0933	SES148	-0.384735	-49.6152	-49.2304
spk_ver/v09/v0934	SES148	-3.9214	-52.3576	-48.4362
spk_ver/v09/v0935	SES060	0.775951	-48.0834	-48.8593
spk_ver/v09/v0936	SES060	1.30222	-48.7055	-50.0078
spk_ver/v09/v0937	SES148	-2.15162	-51.6207	-49.4691
spk_ver/v09/v0938	SES148	-2.67101	-53.1854	-50.5144
spk_ver/v09/v0939	SES148	-2.64305	-51.5834	-48.9403
spk_ver/v09/v0940	SES148	-3.01071	-51.809	-48.7983
spk_ver/v09/v0941	SES149	-3.77957	-54.3079	-50.5284
spk_ver/v09/v0942	SES149	-9.11801	-57.7138	-48.5958
spk_ver/v09/v0943	SES149	-9.26908	-60.1164	-50.8473
spk_ver/v09/v0944	SES149	-1.74464	-51.5246	-49.78
spk_ver/v09/v0945	SES105	0.548927	-49.0232	-49.5721
spk_ver/v09/v0946	SES149	-3.36901	-52.2887	-48.9197
spk_ver/v09/v0947	SES149	-8.50776	-60.3822	-51.8744
spk_ver/v09/v0948	SES149	-9.83009	-59.1673	-49.3372
spk_ver/v09/v0949	SES149	-7.17345	-55.3726	-48.1992
spk_ver/v09/v0950	SES226	1.2492	-47.7256	-48.9748
spk_ver/v09/v0951	SES149	-10.5482	-61.5577	-51.0095
spk_ver/v09/v0952	SES149	-3.51194	-53.6274	-50.1154
spk_ver/v09/v0953	SES062	0.68689	-48.0087	-48.6956
spk_ver/v09/v0954	SES149	-11.2975	-62.3362	-51.0387
spk_ver/v09/v0955	SES048	0.13356	-48.9397	-49.0732
spk_ver/v09/v0956	SES158	-1.11172	-50.6109	-49.4992
spk_ver/v09/v0957	SES158	-6.39308	-58.4971	-52.104
spk_ver/v09/v0958	SES158	-0.805298	-49.2431	-48.4378
spk_ver/v09/v0959	SES158	-1.62734	-50.9573	-49.3299
spk_ver/v09/v0960	SES158	-9.56635	-60.6782	-51.1118
spk_ver/v09/v0961	SES147	1.53791	-50.204	-51.7419
spk_ver/v09/v0962	SES158	-13.7474	-64.9055	-51.1581
spk_ver/v09/v0963	SES292	0.664448	-49.0741	-49.7386
spk_ver/v09/v0964	SES060	1.14418	-48.0051	-49.1493
spk_ver/v09/v0965	SES002	1.31837	-48.3141	-49.6324
spk_ver/v09/v0966	SES149	1.70321	-47.1544	-48.8576
spk_ver/v09/v0967	SES158	-10.2095	-61.4081	-51.1987
spk_ver/v09/v0968	SES158	-1.71823	-51.3924	-49.6741
spk_ver/v09/v0969	SES275	-0.595829	-51.6043	-51.0085
spk_ver/v09/v0970	SES158	-10.4485	-60.1834	-49.735
spk_ver/v09/v0971	SES158	-9.68858	-59.8529	-50.1643
spk_ver/v09/v0972	SES002	1.33582	-47.3501	-48.6859
spk_ver/v09/v0973	SES158	-11.5676	-61.3891	-49.8215
spk_ver/v09/v0974	SES202	1.48536	-48.7938	-50.2791
spk_ver/v09/v0975	SES158	-13.5381	-65.3565	-51.8184
spk_ver/v09/v0976	SES158	-0.152145	-49.412	-49.2599
spk_ver/v09/v0977	SES162	-1.61978	-51.3611	-49.7413
spk_ver/v09/v0978	SES162	-7.16305	-58.0059	-50.8429
spk_ver/v09/v0979	SES162	-7.0861	-56.8713	-49.7852
spk_ver/v09/v0980	SES162	-2.24985	-53.4145	-51.1646
spk_ver/v09/v0981	SES162	-3.44641	-54.6389	-51.1925
spk_ver/v09/v0982	SES259	1.8983	-47.1245	-49.0228
spk_ver/v09/v0983	SES162	-4.11985	-57.1503	-53.0305
spk_ver/v09/v0984	SES162	-1.8879	-50.6435	-48.7556
spk_ver/v09/v0985	SES162	-1.71604	-51.5641	-49.8481
spk_ver/v09/v0986	SES062	1.05348	-47.6159	-48.6693
spk_ver/v09/v0987	SES162	-1.33473	-51.6704	-50.3357
spk_ver/v09/v0988	SES162	-4.86683	-54.1582	-49.2914
spk_ver/v09/v0989	SES162	-4.77192	-56.6665	-51.8946
spk_ver/v09/v0990	SES162	-4.19836	-53.687	-49.4886
spk_ver/v09/v0991	SES087	1.88103	-47.6011	-49.4822
spk_ver/v09/v0992	SES120	0.0845757	-50.3864	-50.471
spk_ver/v09/v0993	SES162	-5.18852	-54.306	-49.1175
spk_ver/v09/v0994	SES162	-1.7006	-51.4662	-49.7656
spk_ver/v09/v0995	SES162	-4.76722	-52.8572	-48.09
spk_ver/v09/v0996	SES162	-2.16524	-50.3773	-48.212
spk_ver/v09/v0997	SES162	-6.99955	-56.2832	-49.2837
spk_ver/v09/v0998	SES162	-4.66085	-56.4819	-51.821
spk_ver/v09/v0999	SES162	-1.59159	-49.7371	-48.1455
spk_ver/v10/v1000	SES162	-4.34268	-53.8189	-49.4762
spk_ver/v10/v1001	SES148	1.06938	-49.7428	-50.8122
spk_ver/v10/v1002	SES162	-0.719841	-51.9419	-51.2221
spk_ver/v10/v1003	SES162	-2.18652	-52.4847	-50.2982
spk_ver/v10/v1004	SES162	-2.93639	-54.6045	-51.6681
spk_ver/v10/v1005	SES162	-4.3413	-55.2038	-50.8625
spk_ver/v10/v1006	SES162	-3.86665	-53.907	-50.0403
spk_ver/v10/v1007	SES162	-2.14217	-53.3847	-51.2426
spk_ver/v10/v1008	SES162	-4.07586	-56.0873	-52.0115
spk_ver/v10/v1009	SES162	-5.86309	-54.8534	-48.9903
spk_ver/v10/v1010	SES167	-3.68232	-54.3112	-50.6289
spk_ver/v10/v1011	SES167	-0.980602	-51.5295	-50.5489
spk_ver/v10/v1012	SES167	-2.03091	-53.2429	-51.212
spk_ver/v10/v1013	SES167	-7.42838	-57.0384	-49.61
spk_ver/v10/v1014	SES167	-1.41871	-49.9039	-48.4851
spk_ver/v10/v1015	SES167	-1.4737	-51.1755	-49.7018
spk_ver/v10/v1016	SES167	-1.09778	-51.3502	-50.2524
spk_ver/v10/v1017	SES167	-1.97238	-52.1678	-50.1954
spk_ver/v10/v1018	SES167	-3.79658	-53.8594	-50.0628
spk_ver/v10/v1019	SES167	-2.72928	-52.6992	-49.9699
spk_ver/v10/v1020	SES167	-6.27158	-56.1492	-49.8776
spk_ver/v10/v1021	SES167	-1.78049	-54.0236	-52.2431
spk_ver/v10/v1022	SES167	-4.43968	-54.4953	-50.0557
spk_ver/v10/v1023	SES167	-5.39182	-56.5827	-51.1909
spk_ver/v10/v1024	SES167	-5.11991	-57.8727	-52.7528
spk_ver/v10/v1025	SES167	-1.73565	-50.6738	-48.9382
spk_ver/v10/v1026	SES167	-2.3702	-52.6858	-50.3156
spk_ver/v10/v1027	SES167	-1.43343	-50.7256	-49.2922
spk_ver/v10/v1028	SES167	-6.06059	-55.7075	-49.6469
spk_ver/v10/v1029	SES167	-3.96306	-54.4719	-50.5088
spk_ver/v10/v1030	SES167	-4.31399	-53.4907	-49.1768
spk_ver/v10/v1031	SES167	-5.55352	-55.3209	-49.7674
spk_ver/v10/v1032	SES167	-5.99776	-53.8617	-47.8639
spk_ver/v10/v1033	SES167	-5.70462	-53.8336	-48.129
spk_ver/v10/v1034	SES002	1.37608	-46.7525	-48.1286
spk_ver/v10/v1035	SES167	-2.4341	-51.4527	-49.0186
spk_ver/v10/v1036	SES083	0.680611	-49.1174	-49.798
spk_ver/v10/v1037	SES167	-2.45338	-53.1021	-50.6487
spk_ver/v10/v1038	SES167	-2.84772	-55.1931	-52.3453
spk_ver/v10/v1039	SES167	-1.40788	-52.4021	-50.9942
spk_ver/v10/v1040	SES167	-6.7318	-57.9327	-51.2009
spk_ver/v10/v1041	SES167	-1.36093	-52.4602	-51.0992
spk_ver/v10/v1042	SES087	1.73625	-48.542	-50.2782
spk_ver/v10/v1043	SES029	0.843769	-49.0601	-49.9039
spk_ver/v10/v1044	SES206	0.834087	-47.8223	-48.6564
spk_ver/v10/v1045	SES172	-4.3318	-54.7602	-50.4284
spk_ver/v10/v1046	SES172	0.729107	-48.8044	-49.5335
spk_ver/v10/v1047	SES172	-1.96712	-51.3833	-49.4162
spk_ver/v10/v1048	SES259	2.15977	-46.6042	-48.7639
spk_ver/v10/v1049	SES172	-5.28718	-53.7382	-48.4511
spk_ver/v10/v1050	SES120	0.649712	-50.278	-50.9277
spk_ver/v10/v1051	SES172	-3.3064	-52.7875	-49.4811
spk_ver/v10/v1052	SES172	-4.32763	-55.1267	-50.7991
spk_ver/v10/v1053	SES172	-5.42665	-56.0924	-50.6657
spk_ver/v10/v1054	SES172	-3.50081	-53.8741	-50.3733
spk_ver/v10/v1055	SES189	2.03309	-51.1869	-53.22
spk_ver/v10/v1056	SES172	-5.63849	-55.0237	-49.3852
spk_ver/v10/v1057	SES172	-1.88564	-51.4958	-49.6102
spk_ver/v10/v1058	SES172	-3.33873	-53.391	-50.0523
spk_ver/v10/v1059	SES172	-2.23526	-51.83	-49.5947
spk_ver/v10/v1060	SES029	0.35862	-48.9545	-49.3131
spk_ver/v10/v1061	SES175	-9.80888	-59.9337	-50.1248
spk_ver/v10/v1062	SES187	0.1394	-48.8918	-49.0312
spk_ver/v10/v1063	SES019	2.89044	-48.5283	-51.4188
spk_ver/v10/v1064	SES175	-6.8491	-56.3953	-49.5462
spk_ver/v10/v1065	SES175	-7.69789	-57.0728	-49.3749
spk_ver/v10/v1066	SES175	-7.93302	-59.2265	-51.2935
spk_ver/v10/v1067	SES175	-2.72368	-53.4918	-50.7681
spk_ver/v10/v1068	SES175	-5.61051	-55.4706	-49.8601
spk_ver/v10/v1069	SES016	2.21806	-47.4091	-49.6272
spk_ver/v10/v1070	SES175	-3.72584	-55.2296	-51.5038
spk_ver/v10/v1071	SES175	-2.31296	-50.4528	-48.1399
spk_ver/v10/v1072	SES175	-7.29671	-57.0969	-49.8002
spk_ver/v10/v1073	SES029	0.073822	-49.5571	-49.6309
spk_ver/v10/v1074	SES175	-4.78793	-54.7524	-49.9645
spk_ver/v10/v1075	SES175	-1.37985	-50.3087	-48.9289
spk_ver/v10/v1076	SES175	-0.923298	-49.6126	-48.6893
spk_ver/v10/v1077	SES175	-5.73449	-54.1148	-48.3803
spk_ver/v10/v1078	SES127	1.2188	-47.6138	-48.8326
spk_ver/v10/v1079	SES175	-5.06553	-53.2152	-48.1497
spk_ver/v10/v1080	SES175	-2.50079	-53.6622	-51.1614
spk_ver/v10/v1081	SES175	-5.75012	-55.5287	-49.7786
spk_ver/v10/v1082	SES175	-4.38021	-53.4498	-49.0695
spk_ver/v10/v1083	SES007	0.885849	-49.531	-50.4168
spk_ver/v10/v1084	SES068	0.694172	-48.3184	-49.0126
spk_ver/v10/v1085	SES008	1.30093	-47.5103	-48.8112
spk_ver/v10/v1086	SES175	-1.41776	-50.1297	-48.7119
spk_ver/v10/v1087	SES175	-4.52582	-54.33	-49.8041
spk_ver/v10/v1088	SES008	1.25273	-48.1867	-49.4394
spk_ver/v10/v1089	SES177	-2.88804	-50.9499	-48.0619
spk_ver/v10/v1090	SES177	-3.56433	-52.622	-49.0577
spk_ver/v10/v1091	SES177	-5.0854	-55.3991	-50.3137
spk_ver/v10/v1092	SES177	-1.48382	-51.2828	-49.799
spk_ver/v10/v1093	SES177	-5.83019	-55.3919	-49.5617
spk_ver/v10/v1094	SES002	1.29851	-47.4937	-48.7922
spk_ver/v10/v1095	SES104	1.14428	-48.157	-49.3013
spk_ver/v10/v1096	SES177	-1.29951	-51.3414	-50.0419
spk_ver/v10/v1097	SES177	-3.24154	-54.7411	-51.4996
spk_ver/v10/v1098	SES177	-2.42475	-51.582	-49.1573
spk_ver/v10/v1099	SES177	-0.611092	-50.5266	-49.9155
spk_ver/v11/v1100	SES177	-4.53772	-54.6904	-50.1527
spk_ver/v11/v1101	SES085	-0.0774345	-49.63	-49.5526
spk_ver/v11/v1102	SES187	0.924286	-49.5234	-50.4477
spk_ver/v11/v1103	SES177	-2.00411	-52.8239	-50.8198
spk_ver/v11/v1104	SES177	0.929348	-48.2702	-49.1995
spk_ver/v11/v1105	SES177	-0.486271	-49.6624	-49.1761
spk_ver/v11/v1106	SES177	-2.38659	-52.1761	-49.7895
spk_ver/v11/v1107	SES177	-0.745892	-50.7779	-50.032
spk_ver/v11/v1108	SES177	-0.964672	-50.9319	-49.9673
spk_ver/v11/v1109	SES125	1.3724	-47.3312	-48.7036
spk_ver/v11/v1110	SES177	-3.7005	-53.0911	-49.3906
spk_ver/v11/v1111	SES177	-2.2704	-51.5577	-49.2873
spk_ver/v11/v1112	SES177	-3.4277	-52.9402	-49.5125
spk_ver/v11/v1113	SES177	-5.66473	-54.3626	-48.6978
spk_ver/v11/v1114	SES177	-2.23594	-53.5468	-51.3108
spk_ver/v11/v1115	SES177	-2.25878	-53.3517	-51.0929
spk_ver/v11/v1116	SES085	0.928833	-47.9665	-48.8954
spk_ver/v11/v1117	SES147	1.20053	-49.4519	-50.6525
spk_ver/v11/v1118	SES177	-0.725975	-51.3584	-50.6325
spk_ver/v11/v1119	SES177	-3.68936	-53.133	-49.4436
spk_ver/v11/v1120	SES180	-7.06573	-56.9554	-49.8897
spk_ver/v11/v1121	SES189	1.2322	-50.7315	-51.9637
spk_ver/v11/v1122	SES117	0.996719	-51.6348	-52.6315
spk_ver/v11/v1123	SES129	2.02784	-46.9506	-48.9785
spk_ver/v11/v1124	SES180	-2.61643	-52.7099	-50.0934
spk_ver/v11/v1125	SES180	-1.48404	-50.3849	-48.9008
spk_ver/v11/v1126	SES180	-1.4391	-51.1833	-49.7442
spk_ver/v11/v1127	SES180	-2.36768	-52.6718	-50.3041
spk_ver/v11/v1128	SES016	0.787743	-49.9691	-50.7568
spk_ver/v11/v1129	SES158	0.912617	-48.2522	-49.1648
spk_ver/v11/v1130	SES180	-2.78318	-52.7163	-49.9331
spk_ver/v11/v1131	SES180	-4.38993	-52.3772	-47.9872
spk_ver/v11/v1132	SES180	-2.30917	-54.1957	-51.8865
spk_ver/v11/v1133	SES180	-4.37138	-53.3092	-48.9379
spk_ver/v11/v1134	SES180	-2.23785	-53.2447	-51.0068
spk_ver/v11/v1135	SES180	-1.22686	-50.12	-48.8932
spk_ver/v11/v1136	SES180	-6.55959	-57.6531	-51.0935
spk_ver/v11/v1137	SES148	0.313686	-48.9202	-49.2339
spk_ver/v11/v1138	SES104	1.33525	-46.4742	-47.8094
spk_ver/v11/v1139	SES180	-5.57925	-55.9992	-50.42
spk_ver/v11/v1140	SES083	0.887108	-48.9562	-49.8433
spk_ver/v11/v1141	SES180	-5.29923	-55.2957	-49.9964
spk_ver/v11/v1142	SES180	-2.40806	-52.958	-50.5499
spk_ver/v11/v1143	SES180	-3.21022	-54.5766	-51.3664
spk_ver/v11/v1144	SES099	1.40662	-48.6628	-50.0694
spk_ver/v11/v1145	SES180	-2.48198	-52.7866	-50.3047
spk_ver/v11/v1146	SES183	-3.21524	-53.3921	-50.1769
spk_ver/v11/v1147	SES183	-1.42998	-51.1045	-49.6745
spk_ver/v11/v1148	SES183	-4.84497	-56.1521	-51.3071
spk_ver/v11/v1149	SES183	-6.09873	-55.1801	-49.0814
spk_ver/v11/v1150	SES183	-4.59676	-54.5004	-49.9037
spk_ver/v11/v1151	SES082	1.61908	-47.5989	-49.218
spk_ver/v11/v1152	SES183	-2.54243	-54.2996	-51.7572
spk_ver/v11/v1153	SES183	-2.79279	-52.6675	-49.8747
spk_ver/v11/v1154	SES002	1.70795	-46.3879	-48.0958
spk_ver/v11/v1155	SES183	-3.21757	-54.5317	-51.3142
spk_ver/v11/v1156	SES183	-4.41835	-55.7612	-51.3429
spk_ver/v11/v1157	SES183	-3.17565	-50.0403	-46.8646
spk_ver/v11/v1158	SES183	-1.10907	-50.6903	-49.5812
spk_ver/v11/v1159	SES183	-2.92066	-52.9136	-49.993
spk_ver/v11/v1160	SES183	-4.29868	-53.7566	-49.4579
spk_ver/v11/v1161	SES183	-4.0212	-55.4816	-51.4604
spk_ver/v11/v1162	SES105	1.33656	-48.6352	-49.9717
spk_ver/v11/v1163	SES183	-5.47617	-54.8697	-49.3936
spk_ver/v11/v1164	SES259	1.74602	-47.5876	-49.3336
spk_ver/v11/v1165	SES183	-3.28712	-54.5532	-51.266
spk_ver/v11/v1166	SES183	-4.8186	-53.9357	-49.1171
spk_ver/v11/v1167	SES183	-2.68934	-53.2252	-50.5358
spk_ver/v11/v1168	SES183	-2.79339	-51.8647	-49.0714
spk_ver/v11/v1169	SES183	-5.50388	-54.6174	-49.1135
spk_ver/v11/v1170	SES183	-4.50654	-53.8055	-49.2989
spk_ver/v11/v1171	SES183	-6.02423	-57.0458	-51.0215
spk_ver/v11/v1172	SES187	-4.27987	-54.3938	-50.1139
spk_ver/v11/v1173	SES019	2.86957	-48.8119	-51.6815
spk_ver/v11/v1174	SES187	-6.26902	-57.7012	-51.4322
spk_ver/v11/v1175	SES187	-1.95902	-53.576	-51.617
spk_ver/v11/v1176	SES083	0.180058	-48.4398	-48.6198
spk_ver/v11/v1177	SES187	-5.91961	-57.2906	-51.371
spk_ver/v11/v1178	SES187	-4.92123	-54.2654	-49.3441
spk_ver/v11/v1179	SES187	-2.95724	-53.3338	-50.3766
spk_ver/v11/v1180	SES187	-0.896694	-51.6678	-50.7711
spk_ver/v11/v1181	SES187	-7.08937	-56.0712	-48.9819
spk_ver/v11/v1182	SES187	-1.03702	-50.077	-49.04
spk_ver/v11/v1183	SES187	-5.19737	-54.9689	-49.7715
spk_ver/v11/v1184	SES187	-0.223198	-50.3907	-50.1675
spk_ver/v11/v1185	SES127	0.70274	-49.0204	-49.7232
spk_ver/v11/v1186	SES187	-1.13357	-50.608	-49.4744
spk_ver/v11/v1187	SES187	-2.06907	-50.5986	-48.5295
spk_ver/v11/v1188	SES187	-2.15961	-53.735	-51.5754
spk_ver/v11/v1189	SES042	1.75605	-47.1494	-48.9054
spk_ver/v11/v1190	SES187	-1.01575	-50.8214	-49.8056
spk_ver/v11/v1191	SES187	-4.93457	-56.7913	-51.8568
spk_ver/v11/v1192	SES187	-4.37588	-54.434	-50.0581
spk_ver/v11/v1193	SES183	0.13073	-50.4627	-50.5934
spk_ver/v11/v1194	SES187	-2.60448	-53.8333	-51.2288
spk_ver/v11/v1195	SES187	-6.75773	-56.7966	-50.0389
spk_ver/v11/v1196	SES146	1.18259	-49.9323	-51.1149
spk_ver/v11/v1197	SES189	-5.04813	-53.9418	-48.8936
spk_ver/v11/v1198	SES175	1.56245	-49.5767	-51.1391
spk_ver/v11/v1199	SES189	-3.82163	-55.101	-51.2793
spk_ver/v12/v1200	SES189	-2.22892	-50.6607	-48.4318
spk_ver/v12/v1201	SES177	0.66357	-48.6939	-49.3575
spk_ver/v12/v1202	SES189	-1.73571	-52.8481	-51.1124
spk_ver/v12/v1203	SES143	0.162941	-50.2161	-50.3791
spk_ver/v12/v1204	SES189	-2.68277	-52.7747	-50.0919
spk_ver/v12/v1205	SES189	-2.0543	-51.4162	-49.3619
spk_ver/v12/v1206	SES189	-5.46442	-56.6257	-51.1613
spk_ver/v12/v1207	SES189	-4.43796	-53.8951	-49.4572
spk_ver/v12/v1208	SES189	-4.04683	-52.1284	-48.0815
spk_ver/v12/v1209	SES189	-4.70895	-55.5275	-50.8186
spk_ver/v12/v1210	SES189	-0.428165	-51.1701	-50.7419
spk_ver/v12/v1211	SES062	1.50626	-47.3115	-48.8177
spk_ver/v12/v1212	SES189	-2.96557	-52.1816	-49.216
spk_ver/v12/v1213	SES048	1.34882	-47.912	-49.2608
spk_ver/v12/v1214	SES042	2.40899	-46.1371	-48.546
spk_ver/v12/v1215	SES008	1.86667	-47.2224	-49.0891
spk_ver/v12/v1216	SES202	-5.27855	-53.1216	-47.8431
spk_ver/v12/v1217	SES202	-4.20102	-55.4916	-51.2905
spk_ver/v12/v1218	SES085	1.19093	-47.1881	-48.379
spk_ver/v12/v1219	SES202	-3.53045	-52.9861	-49.4556
spk_ver/v12/v1220	SES202	-4.89754	-54.3514	-49.4539
spk_ver/v12/v1221	SES202	-2.35638	-53.9618	-51.6054
spk_ver/v12/v1222	SES202	-9.78234	-60.3377	-50.5553
spk_ver/v12/v1223	SES158	1.03248	-48.3513	-49.3838
spk_ver/v12/v1224	SES202	-2.98856	-54.3387	-51.3501
spk_ver/v12/v1225	SES202	-6.65415	-55.8497	-49.1956
spk_ver/v12/v1226	SES202	-5.72913	-55.5523	-49.8232
spk_ver/v12/v1227	SES202	-5.94642	-56.5432	-50.5968
spk_ver/v12/v1228	SES177	-0.0136299	-50.214	-50.2004
spk_ver/v12/v1229	SES202	-6.14156	-55.8604	-49.7188
spk_ver/v12/v1230	SES202	-2.24006	-52.3707	-50.1307
spk_ver/v12/v1231	SES202	-6.74833	-57.854	-51.1056
spk_ver/v12/v1232	SES202	-2.64389	-55.2847	-52.6408
spk_ver/v12/v1233	SES206	1.16915	-47.1767	-48.3458
spk_ver/v12/v1234	SES202	-7.77382	-57.6556	-49.8818
spk_ver/v12/v1235	SES202	-4.69143	-53.8947	-49.2033
spk_ver/v12/v1236	SES125	1.72639	-47.9888	-49.7152
spk_ver/v12/v1237	SES127	1.04586	-48.1883	-49.2341
spk_ver/v12/v1238	SES202	2.46324	-47.5719	-50.0351
spk_ver/v12/v1239	SES167	1.42429	-47.9742	-49.3985
spk_ver/v12/v1240	SES206	-13.1514	-63.7602	-50.6088
spk_ver/v12/v1241	SES206	-13.4381	-64.5486	-51.1105
spk_ver/v12/v1242	SES206	-1.09168	-50.2465	-49.1548
spk_ver/v12/v1243	SES206	-2.81597	-52.8477	-50.0317
spk_ver/v12/v1244	SES259	1.6301	-48.2075	-49.8376
spk_ver/v12/v1245	SES206	-7.2633	-56.6454	-49.3821
spk_ver/v12/v1246	SES206	-8.71522	-58.0812	-49.366
spk_ver/v12/v1247	SES206	-0.665649	-50.0338	-49.3681
spk_ver/v12/v1248	SES206	-15.8423	-67.4392	-51.5969
spk_ver/v12/v1249	SES270	2.363	-48.3631	-50.7261
spk_ver/v12/v1250	SES206	-10.993	-61.6187	-50.6257
spk_ver/v12/v1251	SES206	-6.82806	-55.7336	-48.9055
spk_ver/v12/v1252	SES206	-7.36149	-57.4703	-50.1088
spk_ver/v12/v1253	SES206	-1.23013	-50.1718	-48.9417
spk_ver/v12/v1254	SES206	-1.44475	-50.4699	-49.0252
spk_ver/v12/v1255	SES125	1.60154	-47.516	-49.1175
spk_ver/v12/v1256	SES206	-17.7282	-67.719	-49.9908
spk_ver/v12/v1257	SES206	-9.90883	-58.8875	-48.9786
spk_ver/v12/v1258	SES206	-1.93538	-51.5694	-49.634
spk_ver/v12/v1259	SES206	-15.4863	-66.1227	-50.6365
spk_ver/v12/v1260	SES206	-18.7458	-70.0596	-51.3138
spk_ver/v12/v1261	SES206	-11.7753	-61.3657	-49.5904
spk_ver/v12/v1262	SES206	-14.3701	-64.9575	-50.5875
spk_ver/v12/v1263	SES206	-9.95902	-59.3579	-49.3989
spk_ver/v12/v1264	SES149	1.11217	-48.4831	-49.5953
spk_ver/v12/v1265	SES206	-1.38118	-52.3882	-51.007
spk_ver/v12/v1266	SES206	-17.3585	-68.1157	-50.7572
spk_ver/v12/v1267	SES206	-0.801922	-53.0432	-52.2412
spk_ver/v12/v1268	SES206	-7.69886	-58.0994	-50.4005
spk_ver/v12/v1269	SES206	-15.0586	-67.7385	-52.6799
spk_ver/v12/v1270	SES206	-19.7777	-72.6221	-52.8444
spk_ver/v12/v1271	SES226	-17.3407	-69.0924	-51.7518
spk_ver/v12/v1272	SES226	-0.698895	-48.927	-48.2281
spk_ver/v12/v1273	SES226	-14.1207	-63.2446	-49.1239
spk_ver/v12/v1274	SES226	-12.1722	-62.7346	-50.5625
spk_ver/v12/v1275	SES226	-0.531166	-50.1742	-49.643
spk_ver/v12/v1276	SES226	-11.6022	-61.8743	-50.2721
spk_ver/v12/v1277	SES226	-1.39114	-50.2818	-48.8906
spk_ver/v12/v1278	SES226	-0.443752	-50.2506	-49.8068
spk_ver/v12/v1279	SES226	-11.9131	-60.4353	-48.5222
spk_ver/v12/v1280	SES226	-3.4065	-52.2857	-48.8792
spk_ver/v12/v1281	SES226	-1.58423	-52.0207	-50.4364
spk_ver/v12/v1282	SES226	-2.06096	-52.5456	-50.4847
spk_ver/v12/v1283	SES143	1.23146	-49.1257	-50.3572
spk_ver/v12/v1284	SES226	-8.68486	-57.7121	-49.0272
spk_ver/v12/v1285	SES226	-1.45404	-50.1249	-48.6708
spk_ver/v12/v1286	SES226	-2.31091	-52.989	-50.6781
spk_ver/v12/v1287	SES226	-5.37016	-55.0756	-49.7054
spk_ver/v12/v1288	SES226	-12.2983	-61.6493	-49.351
spk_ver/v12/v1289	SES104	1.00258	-48.846	-49.8486
spk_ver/v12/v1290	SES008	2.26178	-48.5824	-50.8442
spk_ver/v12/v1291	SES226	-1.46891	-50.5787	-49.1098
spk_ver/v12/v1292	SES259	-3.70614	-53.8693	-50.1631
spk_ver/v12/v1293	SES062	0.933491	-48.1352	-49.0686
spk_ver/v12/v1294	SES099	1.19799	-49.5332	-50.7312
spk_ver/v12/v1295	SES158	0.274143	-49.6851	-49.9593
spk_ver/v12/v1296	SES259	-7.19529	-56.0256	-48.8303
spk_ver/v12/v1297	SES259	-3.44275	-53.5177	-50.075
spk_ver/v12/v1298	SES259	-2.70485	-51.4723	-48.7674
spk_ver/v12/v1299	SES259	-6.00241	-56.2516	-50.2492
spk_ver/v13/v1300	SES120	0.751617	-49.7541	-50.5057
spk_ver/v13/v1301	SES259	-7.72731	-57.9253	-50.198
spk_ver/v13/v1302	SES259	-7.61521	-58.0122	-50.397
spk_ver/v13/v1303	SES129	1.07382	-48.6882	-49.7621
spk_ver/v13/v1304	SES259	-6.01955	-57.5055	-51.486
spk_ver/v13/v1305	SES259	-5.38523	-57.2981	-51.9129
spk_ver/v13/v1306	SES106	1.27964	-48.7788	-50.0584
spk_ver/v13/v1307	SES259	-4.36825	-56.115	-51.7468
spk_ver/v13/v1308	SES259	-2.11473	-51.3585	-49.2438
spk_ver/v13/v1309	SES259	-7.26952	-56.5786	-49.3091
spk_ver/v13/v1310	SES259	-5.99278	-55.0118	-49.0191
spk_ver/v13/v1311	SES259	-5.87765	-55.3328	-49.4552
spk_ver/v13/v1312	SES259	-2.30955	-50.7056	-48.396
spk_ver/v13/v1313	SES144	0.581913	-49.2676	-49.8495
spk_ver/v13/v1314	SES259	-7.3545	-58.2138	-50.8593
spk_ver/v13/v1315	SES162	1.45348	-48.5518	-50.0052
spk_ver/v13/v1316	SES206	1.17953	-47.406	-48.5855
spk_ver/v13/v1317	SES175	1.29391	-49.854	-51.1479
spk_ver/v13/v1318	SES259	-7.66003	-58.8825	-51.2224
spk_ver/v13/v1319	SES259	-8.91501	-59.869	-50.954
spk_ver/v13/v1320	SES270	-0.36573	-49.7459	-49.3802
spk_ver/v13/v1321	SES101	-0.145222	-49.469	-49.3237
spk_ver/v13/v1322	SES177	1.13039	-48.3845	-49.5149
spk_ver/v13/v1323	SES127	1.1924	-47.2629	-48.4553
spk_ver/v13/v1324	SES270	-13.323	-63.9294	-50.6064
spk_ver/v13/v1325	SES062	0.563889	-48.3915	-48.9554
spk_ver/v13/v1326	SES270	0.00723648	-50.1586	-50.1659
spk_ver/v13/v1327	SES120	0.155033	-50.7195	-50.8745
spk_ver/v13/v1328	SES270	-4.84381	-56.053	-51.2092
spk_ver/v13/v1329	SES270	-8.66461	-56.7578	-48.0932
spk_ver/v13/v1330	SES270	-0.143887	-50.6119	-50.468
spk_ver/v13/v1331	SES270	-9.46786	-57.8781	-48.4102
spk_ver/v13/v1332	SES270	-0.96093	-49.3564	-48.3954
spk_ver/v13/v1333	SES270	-0.915714	-52.2224	-51.3067
spk_ver/v13/v1334	SES270	-2.29953	-51.6512	-49.3517
spk_ver/v13/v1335	SES270	0.491318	-48.9058	-49.3971
spk_ver/v13/v1336	SES270	-0.489975	-49.6693	-49.1793
spk_ver/v13/v1337	SES016	1.62239	-48.2726	-49.895
spk_ver/v13/v1338	SES270	-6.82887	-55.8867	-49.0578
spk_ver/v13/v1339	SES002	1.37868	-47.2477	-48.6264
spk_ver/v13/v1340	SES105	1.88365	-49.491	-51.3747
spk_ver/v13/v1341	SES275	-3.08603	-54.5455	-51.4595
spk_ver/v13/v1342	SES187	0.91909	-50.3951	-51.3141
spk_ver/v13/v1343	SES275	-2.91464	-53.4446	-50.53
spk_ver/v13/v1344	SES275	-4.08881	-54.924	-50.8352
spk_ver/v13/v1345	SES275	-3.01638	-52.7528	-49.7364
spk_ver/v13/v1346	SES275	-6.02044	-55.5565	-49.536
spk_ver/v13/v1347	SES275	-5.47606	-57.1102	-51.6341
spk_ver/v13/v1348	SES180	0.261021	-49.7131	-49.9741
spk_ver/v13/v1349	SES275	-3.667	-56.6002	-52.9332
spk_ver/v13/v1350	SES275	-1.08187	-49.5485	-48.4666
spk_ver/v13/v1351	SES275	-5.65536	-59.8151	-54.1597
spk_ver/v13/v1352	SES275	-1.8659	-51.7742	-49.9083
spk_ver/v13/v1353	SES275	-2.75725	-54.5442	-51.7869
spk_ver/v13/v1354	SES189	1.56349	-51.0189	-52.5824
spk_ver/v13/v1355	SES068	0.20166	-48.3698	-48.5715
spk_ver/v13/v1356	SES275	-4.18282	-55.6512	-51.4684
spk_ver/v13/v1357	SES048	0.22253	-49.3524	-49.5749
spk_ver/v13/v1358	SES226	2.17133	-46.5012	-48.6726
spk_ver/v13/v1359	SES016	0.704647	-48.6488	-49.3535
spk_ver/v13/v1360	SES275	-3.01936	-54.0669	-51.0476
spk_ver/v13/v1361	SES068	0.938671	-47.6165	-48.5552
spk_ver/v13/v1362	SES275	-4.25432	-54.0129	-49.7586
spk_ver/v13/v1363	SES275	-3.5571	-53.8796	-50.3225
spk_ver/v13/v1364	SES275	-4.45948	-57.0659	-52.6064
spk_ver/v13/v1365	SES275	-2.19082	-51.6776	-49.4868
spk_ver/v13/v1366	SES187	0.557262	-48.9114	-49.4686
spk_ver/v13/v1367	SES275	-5.74715	-56.4322	-50.685
spk_ver/v13/v1368	SES125	1.12241	-47.9213	-49.0437
spk_ver/v13/v1369	SES275	-2.24195	-53.4409	-51.199
spk_ver/v13/v1370	SES292	-3.95115	-53.0733	-49.1222
spk_ver/v13/v1371	SES292	-3.1296	-52.216	-49.0864
spk_ver/v13/v1372	SES292	-3.83128	-54.8278	-50.9965
spk_ver/v13/v1373	SES292	-2.80359	-52.8944	-50.0909
spk_ver/v13/v1374	SES101	1.055	-49.3767	-50.4317
spk_ver/v13/v1375	SES292	-2.62967	-53.6166	-50.9869
spk_ver/v13/v1376	SES292	-2.20004	-51.6463	-49.4463
spk_ver/v13/v1377	SES292	-5.53851	-57.068	-51.5295
spk_ver/v13/v1378	SES292	-1.09557	-50.6064	-49.5108
spk_ver/v13/v1379	SES292	-2.08783	-52.1825	-50.0947
spk_ver/v13/v1380	SES292	-3.04637	-53.2693	-50.223
spk_ver/v13/v1381	SES292	-2.60659	-50.4078	-47.8012
spk_ver/v13/v1382	SES292	-3.41039	-55.6223	-52.2119
spk_ver/v13/v1383	SES292	-2.36872	-52.0435	-49.6747
spk_ver/v13/v1384	SES292	-2.35034	-52.3186	-49.9682
spk_ver/v13/v1385	SES292	-2.58409	-52.649	-50.0649
spk_ver/v13/v1386	SES292	-3.0301	-54.1909	-51.1608
spk_ver/v13/v1387	SES158	1.34552	-49.7932	-51.1387
spk_ver/v13/v1388	SES292	-0.974701	-49.7178	-48.7431
spk_ver/v13/v1389	SES292	-1.26347	-49.1846	-47.9211
spk_ver/v13/v1390	SES292	-4.13177	-52.5121	-48.3803
spk_ver/v13/v1391	SES292	-2.18068	-51.833	-49.6524
spk_ver/v13/v1392	SES292	-3.36891	-55.0017	-51.6328
spk_ver/v13/v1393	SES292	-2.93803	-51.9726	-49.0345
spk_ver/v13/v1394	SES292	-2.75703	-53.3669	-50.6099
spk_ver/v13/v1395	SES292	-3.49043	-52.5703	-49.0798
spk_ver/v13/v1396	SES117	1.45263	-49.9062	-51.3589
spk_ver/v13/v1397	SES292	-3.3992	-52.2977	-48.8985
spk_ver/v13/v1398	SES292	-4.01466	-55.403	-51.3884
spk_ver/v13/v1399	SES292	-0.804108	-50.3525	-49.5484
