spk_ver/v00/v0000	SES146	0.482863	-9.35386	-9.83672
spk_ver/v00/v0001	SES002	-1.19302	-12.2785	-11.0855
spk_ver/v00/v0002	SES002	-0.207067	-9.14131	-8.93424
spk_ver/v00/v0003	SES002	-1.06361	-10.7693	-9.70565
spk_ver/v00/v0004	SES002	-0.134594	-10.4241	-10.2895
spk_ver/v00/v0005	SES002	-0.0555601	-9.32469	-9.26913
spk_ver/v00/v0006	SES002	-1.42203	-11.9896	-10.5676
spk_ver/v00/v0007	SES002	-0.103949	-10.6943	-10.5904
spk_ver/v00/v0008	SES146	0.562749	-10.0391	-10.6018
spk_ver/v00/v0009	SES002	0.530869	-9.87151	-10.4024
spk_ver/v00/v0010	SES002	-0.47045	-10.3811	-9.91063
spk_ver/v00/v0011	SES002	0.615003	-9.63314	-10.2481
spk_ver/v00/v0012	SES002	-0.275773	-9.58061	-9.30483
spk_ver/v00/v0013	SES002	0.487417	-9.98442	-10.4718
spk_ver/v00/v0014	SES002	0.457818	-10.2653	-10.7231
spk_ver/v00/v0015	SES002	-0.0753927	-10.343	-10.2676
spk_ver/v00/v0016	SES275	0.291027	-9.59212	-9.88314
spk_ver/v00/v0017	SES002	0.340734	-10.7739	-11.1146
spk_ver/v00/v0018	SES002	-0.735421	-11.9382	-11.2028
spk_ver/v00/v0019	SES002	0.675438	-8.79654	-9.47198
spk_ver/v00/v0020	SES002	-1.23616	-11.8424	-10.6063
spk_ver/v00/v0021	SES002	-0.186231	-9.90371	-9.71748
spk_ver/v00/v0022	SES002	-0.453627	-10.4769	-10.0233
spk_ver/v00/v0023	SES002	-0.37985	-8.79672	-8.41687
spk_ver/v00/v0024	SES002	-1.60861	-12.6348	-11.0262
spk_ver/v00/v0025	SES002	-0.873513	-10.3754	-9.50184
spk_ver/v00/v0026	SES002	-0.941367	-9.52655	-8.58518
spk_ver/v00/v0027	SES129	0.409067	-9.94612	-10.3552
spk_ver/v00/v0028	SES007	-0.317855	-10.129	-9.81114
spk_ver/v00/v0029	SES083	-0.311033	-9.66608	-9.35505
spk_ver/v00/v0030	SES019	1.61612	-9.04814	-10.6643
spk_ver/v00/v0031	SES007	0.247499	-8.72882	-8.97632
spk_ver/v00/v0032	SES270	0.737758	-9.08016	-9.81792
spk_ver/v00/v0033	SES007	-1.11913	-11.7776	-10.6585
spk_ver/v00/v0034	SES007	-0.208424	-10.3311	-10.1226
spk_ver/v00/v0035	SES007	0.516807	-7.9561	-8.47291
spk_ver/v00/v0036	SES007	-0.26009	-9.21269	-8.9526
spk_ver/v00/v0037	SES007	-1.67463	-13.1907	-11.5161
spk_ver/v00/v0038	SES259	1.5358	-8.99051	-10.5263
spk_ver/v00/v0039	SES007	-1.57106	-12.4629	-10.8918
spk_ver/v00/v0040	SES007	-1.13478	-11.7627	-10.6279
spk_ver/v00/v0041	SES007	0.0610504	-9.31709	-9.37814
spk_ver/v00/v0042	SES007	0.222623	-9.23417	-9.45679
spk_ver/v00/v0043	SES007	0.0481176	-9.09139	-9.13951
spk_ver/v00/v0044	SES007	-0.341577	-9.57784	-9.23626
spk_ver/v00/v0045	SES007	0.240133	-9.03522	-9.27535
spk_ver/v00/v0046	SES007	0.0141773	-9.50816	-9.52234
spk_ver/v00/v0047	SES172	0.017827	-9.72539	-9.74322
spk_ver/v00/v0048	SES105	0.655376	-9.01857	-9.67394
spk_ver/v00/v0049	SES007	0.180179	-9.02122	-9.2014
spk_ver/v00/v0050	SES292	-0.0871191	-9.53553	-9.44841
spk_ver/v00/v0051	SES007	0.660291	-9.6432	-10.3035
spk_ver/v00/v0052	SES068	0.618197	-9.30162	-9.91981
spk_ver/v00/v0053	SES008	0.119757	-8.93332	-9.05308
spk_ver/v00/v0054	SES008	-1.07789	-10.7803	-9.70237
spk_ver/v00/v0055	SES008	0.275702	-10.187	-10.4627
spk_ver/v00/v0056	SES008	-2.04353	-13.222	-11.1785
spk_ver/v00/v0057	SES008	-2.73056	-13.7453	-11.0148
spk_ver/v00/v0058	SES083	0.483923	-9.4835	-9.96742
spk_ver/v00/v0059	SES158	1.46769	-9.46434	-10.932
spk_ver/v00/v0060	SES008	-3.30981	-14.411	-11.1012
spk_ver/v00/v0061	SES101	0.590539	-9.00011	-9.59065
spk_ver/v00/v0062	SES008	-0.685634	-10.782	-10.0964
spk_ver/v00/v0063	SES008	-0.357836	-10.0553	-9.69746
spk_ver/v00/v0064	SES117	0.192283	-9.81946	-10.0117
spk_ver/v00/v0065	SES149	0.748653	-9.36215	-10.1108
spk_ver/v00/v0066	SES008	1.23474	-9.38945	-10.6242
spk_ver/v00/v0067	SES008	-0.341839	-9.85411	-9.51227
spk_ver/v00/v0068	SES162	0.812325	-10.1624	-10.9748
spk_ver/v00/v0069	SES008	-1.41397	-13.8827	-12.4687
spk_ver/v00/v0070	SES008	-0.289397	-10.383	-10.0936
spk_ver/v00/v0071	SES008	-0.538765	-10.4569	-9.9181
spk_ver/v00/v0072	SES008	0.213106	-8.02227	-8.23538
spk_ver/v00/v0073	SES008	-0.661536	-10.8354	-10.1738
spk_ver/v00/v0074	SES008	-3.1718	-14.5623	-11.3905
spk_ver/v00/v0075	SES008	-3.20375	-14.574	-11.3703
spk_ver/v00/v0076	SES167	0.825687	-7.22414	-8.04983
spk_ver/v00/v0077	SES008	-0.0616674	-8.55136	-8.48969
spk_ver/v00/v0078	SES177	0.295001	-8.55263	-8.84763
spk_ver/v00/v0079	SES008	0.472924	-9.37497	-9.84789
spk_ver/v00/v0080	SES008	-0.534555	-10.1193	-9.58474
spk_ver/v00/v0081	SES008	-1.00627	-11.4124	-10.4061
spk_ver/v00/v0082	SES008	-1.94523	-12.1943	-10.2491
spk_ver/v00/v0083	SES008	-2.11755	-12.7927	-10.6751
spk_ver/v00/v0084	SES144	0.607426	-8.94231	-9.54973
spk_ver/v00/v0085	SES008	-0.948854	-11.4142	-10.4653
spk_ver/v00/v0086	SES008	0.0593815	-8.72235	-8.78173
spk_ver/v00/v0087	SES008	-1.19233	-10.9431	-9.75073
spk_ver/v00/v0088	SES008	-0.0811653	-9.89703	-9.81587
spk_ver/v00/v0089	SES008	-0.529049	-10.1748	-9.64572
spk_ver/v00/v0090	SES142	0.573947	-9.11015	-9.68409
spk_ver/v00/v0091	SES008	-1.0095	-11.1303	-10.1208
spk_ver/v00/v0092	SES158	1.1136	-12.0202	-13.1338
spk_ver/v00/v0093	SES014	-0.0883827	-10.317	-10.2286
spk_ver/v00/v0094	SES014	-0.694051	-12.8074	-12.1133
spk_ver/v00/v0095	SES014	0.546846	-10.2799	-10.8268
spk_ver/v00/v0096	SES014	-1.53166	-11.7896	-10.2579
spk_ver/v00/v0097	SES014	-0.464947	-11.9102	-11.4453
spk_ver/v00/v0098	SES014	-0.413382	-9.43829	-9.02491
spk_ver/v00/v0099	SES014	-1.01501	-10.6089	-9.59385
spk_ver/v01/v0100	SES127	0.940587	-8.05518	-8.99577
spk_ver/v01/v0101	SES014	-1.6386	-14.4709	-12.8323
spk_ver/v01/v0102	SES014	-0.459573	-11.0273	-10.5677
spk_ver/v01/v0103	SES014	-2.02856	-12.8402	-10.8116
spk_ver/v01/v0104	SES014	-2.59789	-12.5527	-9.95482
spk_ver/v01/v0105	SES014	0.171032	-11.3125	-11.4836
spk_ver/v01/v0106	SES014	0.469602	-9.67005	-10.1397
spk_ver/v01/v0107	SES014	-2.28883	-12.8052	-10.5164
spk_ver/v01/v0108	SES014	-1.53582	-12.279	-10.7431
spk_ver/v01/v0109	SES014	-0.541033	-9.32561	-8.78458
spk_ver/v01/v0110	SES014	-0.275919	-12.1329	-11.857
spk_ver/v01/v0111	SES014	0.211839	-9.78511	-9.99695
spk_ver/v01/v0112	SES014	-0.92204	-10.4783	-9.55625
spk_ver/v01/v0113	SES104	-0.434875	-12.4036	-11.9687
spk_ver/v01/v0114	SES082	0.517704	-9.11289	-9.63059
spk_ver/v01/v0115	SES087	0.78798	-9.39339	-10.1814
spk_ver/v01/v0116	SES014	0.469469	-9.49201	-9.96148
spk_ver/v01/v0117	SES177	0.325261	-9.24149	-9.56675
spk_ver/v01/v0118	SES014	-0.985988	-11.1234	-10.1374
spk_ver/v01/v0119	SES014	-0.134148	-10.3555	-10.2213
spk_ver/v01/v0120	SES014	-1.30504	-11.2796	-9.97454
spk_ver/v01/v0121	SES146	0.410955	-9.42023	-9.83118
spk_ver/v01/v0122	SES014	1.35976	-8.51902	-9.87878
spk_ver/v01/v0123	SES014	-0.50281	-9.97156	-9.46875
spk_ver/v01/v0124	SES014	-3.72784	-14.2385	-10.5107
spk_ver/v01/v0125	SES014	-0.592616	-10.8767	-10.284
spk_ver/v01/v0126	SES016	0.172962	-9.35862	-9.53158
spk_ver/v01/v0127	SES016	0.0328894	-9.51078	-9.54366
spk_ver/v01/v0128	SES106	1.26787	-9.78835	-11.0562
spk_ver/v01/v0129	SES016	-0.293898	-9.99609	-9.70219
spk_ver/v01/v0130	SES016	-0.082098	-9.79925	-9.71715
spk_ver/v01/v0131	SES016	-0.989522	-10.5437	-9.55422
spk_ver/v01/v0132	SES016	-0.0786533	-10.6172	-10.5385
spk_ver/v01/v0133	SES016	0.543318	-9.58673	-10.13
spk_ver/v01/v0134	SES016	0.1534	-8.68087	-8.83427
spk_ver/v01/v0135	SES016	0.590424	-10.0085	-10.5989
spk_ver/v01/v0136	SES016	-0.154064	-9.13162	-8.97756
spk_ver/v01/v0137	SES007	0.454326	-10.0428	-10.4972
spk_ver/v01/v0138	SES016	0.0274439	-9.35646	-9.38391
spk_ver/v01/v0139	SES016	-0.318067	-9.55707	-9.23901
spk_ver/v01/v0140	SES016	0.79536	-9.02512	-9.82048
spk_ver/v01/v0141	SES016	-0.294343	-14.2905	-13.9962
spk_ver/v01/v0142	SES016	-1.28316	-12.1264	-10.8432
spk_ver/v01/v0143	SES016	-0.102963	-10.9614	-10.8585
spk_ver/v01/v0144	SES016	-0.0931654	-9.78564	-9.69248
spk_ver/v01/v0145	SES016	-1.40009	-15.246	-13.8459
spk_ver/v01/v0146	SES016	-0.789365	-9.11816	-8.3288
spk_ver/v01/v0147	SES016	0.305516	-9.48384	-9.78936
spk_ver/v01/v0148	SES127	1.18365	-8.34201	-9.52566
spk_ver/v01/v0149	SES016	-0.83246	-12.7657	-11.9333
spk_ver/v01/v0150	SES016	0.240151	-9.0516	-9.29175
spk_ver/v01/v0151	SES147	1.15848	-9.08484	-10.2433
spk_ver/v01/v0152	SES016	-0.720119	-9.94602	-9.2259
spk_ver/v01/v0153	SES104	-0.0134239	-9.28775	-9.27432
spk_ver/v01/v0154	SES016	0.25644	-10.3525	-10.6089
spk_ver/v01/v0155	SES016	0.0748415	-10.0191	-10.0939
spk_ver/v01/v0156	SES019	-0.036335	-11.1768	-11.1404
spk_ver/v01/v0157	SES019	-1.20106	-10.1417	-8.94067
spk_ver/v01/v0158	SES019	0.534595	-10.1701	-10.7047
spk_ver/v01/v0159	SES007	0.629343	-9.51328	-10.1426
spk_ver/v01/v0160	SES019	-2.05442	-11.6487	-9.59426
spk_ver/v01/v0161	SES019	-2.67152	-13.816	-11.1445
spk_ver/v01/v0162	SES019	-1.78931	-11.4115	-9.62215
spk_ver/v01/v0163	SES189	0.796288	-9.2293	-10.0256
spk_ver/v01/v0164	SES019	-0.943902	-11.3143	-10.3704
spk_ver/v01/v0165	SES019	-0.438025	-12.906	-12.468
spk_ver/v01/v0166	SES019	-1.23653	-10.3205	-9.08392
spk_ver/v01/v0167	SES019	-1.78969	-11.493	-9.70335
spk_ver/v01/v0168	SES019	-0.459235	-12.394	-11.9348
spk_ver/v01/v0169	SES019	-7.89785	-22.0438	-14.1459
spk_ver/v01/v0170	SES270	1.45011	-9.20266	-10.6528
spk_ver/v01/v0171	SES019	-1.40342	-11.939	-10.5355
spk_ver/v01/v0172	SES019	-2.07807	-11.3302	-9.25218
spk_ver/v01/v0173	SES206	0.944238	-10.4146	-11.3588
spk_ver/v01/v0174	SES019	-1.94391	-13.9777	-12.0338
spk_ver/v01/v0175	SES014	1.45794	-8.88603	-10.344
spk_ver/v01/v0176	SES019	-2.21068	-12.4041	-10.1934
spk_ver/v01/v0177	SES120	1.27798	-10.0572	-11.3352
spk_ver/v01/v0178	SES019	0.610151	-10.4338	-11.0439
spk_ver/v01/v0179	SES019	-0.240976	-9.30341	-9.06244
spk_ver/v01/v0180	SES175	0.552844	-8.8601	-9.41294
spk_ver/v01/v0181	SES019	-1.40787	-12.1635	-10.7557
spk_ver/v01/v0182	SES019	-1.90777	-11.7091	-9.80131
spk_ver/v01/v0183	SES029	-0.161122	-10.3556	-10.1945
spk_ver/v01/v0184	SES029	-1.55604	-11.9284	-10.3723
spk_ver/v01/v0185	SES029	-0.234331	-10.1074	-9.8731
spk_ver/v01/v0186	SES068	0.520034	-9.36824	-9.88828
spk_ver/v01/v0187	SES029	-0.23913	-8.81123	-8.5721
spk_ver/v01/v0188	SES029	-0.366516	-9.7799	-9.41339
spk_ver/v01/v0189	SES149	0.713078	-8.76384	-9.47692
spk_ver/v01/v0190	SES029	-0.711504	-11.3748	-10.6633
spk_ver/v01/v0191	SES029	-0.728709	-11.2654	-10.5367
spk_ver/v01/v0192	SES183	0.305955	-9.57924	-9.88519
spk_ver/v01/v0193	SES029	-1.08037	-12.2023	-11.1219
spk_ver/v01/v0194	SES016	0.797105	-9.57333	-10.3704
spk_ver/v01/v0195	SES029	-0.0360775	-10.1286	-10.0925
spk_ver/v01/v0196	SES029	-1.00765	-11.5569	-10.5492
spk_ver/v01/v0197	SES029	-0.67345	-10.3557	-9.68225
spk_ver/v01/v0198	SES146	0.536624	-10.2103	-10.7469
spk_ver/v01/v0199	SES029	-1.35037	-11.3595	-10.0091
spk_ver/v02/v0200	SES029	0.0653944	-10.8101	-10.8755
spk_ver/v02/v0201	SES068	0.620273	-8.84689	-9.46717
spk_ver/v02/v0202	SES148	0.531982	-8.91407	-9.44606
spk_ver/v02/v0203	SES029	-0.650866	-11.2648	-10.6139
spk_ver/v02/v0204	SES029	0.0260468	-9.53591	-9.56195
spk_ver/v02/v0205	SES060	1.01387	-8.41491	-9.42878
spk_ver/v02/v0206	SES127	0.54134	-8.79394	-9.33528
spk_ver/v02/v0207	SES029	-1.79628	-13.8737	-12.0774
spk_ver/v02/v0208	SES048	0.762846	-10.1379	-10.9007
spk_ver/v02/v0209	SES029	-0.166292	-9.70716	-9.54087
spk_ver/v02/v0210	SES029	-0.33497	-10.8773	-10.5423
spk_ver/v02/v0211	SES029	-0.451464	-10.9104	-10.4589
spk_ver/v02/v0212	SES042	-0.868333	-10.4987	-9.63033
spk_ver/v02/v0213	SES085	0.597476	-10.0159	-10.6133
spk_ver/v02/v0214	SES206	1.72596	-9.90762	-11.6336
spk_ver/v02/v0215	SES144	0.40165	-9.12144	-9.52309
spk_ver/v02/v0216	SES042	-0.948976	-11.3523	-10.4033
spk_ver/v02/v0217	SES042	-0.255149	-12.7046	-12.4494
spk_ver/v02/v0218	SES042	-0.266705	-11.1281	-10.8614
spk_ver/v02/v0219	SES206	0.11476	-9.71396	-9.82872
spk_ver/v02/v0220	SES019	2.26848	-8.73294	-11.0014
spk_ver/v02/v0221	SES007	0.359235	-9.91839	-10.2776
spk_ver/v02/v0222	SES042	-1.85712	-12.1288	-10.2717
spk_ver/v02/v0223	SES147	0.747363	-9.80744	-10.5548
spk_ver/v02/v0224	SES105	0.514915	-9.52094	-10.0359
spk_ver/v02/v0225	SES042	-0.262013	-11.2073	-10.9453
spk_ver/v02/v0226	SES275	0.550885	-9.14604	-9.69693
spk_ver/v02/v0227	SES042	-0.527845	-12.2135	-11.6856
spk_ver/v02/v0228	SES042	-0.415239	-9.97459	-9.55935
spk_ver/v02/v0229	SES042	-0.399759	-9.77343	-9.37367
spk_ver/v02/v0230	SES085	0.761324	-8.18441	-8.94573
spk_ver/v02/v0231	SES014	1.11712	-8.62478	-9.7419
spk_ver/v02/v0232	SES042	0.583546	-10.4368	-11.0203
spk_ver/v02/v0233	SES048	-1.20146	-10.8817	-9.68022
spk_ver/v02/v0234	SES048	0.0179262	-9.8712	-9.88913
spk_ver/v02/v0235	SES029	-0.291516	-10.5848	-10.2933
spk_ver/v02/v0236	SES048	-0.720043	-9.66756	-8.94752
spk_ver/v02/v0237	SES048	-0.629668	-10.8887	-10.259
spk_ver/v02/v0238	SES048	-0.0562468	-9.21146	-9.15521
spk_ver/v02/v0239	SES060	0.963823	-8.45585	-9.41967
spk_ver/v02/v0240	SES048	-1.4894	-10.6971	-9.20768
spk_ver/v02/v0241	SES048	-0.00600338	-9.372	-9.366
spk_ver/v02/v0242	SES189	0.165394	-9.06276	-9.22815
spk_ver/v02/v0243	SES162	0.395402	-9.83136	-10.2268
spk_ver/v02/v0244	SES048	-2.77293	-13.2248	-10.4519
spk_ver/v02/v0245	SES048	-0.860641	-10.2444	-9.3838
spk_ver/v02/v0246	SES048	-0.995701	-10.2978	-9.3021
spk_ver/v02/v0247	SES048	-2.47363	-13.7971	-11.3235
spk_ver/v02/v0248	SES226	0.927225	-9.77201	-10.6992
spk_ver/v02/v0249	SES048	-0.730081	-10.0062	-9.27616
spk_ver/v02/v0250	SES048	-0.368858	-9.98518	-9.61633
spk_ver/v02/v0251	SES048	-3.72884	-17.0574	-13.3286
spk_ver/v02/v0252	SES060	-0.602011	-9.7867	-9.18469
spk_ver/v02/v0253	SES060	-1.97323	-11.2468	-9.27353
spk_ver/v02/v0254	SES259	0.488251	-9.75194	-10.2402
spk_ver/v02/v0255	SES060	-0.496143	-10.2999	-9.80377
spk_ver/v02/v0256	SES202	0.452162	-8.82233	-9.27449
spk_ver/v02/v0257	SES148	0.422383	-9.03212	-9.4545
spk_ver/v02/v0258	SES060	-4.25056	-15.9333	-11.6827
spk_ver/v02/v0259	SES060	-1.16506	-10.7273	-9.56223
spk_ver/v02/v0260	SES060	-0.730432	-11.239	-10.5086
spk_ver/v02/v0261	SES099	0.401757	-9.23974	-9.6415
spk_ver/v02/v0262	SES060	-0.889482	-10.5822	-9.69272
spk_ver/v02/v0263	SES060	-0.483467	-9.3852	-8.90173
spk_ver/v02/v0264	SES292	0.0619831	-10.6358	-10.6978
spk_ver/v02/v0265	SES060	0.403906	-10.1039	-10.5078
spk_ver/v02/v0266	SES060	-2.36719	-13.2509	-10.8837
spk_ver/v02/v0267	SES060	-4.46998	-15.5838	-11.1138
spk_ver/v02/v0268	SES060	-4.82142	-16.9441	-12.1227
spk_ver/v02/v0269	SES127	0.426659	-9.00391	-9.43057
spk_ver/v02/v0270	SES060	-0.456844	-10.2939	-9.83706
spk_ver/v02/v0271	SES060	0.729269	-9.07483	-9.8041
spk_ver/v02/v0272	SES060	-1.14999	-11.6693	-10.5193
spk_ver/v02/v0273	SES087	1.05346	-10.2813	-11.3348
spk_ver/v02/v0274	SES146	0.371352	-9.00266	-9.37402
spk_ver/v02/v0275	SES060	-4.09277	-15.4941	-11.4013
spk_ver/v02/v0276	SES002	1.11025	-9.28329	-10.3935
spk_ver/v02/v0277	SES060	0.00170708	-9.92921	-9.93091
spk_ver/v02/v0278	SES060	-1.41588	-12.2398	-10.8239
spk_ver/v02/v0279	SES060	-0.928741	-13.1238	-12.1951
spk_ver/v02/v0280	SES129	1.20241	-8.78552	-9.98792
spk_ver/v02/v0281	SES162	0.653852	-9.19965	-9.8535
spk_ver/v02/v0282	SES060	-0.972739	-10.4856	-9.51287
spk_ver/v02/v0283	SES060	-0.164934	-9.22685	-9.06192
spk_ver/v02/v0284	SES062	-0.5226	-11.5514	-11.0288
spk_ver/v02/v0285	SES062	-0.459988	-10.2464	-9.78637
spk_ver/v02/v0286	SES120	0.220284	-11.5533	-11.7736
spk_ver/v02/v0287	SES062	-0.166812	-11.6279	-11.461
spk_ver/v02/v0288	SES062	-1.12603	-12.8549	-11.7288
spk_ver/v02/v0289	SES062	-0.22092	-8.35949	-8.13857
spk_ver/v02/v0290	SES062	0.666791	-9.22302	-9.88982
spk_ver/v02/v0291	SES275	0.583899	-8.82541	-9.40931
spk_ver/v02/v0292	SES062	0.217919	-9.47435	-9.69227
spk_ver/v02/v0293	SES062	0.118679	-9.83598	-9.95466
spk_ver/v02/v0294	SES062	-0.510665	-9.95173	-9.44107
spk_ver/v02/v0295	SES062	-0.356897	-10.8756	-10.5187
spk_ver/v02/v0296	SES062	-0.137934	-9.51402	-9.37609
spk_ver/v02/v0297	SES062	-0.106483	-9.4966	-9.39012
spk_ver/v02/v0298	SES062	-0.334434	-10.333	-9.9986
spk_ver/v02/v0299	SES062	0.0810471	-10.513	-10.5941
spk_ver/v03/v0300	SES062	-0.528987	-11.1651	-10.6361
spk_ver/v03/v0301	SES062	-0.121144	-8.26614	-8.145
spk_ver/v03/v0302	SES172	0.188245	-8.51889	-8.70713
spk_ver/v03/v0303	SES062	-0.452116	-10.9068	-10.4547
spk_ver/v03/v0304	SES062	-1.08347	-13.4344	-12.3509
spk_ver/v03/v0305	SES062	-0.124511	-10.786	-10.6615
spk_ver/v03/v0306	SES062	0.392944	-9.535	-9.92795
spk_ver/v03/v0307	SES062	-0.370301	-9.4839	-9.1136
spk_ver/v03/v0308	SES062	-0.109591	-11.4173	-11.3077
spk_ver/v03/v0309	SES062	-0.237684	-11.7461	-11.5084
spk_ver/v03/v0310	SES125	0.852314	-7.69057	-8.54289
spk_ver/v03/v0311	SES062	-0.241852	-11.166	-10.9242
spk_ver/v03/v0312	SES062	-0.418699	-10.2584	-9.83967
spk_ver/v03/v0313	SES062	-0.049242	-10.3715	-10.3222
spk_ver/v03/v0314	SES068	-0.842715	-10.6961	-9.85336
spk_ver/v03/v0315	SES068	-1.2263	-9.64351	-8.41721
spk_ver/v03/v0316	SES068	-0.00993824	-9.95951	-9.94957
spk_ver/v03/v0317	SES068	0.0888205	-9.56008	-9.6489
spk_ver/v03/v0318	SES068	-0.52521	-10.4123	-9.88706
spk_ver/v03/v0319	SES068	-1.2814	-12.6892	-11.4078
spk_ver/v03/v0320	SES068	0.311374	-8.88382	-9.19519
spk_ver/v03/v0321	SES068	0.184604	-10.1728	-10.3574
spk_ver/v03/v0322	SES068	0.0159016	-8.984	-8.9999
spk_ver/v03/v0323	SES068	-0.454238	-12.0715	-11.6172
spk_ver/v03/v0324	SES144	0.930573	-9.01556	-9.94613
spk_ver/v03/v0325	SES068	0.948956	-7.79115	-8.7401
spk_ver/v03/v0326	SES068	0.0317163	-8.58011	-8.61183
spk_ver/v03/v0327	SES068	0.13137	-9.06264	-9.19401
spk_ver/v03/v0328	SES068	-0.294789	-10.5385	-10.2437
spk_ver/v03/v0329	SES068	0.238425	-8.55576	-8.79418
spk_ver/v03/v0330	SES180	-0.172913	-10.442	-10.269
spk_ver/v03/v0331	SES068	-0.300083	-11.029	-10.7289
spk_ver/v03/v0332	SES275	0.474847	-9.34582	-9.82067
spk_ver/v03/v0333	SES062	0.262911	-9.37538	-9.63829
spk_ver/v03/v0334	SES270	0.476666	-9.22509	-9.70176
spk_ver/v03/v0335	SES068	-0.959287	-10.5392	-9.57987
spk_ver/v03/v0336	SES068	-0.0136538	-9.05726	-9.04361
spk_ver/v03/v0337	SES068	-0.204813	-11.0077	-10.8029
spk_ver/v03/v0338	SES068	-0.326238	-10.2201	-9.89389
spk_ver/v03/v0339	SES068	0.498903	-9.3699	-9.8688
spk_ver/v03/v0340	SES068	0.0768766	-9.98342	-10.0603
spk_ver/v03/v0341	SES016	0.709736	-8.84883	-9.55857
spk_ver/v03/v0342	SES068	-0.922597	-11.3889	-10.4663
spk_ver/v03/v0343	SES068	0.149474	-8.78947	-8.93894
spk_ver/v03/v0344	SES125	0.477212	-8.62423	-9.10144
spk_ver/v03/v0345	SES187	0.573532	-9.54963	-10.1232
spk_ver/v03/v0346	SES068	-0.144393	-10.4668	-10.3224
spk_ver/v03/v0347	SES143	1.21756	-8.61707	-9.83463
spk_ver/v03/v0348	SES292	0.338256	-9.89008	-10.2283
spk_ver/v03/v0349	SES082	-0.197343	-10.0425	-9.8452
spk_ver/v03/v0350	SES101	0.656188	-9.24703	-9.90322
spk_ver/v03/v0351	SES082	0.360007	-9.56438	-9.92439
spk_ver/v03/v0352	SES082	0.0444708	-15.0665	-15.111
spk_ver/v03/v0353	SES082	-0.550233	-12.6463	-12.0961
spk_ver/v03/v0354	SES082	-0.629651	-9.93293	-9.30327
spk_ver/v03/v0355	SES083	0.44969	-9.16513	-9.61482
spk_ver/v03/v0356	SES082	-0.365876	-10.3561	-9.99023
spk_ver/v03/v0357	SES082	-0.5911	-11.2153	-10.6242
spk_ver/v03/v0358	SES082	0.317688	-9.46196	-9.77965
spk_ver/v03/v0359	SES117	0.779692	-9.88235	-10.662
spk_ver/v03/v0360	SES082	-0.391155	-9.85103	-9.45987
spk_ver/v03/v0361	SES082	0.36368	-11.2253	-11.5889
spk_ver/v03/v0362	SES007	1.00969	-8.8735	-9.88319
spk_ver/v03/v0363	SES082	0.127409	-9.82274	-9.95015
spk_ver/v03/v0364	SES019	1.65052	-9.53967	-11.1902
spk_ver/v03/v0365	SES082	0.0511684	-11.6445	-11.6956
spk_ver/v03/v0366	SES226	0.787411	-10.2859	-11.0733
spk_ver/v03/v0367	SES167	0.896948	-8.04416	-8.94111
spk_ver/v03/v0368	SES082	0.135077	-8.69218	-8.82726
spk_ver/v03/v0369	SES042	2.26396	-11.8118	-14.0757
spk_ver/v03/v0370	SES042	1.01608	-10.271	-11.287
spk_ver/v03/v0371	SES082	0.00972366	-10.9229	-10.9326
spk_ver/v03/v0372	SES082	-0.341976	-9.71447	-9.37249
spk_ver/v03/v0373	SES082	-1.31336	-12.7045	-11.3912
spk_ver/v03/v0374	SES083	-0.162203	-9.49987	-9.33767
spk_ver/v03/v0375	SES292	0.0357933	-10.1324	-10.1682
spk_ver/v03/v0376	SES083	-0.522052	-10.1776	-9.65555
spk_ver/v03/v0377	SES083	-1.14357	-12.2227	-11.0792
spk_ver/v03/v0378	SES083	-0.521198	-11.3656	-10.8444
spk_ver/v03/v0379	SES083	0.565776	-8.90131	-9.46708
spk_ver/v03/v0380	SES083	-0.701777	-10.2796	-9.57783
spk_ver/v03/v0381	SES083	-2.6571	-13.5639	-10.9068
spk_ver/v03/v0382	SES148	-0.419308	-10.5207	-10.1014
spk_ver/v03/v0383	SES083	-0.230595	-9.04977	-8.81918
spk_ver/v03/v0384	SES226	0.549398	-9.969	-10.5184
spk_ver/v03/v0385	SES226	0.667218	-9.76796	-10.4352
spk_ver/v03/v0386	SES087	1.1769	-9.63695	-10.8138
spk_ver/v03/v0387	SES029	0.211666	-9.45411	-9.66578
spk_ver/v03/v0388	SES147	0.205569	-9.3434	-9.54897
spk_ver/v03/v0389	SES083	-0.350416	-11.3299	-10.9795
spk_ver/v03/v0390	SES189	0.870875	-9.217	-10.0879
spk_ver/v03/v0391	SES083	-0.571662	-10.4297	-9.85805
spk_ver/v03/v0392	SES083	-0.235317	-9.08965	-8.85434
spk_ver/v03/v0393	SES083	-1.36311	-10.7577	-9.3946
spk_ver/v03/v0394	SES083	-0.44339	-10.0326	-9.58925
spk_ver/v03/v0395	SES083	-0.943351	-10.6497	-9.70639
spk_ver/v03/v0396	SES014	1.04065	-8.6742	-9.71485
spk_ver/v03/v0397	SES085	0.711149	-8.85347	-9.56462
spk_ver/v03/v0398	SES085	0.369209	-8.45359	-8.8228
spk_ver/v03/v0399	SES085	-0.558327	-10.3257	-9.76734
spk_ver/v04/v0400	SES106	1.21453	-8.21253	-9.42706
spk_ver/v04/v0401	SES085	-1.23098	-12.0972	-10.8662
spk_ver/v04/v0402	SES085	-6.44949	-21.1507	-14.7012
spk_ver/v04/v0403	SES085	1.1098	-7.9934	-9.1032
spk_ver/v04/v0404	SES180	0.36894	-8.57455	-8.94349
spk_ver/v04/v0405	SES129	0.834528	-8.47564	-9.31017
spk_ver/v04/v0406	SES085	-1.62986	-12.8593	-11.2294
spk_ver/v04/v0407	SES146	0.429646	-9.84866	-10.2783
spk_ver/v04/v0408	SES085	0.257796	-8.88529	-9.14309
spk_ver/v04/v0409	SES085	0.949149	-9.49422	-10.4434
spk_ver/v04/v0410	SES085	-0.419145	-12.6566	-12.2375
spk_ver/v04/v0411	SES292	0.373305	-10.5835	-10.9568
spk_ver/v04/v0412	SES085	0.0186043	-9.15835	-9.17695
spk_ver/v04/v0413	SES125	1.04076	-8.72674	-9.7675
spk_ver/v04/v0414	SES085	-0.457488	-11.6447	-11.1872
spk_ver/v04/v0415	SES085	-0.508204	-10.2539	-9.7457
spk_ver/v04/v0416	SES085	0.415121	-9.5324	-9.94752
spk_ver/v04/v0417	SES062	0.511225	-8.52591	-9.03714
spk_ver/v04/v0418	SES060	1.50478	-8.69707	-10.2019
spk_ver/v04/v0419	SES085	0.359224	-10.1308	-10.49
spk_ver/v04/v0420	SES085	-1.01401	-11.9077	-10.8937
spk_ver/v04/v0421	SES085	-0.864328	-11.9788	-11.1144
spk_ver/v04/v0422	SES085	-0.259251	-10.493	-10.2338
spk_ver/v04/v0423	SES085	-1.01812	-11.0823	-10.0642
spk_ver/v04/v0424	SES085	-0.964192	-10.366	-9.40177
spk_ver/v04/v0425	SES183	0.17575	-9.36715	-9.5429
spk_ver/v04/v0426	SES085	-0.940245	-11.8603	-10.9201
spk_ver/v04/v0427	SES087	0.161901	-12.2966	-12.4585
spk_ver/v04/v0428	SES162	0.533073	-8.45635	-8.98943
spk_ver/v04/v0429	SES087	-0.377628	-10.0932	-9.71556
spk_ver/v04/v0430	SES087	-3.39331	-14.0378	-10.6445
spk_ver/v04/v0431	SES087	-1.94051	-11.1247	-9.18423
spk_ver/v04/v0432	SES087	-0.0972586	-9.69722	-9.59996
spk_ver/v04/v0433	SES087	-1.268	-11.286	-10.018
spk_ver/v04/v0434	SES142	1.08122	-8.7188	-9.80002
spk_ver/v04/v0435	SES087	-1.76698	-11.9378	-10.1708
spk_ver/v04/v0436	SES099	0.568824	-9.63363	-10.2025
spk_ver/v04/v0437	SES087	-0.279365	-8.60236	-8.32299
spk_ver/v04/v0438	SES087	-1.99495	-10.8581	-8.86313
spk_ver/v04/v0439	SES087	-1.02025	-11.3495	-10.3292
spk_ver/v04/v0440	SES087	-0.853586	-10.4403	-9.58671
spk_ver/v04/v0441	SES087	-2.66343	-11.3305	-8.6671
spk_ver/v04/v0442	SES187	0.585319	-9.95409	-10.5394
spk_ver/v04/v0443	SES172	0.435448	-9.92822	-10.3637
spk_ver/v04/v0444	SES087	-0.852685	-8.94815	-8.09547
spk_ver/v04/v0445	SES087	-0.217474	-11.0986	-10.8811
spk_ver/v04/v0446	SES087	-0.845119	-10.0825	-9.23736
spk_ver/v04/v0447	SES087	-0.112524	-10.3301	-10.2175
spk_ver/v04/v0448	SES106	1.16246	-10.0724	-11.2348
spk_ver/v04/v0449	SES146	0.515349	-10.0098	-10.5252
spk_ver/v04/v0450	SES087	-1.58335	-11.3274	-9.74409
spk_ver/v04/v0451	SES087	-0.71019	-11.4268	-10.7167
spk_ver/v04/v0452	SES007	0.932275	-10.4553	-11.3876
spk_ver/v04/v0453	SES087	-1.19503	-11.8544	-10.6593
spk_ver/v04/v0454	SES087	-3.79776	-13.6167	-9.8189
spk_ver/v04/v0455	SES180	0.193472	-9.26462	-9.45809
spk_ver/v04/v0456	SES099	-2.04157	-11.8546	-9.81306
spk_ver/v04/v0457	SES042	0.851687	-9.7116	-10.5633
spk_ver/v04/v0458	SES099	0.219623	-9.9638	-10.1834
spk_ver/v04/v0459	SES099	-1.79532	-12.5901	-10.7948
spk_ver/v04/v0460	SES099	-1.80646	-12.3352	-10.5287
spk_ver/v04/v0461	SES099	-1.00531	-11.3341	-10.3288
spk_ver/v04/v0462	SES082	0.893619	-8.68729	-9.58091
spk_ver/v04/v0463	SES099	0.219299	-10.2768	-10.4961
spk_ver/v04/v0464	SES099	0.636771	-9.06009	-9.69686
spk_ver/v04/v0465	SES099	-3.35641	-12.2896	-8.93318
spk_ver/v04/v0466	SES099	-0.24498	-10.9415	-10.6966
spk_ver/v04/v0467	SES099	0.417543	-9.20413	-9.62168
spk_ver/v04/v0468	SES129	0.866963	-8.74684	-9.61381
spk_ver/v04/v0469	SES101	0.542392	-8.94038	-9.48277
spk_ver/v04/v0470	SES099	-2.30548	-12.5984	-10.2929
spk_ver/v04/v0471	SES172	0.497029	-9.35666	-9.85369
spk_ver/v04/v0472	SES099	0.722876	-10.9511	-11.674
spk_ver/v04/v0473	SES270	1.80843	-8.19932	-10.0078
spk_ver/v04/v0474	SES099	-3.40498	-13.4243	-10.0194
spk_ver/v04/v0475	SES099	-0.512643	-9.88407	-9.37143
spk_ver/v04/v0476	SES099	-1.89121	-13.184	-11.2928
spk_ver/v04/v0477	SES002	0.810907	-9.071	-9.8819
spk_ver/v04/v0478	SES099	0.424911	-9.97599	-10.4009
spk_ver/v04/v0479	SES007	0.366637	-9.52337	-9.89001
spk_ver/v04/v0480	SES101	-0.733274	-9.85652	-9.12324
spk_ver/v04/v0481	SES101	-0.990672	-11.1927	-10.202
spk_ver/v04/v0482	SES175	0.375483	-9.88536	-10.2608
spk_ver/v04/v0483	SES101	-0.415849	-9.80757	-9.39172
spk_ver/v04/v0484	SES101	-1.7815	-12.0575	-10.276
spk_ver/v04/v0485	SES101	-0.42128	-11.4069	-10.9856
spk_ver/v04/v0486	SES101	0.299561	-10.2006	-10.5002
spk_ver/v04/v0487	SES101	-0.355987	-9.93331	-9.57733
spk_ver/v04/v0488	SES101	-0.970119	-11.8383	-10.8682
spk_ver/v04/v0489	SES147	1.06716	-8.89432	-9.96149
spk_ver/v04/v0490	SES085	0.144591	-10.6345	-10.7791
spk_ver/v04/v0491	SES101	-0.481862	-11.1176	-10.6357
spk_ver/v04/v0492	SES101	-2.48409	-15.5321	-13.048
spk_ver/v04/v0493	SES101	-1.09902	-12.2917	-11.1926
spk_ver/v04/v0494	SES101	-0.932416	-10.9091	-9.97665
spk_ver/v04/v0495	SES101	-0.283529	-8.21504	-7.93152
spk_ver/v04/v0496	SES101	-0.13879	-8.79716	-8.65837
spk_ver/v04/v0497	SES014	1.51733	-8.92608	-10.4434
spk_ver/v04/v0498	SES101	-0.910271	-12.6541	-11.7439
spk_ver/v04/v0499	SES101	-0.882132	-10.0846	-9.20242
spk_ver/v05/v0500	SES085	0.9152	-8.17599	-9.09119
spk_ver/v05/v0501	SES101	-2.05603	-14.405	-12.3489
spk_ver/v05/v0502	SES275	0.256384	-9.37586	-9.63225
spk_ver/v05/v0503	SES117	0.935756	-9.41269	-10.3484
spk_ver/v05/v0504	SES101	-1.27564	-11.7662	-10.4906
spk_ver/v05/v0505	SES101	-2.1006	-13.7096	-11.609
spk_ver/v05/v0506	SES101	-0.313782	-9.73983	-9.42605
spk_ver/v05/v0507	SES048	0.374382	-9.56271	-9.93709
spk_ver/v05/v0508	SES117	0.954012	-9.87887	-10.8329
spk_ver/v05/v0509	SES202	0.139789	-10.2384	-10.3782
spk_ver/v05/v0510	SES104	0.519911	-12.2249	-12.7448
spk_ver/v05/v0511	SES008	1.13278	-8.7449	-9.87769
spk_ver/v05/v0512	SES104	0.274734	-10.8485	-11.1232
spk_ver/v05/v0513	SES104	-0.620446	-10.0267	-9.40627
spk_ver/v05/v0514	SES104	-0.194613	-9.04968	-8.85507
spk_ver/v05/v0515	SES104	-2.22174	-12.5557	-10.334
spk_ver/v05/v0516	SES104	-0.426829	-10.8374	-10.4106
spk_ver/v05/v0517	SES060	1.51481	-7.85886	-9.37367
spk_ver/v05/v0518	SES104	-0.879817	-9.99409	-9.11427
spk_ver/v05/v0519	SES104	-1.08043	-11.0886	-10.0082
spk_ver/v05/v0520	SES104	0.450595	-9.29443	-9.74502
spk_ver/v05/v0521	SES008	0.816832	-7.52231	-8.33915
spk_ver/v05/v0522	SES068	1.14301	-8.66162	-9.80463
spk_ver/v05/v0523	SES087	0.717478	-8.97385	-9.69133
spk_ver/v05/v0524	SES104	0.51581	-10.0194	-10.5352
spk_ver/v05/v0525	SES104	-0.950787	-11.4055	-10.4547
spk_ver/v05/v0526	SES104	0.326092	-8.7268	-9.05289
spk_ver/v05/v0527	SES083	0.178748	-9.57815	-9.7569
spk_ver/v05/v0528	SES148	0.744035	-8.74318	-9.48721
spk_ver/v05/v0529	SES104	0.803968	-11.7215	-12.5255
spk_ver/v05/v0530	SES104	-0.713759	-10.5662	-9.85242
spk_ver/v05/v0531	SES125	1.33089	-9.16969	-10.5006
spk_ver/v05/v0532	SES104	-0.761676	-10.5797	-9.81805
spk_ver/v05/v0533	SES149	0.344333	-8.98672	-9.33105
spk_ver/v05/v0534	SES104	0.00845242	-9.90077	-9.90922
spk_ver/v05/v0535	SES187	0.39137	-11.2585	-11.6499
spk_ver/v05/v0536	SES104	0.314636	-10.9108	-11.2254
spk_ver/v05/v0537	SES104	0.702613	-8.77414	-9.47675
spk_ver/v05/v0538	SES167	0.810653	-8.71904	-9.52969
spk_ver/v05/v0539	SES104	0.486386	-9.81558	-10.302
spk_ver/v05/v0540	SES104	-1.19064	-10.4832	-9.29261
spk_ver/v05/v0541	SES183	0.925189	-10.4697	-11.3949
spk_ver/v05/v0542	SES104	0.0955	-12.9842	-13.0797
spk_ver/v05/v0543	SES104	-1.21332	-11.131	-9.91769
spk_ver/v05/v0544	SES105	-1.75144	-11.4777	-9.72628
spk_ver/v05/v0545	SES105	-0.479424	-12.8269	-12.3474
spk_ver/v05/v0546	SES105	-0.554477	-10.8998	-10.3453
spk_ver/v05/v0547	SES105	-0.797093	-11.1637	-10.3667
spk_ver/v05/v0548	SES019	2.41303	-8.33975	-10.7528
spk_ver/v05/v0549	SES105	-0.83926	-11.0662	-10.227
spk_ver/v05/v0550	SES105	-0.400743	-12.8407	-12.44
spk_ver/v05/v0551	SES202	0.719611	-9.2649	-9.98451
spk_ver/v05/v0552	SES105	-0.910674	-12.7852	-11.8745
spk_ver/v05/v0553	SES105	-0.242176	-10.1873	-9.94509
spk_ver/v05/v0554	SES105	-0.0977488	-8.63268	-8.53493
spk_ver/v05/v0555	SES105	-0.187379	-9.86475	-9.67737
spk_ver/v05/v0556	SES082	0.352958	-10.1308	-10.4837
spk_ver/v05/v0557	SES105	-0.750656	-11.3352	-10.5846
spk_ver/v05/v0558	SES014	1.3563	-9.04547	-10.4018
spk_ver/v05/v0559	SES105	-0.0829029	-9.51474	-9.43184
spk_ver/v05/v0560	SES177	0.133945	-9.18534	-9.31929
spk_ver/v05/v0561	SES189	0.585754	-10.7157	-11.3015
spk_ver/v05/v0562	SES105	-0.601131	-11.1619	-10.5607
spk_ver/v05/v0563	SES099	1.56506	-10.1606	-11.7257
spk_ver/v05/v0564	SES105	-0.610984	-9.85236	-9.24138
spk_ver/v05/v0565	SES105	-0.641047	-11.6397	-10.9986
spk_ver/v05/v0566	SES105	-0.580554	-13.0789	-12.4983
spk_ver/v05/v0567	SES142	0.277915	-9.05828	-9.3362
spk_ver/v05/v0568	SES048	0.20313	-9.15786	-9.36099
spk_ver/v05/v0569	SES105	-1.33761	-14.1439	-12.8063
spk_ver/v05/v0570	SES105	0.0305996	-10.0684	-10.099
spk_ver/v05/v0571	SES105	-0.437669	-10.9106	-10.4729
spk_ver/v05/v0572	SES105	-0.48041	-11.9985	-11.5181
spk_ver/v05/v0573	SES105	-0.700863	-12.9396	-12.2387
spk_ver/v05/v0574	SES105	-0.136455	-9.32208	-9.18562
spk_ver/v05/v0575	SES105	-0.320731	-12.326	-12.0052
spk_ver/v05/v0576	SES106	-1.32031	-12.1016	-10.7813
spk_ver/v05/v0577	SES106	-0.900972	-11.0698	-10.1688
spk_ver/v05/v0578	SES106	-1.42529	-11.7064	-10.2811
spk_ver/v05/v0579	SES106	-1.3229	-10.7629	-9.43999
spk_ver/v05/v0580	SES106	0.321116	-9.11712	-9.43824
spk_ver/v05/v0581	SES106	-0.42083	-10.5822	-10.1613
spk_ver/v05/v0582	SES106	0.0131865	-10.1865	-10.1997
spk_ver/v05/v0583	SES106	0.196601	-10.1782	-10.3748
spk_ver/v05/v0584	SES106	-1.07072	-10.32	-9.24931
spk_ver/v05/v0585	SES106	1.13807	-9.75777	-10.8958
spk_ver/v05/v0586	SES106	0.295933	-10.1787	-10.4746
spk_ver/v05/v0587	SES106	-1.23119	-11.2385	-10.0073
spk_ver/v05/v0588	SES106	-0.726637	-9.66714	-8.94051
spk_ver/v05/v0589	SES106	-0.587326	-9.7672	-9.17987
spk_ver/v05/v0590	SES082	0.0418072	-9.78555	-9.82736
spk_ver/v05/v0591	SES180	0.366798	-9.51732	-9.88412
spk_ver/v05/v0592	SES106	-0.367051	-11.1799	-10.8128
spk_ver/v05/v0593	SES106	-0.678546	-10.7724	-10.0939
spk_ver/v05/v0594	SES292	0.175407	-9.72225	-9.89766
spk_ver/v05/v0595	SES106	0.653341	-11.9233	-12.5767
spk_ver/v05/v0596	SES106	-0.24155	-9.29394	-9.05239
spk_ver/v05/v0597	SES106	-0.590727	-10.2066	-9.61584
spk_ver/v05/v0598	SES042	1.66374	-9.55144	-11.2152
spk_ver/v05/v0599	SES106	-0.540967	-10.1662	-9.62523
spk_ver/v06/v0600	SES106	1.50692	-9.95875	-11.4657
spk_ver/v06/v0601	SES106	0.116694	-9.89077	-10.0075
spk_ver/v06/v0602	SES106	-0.283418	-9.36478	-9.08136
spk_ver/v06/v0603	SES106	-1.29453	-10.7196	-9.42509
spk_ver/v06/v0604	SES106	-0.887897	-9.32109	-8.43319
spk_ver/v06/v0605	SES106	-0.942308	-10.597	-9.65474
spk_ver/v06/v0606	SES048	0.755669	-8.34903	-9.1047
spk_ver/v06/v0607	SES167	1.41331	-6.52995	-7.94326
spk_ver/v06/v0608	SES106	-0.75489	-10.4132	-9.65832
spk_ver/v06/v0609	SES143	0.738336	-9.88836	-10.6267
spk_ver/v06/v0610	SES106	-0.671631	-10.7225	-10.0509
spk_ver/v06/v0611	SES106	0.370569	-8.16362	-8.53419
spk_ver/v06/v0612	SES106	-0.0797119	-10.2378	-10.1581
spk_ver/v06/v0613	SES117	0.410435	-9.84417	-10.2546
spk_ver/v06/v0614	SES117	-0.390081	-9.8167	-9.42662
spk_ver/v06/v0615	SES117	-0.525534	-10.6596	-10.1341
spk_ver/v06/v0616	SES106	1.0024	-8.39024	-9.39264
spk_ver/v06/v0617	SES142	0.715333	-8.57941	-9.29474
spk_ver/v06/v0618	SES048	0.440195	-8.54977	-8.98997
spk_ver/v06/v0619	SES175	-0.304869	-11.6129	-11.308
spk_ver/v06/v0620	SES180	0.600843	-8.41656	-9.0174
spk_ver/v06/v0621	SES117	0.0248051	-9.8756	-9.90041
spk_ver/v06/v0622	SES029	0.23714	-9.86564	-10.1028
spk_ver/v06/v0623	SES117	-0.249017	-9.75242	-9.5034
spk_ver/v06/v0624	SES117	-0.775898	-10.922	-10.1461
spk_ver/v06/v0625	SES117	0.0996857	-9.42713	-9.52681
spk_ver/v06/v0626	SES106	1.04467	-8.17764	-9.22231
spk_ver/v06/v0627	SES226	1.13265	-8.93577	-10.0684
spk_ver/v06/v0628	SES117	0.422989	-9.48998	-9.91296
spk_ver/v06/v0629	SES117	-1.14768	-8.92731	-7.77962
spk_ver/v06/v0630	SES117	-1.02865	-9.95967	-8.93102
spk_ver/v06/v0631	SES117	-0.345159	-12.852	-12.5068
spk_ver/v06/v0632	SES117	0.3478	-9.39801	-9.74581
spk_ver/v06/v0633	SES099	0.863145	-9.97909	-10.8422
spk_ver/v06/v0634	SES105	0.856359	-9.31368	-10.17
spk_ver/v06/v0635	SES167	0.349864	-9.6232	-9.97306
spk_ver/v06/v0636	SES117	-0.101474	-8.46013	-8.35866
spk_ver/v06/v0637	SES202	0.266816	-9.95457	-10.2214
spk_ver/v06/v0638	SES117	-0.63333	-9.80059	-9.16726
spk_ver/v06/v0639	SES167	0.919508	-8.61875	-9.53826
spk_ver/v06/v0640	SES117	0.0620384	-10.0202	-10.0822
spk_ver/v06/v0641	SES117	-0.696867	-10.4254	-9.7285
spk_ver/v06/v0642	SES101	0.740198	-8.54929	-9.28949
spk_ver/v06/v0643	SES068	0.623728	-8.58799	-9.21172
spk_ver/v06/v0644	SES120	-1.4209	-12.5446	-11.1236
spk_ver/v06/v0645	SES120	1.66397	-12.7903	-14.4542
spk_ver/v06/v0646	SES172	0.460053	-10.4973	-10.9573
spk_ver/v06/v0647	SES120	-0.695271	-9.87103	-9.17576
spk_ver/v06/v0648	SES120	0.290665	-8.84231	-9.13297
spk_ver/v06/v0649	SES120	-0.356515	-10.5856	-10.2291
spk_ver/v06/v0650	SES087	0.793432	-10.4268	-11.2202
spk_ver/v06/v0651	SES120	0.591928	-11.0272	-11.6191
spk_ver/v06/v0652	SES104	0.615916	-9.81397	-10.4299
spk_ver/v06/v0653	SES129	0.630473	-9.28812	-9.91859
spk_ver/v06/v0654	SES120	-1.10641	-11.0115	-9.90509
spk_ver/v06/v0655	SES120	-0.308909	-11.3335	-11.0246
spk_ver/v06/v0656	SES120	-0.959533	-10.4596	-9.50008
spk_ver/v06/v0657	SES147	0.425052	-8.92107	-9.34613
spk_ver/v06/v0658	SES120	0.907417	-11.2602	-12.1677
spk_ver/v06/v0659	SES120	0.0761833	-9.37376	-9.44994
spk_ver/v06/v0660	SES120	0.19195	-8.99833	-9.19028
spk_ver/v06/v0661	SES120	-0.538759	-11.1754	-10.6367
spk_ver/v06/v0662	SES120	-0.803317	-11.4609	-10.6576
spk_ver/v06/v0663	SES120	-0.382973	-10.5266	-10.1437
spk_ver/v06/v0664	SES147	0.641407	-9.45948	-10.1009
spk_ver/v06/v0665	SES162	0.398427	-9.06384	-9.46227
spk_ver/v06/v0666	SES120	-0.274483	-9.13165	-8.85717
spk_ver/v06/v0667	SES120	1.30651	-10.6052	-11.9117
spk_ver/v06/v0668	SES120	1.3356	-9.63827	-10.9739
spk_ver/v06/v0669	SES142	0.413833	-9.16215	-9.57598
spk_ver/v06/v0670	SES106	1.29076	-9.02893	-10.3197
spk_ver/v06/v0671	SES183	0.289944	-9.93509	-10.225
spk_ver/v06/v0672	SES120	0.867191	-10.5655	-11.4327
spk_ver/v06/v0673	SES029	-1.07838	-11.8493	-10.7709
spk_ver/v06/v0674	SES120	-0.560444	-10.3565	-9.79607
spk_ver/v06/v0675	SES008	1.20512	-9.21855	-10.4237
spk_ver/v06/v0676	SES125	-1.51082	-12.3169	-10.806
spk_ver/v06/v0677	SES143	0.683824	-9.02225	-9.70607
spk_ver/v06/v0678	SES125	-0.494884	-11.9587	-11.4638
spk_ver/v06/v0679	SES162	0.720822	-9.15995	-9.88077
spk_ver/v06/v0680	SES125	0.152863	-9.67153	-9.8244
spk_ver/v06/v0681	SES125	-0.529243	-12.1078	-11.5786
spk_ver/v06/v0682	SES125	-1.16502	-10.4242	-9.25913
spk_ver/v06/v0683	SES226	0.569748	-9.20414	-9.77389
spk_ver/v06/v0684	SES125	-0.509171	-10.0486	-9.53947
spk_ver/v06/v0685	SES125	-1.11506	-10.9946	-9.87954
spk_ver/v06/v0686	SES120	0.881148	-8.67329	-9.55444
spk_ver/v06/v0687	SES125	-1.18843	-14.2089	-13.0205
spk_ver/v06/v0688	SES158	1.34623	-9.5703	-10.9165
spk_ver/v06/v0689	SES125	-2.27002	-12.2321	-9.96206
spk_ver/v06/v0690	SES105	0.806397	-10.0023	-10.8087
spk_ver/v06/v0691	SES125	1.54095	-9.74246	-11.2834
spk_ver/v06/v0692	SES125	-0.821614	-10.3272	-9.50556
spk_ver/v06/v0693	SES180	0.282723	-8.3854	-8.66812
spk_ver/v06/v0694	SES125	-2.84188	-12.7182	-9.87633
spk_ver/v06/v0695	SES125	-0.127058	-10.5663	-10.4393
spk_ver/v06/v0696	SES125	-1.66725	-11.3887	-9.72146
spk_ver/v06/v0697	SES125	-0.730623	-10.8465	-10.1158
spk_ver/v06/v0698	SES083	0.134582	-9.49788	-9.63246
spk_ver/v06/v0699	SES125	-0.434508	-9.70925	-9.27474
spk_ver/v07/v0700	SES014	0.256026	-11.8519	-12.1079
spk_ver/v07/v0701	SES125	-0.984488	-10.246	-9.26146
spk_ver/v07/v0702	SES127	0.319345	-9.07169	-9.39104
spk_ver/v07/v0703	SES127	0.106202	-9.53061	-9.63681
spk_ver/v07/v0704	SES206	0.821605	-9.53471	-10.3563
spk_ver/v07/v0705	SES127	-0.523676	-10.0056	-9.4819
spk_ver/v07/v0706	SES127	0.358396	-9.56536	-9.92375
spk_ver/v07/v0707	SES127	-1.28115	-10.9031	-9.62191
spk_ver/v07/v0708	SES275	-0.0558186	-9.51789	-9.46207
spk_ver/v07/v0709	SES127	-1.79554	-11.583	-9.78751
spk_ver/v07/v0710	SES105	0.317555	-10.5803	-10.8978
spk_ver/v07/v0711	SES127	-0.711698	-10.604	-9.89233
spk_ver/v07/v0712	SES127	-0.588083	-11.2192	-10.6311
spk_ver/v07/v0713	SES127	-1.04368	-10.9849	-9.94124
spk_ver/v07/v0714	SES019	2.81402	-8.99587	-11.8099
spk_ver/v07/v0715	SES127	-2.09873	-13.1276	-11.0289
spk_ver/v07/v0716	SES148	0.739163	-8.85147	-9.59063
spk_ver/v07/v0717	SES162	0.535172	-8.50487	-9.04004
spk_ver/v07/v0718	SES189	0.0111113	-10.2387	-10.2498
spk_ver/v07/v0719	SES149	0.488327	-8.18434	-8.67267
spk_ver/v07/v0720	SES175	0.540715	-10.0276	-10.5683
spk_ver/v07/v0721	SES127	-0.598503	-10.3115	-9.71298
spk_ver/v07/v0722	SES127	-0.543033	-10.562	-10.019
spk_ver/v07/v0723	SES127	-1.26665	-12.1612	-10.8945
spk_ver/v07/v0724	SES127	0.131616	-9.41435	-9.54596
spk_ver/v07/v0725	SES127	-0.696605	-10.6036	-9.90698
spk_ver/v07/v0726	SES259	1.40413	-8.92646	-10.3306
spk_ver/v07/v0727	SES127	-1.99189	-14.0469	-12.055
spk_ver/v07/v0728	SES127	0.970584	-7.642	-8.61258
spk_ver/v07/v0729	SES127	-1.45956	-11.2123	-9.75273
spk_ver/v07/v0730	SES127	-0.237576	-9.86295	-9.62538
spk_ver/v07/v0731	SES129	-0.606146	-9.9607	-9.35456
spk_ver/v07/v0732	SES129	-0.11228	-9.64452	-9.53224
spk_ver/v07/v0733	SES129	-0.245832	-9.75509	-9.50926
spk_ver/v07/v0734	SES129	-1.0606	-12.7907	-11.7301
spk_ver/v07/v0735	SES183	0.489963	-9.34061	-9.83057
spk_ver/v07/v0736	SES129	-0.823	-10.5228	-9.6998
spk_ver/v07/v0737	SES129	-0.979682	-11.6898	-10.7101
spk_ver/v07/v0738	SES129	-0.944443	-11.9788	-11.0343
spk_ver/v07/v0739	SES129	-0.494509	-10.4728	-9.97832
spk_ver/v07/v0740	SES167	-0.358513	-9.59477	-9.23626
spk_ver/v07/v0741	SES129	-0.747025	-11.0972	-10.3502
spk_ver/v07/v0742	SES129	-1.17879	-10.4467	-9.26789
spk_ver/v07/v0743	SES129	-0.677947	-10.287	-9.60907
spk_ver/v07/v0744	SES129	-1.50007	-13.6756	-12.1756
spk_ver/v07/v0745	SES180	0.526148	-8.7118	-9.23795
spk_ver/v07/v0746	SES129	-0.651834	-10.3719	-9.72003
spk_ver/v07/v0747	SES292	0.225231	-9.83206	-10.0573
spk_ver/v07/v0748	SES202	0.458771	-9.65088	-10.1097
spk_ver/v07/v0749	SES270	0.0546055	-10.509	-10.5636
spk_ver/v07/v0750	SES129	-0.426805	-9.03248	-8.60568
spk_ver/v07/v0751	SES129	-0.737286	-10.1345	-9.39724
spk_ver/v07/v0752	SES060	0.832512	-8.65839	-9.4909
spk_ver/v07/v0753	SES129	-0.691269	-10.6777	-9.98644
spk_ver/v07/v0754	SES129	-0.546336	-11.4306	-10.8843
spk_ver/v07/v0755	SES129	-1.62482	-11.8338	-10.209
spk_ver/v07/v0756	SES175	0.784013	-9.22419	-10.0082
spk_ver/v07/v0757	SES129	-0.825683	-10.4963	-9.67062
spk_ver/v07/v0758	SES129	-2.35482	-16.283	-13.9282
spk_ver/v07/v0759	SES129	-2.16789	-12.8111	-10.6432
spk_ver/v07/v0760	SES129	-0.639824	-10.1591	-9.51926
spk_ver/v07/v0761	SES129	-0.335283	-9.73286	-9.39757
spk_ver/v07/v0762	SES172	0.176262	-9.95304	-10.1293
spk_ver/v07/v0763	SES129	-0.50862	-10.1098	-9.60114
spk_ver/v07/v0764	SES129	-0.481175	-9.20388	-8.72271
spk_ver/v07/v0765	SES175	0.217521	-9.57674	-9.79426
spk_ver/v07/v0766	SES129	-0.865474	-10.6483	-9.78278
spk_ver/v07/v0767	SES129	-0.297006	-10.3656	-10.0686
spk_ver/v07/v0768	SES042	1.20422	-8.75164	-9.95586
spk_ver/v07/v0769	SES099	0.844301	-9.97261	-10.8169
spk_ver/v07/v0770	SES142	-1.07349	-12.9901	-11.9166
spk_ver/v07/v0771	SES142	0.339999	-8.90304	-9.24303
spk_ver/v07/v0772	SES101	0.950553	-8.27753	-9.22808
spk_ver/v07/v0773	SES142	-2.16905	-14.4818	-12.3127
spk_ver/v07/v0774	SES142	-1.23811	-12.4731	-11.235
spk_ver/v07/v0775	SES142	0.173987	-9.99923	-10.1732
spk_ver/v07/v0776	SES142	-0.265043	-8.9976	-8.73256
spk_ver/v07/v0777	SES142	-0.412361	-10.0839	-9.6715
spk_ver/v07/v0778	SES142	0.410693	-8.73864	-9.14933
spk_ver/v07/v0779	SES142	-1.55803	-12.9413	-11.3833
spk_ver/v07/v0780	SES142	-1.89516	-13.1565	-11.2613
spk_ver/v07/v0781	SES142	-1.57399	-11.415	-9.841
spk_ver/v07/v0782	SES101	0.436459	-9.47873	-9.91519
spk_ver/v07/v0783	SES142	-0.740734	-9.04781	-8.30707
spk_ver/v07/v0784	SES187	0.764225	-10.7538	-11.518
spk_ver/v07/v0785	SES143	0.639649	-8.86638	-9.50603
spk_ver/v07/v0786	SES142	-0.124143	-9.49104	-9.36689
spk_ver/v07/v0787	SES144	0.660214	-9.38977	-10.05
spk_ver/v07/v0788	SES275	0.255828	-9.46981	-9.72564
spk_ver/v07/v0789	SES142	-0.312736	-10.7081	-10.3954
spk_ver/v07/v0790	SES099	1.55352	-8.5063	-10.0598
spk_ver/v07/v0791	SES142	-0.620831	-10.9718	-10.351
spk_ver/v07/v0792	SES142	-0.649438	-11.0356	-10.3861
spk_ver/v07/v0793	SES142	-1.25034	-11.7234	-10.473
spk_ver/v07/v0794	SES014	0.922029	-8.72624	-9.64827
spk_ver/v07/v0795	SES142	-1.9227	-12.8214	-10.8987
spk_ver/v07/v0796	SES142	-0.337064	-10.8185	-10.4814
spk_ver/v07/v0797	SES143	0.493073	-7.88179	-8.37486
spk_ver/v07/v0798	SES206	0.36197	-9.48917	-9.85114
spk_ver/v07/v0799	SES143	-0.105989	-10.6302	-10.5242
spk_ver/v08/v0800	SES143	0.0195904	-8.57044	-8.59003
spk_ver/v08/v0801	SES143	0.199047	-9.00985	-9.20889
spk_ver/v08/v0802	SES143	-0.256564	-10.1468	-9.89024
spk_ver/v08/v0803	SES143	-0.253087	-10.4648	-10.2117
spk_ver/v08/v0804	SES143	0.30074	-9.4136	-9.71434
spk_ver/v08/v0805	SES143	0.587027	-9.89902	-10.486
spk_ver/v08/v0806	SES143	-0.0793924	-10.0551	-9.97568
spk_ver/v08/v0807	SES177	-0.00907516	-10.8325	-10.8234
spk_ver/v08/v0808	SES149	0.479797	-8.24384	-8.72364
spk_ver/v08/v0809	SES143	-0.905789	-12.008	-11.1022
spk_ver/v08/v0810	SES158	1.20793	-10.2559	-11.4638
spk_ver/v08/v0811	SES143	-0.15533	-10.2772	-10.1218
spk_ver/v08/v0812	SES062	0.520399	-9.25184	-9.77224
spk_ver/v08/v0813	SES259	0.747817	-9.23523	-9.98305
spk_ver/v08/v0814	SES143	-1.72948	-12.5353	-10.8058
spk_ver/v08/v0815	SES143	-0.0988235	-9.13351	-9.03469
spk_ver/v08/v0816	SES143	-0.432479	-10.0028	-9.57035
spk_ver/v08/v0817	SES144	0.391484	-10.6741	-11.0656
spk_ver/v08/v0818	SES143	-0.304823	-9.90308	-9.59825
spk_ver/v08/v0819	SES143	-0.411419	-9.64567	-9.23425
spk_ver/v08/v0820	SES143	0.129903	-8.75064	-8.88054
spk_ver/v08/v0821	SES143	0.154813	-9.2663	-9.42112
spk_ver/v08/v0822	SES143	0.113779	-10.3103	-10.4241
spk_ver/v08/v0823	SES104	0.477845	-9.04991	-9.52776
spk_ver/v08/v0824	SES143	-2.03296	-14.2941	-12.2611
spk_ver/v08/v0825	SES143	-0.998136	-10.9224	-9.92428
spk_ver/v08/v0826	SES144	-1.43335	-12.2049	-10.7715
spk_ver/v08/v0827	SES144	-0.864214	-10.0154	-9.15118
spk_ver/v08/v0828	SES144	-0.517523	-10.2305	-9.71298
spk_ver/v08/v0829	SES172	0.196478	-9.48005	-9.67653
spk_ver/v08/v0830	SES144	-0.429413	-9.9402	-9.51079
spk_ver/v08/v0831	SES183	0.829998	-10.3989	-11.2289
spk_ver/v08/v0832	SES144	-0.873761	-11.518	-10.6442
spk_ver/v08/v0833	SES144	-1.19597	-11.2889	-10.0929
spk_ver/v08/v0834	SES144	-1.40745	-12.2571	-10.8497
spk_ver/v08/v0835	SES144	-0.886036	-11.1225	-10.2364
spk_ver/v08/v0836	SES144	-1.26759	-10.9095	-9.64188
spk_ver/v08/v0837	SES144	-1.077	-12.0528	-10.9758
spk_ver/v08/v0838	SES144	-3.47146	-16.7809	-13.3095
spk_ver/v08/v0839	SES085	0.624812	-8.5189	-9.14371
spk_ver/v08/v0840	SES144	0.148621	-9.51338	-9.662
spk_ver/v08/v0841	SES144	-2.35173	-14.6248	-12.2731
spk_ver/v08/v0842	SES144	-1.12965	-11.8103	-10.6807
spk_ver/v08/v0843	SES144	-0.754311	-9.44473	-8.69042
spk_ver/v08/v0844	SES144	-1.09959	-11.1725	-10.0729
spk_ver/v08/v0845	SES144	-1.77001	-11.9768	-10.2068
spk_ver/v08/v0846	SES104	0.0415287	-10.9959	-11.0374
spk_ver/v08/v0847	SES144	-0.31577	-9.90306	-9.58729
spk_ver/v08/v0848	SES144	0.232147	-10.1892	-10.4214
spk_ver/v08/v0849	SES144	-1.61766	-12.4331	-10.8155
spk_ver/v08/v0850	SES144	-0.525715	-9.29467	-8.76895
spk_ver/v08/v0851	SES144	-1.28879	-11.5821	-10.2933
spk_ver/v08/v0852	SES144	-0.259025	-9.46411	-9.20509
spk_ver/v08/v0853	SES144	-6.23082	-24.2023	-17.9715
spk_ver/v08/v0854	SES144	-0.617968	-9.98003	-9.36206
spk_ver/v08/v0855	SES144	0.466866	-8.0587	-8.52557
spk_ver/v08/v0856	SES082	0.334849	-10.2906	-10.6255
spk_ver/v08/v0857	SES142	1.05228	-8.28457	-9.33685
spk_ver/v08/v0858	SES144	-0.216385	-9.31832	-9.10193
spk_ver/v08/v0859	SES144	-1.43812	-12.1874	-10.7493
spk_ver/v08/v0860	SES146	-0.02108	-10.8959	-10.8748
spk_ver/v08/v0861	SES146	-0.506802	-11.763	-11.2562
spk_ver/v08/v0862	SES146	-1.32294	-13.5747	-12.2518
spk_ver/v08/v0863	SES146	1.02863	-9.30622	-10.3349
spk_ver/v08/v0864	SES146	0.874689	-11.6864	-12.5611
spk_ver/v08/v0865	SES008	1.8649	-7.40261	-9.26751
spk_ver/v08/v0866	SES142	-0.0796299	-9.18027	-9.10064
spk_ver/v08/v0867	SES146	-0.564109	-11.6734	-11.1092
spk_ver/v08/v0868	SES082	0.364172	-9.13512	-9.49929
spk_ver/v08/v0869	SES146	0.183552	-9.40519	-9.58874
spk_ver/v08/v0870	SES146	-0.861224	-13.2006	-12.3394
spk_ver/v08/v0871	SES146	-0.0817003	-11.3427	-11.261
spk_ver/v08/v0872	SES146	0.0731764	-10.0306	-10.1038
spk_ver/v08/v0873	SES082	0.888455	-8.76177	-9.65023
spk_ver/v08/v0874	SES146	-0.299103	-10.1643	-9.86523
spk_ver/v08/v0875	SES144	0.548972	-9.72934	-10.2783
spk_ver/v08/v0876	SES146	-0.611868	-8.24908	-7.63721
spk_ver/v08/v0877	SES146	-0.938616	-10.5298	-9.59121
spk_ver/v08/v0878	SES146	0.450184	-9.70124	-10.1514
spk_ver/v08/v0879	SES146	0.086544	-9.41359	-9.50013
spk_ver/v08/v0880	SES146	0.459672	-9.07957	-9.53924
spk_ver/v08/v0881	SES143	1.20845	-9.14922	-10.3577
spk_ver/v08/v0882	SES146	0.3153	-9.40654	-9.72184
spk_ver/v08/v0883	SES147	-1.69044	-12.3059	-10.6155
spk_ver/v08/v0884	SES147	0.488149	-8.44944	-8.93759
spk_ver/v08/v0885	SES016	0.794541	-9.08567	-9.88021
spk_ver/v08/v0886	SES147	-0.0712337	-9.53134	-9.46011
spk_ver/v08/v0887	SES147	-0.443481	-10.2175	-9.77399
spk_ver/v08/v0888	SES147	-0.620765	-11.3409	-10.7201
spk_ver/v08/v0889	SES019	1.16722	-8.83242	-9.99964
spk_ver/v08/v0890	SES147	-0.0110826	-10.0635	-10.0525
spk_ver/v08/v0891	SES147	0.234467	-8.80336	-9.03782
spk_ver/v08/v0892	SES147	-0.114451	-9.08856	-8.9741
spk_ver/v08/v0893	SES270	2.3292	-8.79945	-11.1287
spk_ver/v08/v0894	SES029	0.447097	-9.68732	-10.1344
spk_ver/v08/v0895	SES147	-1.7055	-12.1133	-10.4078
spk_ver/v08/v0896	SES117	0.170913	-10.5051	-10.6761
spk_ver/v08/v0897	SES183	0.727427	-10.5521	-11.2796
spk_ver/v08/v0898	SES147	-2.81798	-15.3532	-12.5352
spk_ver/v08/v0899	SES147	-1.04301	-12.2744	-11.2314
spk_ver/v09/v0900	SES087	0.8164	-9.61071	-10.4271
spk_ver/v09/v0901	SES147	-1.50813	-13.3698	-11.8617
spk_ver/v09/v0902	SES147	-0.721416	-10.2504	-9.52899
spk_ver/v09/v0903	SES147	-0.870784	-10.4702	-9.59945
spk_ver/v09/v0904	SES147	-0.618769	-11.0131	-10.3943
spk_ver/v09/v0905	SES143	0.613086	-9.82587	-10.439
spk_ver/v09/v0906	SES149	0.557346	-9.45862	-10.016
spk_ver/v09/v0907	SES148	-1.35526	-10.8343	-9.479
spk_ver/v09/v0908	SES148	-1.37392	-11.1185	-9.7446
spk_ver/v09/v0909	SES106	1.13285	-9.64164	-10.7745
spk_ver/v09/v0910	SES148	-1.48805	-11.2802	-9.79213
spk_ver/v09/v0911	SES148	-0.419952	-10.7711	-10.3511
spk_ver/v09/v0912	SES142	0.304012	-9.32136	-9.62537
spk_ver/v09/v0913	SES148	0.0483809	-10.3849	-10.4333
spk_ver/v09/v0914	SES148	-0.578757	-10.1414	-9.56262
spk_ver/v09/v0915	SES148	-1.00049	-11.2713	-10.2708
spk_ver/v09/v0916	SES148	-0.259295	-10.4654	-10.2061
spk_ver/v09/v0917	SES148	0.448825	-9.00711	-9.45593
spk_ver/v09/v0918	SES148	0.786446	-8.45435	-9.2408
spk_ver/v09/v0919	SES270	1.22532	-8.99561	-10.2209
spk_ver/v09/v0920	SES148	-0.664066	-9.61763	-8.95356
spk_ver/v09/v0921	SES148	-1.81354	-11.5118	-9.69823
spk_ver/v09/v0922	SES129	0.763073	-8.67782	-9.44089
spk_ver/v09/v0923	SES117	0.766308	-8.99826	-9.76457
spk_ver/v09/v0924	SES042	1.27854	-8.96255	-10.2411
spk_ver/v09/v0925	SES148	-2.41677	-14.1426	-11.7258
spk_ver/v09/v0926	SES148	-0.102004	-11.9824	-11.8804
spk_ver/v09/v0927	SES144	0.080678	-10.16	-10.2407
spk_ver/v09/v0928	SES007	0.483158	-9.29225	-9.7754
spk_ver/v09/v0929	SES148	-0.356495	-9.23497	-8.87848
spk_ver/v09/v0930	SES148	-0.335062	-10.0752	-9.74018
spk_ver/v09/v0931	SES148	-1.50911	-10.6329	-9.12384
spk_ver/v09/v0932	SES202	0.416392	-9.92538	-10.3418
spk_ver/v09/v0933	SES148	-1.11368	-10.0453	-8.93161
spk_ver/v09/v0934	SES148	-0.608792	-8.78752	-8.17872
spk_ver/v09/v0935	SES060	1.40849	-8.45293	-9.86142
spk_ver/v09/v0936	SES060	1.06861	-9.7946	-10.8632
spk_ver/v09/v0937	SES148	-0.414056	-10.2105	-9.79644
spk_ver/v09/v0938	SES148	-0.431196	-10.2887	-9.85753
spk_ver/v09/v0939	SES148	-1.42368	-10.9466	-9.52295
spk_ver/v09/v0940	SES148	-1.14874	-11.489	-10.3402
spk_ver/v09/v0941	SES149	0.0832672	-9.67388	-9.75715
spk_ver/v09/v0942	SES149	-0.33075	-9.20669	-8.87594
spk_ver/v09/v0943	SES149	0.102355	-9.97106	-10.0734
spk_ver/v09/v0944	SES149	-0.1485	-10.4375	-10.289
spk_ver/v09/v0945	SES105	0.701354	-8.65679	-9.35814
spk_ver/v09/v0946	SES149	-0.555312	-12.3278	-11.7725
spk_ver/v09/v0947	SES149	0.0820684	-10.8338	-10.9159
spk_ver/v09/v0948	SES149	-0.372806	-10.0431	-9.67032
spk_ver/v09/v0949	SES149	0.119936	-7.90507	-8.02501
spk_ver/v09/v0950	SES226	0.116088	-9.09585	-9.21194
spk_ver/v09/v0951	SES149	0.811768	-10.9315	-11.7433
spk_ver/v09/v0952	SES149	-0.0539379	-9.95356	-9.89963
spk_ver/v09/v0953	SES062	0.490689	-9.43177	-9.92246
spk_ver/v09/v0954	SES149	0.168863	-10.6002	-10.769
spk_ver/v09/v0955	SES048	-0.103778	-9.54298	-9.43921
spk_ver/v09/v0956	SES158	0.921182	-9.3209	-10.2421
spk_ver/v09/v0957	SES158	-0.350151	-10.7883	-10.4381
spk_ver/v09/v0958	SES158	0.42302	-8.34422	-8.76724
spk_ver/v09/v0959	SES158	-0.372331	-9.88988	-9.51755
spk_ver/v09/v0960	SES158	-0.355216	-10.5144	-10.1592
spk_ver/v09/v0961	SES147	0.581632	-8.51155	-9.09318
spk_ver/v09/v0962	SES158	-1.0532	-10.802	-9.74875
spk_ver/v09/v0963	SES292	0.399761	-11.2406	-11.6404
spk_ver/v09/v0964	SES060	1.335	-7.87761	-9.2126
spk_ver/v09/v0965	SES002	1.43775	-10.5978	-12.0355
spk_ver/v09/v0966	SES149	0.677282	-8.24309	-8.92037
spk_ver/v09/v0967	SES158	-1.17134	-12.0234	-10.852
spk_ver/v09/v0968	SES158	-0.296524	-10.7799	-10.4834
spk_ver/v09/v0969	SES275	0.299582	-9.92671	-10.2263
spk_ver/v09/v0970	SES158	-0.635721	-10.4363	-9.80058
spk_ver/v09/v0971	SES158	-0.492021	-9.50782	-9.0158
spk_ver/v09/v0972	SES002	0.568602	-9.75845	-10.3271
spk_ver/v09/v0973	SES158	-1.46719	-12.2944	-10.8272
spk_ver/v09/v0974	SES202	0.557501	-9.27773	-9.83523
spk_ver/v09/v0975	SES158	-1.75501	-11.7554	-10.0004
spk_ver/v09/v0976	SES158	0.284167	-9.50852	-9.79268
spk_ver/v09/v0977	SES162	-0.290646	-10.3668	-10.0761
spk_ver/v09/v0978	SES162	-0.306819	-12.9635	-12.6567
spk_ver/v09/v0979	SES162	-1.28861	-12.5719	-11.2833
spk_ver/v09/v0980	SES162	-1.37378	-12.0351	-10.6613
spk_ver/v09/v0981	SES162	-2.02619	-12.918	-10.8919
spk_ver/v09/v0982	SES259	1.07425	-8.67252	-9.74677
spk_ver/v09/v0983	SES162	-1.46675	-11.8782	-10.4114
spk_ver/v09/v0984	SES162	-0.927917	-10.1215	-9.1936
spk_ver/v09/v0985	SES162	0.632752	-9.4249	-10.0577
spk_ver/v09/v0986	SES062	0.47274	-9.10468	-9.57742
spk_ver/v09/v0987	SES162	0.700207	-9.48526	-10.1855
spk_ver/v09/v0988	SES162	-1.94066	-12.2659	-10.3252
spk_ver/v09/v0989	SES162	-1.43442	-12.2276	-10.7932
spk_ver/v09/v0990	SES162	-2.6575	-13.8659	-11.2084
spk_ver/v09/v0991	SES087	0.763863	-10.5264	-11.2902
spk_ver/v09/v0992	SES120	0.0375929	-9.52599	-9.56358
spk_ver/v09/v0993	SES162	-0.371528	-11.7734	-11.4019
spk_ver/v09/v0994	SES162	-0.152457	-9.31692	-9.16447
spk_ver/v09/v0995	SES162	-1.55708	-10.9612	-9.40415
spk_ver/v09/v0996	SES162	-0.618935	-9.99589	-9.37696
spk_ver/v09/v0997	SES162	-0.58209	-10.9506	-10.3685
spk_ver/v09/v0998	SES162	0.208054	-10.1979	-10.4059
spk_ver/v09/v0999	SES162	0.373295	-8.77124	-9.14453
spk_ver/v10/v1000	SES162	-0.0979319	-9.94588	-9.84795
spk_ver/v10/v1001	SES148	0.385037	-9.27793	-9.66297
spk_ver/v10/v1002	SES162	-0.267875	-9.29748	-9.0296
spk_ver/v10/v1003	SES162	-0.898029	-10.8819	-9.9839
spk_ver/v10/v1004	SES162	-0.0754957	-12.0869	-12.0114
spk_ver/v10/v1005	SES162	-1.15187	-11.6625	-10.5106
spk_ver/v10/v1006	SES162	-2.44893	-13.4542	-11.0053
spk_ver/v10/v1007	SES162	0.3068	-9.82395	-10.1307
spk_ver/v10/v1008	SES162	-3.11524	-13.9031	-10.7878
spk_ver/v10/v1009	SES162	-1.32945	-12.6256	-11.2962
spk_ver/v10/v1010	SES167	-0.869276	-12.9729	-12.1036
spk_ver/v10/v1011	SES167	0.316904	-8.86071	-9.17762
spk_ver/v10/v1012	SES167	-0.192326	-9.07633	-8.884
spk_ver/v10/v1013	SES167	-4.46317	-16.978	-12.5149
spk_ver/v10/v1014	SES167	0.114267	-8.71323	-8.8275
spk_ver/v10/v1015	SES167	-1.18984	-11.2238	-10.034
spk_ver/v10/v1016	SES167	0.00257397	-9.95949	-9.96206
spk_ver/v10/v1017	SES167	-0.563676	-12.3993	-11.8357
spk_ver/v10/v1018	SES167	-0.62349	-10.717	-10.0935
spk_ver/v10/v1019	SES167	-1.90481	-12.4262	-10.5214
spk_ver/v10/v1020	SES167	-1.29491	-11.4873	-10.1923
spk_ver/v10/v1021	SES167	0.0258312	-9.29664	-9.32247
spk_ver/v10/v1022	SES167	-1.33087	-11.6963	-10.3655
spk_ver/v10/v1023	SES167	-2.00028	-12.4108	-10.4106
spk_ver/v10/v1024	SES167	-3.38785	-14.7285	-11.3406
spk_ver/v10/v1025	SES167	-0.0218983	-8.74077	-8.71887
spk_ver/v10/v1026	SES167	-1.80125	-11.4282	-9.62698
spk_ver/v10/v1027	SES167	0.49439	-8.13058	-8.62497
spk_ver/v10/v1028	SES167	-0.764171	-10.1168	-9.35262
spk_ver/v10/v1029	SES167	-0.357732	-10.5592	-10.2015
spk_ver/v10/v1030	SES167	-1.64236	-11.8574	-10.2151
spk_ver/v10/v1031	SES167	-1.18724	-12.3409	-11.1537
spk_ver/v10/v1032	SES167	-0.0570345	-10.6524	-10.5954
spk_ver/v10/v1033	SES167	-0.634435	-10.1023	-9.46787
spk_ver/v10/v1034	SES002	1.07734	-8.48165	-9.55899
spk_ver/v10/v1035	SES167	0.0688763	-9.84303	-9.91191
spk_ver/v10/v1036	SES083	0.63221	-9.1123	-9.74451
spk_ver/v10/v1037	SES167	-1.37039	-11.0615	-9.69107
spk_ver/v10/v1038	SES167	0.15541	-9.49291	-9.64832
spk_ver/v10/v1039	SES167	-0.878008	-10.3261	-9.44809
spk_ver/v10/v1040	SES167	-0.570102	-10.0527	-9.48257
spk_ver/v10/v1041	SES167	0.113137	-8.73604	-8.84918
spk_ver/v10/v1042	SES087	0.824594	-10.392	-11.2166
spk_ver/v10/v1043	SES029	0.0505533	-9.64974	-9.7003
spk_ver/v10/v1044	SES206	0.229622	-9.95633	-10.1859
spk_ver/v10/v1045	SES172	-0.424493	-9.18413	-8.75964
spk_ver/v10/v1046	SES172	0.279279	-9.82393	-10.1032
spk_ver/v10/v1047	SES172	0.0903101	-9.64576	-9.73607
spk_ver/v10/v1048	SES259	1.48638	-9.65574	-11.1421
spk_ver/v10/v1049	SES172	-0.341496	-10.586	-10.2445
spk_ver/v10/v1050	SES120	1.1734	-10.7971	-11.9705
spk_ver/v10/v1051	SES172	-0.399198	-11.613	-11.2138
spk_ver/v10/v1052	SES172	-0.205885	-9.12047	-8.91458
spk_ver/v10/v1053	SES172	-0.865975	-10.8063	-9.94037
spk_ver/v10/v1054	SES172	0.249257	-8.84569	-9.09494
spk_ver/v10/v1055	SES189	0.275039	-9.87009	-10.1451
spk_ver/v10/v1056	SES172	-0.626474	-10.5421	-9.91562
spk_ver/v10/v1057	SES172	-0.292358	-9.97161	-9.67925
spk_ver/v10/v1058	SES172	0.66953	-9.57514	-10.2447
spk_ver/v10/v1059	SES172	-0.958529	-11.591	-10.6325
spk_ver/v10/v1060	SES029	0.473016	-7.95363	-8.42664
spk_ver/v10/v1061	SES175	-1.77753	-13.5313	-11.7538
spk_ver/v10/v1062	SES187	0.384026	-9.81708	-10.2011
spk_ver/v10/v1063	SES019	2.56659	-9.32471	-11.8913
spk_ver/v10/v1064	SES175	-0.233329	-10.9198	-10.6865
spk_ver/v10/v1065	SES175	-1.81324	-12.7603	-10.947
spk_ver/v10/v1066	SES175	-1.64959	-12.0597	-10.4101
spk_ver/v10/v1067	SES175	-1.1805	-12.0095	-10.829
spk_ver/v10/v1068	SES175	-0.558677	-10.6168	-10.0582
spk_ver/v10/v1069	SES016	0.988	-8.59708	-9.58508
spk_ver/v10/v1070	SES175	0.31914	-8.81413	-9.13327
spk_ver/v10/v1071	SES175	0.408173	-8.57835	-8.98653
spk_ver/v10/v1072	SES175	-1.7666	-13.7002	-11.9336
spk_ver/v10/v1073	SES029	0.780397	-8.6159	-9.3963
spk_ver/v10/v1074	SES175	-0.600288	-11.3775	-10.7773
spk_ver/v10/v1075	SES175	0.246632	-8.25432	-8.50096
spk_ver/v10/v1076	SES175	0.0661459	-9.16439	-9.23054
spk_ver/v10/v1077	SES175	-0.691921	-10.7259	-10.034
spk_ver/v10/v1078	SES127	0.286248	-8.68091	-8.96715
spk_ver/v10/v1079	SES175	-0.846261	-10.2529	-9.40667
spk_ver/v10/v1080	SES175	-0.21332	-9.57465	-9.36133
spk_ver/v10/v1081	SES175	-1.61428	-12.4907	-10.8764
spk_ver/v10/v1082	SES175	-0.600646	-11.3073	-10.7066
spk_ver/v10/v1083	SES007	0.642158	-10.0534	-10.6955
spk_ver/v10/v1084	SES068	0.530566	-9.53768	-10.0682
spk_ver/v10/v1085	SES008	0.315604	-8.68863	-9.00423
spk_ver/v10/v1086	SES175	0.0190296	-8.16844	-8.18747
spk_ver/v10/v1087	SES175	0.552657	-8.64886	-9.20151
spk_ver/v10/v1088	SES008	1.25064	-9.27731	-10.528
spk_ver/v10/v1089	SES177	-0.129251	-8.7965	-8.66725
spk_ver/v10/v1090	SES177	-0.641287	-10.0715	-9.43019
spk_ver/v10/v1091	SES177	-1.16062	-13.2858	-12.1251
spk_ver/v10/v1092	SES177	0.36837	-9.06357	-9.43194
spk_ver/v10/v1093	SES177	-0.752062	-13.1618	-12.4097
spk_ver/v10/v1094	SES002	0.84054	-10.1313	-10.9719
spk_ver/v10/v1095	SES104	0.628321	-10.6566	-11.2849
spk_ver/v10/v1096	SES177	-0.127064	-10.2959	-10.1688
spk_ver/v10/v1097	SES177	-1.37298	-12.5513	-11.1783
spk_ver/v10/v1098	SES177	-0.80534	-10.4927	-9.68731
spk_ver/v10/v1099	SES177	0.429956	-8.54158	-8.97154
spk_ver/v11/v1100	SES177	-0.282818	-10.3006	-10.0178
spk_ver/v11/v1101	SES085	0.546484	-8.87698	-9.42347
spk_ver/v11/v1102	SES187	0.541777	-10.1677	-10.7094
spk_ver/v11/v1103	SES177	0.500614	-9.75461	-10.2552
spk_ver/v11/v1104	SES177	0.411883	-9.86067	-10.2726
spk_ver/v11/v1105	SES177	0.24779	-8.71066	-8.95846
spk_ver/v11/v1106	SES177	-0.307359	-8.88297	-8.57562
spk_ver/v11/v1107	SES177	0.121617	-9.5707	-9.69232
spk_ver/v11/v1108	SES177	0.466575	-8.55358	-9.02015
spk_ver/v11/v1109	SES125	0.998756	-9.32821	-10.327
spk_ver/v11/v1110	SES177	-0.0499601	-9.449	-9.39904
spk_ver/v11/v1111	SES177	0.0924807	-9.70675	-9.79923
spk_ver/v11/v1112	SES177	-0.405978	-9.92382	-9.51784
spk_ver/v11/v1113	SES177	-0.74096	-11.5836	-10.8427
spk_ver/v11/v1114	SES177	-0.0513325	-10.3073	-10.256
spk_ver/v11/v1115	SES177	-0.608319	-10.6662	-10.0579
spk_ver/v11/v1116	SES085	1.19296	-8.47958	-9.67254
spk_ver/v11/v1117	SES147	0.0264616	-9.20178	-9.22824
spk_ver/v11/v1118	SES177	-0.0677204	-9.53832	-9.4706
spk_ver/v11/v1119	SES177	-0.511372	-10.3123	-9.8009
spk_ver/v11/v1120	SES180	-0.645238	-11.3118	-10.6666
spk_ver/v11/v1121	SES189	-0.461872	-9.54965	-9.08777
spk_ver/v11/v1122	SES117	0.637666	-10.824	-11.4616
spk_ver/v11/v1123	SES129	1.32855	-7.51054	-8.83909
spk_ver/v11/v1124	SES180	0.107687	-9.97829	-10.086
spk_ver/v11/v1125	SES180	-0.0147209	-10.0282	-10.0135
spk_ver/v11/v1126	SES180	0.176311	-9.59774	-9.77405
spk_ver/v11/v1127	SES180	-1.31967	-12.1823	-10.8627
spk_ver/v11/v1128	SES016	0.301123	-10.3388	-10.6399
spk_ver/v11/v1129	SES158	0.920826	-9.76016	-10.681
spk_ver/v11/v1130	SES180	0.32284	-9.2345	-9.55734
spk_ver/v11/v1131	SES180	-0.602321	-10.6345	-10.0322
spk_ver/v11/v1132	SES180	0.0920296	-10.0597	-10.1517
spk_ver/v11/v1133	SES180	-0.526584	-10.0516	-9.52499
spk_ver/v11/v1134	SES180	-0.391965	-10.2108	-9.81884
spk_ver/v11/v1135	SES180	0.0963049	-9.73319	-9.82949
spk_ver/v11/v1136	SES180	-2.08145	-14.5529	-12.4714
spk_ver/v11/v1137	SES148	0.21759	-9.4377	-9.65529
spk_ver/v11/v1138	SES104	0.940633	-7.69172	-8.63235
spk_ver/v11/v1139	SES180	-0.198485	-9.87113	-9.67265
spk_ver/v11/v1140	SES083	0.103168	-9.87531	-9.97848
spk_ver/v11/v1141	SES180	-1.92344	-14.254	-12.3305
spk_ver/v11/v1142	SES180	-1.32509	-12.7057	-11.3806
spk_ver/v11/v1143	SES180	-0.532154	-11.5173	-10.9852
spk_ver/v11/v1144	SES099	1.21935	-10.9466	-12.166
spk_ver/v11/v1145	SES180	-0.694289	-11.0207	-10.3264
spk_ver/v11/v1146	SES183	-1.42986	-11.7077	-10.2778
spk_ver/v11/v1147	SES183	-1.14154	-10.7906	-9.64903
spk_ver/v11/v1148	SES183	-0.231961	-11.3233	-11.0914
spk_ver/v11/v1149	SES183	-1.86129	-12.835	-10.9737
spk_ver/v11/v1150	SES183	-0.202209	-13.2434	-13.0412
spk_ver/v11/v1151	SES082	0.881428	-10.0427	-10.9241
spk_ver/v11/v1152	SES183	-0.97339	-12.2552	-11.2818
spk_ver/v11/v1153	SES183	-0.118649	-9.83508	-9.71643
spk_ver/v11/v1154	SES002	1.2315	-9.15178	-10.3833
spk_ver/v11/v1155	SES183	-0.536752	-10.2759	-9.7391
spk_ver/v11/v1156	SES183	-0.271648	-11.5959	-11.3243
spk_ver/v11/v1157	SES183	-1.67133	-10.2757	-8.60432
spk_ver/v11/v1158	SES183	-0.0384636	-9.06195	-9.02349
spk_ver/v11/v1159	SES183	-0.161883	-10.2067	-10.0448
spk_ver/v11/v1160	SES183	-1.49225	-10.6543	-9.1621
spk_ver/v11/v1161	SES183	0.0463467	-11.3058	-11.3521
spk_ver/v11/v1162	SES105	0.658718	-8.60546	-9.26418
spk_ver/v11/v1163	SES183	-2.17325	-15.713	-13.5398
spk_ver/v11/v1164	SES259	0.936276	-8.55999	-9.49627
spk_ver/v11/v1165	SES183	-0.642382	-11.2093	-10.5669
spk_ver/v11/v1166	SES183	-1.47777	-11.9821	-10.5043
spk_ver/v11/v1167	SES183	0.314061	-8.22985	-8.54391
spk_ver/v11/v1168	SES183	0.302711	-9.03182	-9.33453
spk_ver/v11/v1169	SES183	-1.43659	-10.5337	-9.09707
spk_ver/v11/v1170	SES183	-1.11017	-11.4627	-10.3525
spk_ver/v11/v1171	SES183	-2.47133	-15.2419	-12.7706
spk_ver/v11/v1172	SES187	-0.724389	-10.2218	-9.49745
spk_ver/v11/v1173	SES019	1.55118	-9.39005	-10.9412
spk_ver/v11/v1174	SES187	-0.400919	-11.4423	-11.0414
spk_ver/v11/v1175	SES187	-0.286511	-10.7538	-10.4673
spk_ver/v11/v1176	SES083	0.441938	-8.72175	-9.16368
spk_ver/v11/v1177	SES187	-1.02575	-13.5898	-12.5641
spk_ver/v11/v1178	SES187	-0.23933	-10.781	-10.5416
spk_ver/v11/v1179	SES187	-0.291574	-10.2872	-9.99562
spk_ver/v11/v1180	SES187	0.107447	-9.45591	-9.56335
spk_ver/v11/v1181	SES187	-0.537871	-10.8332	-10.2953
spk_ver/v11/v1182	SES187	-0.26159	-9.72843	-9.46684
spk_ver/v11/v1183	SES187	0.199745	-9.68904	-9.88879
spk_ver/v11/v1184	SES187	0.0727091	-8.98262	-9.05533
spk_ver/v11/v1185	SES127	1.05697	-8.61622	-9.67319
spk_ver/v11/v1186	SES187	0.267806	-8.08382	-8.35162
spk_ver/v11/v1187	SES187	0.0639868	-9.32961	-9.39359
spk_ver/v11/v1188	SES187	0.0118217	-11.2061	-11.2179
spk_ver/v11/v1189	SES042	0.729021	-9.53601	-10.265
spk_ver/v11/v1190	SES187	-0.587715	-9.62801	-9.04029
spk_ver/v11/v1191	SES187	-0.784336	-13.9364	-13.1521
spk_ver/v11/v1192	SES187	-0.65591	-11.4435	-10.7876
spk_ver/v11/v1193	SES183	0.908013	-9.68935	-10.5974
spk_ver/v11/v1194	SES187	-0.409944	-10.7715	-10.3616
spk_ver/v11/v1195	SES187	-0.425457	-11.6364	-11.211
spk_ver/v11/v1196	SES146	0.406793	-9.63607	-10.0429
spk_ver/v11/v1197	SES189	-0.597659	-11.5569	-10.9592
spk_ver/v11/v1198	SES175	0.427037	-9.26557	-9.69261
spk_ver/v11/v1199	SES189	-2.89445	-13.9778	-11.0834
spk_ver/v12/v1200	SES189	-0.486862	-9.60464	-9.11778
spk_ver/v12/v1201	SES177	0.306916	-9.41922	-9.72614
spk_ver/v12/v1202	SES189	-1.16246	-11.0612	-9.89877
spk_ver/v12/v1203	SES143	0.828228	-9.04439	-9.87262
spk_ver/v12/v1204	SES189	-1.39757	-11.2029	-9.80533
spk_ver/v12/v1205	SES189	-0.263991	-10.5798	-10.3158
spk_ver/v12/v1206	SES189	0.406869	-11.1964	-11.6033
spk_ver/v12/v1207	SES189	-2.41206	-11.5291	-9.11701
spk_ver/v12/v1208	SES189	-0.808277	-11.0437	-10.2354
spk_ver/v12/v1209	SES189	-1.59602	-12.5241	-10.9281
spk_ver/v12/v1210	SES189	-0.775872	-10.4418	-9.66596
spk_ver/v12/v1211	SES062	0.366268	-8.54475	-8.91102
spk_ver/v12/v1212	SES189	-1.49417	-11.5769	-10.0827
spk_ver/v12/v1213	SES048	0.515257	-9.03137	-9.54663
spk_ver/v12/v1214	SES042	1.19195	-8.6774	-9.86935
spk_ver/v12/v1215	SES008	1.32383	-6.69389	-8.01772
spk_ver/v12/v1216	SES202	-0.562705	-10.7123	-10.1496
spk_ver/v12/v1217	SES202	-0.0791588	-10.5309	-10.4517
spk_ver/v12/v1218	SES085	1.3881	-7.24599	-8.63408
spk_ver/v12/v1219	SES202	0.328744	-8.75319	-9.08193
spk_ver/v12/v1220	SES202	0.444419	-8.19416	-8.63858
spk_ver/v12/v1221	SES202	-0.139452	-10.2961	-10.1567
spk_ver/v12/v1222	SES202	-1.49634	-13.0103	-11.5139
spk_ver/v12/v1223	SES158	0.352038	-9.08151	-9.43355
spk_ver/v12/v1224	SES202	-0.108312	-10.4154	-10.3071
spk_ver/v12/v1225	SES202	0.317369	-9.47426	-9.79163
spk_ver/v12/v1226	SES202	-0.132232	-11.8187	-11.6865
spk_ver/v12/v1227	SES202	0.144902	-9.97777	-10.1227
spk_ver/v12/v1228	SES177	0.17974	-9.62787	-9.80761
spk_ver/v12/v1229	SES202	0.0909729	-9.80867	-9.89964
spk_ver/v12/v1230	SES202	0.139092	-9.30374	-9.44284
spk_ver/v12/v1231	SES202	-0.493878	-11.9635	-11.4696
spk_ver/v12/v1232	SES202	0.131261	-9.20126	-9.33252
spk_ver/v12/v1233	SES206	0.94416	-10.1131	-11.0573
spk_ver/v12/v1234	SES202	-2.48762	-15.2989	-12.8113
spk_ver/v12/v1235	SES202	-0.168032	-10.4187	-10.2507
spk_ver/v12/v1236	SES125	0.855913	-9.26233	-10.1182
spk_ver/v12/v1237	SES127	0.280106	-8.65904	-8.93915
spk_ver/v12/v1238	SES202	0.694337	-9.17637	-9.87071
spk_ver/v12/v1239	SES167	1.08715	-7.32763	-8.41478
spk_ver/v12/v1240	SES206	-1.23548	-9.25094	-8.01546
spk_ver/v12/v1241	SES206	-2.71339	-13.1993	-10.4859
spk_ver/v12/v1242	SES206	0.578309	-11.1364	-11.7147
spk_ver/v12/v1243	SES206	-0.932164	-12.2089	-11.2767
spk_ver/v12/v1244	SES259	0.525634	-9.47486	-10.0005
spk_ver/v12/v1245	SES206	0.0912428	-9.5046	-9.59584
spk_ver/v12/v1246	SES206	-0.791948	-10.1778	-9.38585
spk_ver/v12/v1247	SES206	-0.259947	-10.0014	-9.7415
spk_ver/v12/v1248	SES206	-3.41327	-14.3141	-10.9008
spk_ver/v12/v1249	SES270	1.31526	-8.73149	-10.0467
spk_ver/v12/v1250	SES206	-0.293755	-9.60573	-9.31197
spk_ver/v12/v1251	SES206	-0.309084	-8.28615	-7.97706
spk_ver/v12/v1252	SES206	-0.14632	-10.0938	-9.94748
spk_ver/v12/v1253	SES206	-0.849958	-12.1025	-11.2525
spk_ver/v12/v1254	SES206	-0.457754	-11.127	-10.6692
spk_ver/v12/v1255	SES125	1.12227	-8.87769	-9.99996
spk_ver/v12/v1256	SES206	-2.15291	-12.2658	-10.1129
spk_ver/v12/v1257	SES206	-1.49922	-10.143	-8.64382
spk_ver/v12/v1258	SES206	-1.39192	-12.1113	-10.7193
spk_ver/v12/v1259	SES206	-1.23345	-10.3866	-9.15316
spk_ver/v12/v1260	SES206	-0.447306	-10.7523	-10.305
spk_ver/v12/v1261	SES206	-1.59381	-11.1629	-9.56912
spk_ver/v12/v1262	SES206	-2.26594	-11.7486	-9.48266
spk_ver/v12/v1263	SES206	-1.89578	-11.7113	-9.81551
spk_ver/v12/v1264	SES149	0.312153	-9.31429	-9.62644
spk_ver/v12/v1265	SES206	0.00476933	-10.2079	-10.2127
spk_ver/v12/v1266	SES206	-2.34841	-12.4664	-10.118
spk_ver/v12/v1267	SES206	0.230392	-11.5555	-11.7859
spk_ver/v12/v1268	SES206	-0.795585	-10.2104	-9.41485
spk_ver/v12/v1269	SES206	-1.81197	-11.4275	-9.61555
spk_ver/v12/v1270	SES206	-4.5194	-16.1391	-11.6197
spk_ver/v12/v1271	SES226	-1.14829	-10.8921	-9.74381
spk_ver/v12/v1272	SES226	-0.186699	-12.3626	-12.1759
spk_ver/v12/v1273	SES226	-1.01432	-10.0317	-9.01742
spk_ver/v12/v1274	SES226	-1.39192	-11.6306	-10.2386
spk_ver/v12/v1275	SES226	0.695375	-9.89945	-10.5948
spk_ver/v12/v1276	SES226	-1.19736	-11.7045	-10.5071
spk_ver/v12/v1277	SES226	0.321519	-11.3995	-11.7211
spk_ver/v12/v1278	SES226	0.231928	-10.2842	-10.5161
spk_ver/v12/v1279	SES226	-1.4843	-10.4814	-8.99711
spk_ver/v12/v1280	SES226	-0.410829	-10.4296	-10.0188
spk_ver/v12/v1281	SES226	-0.230171	-11.088	-10.8578
spk_ver/v12/v1282	SES226	-0.829813	-12.9388	-12.109
spk_ver/v12/v1283	SES143	0.962369	-8.89217	-9.85454
spk_ver/v12/v1284	SES226	-1.22452	-9.78385	-8.55934
spk_ver/v12/v1285	SES226	-0.775389	-11.2903	-10.5149
spk_ver/v12/v1286	SES226	0.345305	-10.5476	-10.8929
spk_ver/v12/v1287	SES226	-1.3659	-9.91865	-8.55274
spk_ver/v12/v1288	SES226	-0.673074	-9.59826	-8.92519
spk_ver/v12/v1289	SES104	0.241015	-10.4507	-10.6917
spk_ver/v12/v1290	SES008	2.0621	-8.94047	-11.0026
spk_ver/v12/v1291	SES226	-0.365041	-9.41072	-9.04568
spk_ver/v12/v1292	SES259	-0.0582571	-11.3194	-11.2611
spk_ver/v12/v1293	SES062	0.50376	-9.59574	-10.0995
spk_ver/v12/v1294	SES099	1.57185	-10.8367	-12.4085
spk_ver/v12/v1295	SES158	1.06893	-9.75927	-10.8282
spk_ver/v12/v1296	SES259	-2.75258	-12.0764	-9.32378
spk_ver/v12/v1297	SES259	-3.52443	-15.1592	-11.6348
spk_ver/v12/v1298	SES259	0.166293	-11.9656	-12.1319
spk_ver/v12/v1299	SES259	-1.91941	-12.6656	-10.7462
spk_ver/v13/v1300	SES120	0.895554	-10.1636	-11.0592
spk_ver/v13/v1301	SES259	-5.38554	-16.1046	-10.7191
spk_ver/v13/v1302	SES259	-1.60672	-11.7178	-10.111
spk_ver/v13/v1303	SES129	1.06679	-8.65163	-9.71842
spk_ver/v13/v1304	SES259	-0.405795	-11.2215	-10.8157
spk_ver/v13/v1305	SES259	-2.43985	-12.0968	-9.65692
spk_ver/v13/v1306	SES106	1.34242	-8.52692	-9.86934
spk_ver/v13/v1307	SES259	-1.91587	-12.1076	-10.1917
spk_ver/v13/v1308	SES259	-1.3502	-11.0375	-9.68733
spk_ver/v13/v1309	SES259	-1.65507	-10.4532	-8.79812
spk_ver/v13/v1310	SES259	-2.7887	-12.2463	-9.45756
spk_ver/v13/v1311	SES259	-0.629539	-9.99316	-9.36362
spk_ver/v13/v1312	SES259	-0.595501	-10.521	-9.92548
spk_ver/v13/v1313	SES144	0.82162	-8.68892	-9.51054
spk_ver/v13/v1314	SES259	-2.31149	-13.0716	-10.7601
spk_ver/v13/v1315	SES162	0.623954	-8.99127	-9.61522
spk_ver/v13/v1316	SES206	0.584423	-9.81756	-10.402
spk_ver/v13/v1317	SES175	-0.0191422	-9.55133	-9.53219
spk_ver/v13/v1318	SES259	-0.00705814	-10.3531	-10.3461
spk_ver/v13/v1319	SES259	-2.0977	-11.7918	-9.69411
spk_ver/v13/v1320	SES270	-0.0773535	-10.8557	-10.7783
spk_ver/v13/v1321	SES101	0.445066	-9.17027	-9.61533
spk_ver/v13/v1322	SES177	0.43116	-9.40512	-9.83628
spk_ver/v13/v1323	SES127	0.577856	-7.95998	-8.53784
spk_ver/v13/v1324	SES270	-1.10516	-10.816	-9.71087
spk_ver/v13/v1325	SES062	0.704886	-9.10722	-9.81211
spk_ver/v13/v1326	SES270	0.539876	-9.67611	-10.216
spk_ver/v13/v1327	SES120	0.304129	-9.48209	-9.78622
spk_ver/v13/v1328	SES270	-2.20302	-13.0214	-10.8184
spk_ver/v13/v1329	SES270	-2.15722	-10.0629	-7.90572
spk_ver/v13/v1330	SES270	-0.514784	-12.2506	-11.7359
spk_ver/v13/v1331	SES270	-0.533935	-9.61774	-9.08381
spk_ver/v13/v1332	SES270	-0.667824	-10.645	-9.97715
spk_ver/v13/v1333	SES270	1.06726	-10.8405	-11.9077
spk_ver/v13/v1334	SES270	-1.18362	-12.8367	-11.6531
spk_ver/v13/v1335	SES270	0.236714	-9.573	-9.80971
spk_ver/v13/v1336	SES270	-0.940985	-10.6353	-9.6943
spk_ver/v13/v1337	SES016	0.304366	-9.95901	-10.2634
spk_ver/v13/v1338	SES270	-0.998596	-10.4426	-9.44397
spk_ver/v13/v1339	SES002	0.744164	-8.46995	-9.21412
spk_ver/v13/v1340	SES105	0.852262	-9.57651	-10.4288
spk_ver/v13/v1341	SES275	-0.337605	-10.544	-10.2063
spk_ver/v13/v1342	SES187	0.758631	-9.71918	-10.4778
spk_ver/v13/v1343	SES275	-1.68603	-12.2827	-10.5967
spk_ver/v13/v1344	SES275	-0.852981	-10.9354	-10.0824
spk_ver/v13/v1345	SES275	-0.905658	-11.1823	-10.2767
spk_ver/v13/v1346	SES275	-2.12619	-13.9557	-11.8295
spk_ver/v13/v1347	SES275	-2.05422	-13.2859	-11.2316
spk_ver/v13/v1348	SES180	0.362392	-8.23039	-8.59278
spk_ver/v13/v1349	SES275	-2.26322	-14.4285	-12.1653
spk_ver/v13/v1350	SES275	-0.283823	-9.24071	-8.95689
spk_ver/v13/v1351	SES275	-0.645537	-10.507	-9.86148
spk_ver/v13/v1352	SES275	-1.44159	-11.7833	-10.3417
spk_ver/v13/v1353	SES275	-1.48837	-12.4473	-10.9589
spk_ver/v13/v1354	SES189	0.0876741	-9.02951	-9.11719
spk_ver/v13/v1355	SES068	0.52731	-7.95689	-8.4842
spk_ver/v13/v1356	SES275	-0.919716	-11.3609	-10.4412
spk_ver/v13/v1357	SES048	0.147728	-10.0379	-10.1856
spk_ver/v13/v1358	SES226	0.144254	-9.18781	-9.33207
spk_ver/v13/v1359	SES016	0.354685	-9.07165	-9.42634
spk_ver/v13/v1360	SES275	-2.64256	-14.0913	-11.4487
spk_ver/v13/v1361	SES068	1.06817	-8.43816	-9.50633
spk_ver/v13/v1362	SES275	-0.669107	-10.8718	-10.2027
spk_ver/v13/v1363	SES275	-1.10032	-12.1246	-11.0243
spk_ver/v13/v1364	SES275	-1.64242	-12.8894	-11.2469
spk_ver/v13/v1365	SES275	-0.670568	-10.2261	-9.55553
spk_ver/v13/v1366	SES187	0.330558	-9.26033	-9.59089
spk_ver/v13/v1367	SES275	-0.945714	-12.7136	-11.7679
spk_ver/v13/v1368	SES125	-0.337727	-9.16009	-8.82237
spk_ver/v13/v1369	SES275	-1.92659	-13.5051	-11.5785
spk_ver/v13/v1370	SES292	-0.427367	-9.77473	-9.34736
spk_ver/v13/v1371	SES292	0.509144	-9.42345	-9.93259
spk_ver/v13/v1372	SES292	0.135013	-10.6952	-10.8302
spk_ver/v13/v1373	SES292	-0.367157	-9.90568	-9.53852
spk_ver/v13/v1374	SES101	0.565657	-9.16993	-9.73559
spk_ver/v13/v1375	SES292	-0.268655	-10.3944	-10.1257
spk_ver/v13/v1376	SES292	-0.358951	-9.4907	-9.13175
spk_ver/v13/v1377	SES292	-0.453117	-10.8161	-10.363
spk_ver/v13/v1378	SES292	0.0500374	-9.67993	-9.72996
spk_ver/v13/v1379	SES292	0.33249	-9.57189	-9.90438
spk_ver/v13/v1380	SES292	-0.352619	-10.0838	-9.73122
spk_ver/v13/v1381	SES292	-0.00870991	-8.66746	-8.65875
spk_ver/v13/v1382	SES292	-0.180636	-9.75034	-9.56971
spk_ver/v13/v1383	SES292	1.0136	-10.3687	-11.3823
spk_ver/v13/v1384	SES292	0.0659142	-9.47006	-9.53598
spk_ver/v13/v1385	SES292	0.535362	-10.234	-10.7693
spk_ver/v13/v1386	SES292	-0.153033	-10.1518	-9.99875
spk_ver/v13/v1387	SES158	2.81827	-10.9434	-13.7617
spk_ver/v13/v1388	SES292	0.086071	-9.25402	-9.34009
spk_ver/v13/v1389	SES292	-0.18896	-8.81873	-8.62977
spk_ver/v13/v1390	SES292	0.813675	-10.1798	-10.9934
spk_ver/v13/v1391	SES292	-0.395899	-10.2998	-9.90393
spk_ver/v13/v1392	SES292	-0.132116	-10.7866	-10.6544
spk_ver/v13/v1393	SES292	0.435719	-9.58596	-10.0217
spk_ver/v13/v1394	SES292	0.0365973	-9.85909	-9.89569
spk_ver/v13/v1395	SES292	0.109468	-9.71595	-9.82542
spk_ver/v13/v1396	SES117	0.919755	-10.1912	-11.111
spk_ver/v13/v1397	SES292	-0.833935	-11.0342	-10.2003
spk_ver/v13/v1398	SES292	-0.0196915	-10.9614	-10.9417
spk_ver/v13/v1399	SES292	0.652757	-9.12226	-9.77502
