BLOCK00/SES002/SA002S12	SES002	1.43345	9.52884	8.09539
BLOCK00/SES002/SA002S13	SES002	1.9289	7.85338	5.92448
BLOCK00/SES002/SA002S23	SES002	1.51107	8.9024	7.39133
BLOCK00/SES002/SA002S26	SES002	1.59305	8.57835	6.9853
BLOCK00/SES002/SA002S28	SES002	1.80104	8.1846	6.38356
BLOCK00/SES007/SA007S14	SES007	1.13438	10.1648	9.0304
BLOCK00/SES007/SA007S15	SES007	0.943516	9.13094	8.18743
BLOCK00/SES007/SA007S24	SES007	0.942833	9.38535	8.44252
BLOCK00/SES007/SA007S27	SES007	0.968953	8.72773	7.75878
BLOCK00/SES007/SA007S29	SES007	0.423943	9.97835	9.5544
BLOCK00/SES008/SA008S11	SES008	2.11912	10.5729	8.45379
BLOCK00/SES008/SA008S12	SES008	1.77791	11.1618	9.3839
BLOCK00/SES008/SA008S19	SES008	2.42077	11.8429	9.42213
BLOCK00/SES008/SA008S22	SES008	1.58642	9.00192	7.4155
BLOCK00/SES008/SA008S29	SES008	2.1822	11.4389	9.25667
BLOCK01/SES014/SA014S10	SES014	2.02475	10.162	8.13726
BLOCK01/SES014/SA014S12	SES014	2.49596	12.3623	9.8663
BLOCK01/SES014/SA014S24	SES014	2.13434	10.199	8.06468
BLOCK01/SES014/SA014S26	SES014	2.49701	11.9971	9.50006
BLOCK01/SES014/SA014S28	SES014	3.39337	11.587	8.1936
BLOCK01/SES016/SA016S12	SES016	0.695905	7.65298	6.95708
BLOCK01/SES016/SA016S13	SES016	1.45419	9.29628	7.8421
BLOCK01/SES016/SA016S22	SES016	0.962321	9.15621	8.19389
BLOCK01/SES016/SA016S25	SES016	1.0023	10.3825	9.38025
BLOCK01/SES016/SA016S27	SES016	1.61008	10.9468	9.33667
BLOCK01/SES019/SA019S13	SES019	2.69538	8.74004	6.04467
BLOCK01/SES019/SA019S14	SES019	1.81518	8.7545	6.93932
BLOCK01/SES019/SA019S22	SES019	2.47976	9.23691	6.75715
BLOCK01/SES019/SA019S25	SES019	2.45086	8.79005	6.33918
BLOCK01/SES019/SA019S29	SES019	3.23184	8.79746	5.56563
BLOCK02/SES029/SA029S11	SES029	1.27227	10.0955	8.82326
BLOCK02/SES029/SA029S12	SES029	1.05333	10.1364	9.08305
BLOCK02/SES029/SA029S20	SES029	0.920818	9.73128	8.81046
BLOCK02/SES029/SA029S25	SES029	1.15142	9.93604	8.78462
BLOCK02/SES029/SA029S28	SES029	0.905614	10.0761	9.1705
BLOCK04/SES042/SA042S12	SES042	2.1133	10.0911	7.97782
BLOCK04/SES042/SA042S15	SES042	1.5948	10.601	9.00624
BLOCK04/SES042/SA042S22	SES042	2.83521	11.6139	8.77873
BLOCK04/SES042/SA042S25	SES042	1.45159	9.76285	8.31126
BLOCK04/SES042/SA042S27	SES042	2.04495	10.8378	8.7928
BLOCK04/SES048/SA048S11	SES048	1.4587	10.9426	9.48388
BLOCK04/SES048/SA048S12	SES048	1.11708	10.3342	9.21709
BLOCK04/SES048/SA048S20	SES048	1.46773	11.3181	9.8504
BLOCK04/SES048/SA048S23	SES048	1.5908	9.93753	8.34673
BLOCK04/SES048/SA048S27	SES048	1.35723	11.6599	10.3027
BLOCK06/SES060/SA060S11	SES060	1.97202	10.6254	8.65336
BLOCK06/SES060/SA060S12	SES060	1.61047	10.078	8.46753
BLOCK06/SES060/SA060S22	SES060	0.632867	8.8993	8.26643
BLOCK06/SES060/SA060S24	SES060	1.51942	10.963	9.44359
BLOCK06/SES060/SA060S28	SES060	1.33006	11.9689	10.6388
BLOCK06/SES062/SA062S10	SES062	0.978601	9.61796	8.63936
BLOCK06/SES062/SA062S11	SES062	1.65458	10.2199	8.5653
BLOCK06/SES062/SA062S21	SES062	1.72211	12.4592	10.7371
BLOCK06/SES062/SA062S26	SES062	1.36099	11.0486	9.68762
BLOCK06/SES062/SA062S29	SES062	1.76328	11.907	10.1437
BLOCK06/SES068/SA068S14	SES068	1.3262	9.21513	7.88893
BLOCK06/SES068/SA068S15	SES068	1.86299	11.0487	9.18576
BLOCK06/SES068/SA068S23	SES068	1.9695	10.6353	8.66583
BLOCK06/SES068/SA068S27	SES068	2.61447	10.5196	7.90512
BLOCK06/SES068/SA068S29	SES068	1.75837	10.3464	8.588
BLOCK08/SES082/SA082S12	SES082	1.19904	8.66755	7.46851
BLOCK08/SES082/SA082S14	SES082	1.14093	8.18126	7.04034
BLOCK08/SES082/SA082S21	SES082	0.933748	8.24855	7.3148
BLOCK08/SES082/SA082S24	SES082	1.57987	8.75952	7.17966
BLOCK08/SES082/SA082S28	SES082	1.7857	8.2706	6.48489
BLOCK08/SES083/SA083S14	SES083	1.25147	10.2933	9.04187
BLOCK08/SES083/SA083S15	SES083	1.91738	10.5641	8.64668
BLOCK08/SES083/SA083S24	SES083	1.07945	10.0154	8.93591
BLOCK08/SES083/SA083S26	SES083	1.14714	9.69423	8.54708
BLOCK08/SES083/SA083S29	SES083	0.750569	9.65337	8.9028
BLOCK08/SES085/SA085S10	SES085	2.25221	11.6197	9.36747
BLOCK08/SES085/SA085S13	SES085	1.56528	10.0254	8.4601
BLOCK08/SES085/SA085S22	SES085	1.49396	9.79212	8.29816
BLOCK08/SES085/SA085S26	SES085	2.2042	11.2982	9.09401
BLOCK08/SES085/SA085S28	SES085	2.30064	11.4237	9.12309
BLOCK08/SES087/SA087S15	SES087	1.75084	8.96492	7.21408
BLOCK08/SES087/SA087S16	SES087	1.73772	8.76018	7.02246
BLOCK08/SES087/SA087S24	SES087	1.45214	9.38731	7.93517
BLOCK08/SES087/SA087S26	SES087	2.03628	10.8469	8.81062
BLOCK08/SES087/SA087S29	SES087	1.72195	9.18753	7.46558
BLOCK09/SES099/SA099S15	SES099	2.08846	8.36609	6.27763
BLOCK09/SES099/SA099S16	SES099	1.35494	8.0041	6.64916
BLOCK09/SES099/SA099S24	SES099	1.75926	8.99091	7.23165
BLOCK09/SES099/SA099S26	SES099	1.82072	9.25638	7.43567
BLOCK09/SES099/SA099S29	SES099	2.14712	9.12152	6.9744
BLOCK10/SES101/SA101S11	SES101	1.40683	10.1971	8.79028
BLOCK10/SES101/SA101S13	SES101	1.7657	10.8815	9.1158
BLOCK10/SES101/SA101S22	SES101	1.45338	8.72341	7.27002
BLOCK10/SES101/SA101S24	SES101	1.99127	10.0494	8.05817
BLOCK10/SES101/SA101S28	SES101	1.55751	9.50471	7.9472
BLOCK10/SES104/SA104S11	SES104	2.10089	10.2483	8.14738
BLOCK10/SES104/SA104S12	SES104	2.08025	9.8537	7.77345
BLOCK10/SES104/SA104S21	SES104	1.51371	8.68612	7.17241
BLOCK10/SES104/SA104S24	SES104	1.58153	9.37025	7.78873
BLOCK10/SES104/SA104S28	SES104	2.25472	9.51502	7.26029
BLOCK10/SES105/SA105S12	SES105	1.22452	8.35884	7.13431
BLOCK10/SES105/SA105S13	SES105	0.517879	8.55308	8.0352
BLOCK10/SES105/SA105S22	SES105	0.978381	8.50971	7.53133
BLOCK10/SES105/SA105S26	SES105	1.86726	9.13401	7.26675
BLOCK10/SES105/SA105S29	SES105	1.37665	9.55559	8.17894
BLOCK10/SES106/SA106S09	SES106	2.19438	8.5576	6.36322
BLOCK10/SES106/SA106S11	SES106	2.13791	9.69703	7.55913
BLOCK10/SES106/SA106S22	SES106	3.32114	8.74646	5.42533
BLOCK10/SES106/SA106S27	SES106	2.43535	9.56069	7.12535
BLOCK10/SES106/SA106S29	SES106	1.50234	9.55359	8.05125
BLOCK11/SES117/SA117S12	SES117	1.07167	9.63321	8.56154
BLOCK11/SES117/SA117S13	SES117	0.821658	9.94234	9.12068
BLOCK11/SES117/SA117S23	SES117	2.06031	8.86683	6.80651
BLOCK11/SES117/SA117S25	SES117	2.08428	9.34508	7.2608
BLOCK11/SES117/SA117S28	SES117	1.56709	9.35352	7.78642
BLOCK12/SES120/SA120S08	SES120	1.23594	8.16086	6.92492
BLOCK12/SES120/SA120S11	SES120	1.71431	6.99286	5.27856
BLOCK12/SES120/SA120S22	SES120	0.992868	10.1298	9.13694
BLOCK12/SES120/SA120S24	SES120	0.628072	9.23713	8.60905
BLOCK12/SES120/SA120S28	SES120	0.428296	8.16847	7.74018
BLOCK12/SES125/SA125S13	SES125	1.61319	9.41656	7.80338
BLOCK12/SES125/SA125S14	SES125	1.47256	8.90275	7.43019
BLOCK12/SES125/SA125S25	SES125	2.41257	9.69534	7.28277
BLOCK12/SES125/SA125S27	SES125	2.33522	10.9446	8.60938
BLOCK12/SES125/SA125S29	SES125	2.12888	9.68751	7.55863
BLOCK12/SES127/SA127S11	SES127	1.17681	10.0991	8.92232
BLOCK12/SES127/SA127S12	SES127	0.907914	11.5711	10.6631
BLOCK12/SES127/SA127S23	SES127	1.17022	10.4509	9.28072
BLOCK12/SES127/SA127S25	SES127	0.915441	9.75147	8.83603
BLOCK12/SES127/SA127S27	SES127	1.54344	10.1944	8.65097
BLOCK12/SES129/SA129S11	SES129	1.72	11.5931	9.87313
BLOCK12/SES129/SA129S12	SES129	1.47321	11.0143	9.54114
BLOCK12/SES129/SA129S22	SES129	1.24478	10.2742	9.02946
BLOCK12/SES129/SA129S27	SES129	1.49421	10.6694	9.17523
BLOCK12/SES129/SA129S29	SES129	1.52079	10.5708	9.04998
BLOCK14/SES142/SA142S11	SES142	1.6939	9.40133	7.70743
BLOCK14/SES142/SA142S12	SES142	1.58756	9.30324	7.71568
BLOCK14/SES142/SA142S24	SES142	2.40279	10.2604	7.85762
BLOCK14/SES142/SA142S27	SES142	2.59005	10.1896	7.59958
BLOCK14/SES142/SA142S29	SES142	2.2207	10.5444	8.32371
BLOCK14/SES143/SA143S12	SES143	1.00891	9.87274	8.86383
BLOCK14/SES143/SA143S13	SES143	1.00268	9.46224	8.45956
BLOCK14/SES143/SA143S23	SES143	1.2803	9.87493	8.59464
BLOCK14/SES143/SA143S25	SES143	1.62047	10.3614	8.74096
BLOCK14/SES143/SA143S28	SES143	1.04271	9.74304	8.70033
BLOCK14/SES144/SA144S09	SES144	1.17682	10.413	9.23613
BLOCK14/SES144/SA144S11	SES144	1.00918	9.78938	8.7802
BLOCK14/SES144/SA144S21	SES144	0.712671	8.62207	7.9094
BLOCK14/SES144/SA144S25	SES144	1.23033	10.4796	9.24924
BLOCK14/SES144/SA144S29	SES144	0.742558	10.1237	9.38119
BLOCK14/SES146/SA146S14	SES146	1.28935	8.90043	7.61108
BLOCK14/SES146/SA146S15	SES146	0.419556	8.94244	8.52289
BLOCK14/SES146/SA146S24	SES146	1.53776	9.3496	7.81185
BLOCK14/SES146/SA146S26	SES146	2.89411	10.0365	7.14244
BLOCK14/SES146/SA146S29	SES146	1.27324	7.93808	6.66485
BLOCK14/SES147/SA147S11	SES147	0.971296	9.85569	8.8844
BLOCK14/SES147/SA147S13	SES147	1.47666	10.5578	9.08116
BLOCK14/SES147/SA147S23	SES147	1.66176	9.85842	8.19667
BLOCK14/SES147/SA147S26	SES147	1.32242	9.56514	8.24272
BLOCK14/SES147/SA147S28	SES147	0.992362	9.93537	8.94301
BLOCK14/SES148/SA148S10	SES148	1.022	11.0935	10.0715
BLOCK14/SES148/SA148S12	SES148	0.781787	9.41938	8.6376
BLOCK14/SES148/SA148S22	SES148	1.04641	10.7589	9.71251
BLOCK14/SES148/SA148S26	SES148	0.800359	11.0306	10.2303
BLOCK14/SES148/SA148S29	SES148	0.902577	10.2965	9.39391
BLOCK14/SES149/SA149S13	SES149	0.869031	10.2666	9.39753
BLOCK14/SES149/SA149S14	SES149	1.10693	10.7476	9.64068
BLOCK14/SES149/SA149S24	SES149	1.67014	10.395	8.72488
BLOCK14/SES149/SA149S26	SES149	1.24346	10.9894	9.74592
BLOCK14/SES149/SA149S28	SES149	2.40099	11.9047	9.50376
BLOCK15/SES158/SA158S13	SES158	1.82028	8.43734	6.61706
BLOCK15/SES158/SA158S14	SES158	2.32047	8.121	5.80053
BLOCK15/SES158/SA158S23	SES158	1.75756	8.59421	6.83665
BLOCK15/SES158/SA158S26	SES158	2.28195	7.52398	5.24204
BLOCK15/SES158/SA158S28	SES158	1.6298	7.81555	6.18575
BLOCK16/SES162/SA162S10	SES162	1.02299	9.24425	8.22125
BLOCK16/SES162/SA162S11	SES162	1.57928	10.5228	8.94349
BLOCK16/SES162/SA162S21	SES162	1.94506	9.69098	7.74592
BLOCK16/SES162/SA162S24	SES162	1.85259	9.80659	7.954
BLOCK16/SES162/SA162S27	SES162	2.07597	9.08977	7.0138
BLOCK16/SES167/SA167S14	SES167	1.80188	11.7191	9.91725
BLOCK16/SES167/SA167S15	SES167	2.00572	11.1949	9.18917
BLOCK16/SES167/SA167S21	SES167	1.89775	11.7962	9.89846
BLOCK16/SES167/SA167S25	SES167	1.88311	12.2737	10.3905
BLOCK16/SES167/SA167S29	SES167	2.38186	13.0665	10.6846
BLOCK17/SES172/SA172S12	SES172	1.4598	8.80008	7.34028
BLOCK17/SES172/SA172S13	SES172	1.55786	9.05825	7.5004
BLOCK17/SES172/SA172S23	SES172	1.21476	9.79819	8.58343
BLOCK17/SES172/SA172S27	SES172	1.06604	8.80095	7.73492
BLOCK17/SES172/SA172S29	SES172	1.41704	9.13368	7.71664
BLOCK17/SES175/SA175S11	SES175	1.03688	10.1968	9.15996
BLOCK17/SES175/SA175S13	SES175	1.40139	11.0068	9.60541
BLOCK17/SES175/SA175S23	SES175	1.12486	10.6124	9.48757
BLOCK17/SES175/SA175S25	SES175	0.277638	8.09927	7.82163
BLOCK17/SES175/SA175S28	SES175	0.949467	9.96055	9.01109
BLOCK17/SES177/SA177S15	SES177	1.28987	9.86271	8.57284
BLOCK17/SES177/SA177S17	SES177	0.933475	9.69565	8.76218
BLOCK17/SES177/SA177S23	SES177	0.79936	9.18187	8.38251
BLOCK17/SES177/SA177S26	SES177	1.61296	11.7829	10.1699
BLOCK17/SES177/SA177S28	SES177	1.15085	10.0352	8.88437
BLOCK18/SES180/SA180S13	SES180	0.387504	8.42816	8.04066
BLOCK18/SES180/SA180S15	SES180	0.662957	8.89664	8.23368
BLOCK18/SES180/SA180S24	SES180	1.03537	10.3574	9.32203
BLOCK18/SES180/SA180S26	SES180	0.806508	9.6639	8.85739
BLOCK18/SES180/SA180S29	SES180	0.823686	9.34334	8.51966
BLOCK18/SES183/SA183S13	SES183	1.27438	9.71269	8.43831
BLOCK18/SES183/SA183S14	SES183	0.914111	9.30451	8.3904
BLOCK18/SES183/SA183S24	SES183	1.31864	8.78729	7.46865
BLOCK18/SES183/SA183S27	SES183	1.13038	9.59282	8.46244
BLOCK18/SES183/SA183S29	SES183	1.0677	9.42169	8.35399
BLOCK18/SES187/SA187S13	SES187	0.908438	8.67331	7.76487
BLOCK18/SES187/SA187S14	SES187	1.2689	8.77107	7.50217
BLOCK18/SES187/SA187S24	SES187	1.2341	8.16549	6.9314
BLOCK18/SES187/SA187S27	SES187	1.5396	8.47346	6.93386
BLOCK18/SES187/SA187S29	SES187	1.67742	8.62917	6.95175
BLOCK18/SES189/SA189S10	SES189	1.19461	8.58297	7.38836
BLOCK18/SES189/SA189S13	SES189	1.1095	8.29478	7.18528
BLOCK18/SES189/SA189S24	SES189	1.89988	9.15664	7.25676
BLOCK18/SES189/SA189S26	SES189	1.12357	9.96751	8.84394
BLOCK18/SES189/SA189S29	SES189	1.30991	9.6972	8.38729
BLOCK20/SES202/SA202S12	SES202	2.0045	10.6568	8.6523
BLOCK20/SES202/SA202S14	SES202	2.51958	10.3111	7.79156
BLOCK20/SES202/SA202S24	SES202	1.44674	9.41926	7.97253
BLOCK20/SES202/SA202S27	SES202	2.00233	11.2754	9.27302
BLOCK20/SES202/SA202S29	SES202	2.44434	11.2179	8.77354
BLOCK20/SES206/SA206S15	SES206	0.990301	8.98661	7.99631
BLOCK20/SES206/SA206S17	SES206	1.89961	9.20998	7.31037
BLOCK20/SES206/SA206S24	SES206	2.5676	10.1882	7.62063
BLOCK20/SES206/SA206S27	SES206	2.19349	9.09928	6.90579
BLOCK20/SES206/SA206S29	SES206	1.67498	10.8762	9.20122
BLOCK22/SES226/SA226S12	SES226	1.92256	9.20998	7.28741
BLOCK22/SES226/SA226S13	SES226	0.372663	8.71066	8.338
BLOCK22/SES226/SA226S20	SES226	1.35888	7.94939	6.59051
BLOCK22/SES226/SA226S23	SES226	1.96734	9.30253	7.33519
BLOCK22/SES226/SA226S28	SES226	1.58475	10.0383	8.45357
BLOCK25/SES259/SA259S13	SES259	2.76187	9.76448	7.00262
BLOCK25/SES259/SA259S14	SES259	1.9429	10.3071	8.36415
BLOCK25/SES259/SA259S22	SES259	2.18649	10.3937	8.20722
BLOCK25/SES259/SA259S24	SES259	2.00801	11.1106	9.1026
BLOCK25/SES259/SA259S28	SES259	2.30041	10.3811	8.08065
BLOCK27/SES270/SA270S14	SES270	2.00966	7.60621	5.59655
BLOCK27/SES270/SA270S16	SES270	1.30169	7.30982	6.00813
BLOCK27/SES270/SA270S22	SES270	2.24059	8.19576	5.95517
BLOCK27/SES270/SA270S26	SES270	2.21099	7.38263	5.17164
BLOCK27/SES270/SA270S28	SES270	1.9243	7.54735	5.62305
BLOCK27/SES275/SA275S17	SES275	1.96791	10.7246	8.75669
BLOCK27/SES275/SA275S18	SES275	1.51401	9.65161	8.1376
BLOCK27/SES275/SA275S24	SES275	1.42432	9.05165	7.62734
BLOCK27/SES275/SA275S26	SES275	1.63348	10.0318	8.3983
BLOCK27/SES275/SA275S28	SES275	1.01508	9.40381	8.38873
BLOCK29/SES292/SA292S10	SES292	1.25528	9.76424	8.50896
BLOCK29/SES292/SA292S12	SES292	1.29542	8.86636	7.57094
BLOCK29/SES292/SA292S22	SES292	1.12821	9.71766	8.58945
BLOCK29/SES292/SA292S24	SES292	1.14666	10.0619	8.91522
BLOCK29/SES292/SA292S27	SES292	1.03994	9.87453	8.83459
BLOCK00/SES001/SA001S14	SES062	-0.953953	6.83128	7.78523
BLOCK00/SES001/SA001S14	SES082	0.236417	8.02165	7.78523
BLOCK00/SES001/SA001S14	SES106	0.182909	7.96814	7.78523
BLOCK00/SES001/SA001S14	SES206	0.714129	8.49936	7.78523
BLOCK00/SES001/SA001S15	SES062	-0.668038	8.46782	9.13586
BLOCK00/SES001/SA001S15	SES104	0.134776	9.27064	9.13586
BLOCK00/SES001/SA001S15	SES106	0.600234	9.73609	9.13586
BLOCK00/SES001/SA001S15	SES206	0.434383	9.57024	9.13586
BLOCK00/SES001/SA001S24	SES062	-1.05157	6.49126	7.54283
BLOCK00/SES001/SA001S24	SES082	-0.0713968	7.47143	7.54283
BLOCK00/SES001/SA001S24	SES087	-0.277762	7.26507	7.54283
BLOCK00/SES001/SA001S24	SES206	0.124292	7.66712	7.54283
BLOCK00/SES001/SA001S27	SES062	-0.4719	8.76976	9.24166
BLOCK00/SES001/SA001S27	SES082	0.717796	9.95945	9.24166
BLOCK00/SES001/SA001S27	SES087	0.926386	10.168	9.24166
BLOCK00/SES001/SA001S27	SES206	0.683179	9.92484	9.24166
BLOCK00/SES001/SA001S29	SES062	-0.915823	6.75612	7.67194
BLOCK00/SES001/SA001S29	SES082	0.424786	8.09673	7.67194
BLOCK00/SES001/SA001S29	SES158	0.799847	8.47179	7.67194
BLOCK00/SES001/SA001S29	SES206	0.00125504	7.6732	7.67194
BLOCK00/SES003/SA003S11	SES002	0.877805	7.8199	6.9421
BLOCK00/SES003/SA003S11	SES019	0.0757847	7.01788	6.9421
BLOCK00/SES003/SA003S11	SES082	0.481084	7.42318	6.9421
BLOCK00/SES003/SA003S11	SES125	0.146049	7.08815	6.9421
BLOCK00/SES003/SA003S15	SES016	-0.792916	7.40992	8.20284
BLOCK00/SES003/SA003S15	SES019	0.18092	8.38376	8.20284
BLOCK00/SES003/SA003S15	SES062	-0.142641	8.0602	8.20284
BLOCK00/SES003/SA003S15	SES206	1.07138	9.27422	8.20284
BLOCK00/SES003/SA003S22	SES002	0.103354	8.59066	8.4873
BLOCK00/SES003/SA003S22	SES062	-0.87041	7.61689	8.4873
BLOCK00/SES003/SA003S22	SES082	-0.167572	8.31973	8.4873
BLOCK00/SES003/SA003S22	SES087	-0.119327	8.36798	8.4873
BLOCK00/SES003/SA003S25	SES062	-1.46121	5.06569	6.5269
BLOCK00/SES003/SA003S25	SES082	0.652594	7.1795	6.5269
BLOCK00/SES003/SA003S25	SES087	0.491176	7.01808	6.5269
BLOCK00/SES003/SA003S25	SES206	0.875948	7.40285	6.5269
BLOCK00/SES003/SA003S29	SES002	-0.476743	7.56354	8.04028
BLOCK00/SES003/SA003S29	SES062	-1.20413	6.83615	8.04028
BLOCK00/SES003/SA003S29	SES082	-0.0445209	7.99576	8.04028
BLOCK00/SES003/SA003S29	SES087	-0.076211	7.96407	8.04028
BLOCK00/SES004/SA004S12	SES083	0.607057	8.99322	8.38616
BLOCK00/SES004/SA004S12	SES148	-0.494753	7.89141	8.38616
BLOCK00/SES004/SA004S12	SES172	0.821324	9.20749	8.38616
BLOCK00/SES004/SA004S12	SES292	0.263432	8.6496	8.38616
BLOCK00/SES004/SA004S17	SES083	0.4172	8.55242	8.13522
BLOCK00/SES004/SA004S17	SES162	0.875316	9.01054	8.13522
BLOCK00/SES004/SA004S17	SES172	0.0354519	8.17067	8.13522
BLOCK00/SES004/SA004S17	SES292	0.311573	8.44679	8.13522
BLOCK00/SES004/SA004S24	SES083	0.207469	8.86706	8.65959
BLOCK00/SES004/SA004S24	SES148	-0.426327	8.23326	8.65959
BLOCK00/SES004/SA004S24	SES172	0.0964994	8.75609	8.65959
BLOCK00/SES004/SA004S24	SES292	0.433991	9.09358	8.65959
BLOCK00/SES004/SA004S26	SES083	0.854193	8.58663	7.73244
BLOCK00/SES004/SA004S26	SES127	0.96325	8.69569	7.73244
BLOCK00/SES004/SA004S26	SES148	-0.576302	7.15614	7.73244
BLOCK00/SES004/SA004S26	SES292	0.232345	7.96478	7.73244
BLOCK00/SES004/SA004S28	SES083	0.997703	9.69212	8.69442
BLOCK00/SES004/SA004S28	SES127	0.103571	8.79799	8.69442
BLOCK00/SES004/SA004S28	SES187	0.283642	8.97806	8.69442
BLOCK00/SES004/SA004S28	SES292	-0.0803108	8.61411	8.69442
BLOCK00/SES006/SA006S10	SES014	-0.151607	4.81769	4.9693
BLOCK00/SES006/SA006S10	SES158	0.28403	5.25333	4.9693
BLOCK00/SES006/SA006S10	SES226	-1.20371	3.76559	4.9693
BLOCK00/SES006/SA006S10	SES270	0.855983	5.82528	4.9693
BLOCK00/SES006/SA006S11	SES158	0.0648432	6.08301	6.01817
BLOCK00/SES006/SA006S11	SES226	-0.657369	5.3608	6.01817
BLOCK00/SES006/SA006S11	SES270	0.620699	6.63887	6.01817
BLOCK00/SES006/SA006S11	SES275	-0.173139	5.84503	6.01817
BLOCK00/SES006/SA006S23	SES062	-1.11953	7.06023	8.17976
BLOCK00/SES006/SA006S23	SES105	-0.350863	7.8289	8.17976
BLOCK00/SES006/SA006S23	SES158	-0.447346	7.73242	8.17976
BLOCK00/SES006/SA006S23	SES275	0.238824	8.41859	8.17976
BLOCK00/SES006/SA006S26	SES104	-0.561202	7.20806	7.76926
BLOCK00/SES006/SA006S26	SES158	0.11873	7.88799	7.76926
BLOCK00/SES006/SA006S26	SES270	0.618716	8.38798	7.76926
BLOCK00/SES006/SA006S26	SES275	-0.471246	7.29801	7.76926
BLOCK00/SES006/SA006S28	SES007	-0.387029	5.69206	6.07909
BLOCK00/SES006/SA006S28	SES105	-0.776657	5.30243	6.07909
BLOCK00/SES006/SA006S28	SES158	-0.511441	5.56765	6.07909
BLOCK00/SES006/SA006S28	SES275	-0.344214	5.73487	6.07909
BLOCK00/SES009/SA009S12	SES083	-0.60315	8.34978	8.95293
BLOCK00/SES009/SA009S12	SES148	0.0739775	9.0269	8.95293
BLOCK00/SES009/SA009S12	SES177	0.185715	9.13864	8.95293
BLOCK00/SES009/SA009S12	SES292	0.571571	9.5245	8.95293
BLOCK00/SES009/SA009S15	SES007	0.959956	10.5313	9.5713
BLOCK00/SES009/SA009S15	SES099	-0.703418	8.86788	9.5713
BLOCK00/SES009/SA009S15	SES148	0.180513	9.75182	9.5713
BLOCK00/SES009/SA009S15	SES172	-0.394799	9.1765	9.5713
BLOCK00/SES009/SA009S24	SES146	0.249667	8.91749	8.66782
BLOCK00/SES009/SA009S24	SES148	-0.311819	8.356	8.66782
BLOCK00/SES009/SA009S24	SES177	0.479813	9.14763	8.66782
BLOCK00/SES009/SA009S24	SES292	0.482948	9.15077	8.66782
BLOCK00/SES009/SA009S26	SES083	-0.694782	8.11139	8.80618
BLOCK00/SES009/SA009S26	SES101	-0.654313	8.15186	8.80618
BLOCK00/SES009/SA009S26	SES120	0.243112	9.04929	8.80618
BLOCK00/SES009/SA009S26	SES177	0.186445	8.99262	8.80618
BLOCK00/SES009/SA009S29	SES083	-0.180224	9.8092	9.98942
BLOCK00/SES009/SA009S29	SES101	-0.139326	9.8501	9.98942
BLOCK00/SES009/SA009S29	SES177	0.367866	10.3573	9.98942
BLOCK00/SES009/SA009S29	SES292	0.205473	10.1949	9.98942
BLOCK01/SES011/SA011S10	SES019	0.401591	7.46987	7.06828
BLOCK01/SES011/SA011S10	SES042	1.64126	8.70953	7.06828
BLOCK01/SES011/SA011S10	SES082	-0.131069	6.93721	7.06828
BLOCK01/SES011/SA011S10	SES206	1.03201	8.10029	7.06828
BLOCK01/SES011/SA011S11	SES019	0.663258	6.85678	6.19352
BLOCK01/SES011/SA011S11	SES042	1.1047	7.29822	6.19352
BLOCK01/SES011/SA011S11	SES082	-0.105546	6.08797	6.19352
BLOCK01/SES011/SA011S11	SES206	1.79995	7.99347	6.19352
BLOCK01/SES011/SA011S22	SES019	0.32401	7.33521	7.0112
BLOCK01/SES011/SA011S22	SES042	1.70083	8.71203	7.0112
BLOCK01/SES011/SA011S22	SES082	0.303937	7.31513	7.0112
BLOCK01/SES011/SA011S22	SES206	1.14233	8.15352	7.0112
BLOCK01/SES011/SA011S24	SES019	0.621411	8.47869	7.85728
BLOCK01/SES011/SA011S24	SES042	1.77579	9.63307	7.85728
BLOCK01/SES011/SA011S24	SES104	1.18741	9.04468	7.85728
BLOCK01/SES011/SA011S24	SES206	1.56762	9.4249	7.85728
BLOCK01/SES011/SA011S27	SES082	0.553238	7.5082	6.95496
BLOCK01/SES011/SA011S27	SES087	-0.156034	6.79893	6.95496
BLOCK01/SES011/SA011S27	SES125	0.785536	7.7405	6.95496
BLOCK01/SES011/SA011S27	SES206	0.878833	7.83379	6.95496
BLOCK01/SES012/SA012S11	SES007	0.117967	9.34138	9.22341
BLOCK01/SES012/SA012S11	SES082	0.240448	9.46386	9.22341
BLOCK01/SES012/SA012S11	SES083	0.433423	9.65683	9.22341
BLOCK01/SES012/SA012S11	SES206	0.560966	9.78438	9.22341
BLOCK01/SES012/SA012S14	SES082	1.21089	9.49566	8.28477
BLOCK01/SES012/SA012S14	SES087	0.469663	8.75443	8.28477
BLOCK01/SES012/SA012S14	SES206	0.958154	9.24292	8.28477
BLOCK01/SES012/SA012S14	SES292	0.638027	8.92279	8.28477
BLOCK01/SES012/SA012S24	SES082	1.0236	8.07619	7.05259
BLOCK01/SES012/SA012S24	SES087	-0.0918331	6.96076	7.05259
BLOCK01/SES012/SA012S24	SES120	-0.219766	6.83283	7.05259
BLOCK01/SES012/SA012S24	SES206	0.4334	7.48599	7.05259
BLOCK01/SES012/SA012S26	SES019	-1.36175	7.27496	8.63671
BLOCK01/SES012/SA012S26	SES082	0.296328	8.93304	8.63671
BLOCK01/SES012/SA012S26	SES206	1.10765	9.74436	8.63671
BLOCK01/SES012/SA012S26	SES292	0.616558	9.25327	8.63671
BLOCK01/SES012/SA012S29	SES062	-0.0249119	8.81286	8.83778
BLOCK01/SES012/SA012S29	SES082	0.307943	9.14572	8.83778
BLOCK01/SES012/SA012S29	SES083	-0.386239	8.45154	8.83778
BLOCK01/SES012/SA012S29	SES206	0.527352	9.36513	8.83778
BLOCK01/SES013/SA013S16	SES062	-1.50517	5.26799	6.77315
BLOCK01/SES013/SA013S16	SES106	0.625402	7.39856	6.77315
BLOCK01/SES013/SA013S16	SES206	0.224312	6.99747	6.77315
BLOCK01/SES013/SA013S16	SES226	0.325439	7.09859	6.77315
BLOCK01/SES013/SA013S17	SES062	-0.832638	7.33155	8.16419
BLOCK01/SES013/SA013S17	SES106	0.649061	8.81325	8.16419
BLOCK01/SES013/SA013S17	SES206	1.89393	10.0581	8.16419
BLOCK01/SES013/SA013S17	SES226	1.48424	9.64843	8.16419
BLOCK01/SES013/SA013S23	SES104	-0.0499868	6.72338	6.77337
BLOCK01/SES013/SA013S23	SES106	0.827966	7.60133	6.77337
BLOCK01/SES013/SA013S23	SES206	0.398798	7.17217	6.77337
BLOCK01/SES013/SA013S23	SES270	0.479634	7.253	6.77337
BLOCK01/SES013/SA013S25	SES042	0.630895	7.91937	7.28847
BLOCK01/SES013/SA013S25	SES104	0.920535	8.20901	7.28847
BLOCK01/SES013/SA013S25	SES106	1.2954	8.58387	7.28847
BLOCK01/SES013/SA013S25	SES206	1.02234	8.31081	7.28847
BLOCK01/SES013/SA013S29	SES062	-1.48786	5.22892	6.71678
BLOCK01/SES013/SA013S29	SES104	0.307942	7.02472	6.71678
BLOCK01/SES013/SA013S29	SES106	0.980469	7.69725	6.71678
BLOCK01/SES013/SA013S29	SES206	0.917127	7.63391	6.71678
BLOCK02/SES021/SA021S13	SES016	-0.785245	7.37858	8.16383
BLOCK02/SES021/SA021S13	SES029	0.00776482	8.17159	8.16383
BLOCK02/SES021/SA021S13	SES087	-0.281914	7.88191	8.16383
BLOCK02/SES021/SA021S13	SES206	0.386877	8.5507	8.16383
BLOCK02/SES021/SA021S15	SES087	0.740791	9.99484	9.25405
BLOCK02/SES021/SA021S15	SES125	0.792258	10.0463	9.25405
BLOCK02/SES021/SA021S15	SES206	1.12798	10.382	9.25405
BLOCK02/SES021/SA021S15	SES226	0.0315485	9.2856	9.25405
BLOCK02/SES021/SA021S23	SES062	-1.05203	5.1677	6.21974
BLOCK02/SES021/SA021S23	SES087	1.01042	7.23015	6.21974
BLOCK02/SES021/SA021S23	SES206	0.844652	7.06439	6.21974
BLOCK02/SES021/SA021S23	SES226	0.908294	7.12803	6.21974
BLOCK02/SES021/SA021S27	SES002	0.486017	9.02293	8.53692
BLOCK02/SES021/SA021S27	SES016	-1.76005	6.77687	8.53692
BLOCK02/SES021/SA021S27	SES019	0.0995045	8.63642	8.53692
BLOCK02/SES021/SA021S27	SES062	-0.616591	7.92032	8.53692
BLOCK02/SES021/SA021S29	SES087	0.342555	8.12993	7.78738
BLOCK02/SES021/SA021S29	SES125	0.989171	8.77655	7.78738
BLOCK02/SES021/SA021S29	SES206	0.908044	8.69542	7.78738
BLOCK02/SES021/SA021S29	SES226	0.0209689	7.80834	7.78738
BLOCK04/SES043/SA043S09	SES083	0.365263	8.5589	8.19364
BLOCK04/SES043/SA043S09	SES101	0.725895	8.91954	8.19364
BLOCK04/SES043/SA043S09	SES144	0.974274	9.16792	8.19364
BLOCK04/SES043/SA043S09	SES172	0.161856	8.3555	8.19364
BLOCK04/SES043/SA043S11	SES083	0.0642033	9.56367	9.49946
BLOCK04/SES043/SA043S11	SES101	0.75364	10.2531	9.49946
BLOCK04/SES043/SA043S11	SES144	0.833041	10.3325	9.49946
BLOCK04/SES043/SA043S11	SES172	0.51499	10.0145	9.49946
BLOCK04/SES043/SA043S23	SES083	0.512962	9.48406	8.97109
BLOCK04/SES043/SA043S23	SES144	1.15427	10.1254	8.97109
BLOCK04/SES043/SA043S23	SES177	-0.0717659	8.89933	8.97109
BLOCK04/SES043/SA043S23	SES275	0.519178	9.49027	8.97109
BLOCK04/SES043/SA043S26	SES083	0.512614	9.55588	9.04326
BLOCK04/SES043/SA043S26	SES101	0.468146	9.51141	9.04326
BLOCK04/SES043/SA043S26	SES144	0.877079	9.92034	9.04326
BLOCK04/SES043/SA043S26	SES177	0.210489	9.25375	9.04326
BLOCK04/SES043/SA043S28	SES016	-0.00234127	9.27423	9.27657
BLOCK04/SES043/SA043S28	SES083	0.66137	9.93794	9.27657
BLOCK04/SES043/SA043S28	SES101	0.961298	10.2379	9.27657
BLOCK04/SES043/SA043S28	SES144	0.68141	9.95798	9.27657
BLOCK04/SES044/SA044S10	SES127	-0.566022	5.56597	6.13199
BLOCK04/SES044/SA044S10	SES144	0.732161	6.86415	6.13199
BLOCK04/SES044/SA044S10	SES147	-1.35351	4.77848	6.13199
BLOCK04/SES044/SA044S10	SES148	-0.802496	5.32949	6.13199
BLOCK04/SES044/SA044S11	SES101	1.3676	8.56979	7.20219
BLOCK04/SES044/SA044S11	SES144	1.15007	8.35227	7.20219
BLOCK04/SES044/SA044S11	SES147	-0.101025	7.10117	7.20219
BLOCK04/SES044/SA044S11	SES177	-0.114913	7.08728	7.20219
BLOCK04/SES044/SA044S24	SES007	-0.933643	6.9169	7.85055
BLOCK04/SES044/SA044S24	SES101	0.720829	8.57138	7.85055
BLOCK04/SES044/SA044S24	SES147	-0.340088	7.51046	7.85055
BLOCK04/SES044/SA044S24	SES177	-0.143589	7.70696	7.85055
BLOCK04/SES044/SA044S26	SES007	-0.0284424	8.14626	8.1747
BLOCK04/SES044/SA044S26	SES016	0.275626	8.45032	8.1747
BLOCK04/SES044/SA044S26	SES101	1.19076	9.36546	8.1747
BLOCK04/SES044/SA044S26	SES147	-0.0150728	8.15963	8.1747
BLOCK04/SES044/SA044S29	SES007	-0.20809	9.5162	9.72429
BLOCK04/SES044/SA044S29	SES101	1.20148	10.9258	9.72429
BLOCK04/SES044/SA044S29	SES147	-0.105852	9.61844	9.72429
BLOCK04/SES044/SA044S29	SES177	0.0863199	9.81061	9.72429
BLOCK04/SES046/SA046S13	SES101	0.315462	8.61571	8.30025
BLOCK04/SES046/SA046S13	SES144	0.709848	9.0101	8.30025
BLOCK04/SES046/SA046S13	SES147	-0.200658	8.09959	8.30025
BLOCK04/SES046/SA046S13	SES177	0.0471697	8.34742	8.30025
BLOCK04/SES046/SA046S15	SES048	0.768065	10.7203	9.95222
BLOCK04/SES046/SA046S15	SES083	0.759091	10.7113	9.95222
BLOCK04/SES046/SA046S15	SES120	-0.747754	9.20447	9.95222
BLOCK04/SES046/SA046S15	SES148	-0.24075	9.71147	9.95222
BLOCK04/SES046/SA046S22	SES101	0.835839	9.52745	8.69161
BLOCK04/SES046/SA046S22	SES144	0.702461	9.39407	8.69161
BLOCK04/SES046/SA046S22	SES147	-0.207342	8.48427	8.69161
BLOCK04/SES046/SA046S22	SES172	0.487655	9.17926	8.69161
BLOCK04/SES046/SA046S25	SES083	0.285651	9.39298	9.10733
BLOCK04/SES046/SA046S25	SES127	0.477501	9.58483	9.10733
BLOCK04/SES046/SA046S25	SES144	0.61798	9.72531	9.10733
BLOCK04/SES046/SA046S25	SES148	0.335284	9.44261	9.10733
BLOCK04/SES046/SA046S28	SES007	-0.213758	9.07165	9.28541
BLOCK04/SES046/SA046S28	SES105	0.248744	9.53415	9.28541
BLOCK04/SES046/SA046S28	SES147	-0.82552	8.45989	9.28541
BLOCK04/SES046/SA046S28	SES148	0.224272	9.50968	9.28541
BLOCK04/SES049/SA049S16	SES104	0.229043	5.72963	5.50058
BLOCK04/SES049/SA049S16	SES106	0.31122	5.8118	5.50058
BLOCK04/SES049/SA049S16	SES120	1.08612	6.5867	5.50058
BLOCK04/SES049/SA049S16	SES206	0.928301	6.42888	5.50058
BLOCK04/SES049/SA049S18	SES099	1.01999	6.27508	5.2551
BLOCK04/SES049/SA049S18	SES104	-0.222456	5.03264	5.2551
BLOCK04/SES049/SA049S18	SES125	-0.283721	4.97137	5.2551
BLOCK04/SES049/SA049S18	SES206	0.679939	5.93503	5.2551
BLOCK04/SES049/SA049S25	SES087	0.629989	6.38	5.75001
BLOCK04/SES049/SA049S25	SES104	0.40576	6.15577	5.75001
BLOCK04/SES049/SA049S25	SES125	0.214022	5.96404	5.75001
BLOCK04/SES049/SA049S25	SES206	0.346386	6.0964	5.75001
BLOCK04/SES049/SA049S27	SES099	0.35164	7.80886	7.45722
BLOCK04/SES049/SA049S27	SES104	0.670573	8.12779	7.45722
BLOCK04/SES049/SA049S27	SES125	0.0422411	7.49946	7.45722
BLOCK04/SES049/SA049S27	SES206	0.450922	7.90814	7.45722
BLOCK04/SES049/SA049S29	SES099	0.552416	8.13577	7.58335
BLOCK04/SES049/SA049S29	SES104	0.847504	8.43086	7.58335
BLOCK04/SES049/SA049S29	SES125	0.818181	8.40153	7.58335
BLOCK04/SES049/SA049S29	SES206	1.05581	8.63917	7.58335
BLOCK06/SES063/SA063S09	SES068	-0.0906353	10.0534	10.144
BLOCK06/SES063/SA063S09	SES083	0.482887	10.6269	10.144
BLOCK06/SES063/SA063S09	SES177	0.203905	10.3479	10.144
BLOCK06/SES063/SA063S09	SES187	-0.0122976	10.1317	10.144
BLOCK06/SES063/SA063S10	SES068	0.372468	9.33506	8.96259
BLOCK06/SES063/SA063S10	SES083	0.781394	9.74399	8.96259
BLOCK06/SES063/SA063S10	SES172	0.492143	9.45474	8.96259
BLOCK06/SES063/SA063S10	SES187	0.180862	9.14346	8.96259
BLOCK06/SES063/SA063S20	SES068	-0.184496	8.90734	9.09183
BLOCK06/SES063/SA063S20	SES083	0.704737	9.79657	9.09183
BLOCK06/SES063/SA063S20	SES172	0.273355	9.36519	9.09183
BLOCK06/SES063/SA063S20	SES187	0.331996	9.42383	9.09183
BLOCK06/SES063/SA063S24	SES029	-0.505787	9.13097	9.63675
BLOCK06/SES063/SA063S24	SES083	1.46073	11.0975	9.63675
BLOCK06/SES063/SA063S24	SES177	0.553292	10.19	9.63675
BLOCK06/SES063/SA063S24	SES189	0.697485	10.3342	9.63675
BLOCK06/SES063/SA063S27	SES083	0.663655	9.77394	9.11028
BLOCK06/SES063/SA063S27	SES172	0.717103	9.82738	9.11028
BLOCK06/SES063/SA063S27	SES187	0.105157	9.21544	9.11028
BLOCK06/SES063/SA063S27	SES292	-0.0399275	9.07035	9.11028
BLOCK06/SES067/SA067S12	SES083	0.946468	11.246	10.2995
BLOCK06/SES067/SA067S12	SES172	0.00983524	10.3094	10.2995
BLOCK06/SES067/SA067S12	SES202	1.32025	11.6198	10.2995
BLOCK06/SES067/SA067S12	SES292	0.200389	10.4999	10.2995
BLOCK06/SES067/SA067S14	SES085	1.1771	12.1216	10.9445
BLOCK06/SES067/SA067S14	SES177	0.0596676	11.0042	10.9445
BLOCK06/SES067/SA067S14	SES183	1.38852	12.333	10.9445
BLOCK06/SES067/SA067S14	SES202	1.18525	12.1298	10.9445
BLOCK06/SES067/SA067S21	SES144	0.720236	9.78188	9.06164
BLOCK06/SES067/SA067S21	SES177	0.641091	9.70273	9.06164
BLOCK06/SES067/SA067S21	SES183	0.0448771	9.10652	9.06164
BLOCK06/SES067/SA067S21	SES189	0.0359669	9.09761	9.06164
BLOCK06/SES067/SA067S25	SES085	0.815466	11.2502	10.4347
BLOCK06/SES067/SA067S25	SES177	0.192961	10.6277	10.4347
BLOCK06/SES067/SA067S25	SES183	0.890957	11.3257	10.4347
BLOCK06/SES067/SA067S25	SES202	0.293482	10.7282	10.4347
BLOCK06/SES067/SA067S29	SES085	-0.10338	9.7339	9.83729
BLOCK06/SES067/SA067S29	SES177	-0.450624	9.38666	9.83729
BLOCK06/SES067/SA067S29	SES183	0.845246	10.6825	9.83729
BLOCK06/SES067/SA067S29	SES202	0.704023	10.5413	9.83729
BLOCK06/SES069/SA069S12	SES029	0.0059185	7.74614	7.74023
BLOCK06/SES069/SA069S12	SES082	1.00748	8.74771	7.74023
BLOCK06/SES069/SA069S12	SES087	0.707911	8.44814	7.74023
BLOCK06/SES069/SA069S12	SES206	1.32052	9.06074	7.74023
BLOCK06/SES069/SA069S13	SES029	-0.142401	8.0757	8.2181
BLOCK06/SES069/SA069S13	SES087	1.0331	9.25121	8.2181
BLOCK06/SES069/SA069S13	SES206	1.19504	9.41314	8.2181
BLOCK06/SES069/SA069S13	SES226	1.70562	9.92372	8.2181
BLOCK06/SES069/SA069S23	SES029	1.02235	9.98542	8.96307
BLOCK06/SES069/SA069S23	SES087	1.66728	10.6304	8.96307
BLOCK06/SES069/SA069S23	SES206	1.63825	10.6013	8.96307
BLOCK06/SES069/SA069S23	SES226	2.04017	11.0032	8.96307
BLOCK06/SES069/SA069S25	SES087	1.06714	10.4024	9.33531
BLOCK06/SES069/SA069S25	SES206	0.610899	9.94621	9.33531
BLOCK06/SES069/SA069S25	SES226	1.70673	11.042	9.33531
BLOCK06/SES069/SA069S25	SES270	0.388485	9.72379	9.33531
BLOCK06/SES069/SA069S27	SES087	0.668023	9.08294	8.41491
BLOCK06/SES069/SA069S27	SES206	1.38219	9.7971	8.41491
BLOCK06/SES069/SA069S27	SES226	1.60562	10.0205	8.41491
BLOCK06/SES069/SA069S27	SES270	0.496221	8.91113	8.41491
BLOCK08/SES081/SA081S11	SES060	-0.164315	8.12958	8.2939
BLOCK08/SES081/SA081S11	SES062	-0.218615	8.07528	8.2939
BLOCK08/SES081/SA081S11	SES117	-0.27402	8.01988	8.2939
BLOCK08/SES081/SA081S11	SES162	-0.0921965	8.2017	8.2939
BLOCK08/SES081/SA081S13	SES016	-0.212153	9.75609	9.96824
BLOCK08/SES081/SA081S13	SES060	0.700376	10.6686	9.96824
BLOCK08/SES081/SA081S13	SES068	0.538028	10.5063	9.96824
BLOCK08/SES081/SA081S13	SES129	-0.186764	9.78148	9.96824
BLOCK08/SES081/SA081S24	SES060	0.470229	9.71785	9.24762
BLOCK08/SES081/SA081S24	SES068	0.55675	9.80437	9.24762
BLOCK08/SES081/SA081S24	SES117	-0.299933	8.94769	9.24762
BLOCK08/SES081/SA081S24	SES275	0.00276089	9.25038	9.24762
BLOCK08/SES081/SA081S27	SES007	0.0798502	8.67783	8.59798
BLOCK08/SES081/SA081S27	SES060	-0.125047	8.47293	8.59798
BLOCK08/SES081/SA081S27	SES117	0.205834	8.80381	8.59798
BLOCK08/SES081/SA081S27	SES275	0.12469	8.72267	8.59798
BLOCK08/SES081/SA081S29	SES007	0.112505	9.06337	8.95087
BLOCK08/SES081/SA081S29	SES060	0.653696	9.60457	8.95087
BLOCK08/SES081/SA081S29	SES117	0.0184135	8.96928	8.95087
BLOCK08/SES081/SA081S29	SES275	-0.102745	8.84812	8.95087
BLOCK08/SES086/SA086S11	SES029	-0.700199	5.21604	5.91624
BLOCK08/SES086/SA086S11	SES082	0.916235	6.83248	5.91624
BLOCK08/SES086/SA086S11	SES087	1.60564	7.52188	5.91624
BLOCK08/SES086/SA086S11	SES206	0.932039	6.84828	5.91624
BLOCK08/SES086/SA086S12	SES029	-0.468619	6.43351	6.90212
BLOCK08/SES086/SA086S12	SES082	0.932593	7.83472	6.90212
BLOCK08/SES086/SA086S12	SES087	1.66577	8.5679	6.90212
BLOCK08/SES086/SA086S12	SES206	0.834837	7.73696	6.90212
BLOCK08/SES086/SA086S20	SES029	-1.117	6.94929	8.06629
BLOCK08/SES086/SA086S20	SES082	0.36134	8.42763	8.06629
BLOCK08/SES086/SA086S20	SES087	1.05165	9.11794	8.06629
BLOCK08/SES086/SA086S20	SES206	1.15876	9.22505	8.06629
BLOCK08/SES086/SA086S24	SES087	1.09854	8.38969	7.29115
BLOCK08/SES086/SA086S24	SES104	0.595247	7.88639	7.29115
BLOCK08/SES086/SA086S24	SES120	0.656682	7.94783	7.29115
BLOCK08/SES086/SA086S24	SES206	1.08076	8.37191	7.29115
BLOCK08/SES086/SA086S28	SES029	-0.36998	8.07511	8.44509
BLOCK08/SES086/SA086S28	SES082	0.572845	9.01793	8.44509
BLOCK08/SES086/SA086S28	SES087	1.30295	9.74804	8.44509
BLOCK08/SES086/SA086S28	SES206	1.04888	9.49397	8.44509
BLOCK08/SES089/SA089S13	SES087	0.309427	6.98941	6.67999
BLOCK08/SES089/SA089S13	SES206	0.623913	7.3039	6.67999
BLOCK08/SES089/SA089S13	SES226	0.448726	7.12871	6.67999
BLOCK08/SES089/SA089S13	SES270	-0.069757	6.61023	6.67999
BLOCK08/SES089/SA089S14	SES062	-0.358471	7.39561	7.75408
BLOCK08/SES089/SA089S14	SES087	0.665638	8.41972	7.75408
BLOCK08/SES089/SA089S14	SES206	0.391405	8.14549	7.75408
BLOCK08/SES089/SA089S14	SES226	0.487263	8.24135	7.75408
BLOCK08/SES089/SA089S23	SES087	1.11019	6.66445	5.55426
BLOCK08/SES089/SA089S23	SES206	1.06296	6.61722	5.55426
BLOCK08/SES089/SA089S23	SES226	0.668077	6.22234	5.55426
BLOCK08/SES089/SA089S23	SES270	0.0395684	5.59383	5.55426
BLOCK08/SES089/SA089S25	SES062	0.0225668	6.31501	6.29244
BLOCK08/SES089/SA089S25	SES087	1.69911	7.99156	6.29244
BLOCK08/SES089/SA089S25	SES206	0.971958	7.2644	6.29244
BLOCK08/SES089/SA089S25	SES226	1.98455	8.27699	6.29244
BLOCK08/SES089/SA089S28	SES062	0.220651	7.16512	6.94447
BLOCK08/SES089/SA089S28	SES087	1.42862	8.37309	6.94447
BLOCK08/SES089/SA089S28	SES206	1.0779	8.02237	6.94447
BLOCK08/SES089/SA089S28	SES226	1.43946	8.38394	6.94447
BLOCK09/SES097/SA097S11	SES099	1.14173	6.89907	5.75734
BLOCK09/SES097/SA097S11	SES125	0.514458	6.2718	5.75734
BLOCK09/SES097/SA097S11	SES206	0.38149	6.13883	5.75734
BLOCK09/SES097/SA097S11	SES226	1.54131	7.29865	5.75734
BLOCK09/SES097/SA097S14	SES062	-0.663468	6.5707	7.23416
BLOCK09/SES097/SA097S14	SES099	0.213799	7.44796	7.23416
BLOCK09/SES097/SA097S14	SES104	0.641545	7.87571	7.23416
BLOCK09/SES097/SA097S14	SES206	-0.204467	7.0297	7.23416
BLOCK09/SES097/SA097S22	SES099	1.48665	7.83406	6.3474
BLOCK09/SES097/SA097S22	SES206	1.14983	7.49723	6.3474
BLOCK09/SES097/SA097S22	SES226	0.427907	6.77531	6.3474
BLOCK09/SES097/SA097S22	SES270	0.960924	7.30833	6.3474
BLOCK09/SES097/SA097S26	SES099	1.32101	7.7639	6.44289
BLOCK09/SES097/SA097S26	SES120	0.945559	7.38845	6.44289
BLOCK09/SES097/SA097S26	SES206	1.43829	7.88119	6.44289
BLOCK09/SES097/SA097S26	SES226	0.321348	6.76424	6.44289
BLOCK09/SES097/SA097S28	SES099	1.03349	8.27881	7.24532
BLOCK09/SES097/SA097S28	SES120	0.821049	8.06637	7.24532
BLOCK09/SES097/SA097S28	SES206	0.506552	7.75187	7.24532
BLOCK09/SES097/SA097S28	SES226	-0.168213	7.07711	7.24532
BLOCK09/SES098/SA098S11	SES127	0.344174	8.40082	8.05665
BLOCK09/SES098/SA098S11	SES144	0.504722	8.56137	8.05665
BLOCK09/SES098/SA098S11	SES147	0.422529	8.47918	8.05665
BLOCK09/SES098/SA098S11	SES148	-1.14704	6.90961	8.05665
BLOCK09/SES098/SA098S12	SES127	0.253167	6.96702	6.71385
BLOCK09/SES098/SA098S12	SES144	0.216794	6.93065	6.71385
BLOCK09/SES098/SA098S12	SES147	0.421921	7.13578	6.71385
BLOCK09/SES098/SA098S12	SES189	-0.318437	6.39542	6.71385
BLOCK09/SES098/SA098S20	SES127	0.109696	7.73581	7.62611
BLOCK09/SES098/SA098S20	SES147	0.768597	8.39471	7.62611
BLOCK09/SES098/SA098S20	SES148	-0.70037	6.92574	7.62611
BLOCK09/SES098/SA098S20	SES292	0.532117	8.15823	7.62611
BLOCK09/SES098/SA098S23	SES127	0.411617	8.47984	8.06822
BLOCK09/SES098/SA098S23	SES147	0.200884	8.26911	8.06822
BLOCK09/SES098/SA098S23	SES187	0.51224	8.58046	8.06822
BLOCK09/SES098/SA098S23	SES292	0.167738	8.23596	8.06822
BLOCK09/SES098/SA098S27	SES127	-0.611705	6.3227	6.93441
BLOCK09/SES098/SA098S27	SES147	-0.636947	6.29746	6.93441
BLOCK09/SES098/SA098S27	SES148	-1.39826	5.53614	6.93441
BLOCK09/SES098/SA098S27	SES292	0.435175	7.36958	6.93441
BLOCK10/SES102/SA102S13	SES101	0.759369	8.41203	7.65267
BLOCK10/SES102/SA102S13	SES105	0.286535	7.9392	7.65267
BLOCK10/SES102/SA102S13	SES120	-0.414975	7.23769	7.65267
BLOCK10/SES102/SA102S13	SES158	0.101814	7.75448	7.65267
BLOCK10/SES102/SA102S14	SES007	0.28189	9.19978	8.91789
BLOCK10/SES102/SA102S14	SES101	1.38773	10.3056	8.91789
BLOCK10/SES102/SA102S14	SES105	0.381431	9.29932	8.91789
BLOCK10/SES102/SA102S14	SES147	-0.0963478	8.82154	8.91789
BLOCK10/SES102/SA102S22	SES007	-0.475285	9.03704	9.51232
BLOCK10/SES102/SA102S22	SES101	0.556082	10.0684	9.51232
BLOCK10/SES102/SA102S22	SES105	0.0785227	9.59085	9.51232
BLOCK10/SES102/SA102S22	SES158	-0.608611	8.90371	9.51232
BLOCK10/SES102/SA102S25	SES007	0.101111	9.02551	8.9244
BLOCK10/SES102/SA102S25	SES101	1.00741	9.93181	8.9244
BLOCK10/SES102/SA102S25	SES105	0.237759	9.16216	8.9244
BLOCK10/SES102/SA102S25	SES147	-0.467309	8.45709	8.9244
BLOCK10/SES102/SA102S27	SES007	-0.054183	8.15021	8.20439
BLOCK10/SES102/SA102S27	SES101	0.696538	8.90093	8.20439
BLOCK10/SES102/SA102S27	SES105	0.0911922	8.29558	8.20439
BLOCK10/SES102/SA102S27	SES147	-0.41937	7.78502	8.20439
BLOCK10/SES103/SA103S14	SES105	0.136501	6.49838	6.36187
BLOCK10/SES103/SA103S14	SES106	0.717644	7.07952	6.36187
BLOCK10/SES103/SA103S14	SES120	-0.53484	5.82703	6.36187
BLOCK10/SES103/SA103S14	SES206	0.19277	6.55465	6.36187
BLOCK10/SES103/SA103S15	SES099	0.523108	5.97672	5.45361
BLOCK10/SES103/SA103S15	SES101	-0.97647	4.47714	5.45361
BLOCK10/SES103/SA103S15	SES104	-0.152382	5.30122	5.45361
BLOCK10/SES103/SA103S15	SES125	0.149263	5.60287	5.45361
BLOCK10/SES103/SA103S24	SES104	-0.1185	7.51182	7.63032
BLOCK10/SES103/SA103S24	SES125	-0.12338	7.50694	7.63032
BLOCK10/SES103/SA103S24	SES148	0.011867	7.64219	7.63032
BLOCK10/SES103/SA103S24	SES158	0.622209	8.25253	7.63032
BLOCK10/SES103/SA103S26	SES104	-0.0359273	6.08894	6.12486
BLOCK10/SES103/SA103S26	SES106	0.176368	6.30123	6.12486
BLOCK10/SES103/SA103S26	SES125	-0.216151	5.90871	6.12486
BLOCK10/SES103/SA103S26	SES148	-0.506415	5.61845	6.12486
BLOCK10/SES103/SA103S28	SES104	0.26879	4.69884	4.43005
BLOCK10/SES103/SA103S28	SES106	1.09076	5.52081	4.43005
BLOCK10/SES103/SA103S28	SES125	0.193316	4.62336	4.43005
BLOCK10/SES103/SA103S28	SES206	0.371391	4.80144	4.43005
BLOCK12/SES121/SA121S12	SES042	0.232687	6.37006	6.13737
BLOCK12/SES121/SA121S12	SES087	0.651859	6.78923	6.13737
BLOCK12/SES121/SA121S12	SES105	0.990657	7.12803	6.13737
BLOCK12/SES121/SA121S12	SES206	0.842051	6.97942	6.13737
BLOCK12/SES121/SA121S14	SES007	-0.336728	4.7109	5.04762
BLOCK12/SES121/SA121S14	SES105	0.00907183	5.05669	5.04762
BLOCK12/SES121/SA121S14	SES106	0.504381	5.552	5.04762
BLOCK12/SES121/SA121S14	SES206	0.713588	5.76121	5.04762
BLOCK12/SES121/SA121S23	SES105	-0.394511	4.67107	5.06558
BLOCK12/SES121/SA121S23	SES106	0.561358	5.62694	5.06558
BLOCK12/SES121/SA121S23	SES120	0.0016551	5.06723	5.06558
BLOCK12/SES121/SA121S23	SES206	0.668771	5.73435	5.06558
BLOCK12/SES121/SA121S25	SES007	-0.15085	4.47178	4.62263
BLOCK12/SES121/SA121S25	SES105	-0.342522	4.28011	4.62263
BLOCK12/SES121/SA121S25	SES106	0.44697	5.0696	4.62263
BLOCK12/SES121/SA121S25	SES206	0.583651	5.20628	4.62263
BLOCK12/SES121/SA121S27	SES087	0.707653	6.08673	5.37908
BLOCK12/SES121/SA121S27	SES105	-0.82916	4.54992	5.37908
BLOCK12/SES121/SA121S27	SES120	0.846509	6.22559	5.37908
BLOCK12/SES121/SA121S27	SES206	1.02046	6.39954	5.37908
BLOCK12/SES124/SA124S16	SES042	0.621428	8.76775	8.14632
BLOCK12/SES124/SA124S16	SES082	-0.133779	8.01254	8.14632
BLOCK12/SES124/SA124S16	SES183	-0.94061	7.20571	8.14632
BLOCK12/SES124/SA124S16	SES206	-0.157012	7.98931	8.14632
BLOCK12/SES124/SA124S17	SES105	-0.3079	6.16231	6.47021
BLOCK12/SES124/SA124S17	SES149	-1.40838	5.06182	6.47021
BLOCK12/SES124/SA124S17	SES158	-0.675132	5.79508	6.47021
BLOCK12/SES124/SA124S17	SES275	0.319634	6.78984	6.47021
BLOCK12/SES124/SA124S23	SES105	-0.923103	6.91676	7.83986
BLOCK12/SES124/SA124S23	SES125	1.12842	8.96828	7.83986
BLOCK12/SES124/SA124S23	SES129	-1.33811	6.50175	7.83986
BLOCK12/SES124/SA124S23	SES158	1.02705	8.86691	7.83986
BLOCK12/SES124/SA124S26	SES105	-0.925758	5.6828	6.60856
BLOCK12/SES124/SA124S26	SES125	0.328688	6.93725	6.60856
BLOCK12/SES124/SA124S26	SES129	-0.851503	5.75706	6.60856
BLOCK12/SES124/SA124S26	SES158	0.489646	7.09821	6.60856
BLOCK12/SES124/SA124S28	SES104	0.782632	7.55805	6.77542
BLOCK12/SES124/SA124S28	SES106	0.638274	7.41369	6.77542
BLOCK12/SES124/SA124S28	SES125	1.09347	7.86889	6.77542
BLOCK12/SES124/SA124S28	SES275	-0.573106	6.20231	6.77542
BLOCK12/SES126/SA126S13	SES007	0.123097	7.88746	7.76436
BLOCK12/SES126/SA126S13	SES162	0.465308	8.22967	7.76436
BLOCK12/SES126/SA126S13	SES177	0.503847	8.26821	7.76436
BLOCK12/SES126/SA126S13	SES180	0.166646	7.93101	7.76436
BLOCK12/SES126/SA126S14	SES144	0.853008	9.45943	8.60642
BLOCK12/SES126/SA126S14	SES148	0.284035	8.89046	8.60642
BLOCK12/SES126/SA126S14	SES177	0.596388	9.20281	8.60642
BLOCK12/SES126/SA126S14	SES180	0.535976	9.1424	8.60642
BLOCK12/SES126/SA126S20	SES007	0.443645	9.84049	9.39685
BLOCK12/SES126/SA126S20	SES162	0.653572	10.0504	9.39685
BLOCK12/SES126/SA126S20	SES172	-0.0683784	9.32847	9.39685
BLOCK12/SES126/SA126S20	SES180	0.224063	9.62091	9.39685
BLOCK12/SES126/SA126S24	SES120	0.5056	9.90168	9.39608
BLOCK12/SES126/SA126S24	SES162	0.419347	9.81543	9.39608
BLOCK12/SES126/SA126S24	SES177	0.367593	9.76368	9.39608
BLOCK12/SES126/SA126S24	SES180	0.17564	9.57172	9.39608
BLOCK12/SES126/SA126S26	SES120	0.502294	8.46003	7.95774
BLOCK12/SES126/SA126S26	SES177	0.1851	8.14284	7.95774
BLOCK12/SES126/SA126S26	SES180	0.168868	8.1266	7.95774
BLOCK12/SES126/SA126S26	SES202	-0.19716	7.76058	7.95774
BLOCK12/SES128/SA128S10	SES087	-0.0915713	7.61096	7.70253
BLOCK12/SES128/SA128S10	SES206	0.149835	7.85237	7.70253
BLOCK12/SES128/SA128S10	SES226	0.484159	8.18669	7.70253
BLOCK12/SES128/SA128S10	SES270	0.437098	8.13963	7.70253
BLOCK12/SES128/SA128S12	SES120	0.257935	8.08296	7.82502
BLOCK12/SES128/SA128S12	SES158	0.251225	8.07625	7.82502
BLOCK12/SES128/SA128S12	SES206	0.385714	8.21073	7.82502
BLOCK12/SES128/SA128S12	SES226	-0.0396395	7.78538	7.82502
BLOCK12/SES128/SA128S21	SES106	0.774276	7.41747	6.64319
BLOCK12/SES128/SA128S21	SES120	0.912984	7.55617	6.64319
BLOCK12/SES128/SA128S21	SES206	0.61392	7.25711	6.64319
BLOCK12/SES128/SA128S21	SES226	1.58231	8.2255	6.64319
BLOCK12/SES128/SA128S24	SES087	0.26246	7.57735	7.31489
BLOCK12/SES128/SA128S24	SES120	0.347579	7.66247	7.31489
BLOCK12/SES128/SA128S24	SES206	0.6075	7.92239	7.31489
BLOCK12/SES128/SA128S24	SES226	0.557003	7.87189	7.31489
BLOCK12/SES128/SA128S27	SES099	0.303976	8.93357	8.62959
BLOCK12/SES128/SA128S27	SES120	0.603603	9.23319	8.62959
BLOCK12/SES128/SA128S27	SES206	0.627163	9.25675	8.62959
BLOCK12/SES128/SA128S27	SES226	0.73877	9.36836	8.62959
BLOCK13/SES130/SA130S13	SES143	0.611354	7.77126	7.1599
BLOCK13/SES130/SA130S13	SES144	0.959893	8.1198	7.1599
BLOCK13/SES130/SA130S13	SES146	0.83095	7.99085	7.1599
BLOCK13/SES130/SA130S13	SES275	0.609895	7.7698	7.1599
BLOCK13/SES130/SA130S15	SES143	-0.0868263	9.05491	9.14174
BLOCK13/SES130/SA130S15	SES144	0.664772	9.80651	9.14174
BLOCK13/SES130/SA130S15	SES146	0.289182	9.43092	9.14174
BLOCK13/SES130/SA130S15	SES275	0.591745	9.73348	9.14174
BLOCK13/SES130/SA130S23	SES127	0.394608	7.12375	6.72914
BLOCK13/SES130/SA130S23	SES144	0.812596	7.54174	6.72914
BLOCK13/SES130/SA130S23	SES146	0.932185	7.66133	6.72914
BLOCK13/SES130/SA130S23	SES162	1.2974	8.02654	6.72914
BLOCK13/SES130/SA130S25	SES127	0.81214	9.93313	9.12099
BLOCK13/SES130/SA130S25	SES144	0.568006	9.689	9.12099
BLOCK13/SES130/SA130S25	SES146	0.462831	9.58382	9.12099
BLOCK13/SES130/SA130S25	SES275	0.389964	9.51096	9.12099
BLOCK13/SES130/SA130S28	SES127	0.866383	8.85748	7.99109
BLOCK13/SES130/SA130S28	SES144	0.275981	8.26707	7.99109
BLOCK13/SES130/SA130S28	SES146	1.03909	9.03018	7.99109
BLOCK13/SES130/SA130S28	SES275	1.02122	9.01231	7.99109
BLOCK13/SES131/SA131S13	SES002	-0.0435572	5.55702	5.60058
BLOCK13/SES131/SA131S13	SES007	-0.729147	4.87143	5.60058
BLOCK13/SES131/SA131S13	SES099	0.00345755	5.60404	5.60058
BLOCK13/SES131/SA131S13	SES105	-0.464171	5.13641	5.60058
BLOCK13/SES131/SA131S14	SES104	0.311788	8.39304	8.08126
BLOCK13/SES131/SA131S14	SES106	0.816453	8.89771	8.08126
BLOCK13/SES131/SA131S14	SES125	-0.0908747	7.99038	8.08126
BLOCK13/SES131/SA131S14	SES148	0.17573	8.25699	8.08126
BLOCK13/SES131/SA131S20	SES104	-0.654503	5.36466	6.01916
BLOCK13/SES131/SA131S20	SES106	-0.360343	5.65882	6.01916
BLOCK13/SES131/SA131S20	SES125	-0.85475	5.16441	6.01916
BLOCK13/SES131/SA131S20	SES148	0.0345054	6.05367	6.01916
BLOCK13/SES131/SA131S22	SES099	0.215793	7.69511	7.47932
BLOCK13/SES131/SA131S22	SES104	0.313503	7.79282	7.47932
BLOCK13/SES131/SA131S22	SES125	-0.0313115	7.44801	7.47932
BLOCK13/SES131/SA131S22	SES206	-0.0925751	7.38675	7.47932
BLOCK13/SES131/SA131S29	SES087	-0.355329	6.24738	6.60271
BLOCK13/SES131/SA131S29	SES104	-1.08417	5.51854	6.60271
BLOCK13/SES131/SA131S29	SES125	-0.845542	5.75716	6.60271
BLOCK13/SES131/SA131S29	SES206	-1.0346	5.56811	6.60271
BLOCK13/SES132/SA132S11	SES083	-0.0364752	9.20873	9.2452
BLOCK13/SES132/SA132S11	SES120	0.891645	10.1369	9.2452
BLOCK13/SES132/SA132S11	SES127	0.686488	9.93169	9.2452
BLOCK13/SES132/SA132S11	SES275	0.344323	9.58953	9.2452
BLOCK13/SES132/SA132S12	SES083	0.192451	9.94452	9.75207
BLOCK13/SES132/SA132S12	SES143	0.00405788	9.75613	9.75207
BLOCK13/SES132/SA132S12	SES144	0.764988	10.5171	9.75207
BLOCK13/SES132/SA132S12	SES148	1.10265	10.8547	9.75207
BLOCK13/SES132/SA132S22	SES062	0.258566	9.84487	9.58631
BLOCK13/SES132/SA132S22	SES083	-0.197481	9.38882	9.58631
BLOCK13/SES132/SA132S22	SES127	0.391524	9.97783	9.58631
BLOCK13/SES132/SA132S22	SES275	0.439464	10.0258	9.58631
BLOCK13/SES132/SA132S24	SES007	0.376012	10.577	10.201
BLOCK13/SES132/SA132S24	SES083	0.295536	10.4965	10.201
BLOCK13/SES132/SA132S24	SES127	-0.115308	10.0857	10.201
BLOCK13/SES132/SA132S24	SES275	0.601948	10.8029	10.201
BLOCK13/SES132/SA132S27	SES083	-0.594577	8.33943	8.934
BLOCK13/SES132/SA132S27	SES120	0.410306	9.34431	8.934
BLOCK13/SES132/SA132S27	SES127	-0.503683	8.43032	8.934
BLOCK13/SES132/SA132S27	SES275	-0.339809	8.59419	8.934
BLOCK14/SES141/SA141S09	SES143	-0.0231085	9.70042	9.72353
BLOCK14/SES141/SA141S09	SES144	0.512009	10.2355	9.72353
BLOCK14/SES141/SA141S09	SES162	0.135171	9.8587	9.72353
BLOCK14/SES141/SA141S09	SES180	-0.32563	9.3979	9.72353
BLOCK14/SES141/SA141S15	SES127	0.173724	9.18427	9.01054
BLOCK14/SES141/SA141S15	SES144	0.356403	9.36695	9.01054
BLOCK14/SES141/SA141S15	SES162	-0.151354	8.85919	9.01054
BLOCK14/SES141/SA141S15	SES180	-0.116488	8.89406	9.01054
BLOCK14/SES141/SA141S24	SES127	0.918715	9.85295	8.93423
BLOCK14/SES141/SA141S24	SES144	0.832208	9.76644	8.93423
BLOCK14/SES141/SA141S24	SES162	0.658331	9.59256	8.93423
BLOCK14/SES141/SA141S24	SES183	0.0154295	8.94966	8.93423
BLOCK14/SES141/SA141S26	SES142	0.736017	9.19231	8.45629
BLOCK14/SES141/SA141S26	SES144	0.412515	8.8688	8.45629
BLOCK14/SES141/SA141S26	SES172	0.612571	9.06886	8.45629
BLOCK14/SES141/SA141S26	SES180	0.0259914	8.48228	8.45629
BLOCK14/SES141/SA141S29	SES127	1.00633	9.90284	8.89651
BLOCK14/SES141/SA141S29	SES142	0.606062	9.50257	8.89651
BLOCK14/SES141/SA141S29	SES144	0.456929	9.35344	8.89651
BLOCK14/SES141/SA141S29	SES180	0.399853	9.29636	8.89651
BLOCK15/SES157/SA157S08	SES083	0.635724	9.6909	9.05518
BLOCK15/SES157/SA157S08	SES127	0.274392	9.32957	9.05518
BLOCK15/SES157/SA157S08	SES148	0.153363	9.20854	9.05518
BLOCK15/SES157/SA157S08	SES292	0.339952	9.39513	9.05518
BLOCK15/SES157/SA157S11	SES083	0.01581	8.88113	8.86532
BLOCK15/SES157/SA157S11	SES127	0.15694	9.02226	8.86532
BLOCK15/SES157/SA157S11	SES148	0.167202	9.03252	8.86532
BLOCK15/SES157/SA157S11	SES292	0.102634	8.96795	8.86532
BLOCK15/SES157/SA157S21	SES127	0.504784	9.50169	8.99691
BLOCK15/SES157/SA157S21	SES148	0.524855	9.52176	8.99691
BLOCK15/SES157/SA157S21	SES158	-1.80233	7.19458	8.99691
BLOCK15/SES157/SA157S21	SES292	0.441485	9.43839	8.99691
BLOCK15/SES157/SA157S24	SES127	0.140109	9.2765	9.13639
BLOCK15/SES157/SA157S24	SES148	0.262565	9.39896	9.13639
BLOCK15/SES157/SA157S24	SES183	0.0217047	9.1581	9.13639
BLOCK15/SES157/SA157S24	SES292	0.163066	9.29946	9.13639
BLOCK15/SES157/SA157S26	SES007	0.191601	9.53809	9.34649
BLOCK15/SES157/SA157S26	SES127	0.293328	9.63982	9.34649
BLOCK15/SES157/SA157S26	SES147	-0.395034	8.95146	9.34649
BLOCK15/SES157/SA157S26	SES148	-0.0372314	9.30926	9.34649
BLOCK16/SES161/SA161S10	SES007	-0.110449	6.646	6.75645
BLOCK16/SES161/SA161S10	SES105	0.284976	7.04143	6.75645
BLOCK16/SES161/SA161S10	SES158	0.432142	7.1886	6.75645
BLOCK16/SES161/SA161S10	SES275	-0.0222697	6.73418	6.75645
BLOCK16/SES161/SA161S12	SES007	-0.249036	7.77861	8.02764
BLOCK16/SES161/SA161S12	SES105	-0.734512	7.29313	8.02764
BLOCK16/SES161/SA161S12	SES158	0.307944	8.33559	8.02764
BLOCK16/SES161/SA161S12	SES275	0.00175858	8.0294	8.02764
BLOCK16/SES161/SA161S20	SES007	-0.0913973	6.29003	6.38142
BLOCK16/SES161/SA161S20	SES105	-0.345168	6.03626	6.38142
BLOCK16/SES161/SA161S20	SES158	0.620064	7.00149	6.38142
BLOCK16/SES161/SA161S20	SES275	0.0428495	6.42427	6.38142
BLOCK16/SES161/SA161S23	SES007	-0.41392	7.58293	7.99685
BLOCK16/SES161/SA161S23	SES105	-0.176	7.82085	7.99685
BLOCK16/SES161/SA161S23	SES148	-0.0820556	7.91479	7.99685
BLOCK16/SES161/SA161S23	SES158	-0.0706959	7.92615	7.99685
BLOCK16/SES161/SA161S28	SES007	-0.349131	7.0599	7.40903
BLOCK16/SES161/SA161S28	SES105	-0.275851	7.13318	7.40903
BLOCK16/SES161/SA161S28	SES158	1.03775	8.44678	7.40903
BLOCK16/SES161/SA161S28	SES206	0.944479	8.35351	7.40903
BLOCK16/SES164/SA164S11	SES104	0.703388	7.704	7.00061
BLOCK16/SES164/SA164S11	SES125	1.05781	8.05842	7.00061
BLOCK16/SES164/SA164S11	SES158	1.65769	8.6583	7.00061
BLOCK16/SES164/SA164S11	SES206	0.751538	7.75215	7.00061
BLOCK16/SES164/SA164S13	SES099	-0.161843	5.6314	5.79324
BLOCK16/SES164/SA164S13	SES104	-0.561059	5.23218	5.79324
BLOCK16/SES164/SA164S13	SES125	0.572147	6.36539	5.79324
BLOCK16/SES164/SA164S13	SES206	0.116074	5.90931	5.79324
BLOCK16/SES164/SA164S24	SES002	1.58487	7.31231	5.72744
BLOCK16/SES164/SA164S24	SES099	0.829437	6.55687	5.72744
BLOCK16/SES164/SA164S24	SES125	0.530972	6.25841	5.72744
BLOCK16/SES164/SA164S24	SES226	1.52955	7.25698	5.72744
BLOCK16/SES164/SA164S27	SES087	0.657567	6.62073	5.96316
BLOCK16/SES164/SA164S27	SES125	0.946673	6.90984	5.96316
BLOCK16/SES164/SA164S27	SES206	0.337876	6.30104	5.96316
BLOCK16/SES164/SA164S27	SES226	0.411774	6.37494	5.96316
BLOCK16/SES164/SA164S29	SES002	0.461911	6.72215	6.26024
BLOCK16/SES164/SA164S29	SES019	-0.153139	6.1071	6.26024
BLOCK16/SES164/SA164S29	SES125	0.408284	6.66853	6.26024
BLOCK16/SES164/SA164S29	SES226	-0.102412	6.15783	6.26024
BLOCK16/SES169/SA169S13	SES117	0.387568	8.72121	8.33364
BLOCK16/SES169/SA169S13	SES144	0.228962	8.5626	8.33364
BLOCK16/SES169/SA169S13	SES146	0.274442	8.60808	8.33364
BLOCK16/SES169/SA169S13	SES162	0.314446	8.64809	8.33364
BLOCK16/SES169/SA169S14	SES144	0.516951	10.0838	9.56681
BLOCK16/SES169/SA169S14	SES148	-0.261271	9.30554	9.56681
BLOCK16/SES169/SA169S14	SES177	0.637499	10.2043	9.56681
BLOCK16/SES169/SA169S14	SES180	0.422701	9.98952	9.56681
BLOCK16/SES169/SA169S24	SES117	0.871445	8.18049	7.30905
BLOCK16/SES169/SA169S24	SES144	0.199292	7.50834	7.30905
BLOCK16/SES169/SA169S24	SES146	-0.0432973	7.26575	7.30905
BLOCK16/SES169/SA169S24	SES162	0.67094	7.97999	7.30905
BLOCK16/SES169/SA169S27	SES127	0.0161552	8.2579	8.24175
BLOCK16/SES169/SA169S27	SES129	-0.143233	8.09851	8.24175
BLOCK16/SES169/SA169S27	SES144	-0.443633	7.79811	8.24175
BLOCK16/SES169/SA169S27	SES146	0.7168	8.95855	8.24175
BLOCK16/SES169/SA169S29	SES144	0.687695	10.0504	9.36267
BLOCK16/SES169/SA169S29	SES162	0.699658	10.0623	9.36267
BLOCK16/SES169/SA169S29	SES177	-0.020854	9.34182	9.36267
BLOCK16/SES169/SA169S29	SES180	0.416199	9.77887	9.36267
BLOCK17/SES171/SA171S12	SES083	-0.0689864	6.94793	7.01692
BLOCK17/SES171/SA171S12	SES148	0.0424938	7.05941	7.01692
BLOCK17/SES171/SA171S12	SES172	0.113186	7.1301	7.01692
BLOCK17/SES171/SA171S12	SES292	0.151699	7.16862	7.01692
BLOCK17/SES171/SA171S15	SES148	0.115709	8.32918	8.21347
BLOCK17/SES171/SA171S15	SES177	-0.630455	7.58302	8.21347
BLOCK17/SES171/SA171S15	SES180	-0.580124	7.63335	8.21347
BLOCK17/SES171/SA171S15	SES292	0.138282	8.35175	8.21347
BLOCK17/SES171/SA171S22	SES007	-0.092062	9.03938	9.13144
BLOCK17/SES171/SA171S22	SES148	0.529211	9.66065	9.13144
BLOCK17/SES171/SA171S22	SES177	0.617816	9.74926	9.13144
BLOCK17/SES171/SA171S22	SES180	-0.147071	8.98437	9.13144
BLOCK17/SES171/SA171S25	SES101	0.669747	7.41493	6.74518
BLOCK17/SES171/SA171S25	SES120	-0.0240335	6.72115	6.74518
BLOCK17/SES171/SA171S25	SES177	0.557837	7.30302	6.74518
BLOCK17/SES171/SA171S25	SES180	-0.100628	6.64455	6.74518
BLOCK17/SES171/SA171S27	SES177	0.687151	8.71503	8.02788
BLOCK17/SES171/SA171S27	SES180	-0.593254	7.43463	8.02788
BLOCK17/SES171/SA171S27	SES189	0.373939	8.40182	8.02788
BLOCK17/SES171/SA171S27	SES292	-0.0101366	8.01775	8.02788
BLOCK17/SES173/SA173S13	SES162	-0.689556	7.77763	8.46719
BLOCK17/SES173/SA173S13	SES177	-0.472934	7.99425	8.46719
BLOCK17/SES173/SA173S13	SES180	-0.844894	7.62229	8.46719
BLOCK17/SES173/SA173S13	SES292	0.991674	9.45886	8.46719
BLOCK17/SES173/SA173S14	SES007	0.360095	8.6166	8.25651
BLOCK17/SES173/SA173S14	SES162	-0.378976	7.87753	8.25651
BLOCK17/SES173/SA173S14	SES177	0.0506868	8.3072	8.25651
BLOCK17/SES173/SA173S14	SES180	-0.425996	7.83051	8.25651
BLOCK17/SES173/SA173S24	SES144	0.438756	7.21075	6.772
BLOCK17/SES173/SA173S24	SES162	-0.0880151	6.68398	6.772
BLOCK17/SES173/SA173S24	SES177	0.161396	6.93339	6.772
BLOCK17/SES173/SA173S24	SES180	-0.633702	6.1383	6.772
BLOCK17/SES173/SA173S27	SES162	0.0335093	8.02375	7.99024
BLOCK17/SES173/SA173S27	SES177	0.122944	8.11318	7.99024
BLOCK17/SES173/SA173S27	SES180	-0.470551	7.51969	7.99024
BLOCK17/SES173/SA173S27	SES292	1.16017	9.15041	7.99024
BLOCK17/SES173/SA173S29	SES162	-0.117758	6.95275	7.07051
BLOCK17/SES173/SA173S29	SES175	-0.348775	6.72173	7.07051
BLOCK17/SES173/SA173S29	SES177	0.380861	7.45137	7.07051
BLOCK17/SES173/SA173S29	SES292	0.570647	7.64116	7.07051
BLOCK18/SES182/SA182S10	SES144	0.412078	9.04613	8.63405
BLOCK18/SES182/SA182S10	SES177	-0.303256	8.33079	8.63405
BLOCK18/SES182/SA182S10	SES180	-0.396369	8.23768	8.63405
BLOCK18/SES182/SA182S10	SES275	0.132138	8.76619	8.63405
BLOCK18/SES182/SA182S12	SES144	0.752035	10.9829	10.2309
BLOCK18/SES182/SA182S12	SES177	0.830173	11.0611	10.2309
BLOCK18/SES182/SA182S12	SES180	0.352757	10.5837	10.2309
BLOCK18/SES182/SA182S12	SES275	0.398678	10.6296	10.2309
BLOCK18/SES182/SA182S21	SES117	0.049366	7.86138	7.81202
BLOCK18/SES182/SA182S21	SES144	-0.111391	7.70063	7.81202
BLOCK18/SES182/SA182S21	SES162	0.235236	8.04725	7.81202
BLOCK18/SES182/SA182S21	SES180	-0.286153	7.52586	7.81202
BLOCK18/SES182/SA182S23	SES117	0.447345	9.0707	8.62336
BLOCK18/SES182/SA182S23	SES144	-0.102206	8.52115	8.62336
BLOCK18/SES182/SA182S23	SES180	-0.694845	7.92851	8.62336
BLOCK18/SES182/SA182S23	SES275	0.438187	9.06154	8.62336
BLOCK18/SES182/SA182S25	SES007	0.463649	8.51646	8.05281
BLOCK18/SES182/SA182S25	SES162	0.551791	8.6046	8.05281
BLOCK18/SES182/SA182S25	SES177	0.141358	8.19417	8.05281
BLOCK18/SES182/SA182S25	SES180	-0.138704	7.9141	8.05281
BLOCK18/SES184/SA184S12	SES177	0.294368	8.25406	7.95969
BLOCK18/SES184/SA184S12	SES180	0.0395565	7.99925	7.95969
BLOCK18/SES184/SA184S12	SES189	-0.0152044	7.94449	7.95969
BLOCK18/SES184/SA184S12	SES292	-0.128426	7.83126	7.95969
BLOCK18/SES184/SA184S13	SES101	-0.00484371	7.68019	7.68504
BLOCK18/SES184/SA184S13	SES177	-0.570735	7.1143	7.68504
BLOCK18/SES184/SA184S13	SES180	-0.304438	7.3806	7.68504
BLOCK18/SES184/SA184S13	SES292	-0.131845	7.55319	7.68504
BLOCK18/SES184/SA184S22	SES177	-0.387695	7.37474	7.76243
BLOCK18/SES184/SA184S22	SES180	0.0573325	7.81976	7.76243
BLOCK18/SES184/SA184S22	SES189	0.108204	7.87064	7.76243
BLOCK18/SES184/SA184S22	SES292	0.0301585	7.79259	7.76243
BLOCK18/SES184/SA184S25	SES101	0.459824	9.07214	8.61232
BLOCK18/SES184/SA184S25	SES177	-0.547674	8.06464	8.61232
BLOCK18/SES184/SA184S25	SES180	0.270879	8.88319	8.61232
BLOCK18/SES184/SA184S25	SES292	0.292659	8.90497	8.61232
BLOCK18/SES184/SA184S27	SES083	0.211183	8.34033	8.12914
BLOCK18/SES184/SA184S27	SES177	-0.803251	7.32589	8.12914
BLOCK18/SES184/SA184S27	SES202	0.294773	8.42392	8.12914
BLOCK18/SES184/SA184S27	SES292	-0.0343761	8.09477	8.12914
BLOCK20/SES204/SA204S12	SES062	0.330954	8.56502	8.23407
BLOCK20/SES204/SA204S12	SES083	-0.122025	8.11204	8.23407
BLOCK20/SES204/SA204S12	SES206	1.00215	9.23622	8.23407
BLOCK20/SES204/SA204S12	SES226	0.453671	8.68774	8.23407
BLOCK20/SES204/SA204S14	SES068	1.15531	11.019	9.86369
BLOCK20/SES204/SA204S14	SES087	1.42408	11.2878	9.86369
BLOCK20/SES204/SA204S14	SES206	0.862047	10.7257	9.86369
BLOCK20/SES204/SA204S14	SES226	0.634048	10.4977	9.86369
BLOCK20/SES204/SA204S22	SES068	1.25392	9.36946	8.11554
BLOCK20/SES204/SA204S22	SES082	0.359841	8.47538	8.11554
BLOCK20/SES204/SA204S22	SES083	0.276065	8.3916	8.11554
BLOCK20/SES204/SA204S22	SES206	1.44813	9.56367	8.11554
BLOCK20/SES204/SA204S25	SES062	-0.311338	8.18233	8.49367
BLOCK20/SES204/SA204S25	SES083	-0.0201769	8.47349	8.49367
BLOCK20/SES204/SA204S25	SES206	1.32897	9.82264	8.49367
BLOCK20/SES204/SA204S25	SES226	0.425738	8.9194	8.49367
BLOCK20/SES204/SA204S27	SES068	0.959182	8.4714	7.51222
BLOCK20/SES204/SA204S27	SES082	0.222504	7.73472	7.51222
BLOCK20/SES204/SA204S27	SES087	1.21816	8.73038	7.51222
BLOCK20/SES204/SA204S27	SES206	0.748085	8.26031	7.51222
BLOCK20/SES207/SA207S10	SES127	0.125657	8.49895	8.37329
BLOCK20/SES207/SA207S10	SES183	0.647344	9.02063	8.37329
BLOCK20/SES207/SA207S10	SES189	0.152061	8.52535	8.37329
BLOCK20/SES207/SA207S10	SES292	-0.0875101	8.28578	8.37329
BLOCK20/SES207/SA207S11	SES127	0.0273323	8.6227	8.59537
BLOCK20/SES207/SA207S11	SES183	0.385726	8.98109	8.59537
BLOCK20/SES207/SA207S11	SES187	0.29834	8.89371	8.59537
BLOCK20/SES207/SA207S11	SES292	-0.0533819	8.54199	8.59537
BLOCK20/SES207/SA207S25	SES068	0.510978	8.32015	7.80917
BLOCK20/SES207/SA207S25	SES083	0.267755	8.07693	7.80917
BLOCK20/SES207/SA207S25	SES127	0.928246	8.73742	7.80917
BLOCK20/SES207/SA207S25	SES187	0.697642	8.50681	7.80917
BLOCK20/SES207/SA207S27	SES127	-0.062799	7.57062	7.63342
BLOCK20/SES207/SA207S27	SES183	0.468003	8.10142	7.63342
BLOCK20/SES207/SA207S27	SES187	0.279279	7.9127	7.63342
BLOCK20/SES207/SA207S27	SES292	-0.158061	7.47536	7.63342
BLOCK20/SES207/SA207S29	SES083	0.219928	8.27131	8.05138
BLOCK20/SES207/SA207S29	SES085	0.832571	8.88395	8.05138
BLOCK20/SES207/SA207S29	SES172	0.428258	8.47964	8.05138
BLOCK20/SES207/SA207S29	SES189	-0.311109	7.74027	8.05138
BLOCK22/SES221/SA221S12	SES068	1.44561	10.148	8.70242
BLOCK22/SES221/SA221S12	SES143	0.161122	8.86354	8.70242
BLOCK22/SES221/SA221S12	SES175	0.172971	8.87539	8.70242
BLOCK22/SES221/SA221S12	SES202	0.651143	9.35356	8.70242
BLOCK22/SES221/SA221S15	SES085	1.28191	9.15946	7.87755
BLOCK22/SES221/SA221S15	SES143	-0.0830264	7.79452	7.87755
BLOCK22/SES221/SA221S15	SES175	0.0664802	7.94403	7.87755
BLOCK22/SES221/SA221S15	SES187	0.156483	8.03403	7.87755
BLOCK22/SES221/SA221S23	SES068	1.64007	10.0385	8.39842
BLOCK22/SES221/SA221S23	SES143	0.322974	8.72139	8.39842
BLOCK22/SES221/SA221S23	SES175	0.353008	8.75142	8.39842
BLOCK22/SES221/SA221S23	SES189	0.521894	8.92031	8.39842
BLOCK22/SES221/SA221S27	SES085	2.16756	10.5345	8.36698
BLOCK22/SES221/SA221S27	SES143	0.77	9.13698	8.36698
BLOCK22/SES221/SA221S27	SES175	-0.0382071	8.32878	8.36698
BLOCK22/SES221/SA221S27	SES189	0.723398	9.09038	8.36698
BLOCK22/SES221/SA221S29	SES085	2.06565	9.8282	7.76255
BLOCK22/SES221/SA221S29	SES143	0.341152	8.1037	7.76255
BLOCK22/SES221/SA221S29	SES175	0.791479	8.55403	7.76255
BLOCK22/SES221/SA221S29	SES187	0.925389	8.68794	7.76255
BLOCK22/SES223/SA223S11	SES143	0.0348744	6.91504	6.88016
BLOCK22/SES223/SA223S11	SES144	-0.0108848	6.86928	6.88016
BLOCK22/SES223/SA223S11	SES175	0.341989	7.22215	6.88016
BLOCK22/SES223/SA223S11	SES187	0.0408888	6.92105	6.88016
BLOCK22/SES223/SA223S13	SES068	1.49263	7.84522	6.35259
BLOCK22/SES223/SA223S13	SES143	-0.199841	6.15275	6.35259
BLOCK22/SES223/SA223S13	SES146	0.461758	6.81435	6.35259
BLOCK22/SES223/SA223S13	SES202	0.491927	6.84452	6.35259
BLOCK22/SES223/SA223S22	SES143	0.0141001	6.67666	6.66256
BLOCK22/SES223/SA223S22	SES144	-0.107234	6.55533	6.66256
BLOCK22/SES223/SA223S22	SES175	-0.125876	6.53669	6.66256
BLOCK22/SES223/SA223S22	SES187	0.261127	6.92369	6.66256
BLOCK22/SES223/SA223S25	SES068	1.01591	8.43421	7.4183
BLOCK22/SES223/SA223S25	SES143	0.0464349	7.46474	7.4183
BLOCK22/SES223/SA223S25	SES175	0.523429	7.94173	7.4183
BLOCK22/SES223/SA223S25	SES187	0.376201	7.7945	7.4183
BLOCK22/SES223/SA223S27	SES143	0.0476437	6.94613	6.89849
BLOCK22/SES223/SA223S27	SES146	0.180141	7.07863	6.89849
BLOCK22/SES223/SA223S27	SES187	-0.0121531	6.88634	6.89849
BLOCK22/SES223/SA223S27	SES292	0.517524	7.41601	6.89849
BLOCK27/SES273/SA273S12	SES099	0.432287	9.32099	8.8887
BLOCK27/SES273/SA273S12	SES104	0.941229	9.82993	8.8887
BLOCK27/SES273/SA273S12	SES125	0.29064	9.17934	8.8887
BLOCK27/SES273/SA273S12	SES206	0.761885	9.65058	8.8887
BLOCK27/SES273/SA273S13	SES099	0.234424	9.64461	9.41019
BLOCK27/SES273/SA273S13	SES104	0.334122	9.74431	9.41019
BLOCK27/SES273/SA273S13	SES206	0.197726	9.60792	9.41019
BLOCK27/SES273/SA273S13	SES292	0.584314	9.9945	9.41019
BLOCK27/SES273/SA273S21	SES099	0.282558	8.96014	8.67758
BLOCK27/SES273/SA273S21	SES148	-0.383403	8.29418	8.67758
BLOCK27/SES273/SA273S21	SES149	-0.0733976	8.60419	8.67758
BLOCK27/SES273/SA273S21	SES177	0.23235	8.90993	8.67758
BLOCK27/SES273/SA273S25	SES104	0.502611	8.81395	8.31134
BLOCK27/SES273/SA273S25	SES125	0.511518	8.82286	8.31134
BLOCK27/SES273/SA273S25	SES158	0.195158	8.5065	8.31134
BLOCK27/SES273/SA273S25	SES206	1.03232	9.34366	8.31134
BLOCK27/SES273/SA273S27	SES099	0.274737	9.79195	9.51722
BLOCK27/SES273/SA273S27	SES104	0.15975	9.67697	9.51722
BLOCK27/SES273/SA273S27	SES149	0.601858	10.1191	9.51722
BLOCK27/SES273/SA273S27	SES275	0.223693	9.74091	9.51722
BLOCK27/SES274/SA274S10	SES105	-0.340499	9.44937	9.78987
BLOCK27/SES274/SA274S10	SES125	-0.784431	9.00544	9.78987
BLOCK27/SES274/SA274S10	SES129	0.604362	10.3942	9.78987
BLOCK27/SES274/SA274S10	SES158	-0.773483	9.01639	9.78987
BLOCK27/SES274/SA274S11	SES105	0.384088	9.91134	9.52726
BLOCK27/SES274/SA274S11	SES149	-0.169869	9.35739	9.52726
BLOCK27/SES274/SA274S11	SES158	-0.357624	9.16963	9.52726
BLOCK27/SES274/SA274S11	SES275	0.476237	10.0035	9.52726
BLOCK27/SES274/SA274S21	SES105	0.26	9.85399	9.59399
BLOCK27/SES274/SA274S21	SES129	0.842756	10.4367	9.59399
BLOCK27/SES274/SA274S21	SES149	0.158777	9.75276	9.59399
BLOCK27/SES274/SA274S21	SES158	-0.731437	8.86255	9.59399
BLOCK27/SES274/SA274S24	SES105	0.156186	9.40392	9.24774
BLOCK27/SES274/SA274S24	SES129	0.496769	9.74451	9.24774
BLOCK27/SES274/SA274S24	SES149	-0.131146	9.11659	9.24774
BLOCK27/SES274/SA274S24	SES158	-0.648943	8.5988	9.24774
BLOCK27/SES274/SA274S29	SES105	-0.0738697	8.86617	8.94003
BLOCK27/SES274/SA274S29	SES106	-0.222315	8.71772	8.94003
BLOCK27/SES274/SA274S29	SES120	0.559267	9.4993	8.94003
BLOCK27/SES274/SA274S29	SES275	0.539816	9.47985	8.94003
BLOCK27/SES276/SA276S16	SES148	0.314618	8.00976	7.69514
BLOCK27/SES276/SA276S16	SES172	0.218759	7.9139	7.69514
BLOCK27/SES276/SA276S16	SES180	0.767375	8.46252	7.69514
BLOCK27/SES276/SA276S16	SES292	0.781968	8.47711	7.69514
BLOCK27/SES276/SA276S17	SES101	0.999424	9.44355	8.44412
BLOCK27/SES276/SA276S17	SES177	-0.276964	8.16716	8.44412
BLOCK27/SES276/SA276S17	SES180	0.35088	8.795	8.44412
BLOCK27/SES276/SA276S17	SES292	0.492944	8.93707	8.44412
BLOCK27/SES276/SA276S24	SES101	0.938078	10.0374	9.09931
BLOCK27/SES276/SA276S24	SES177	0.316242	9.41555	9.09931
BLOCK27/SES276/SA276S24	SES180	0.736409	9.83572	9.09931
BLOCK27/SES276/SA276S24	SES292	0.271404	9.37071	9.09931
BLOCK27/SES276/SA276S26	SES101	0.316875	9.2232	8.90633
BLOCK27/SES276/SA276S26	SES177	0.495654	9.40198	8.90633
BLOCK27/SES276/SA276S26	SES180	0.592216	9.49854	8.90633
BLOCK27/SES276/SA276S26	SES292	0.632622	9.53895	8.90633
BLOCK27/SES276/SA276S28	SES101	1.0061	10.0345	9.02843
BLOCK27/SES276/SA276S28	SES177	-0.377831	8.6506	9.02843
BLOCK27/SES276/SA276S28	SES180	0.629627	9.65806	9.02843
BLOCK27/SES276/SA276S28	SES292	0.778383	9.80681	9.02843
BLOCK27/SES277/SA277S12	SES101	0.915136	8.56272	7.64758
BLOCK27/SES277/SA277S12	SES177	-0.224145	7.42344	7.64758
BLOCK27/SES277/SA277S12	SES180	0.200222	7.8478	7.64758
BLOCK27/SES277/SA277S12	SES292	0.282035	7.92962	7.64758
BLOCK27/SES277/SA277S14	SES177	0.478891	7.50559	7.0267
BLOCK27/SES277/SA277S14	SES180	-0.714858	6.31185	7.0267
BLOCK27/SES277/SA277S14	SES189	0.955335	7.98204	7.0267
BLOCK27/SES277/SA277S14	SES292	-0.0867686	6.93994	7.0267
BLOCK27/SES277/SA277S21	SES177	0.75445	9.08914	8.33469
BLOCK27/SES277/SA277S21	SES180	-0.151716	8.18297	8.33469
BLOCK27/SES277/SA277S21	SES189	0.977837	9.31253	8.33469
BLOCK27/SES277/SA277S21	SES292	0.11583	8.45052	8.33469
BLOCK27/SES277/SA277S24	SES144	0.34814	6.97629	6.62815
BLOCK27/SES277/SA277S24	SES177	0.256965	6.88511	6.62815
BLOCK27/SES277/SA277S24	SES180	-0.590979	6.03717	6.62815
BLOCK27/SES277/SA277S24	SES189	0.738567	7.36672	6.62815
BLOCK27/SES277/SA277S29	SES177	0.310775	9.18982	8.87905
BLOCK27/SES277/SA277S29	SES180	-0.020524	8.85853	8.87905
BLOCK27/SES277/SA277S29	SES202	0.330288	9.20934	8.87905
BLOCK27/SES277/SA277S29	SES292	-0.129352	8.7497	8.87905
BLOCK27/SES279/SA279S09	SES120	0.223406	8.8169	8.59349
BLOCK27/SES279/SA279S09	SES146	-0.723507	7.86999	8.59349
BLOCK27/SES279/SA279S09	SES206	0.367852	8.96134	8.59349
BLOCK27/SES279/SA279S09	SES226	-0.0935965	8.4999	8.59349
BLOCK27/SES279/SA279S10	SES099	0.396276	8.95797	8.56169
BLOCK27/SES279/SA279S10	SES206	0.384063	8.94576	8.56169
BLOCK27/SES279/SA279S10	SES226	0.200571	8.76226	8.56169
BLOCK27/SES279/SA279S10	SES292	0.670924	9.23262	8.56169
BLOCK27/SES279/SA279S20	SES099	0.0516901	7.92466	7.87297
BLOCK27/SES279/SA279S20	SES206	0.275367	8.14834	7.87297
BLOCK27/SES279/SA279S20	SES226	-0.207243	7.66573	7.87297
BLOCK27/SES279/SA279S20	SES292	0.703743	8.57671	7.87297
BLOCK27/SES279/SA279S26	SES099	0.780488	8.14475	7.36426
BLOCK27/SES279/SA279S26	SES206	1.37832	8.74258	7.36426
BLOCK27/SES279/SA279S26	SES226	0.631932	7.99619	7.36426
BLOCK27/SES279/SA279S26	SES292	1.23283	8.59709	7.36426
BLOCK27/SES279/SA279S28	SES099	0.298961	10.1957	9.89677
BLOCK27/SES279/SA279S28	SES120	0.470785	10.3676	9.89677
BLOCK27/SES279/SA279S28	SES177	-0.0259943	9.87078	9.89677
BLOCK27/SES279/SA279S28	SES206	0.363963	10.2607	9.89677
BLOCK29/SES290/SA290S12	SES162	1.2073	11.0635	9.85624
BLOCK29/SES290/SA290S12	SES177	0.73331	10.5896	9.85624
BLOCK29/SES290/SA290S12	SES180	0.793524	10.6498	9.85624
BLOCK29/SES290/SA290S12	SES292	0.430634	10.2869	9.85624
BLOCK29/SES290/SA290S13	SES007	0.309657	8.90707	8.59741
BLOCK29/SES290/SA290S13	SES162	0.115487	8.7129	8.59741
BLOCK29/SES290/SA290S13	SES177	0.407632	9.00504	8.59741
BLOCK29/SES290/SA290S13	SES180	0.360178	8.95759	8.59741
BLOCK29/SES290/SA290S22	SES177	0.384521	9.66005	9.27553
BLOCK29/SES290/SA290S22	SES180	0.574632	9.85016	9.27553
BLOCK29/SES290/SA290S22	SES202	-0.189898	9.08563	9.27553
BLOCK29/SES290/SA290S22	SES292	0.361968	9.63749	9.27553
BLOCK29/SES290/SA290S25	SES162	0.849895	10.6569	9.807
BLOCK29/SES290/SA290S25	SES177	0.158886	9.96588	9.807
BLOCK29/SES290/SA290S25	SES180	0.611356	10.4184	9.807
BLOCK29/SES290/SA290S25	SES292	0.533134	10.3401	9.807
BLOCK29/SES290/SA290S29	SES177	0.652838	10.1279	9.47508
BLOCK29/SES290/SA290S29	SES180	0.662723	10.1378	9.47508
BLOCK29/SES290/SA290S29	SES275	0.251689	9.72677	9.47508
BLOCK29/SES290/SA290S29	SES292	0.388817	9.8639	9.47508
BLOCK29/SES291/SA291S11	SES105	-0.527112	5.79934	6.32645
BLOCK29/SES291/SA291S11	SES125	0.65776	6.98421	6.32645
BLOCK29/SES291/SA291S11	SES158	0.774325	7.10077	6.32645
BLOCK29/SES291/SA291S11	SES275	-0.595145	5.7313	6.32645
BLOCK29/SES291/SA291S12	SES158	1.65365	8.44296	6.78931
BLOCK29/SES291/SA291S12	SES226	0.712451	7.50176	6.78931
BLOCK29/SES291/SA291S12	SES270	1.50539	8.2947	6.78931
BLOCK29/SES291/SA291S12	SES275	-1.26569	5.52362	6.78931
BLOCK29/SES291/SA291S22	SES082	0.532772	7.8441	7.31133
BLOCK29/SES291/SA291S22	SES158	0.801681	8.11301	7.31133
BLOCK29/SES291/SA291S22	SES259	0.349028	7.66036	7.31133
BLOCK29/SES291/SA291S22	SES275	-0.789589	6.52174	7.31133
BLOCK29/SES291/SA291S24	SES104	1.21603	9.5283	8.31226
BLOCK29/SES291/SA291S24	SES125	0.69457	9.00683	8.31226
BLOCK29/SES291/SA291S24	SES158	0.816624	9.12889	8.31226
BLOCK29/SES291/SA291S24	SES275	-1.15966	7.1526	8.31226
BLOCK29/SES291/SA291S27	SES158	1.48029	8.6747	7.19441
BLOCK29/SES291/SA291S27	SES172	-1.54922	5.64518	7.19441
BLOCK29/SES291/SA291S27	SES275	-0.846385	6.34802	7.19441
BLOCK29/SES291/SA291S27	SES292	0.630022	7.82443	7.19441
Threshold search:
THR	-1.8023351957	9	0(0)	1(1000)
THR	-1.750378143743	8.982	0(0)	0.998(998)
THR	-1.698421091786	8.982	0(0)	0.998(998)
THR	-1.646464039829	8.982	0(0)	0.998(998)
THR	-1.594506987872	8.982	0(0)	0.998(998)
THR	-1.542549935915	8.973	0(0)	0.997(997)
THR	-1.490592883958	8.964	0(0)	0.996(996)
THR	-1.438635832001	8.946	0(0)	0.994(994)
THR	-1.386678780044	8.928	0(0)	0.992(992)
THR	-1.334721728087	8.901	0(0)	0.989(989)
THR	-1.28276467613	8.901	0(0)	0.989(989)
THR	-1.230807624173	8.892	0(0)	0.988(988)
THR	-1.178850572216	8.874	0(0)	0.986(986)
THR	-1.126893520259	8.856	0(0)	0.984(984)
THR	-1.074936468302	8.829	0(0)	0.981(981)
THR	-1.022979416345	8.802	0(0)	0.978(978)
THR	-0.971022364387999	8.793	0(0)	0.977(977)
THR	-0.919065312430999	8.748	0(0)	0.972(972)
THR	-0.867108260473999	8.73	0(0)	0.97(970)
THR	-0.815151208516999	8.658	0(0)	0.962(962)
THR	-0.763194156559999	8.586	0(0)	0.954(954)
THR	-0.711237104602999	8.532	0(0)	0.948(948)
THR	-0.659280052645999	8.451	0(0)	0.939(939)
THR	-0.607323000688999	8.361	0(0)	0.929(929)
THR	-0.555365948731999	8.253	0(0)	0.917(917)
THR	-0.503408896774999	8.19	0(0)	0.91(910)
THR	-0.451451844817999	8.1	0(0)	0.9(900)
THR	-0.399494792860999	8.028	0(0)	0.892(892)
THR	-0.347537740903999	7.866	0(0)	0.874(874)
THR	-0.295580688946999	7.722	0(0)	0.858(858)
THR	-0.243623636989999	7.641	0(0)	0.849(849)
THR	-0.191666585032999	7.488	0(0)	0.832(832)
THR	-0.139709533075999	7.263	0(0)	0.807(807)
THR	-0.0877524811189994	6.903	0(0)	0.767(767)
THR	-0.0357954291619994	6.651	0(0)	0.739(739)
THR	0.0161616227950006	6.345	0(0)	0.705(705)
THR	0.0681186747520006	6.066	0(0)	0.674(674)
THR	0.120075726709001	5.85	0(0)	0.65(650)
THR	0.172032778666001	5.562	0(0)	0.618(618)
THR	0.223989830623001	5.193	0(0)	0.577(577)
THR	0.275946882580001	4.851	0(0)	0.539(539)
THR	0.327903934537001	4.45	0.004(1)	0.494(494)
THR	0.379860986494001	4.121	0.008(2)	0.457(457)
THR	0.431818038451001	3.777	0.024(6)	0.417(417)
THR	0.483775090408001	3.435	0.024(6)	0.379(379)
THR	0.535732142365001	3.07	0.028(7)	0.338(338)
THR	0.587689194322001	2.872	0.028(7)	0.316(316)
THR	0.639646246279001	2.511	0.036(9)	0.275(275)
THR	0.691603298236001	2.218	0.04(10)	0.242(242)
THR	0.743560350193	1.942	0.052(13)	0.21(210)
THR	0.79551740215	1.734	0.06(15)	0.186(186)
THR	0.847474454107	1.538	0.08(20)	0.162(162)
THR	0.899431506064	1.407	0.084(21)	0.147(147)
THR	0.951388558021	1.266	0.132(33)	0.126(126)
THR	1.003345609978	1.144	0.172(43)	0.108(108)
THR	1.055302661935	0.999	0.216(54)	0.087(87)
THR	1.107259713892	0.902	0.236(59)	0.074(74)
THR	1.159216765849	0.851	0.284(71)	0.063(63)
THR	1.211173817806	0.79	0.304(76)	0.054(54)
THR	1.263130869763	0.79	0.34(85)	0.05(50)
THR	1.31508792172	0.794	0.38(95)	0.046(46)
THR	1.367044973677	0.79	0.412(103)	0.042(42)
THR	1.419002025634	0.761	0.428(107)	0.037(37)
THR	1.470959077591	0.738	0.468(117)	0.03(30)
THR	1.522916129548	0.737	0.512(128)	0.025(25)
THR	1.574873181505	0.738	0.54(135)	0.022(22)
THR	1.626830233462	0.758	0.596(149)	0.018(18)
THR	1.678787285419	0.723	0.624(156)	0.011(11)
THR	1.730744337376	0.707	0.644(161)	0.007(7)
THR	1.782701389333	0.73	0.676(169)	0.006(6)
THR	1.83465844129	0.745	0.7(175)	0.005(5)
THR	1.886615493247	0.761	0.716(179)	0.005(5)
THR	1.938572545204	0.78	0.744(186)	0.004(4)
THR	1.990529597161	0.795	0.768(192)	0.003(3)
THR	2.042486649118	0.818	0.8(200)	0.002(2)
THR	2.094443701075	0.833	0.824(206)	0.001(1)
THR	2.146400753032	0.857	0.848(212)	0.001(1)
THR	2.198357804989	0.868	0.868(217)	0(0)
THR	2.250314856946	0.884	0.884(221)	0(0)
THR	2.302271908903	0.904	0.904(226)	0(0)
THR	2.35422896086	0.912	0.912(228)	0(0)
THR	2.406186012817	0.924	0.924(231)	0(0)
THR	2.458143064774	0.944	0.944(236)	0(0)
THR	2.510100116731	0.956	0.956(239)	0(0)
THR	2.562057168688	0.96	0.96(240)	0(0)
THR	2.614014220645	0.968	0.968(242)	0(0)
THR	2.665971272602	0.972	0.972(243)	0(0)
THR	2.717928324559	0.976	0.976(244)	0(0)
THR	2.769885376516	0.98	0.98(245)	0(0)
THR	2.821842428473	0.98	0.98(245)	0(0)
THR	2.87379948043	0.984	0.984(246)	0(0)
THR	2.925756532387	0.988	0.988(247)	0(0)
THR	2.977713584344	0.988	0.988(247)	0(0)
THR	3.029670636301	0.988	0.988(247)	0(0)
THR	3.081627688258	0.988	0.988(247)	0(0)
THR	3.133584740215	0.988	0.988(247)	0(0)
THR	3.185541792172	0.988	0.988(247)	0(0)
THR	3.237498844129	0.992	0.992(248)	0(0)
THR	3.289455896086	0.992	0.992(248)	0(0)
THR	3.341412948043	0.996	0.996(249)	0(0)
THR	3.39337	0.996	0.996(249)	0(0)
THR	3.445327051957	1	1(250)	0(0)


==============================================
THR: 1.730744337376
Missed:     161/250=0.6440
FalseAlarm: 7/1000=0.0070
----------------------------------------------
==> CostDetection: 70.7
==============================================
