BLOCK00/SES002/SA002S12	SES002	1.36183	-47.6579	-49.0197
BLOCK00/SES002/SA002S13	SES002	2.09913	-47.432	-49.5312
BLOCK00/SES002/SA002S23	SES002	1.49587	-47.4228	-48.9186
BLOCK00/SES002/SA002S26	SES002	1.61032	-47.5216	-49.1319
BLOCK00/SES002/SA002S28	SES002	1.63626	-48.004	-49.6403
BLOCK00/SES007/SA007S14	SES007	1.13128	-47.4215	-48.5528
BLOCK00/SES007/SA007S15	SES007	0.553612	-49.1464	-49.7
BLOCK00/SES007/SA007S24	SES007	0.80941	-48.8842	-49.6936
BLOCK00/SES007/SA007S27	SES007	0.484177	-49.5575	-50.0417
BLOCK00/SES007/SA007S29	SES007	0.406647	-48.3831	-48.7897
BLOCK00/SES008/SA008S11	SES008	0.685364	-49.0297	-49.715
BLOCK00/SES008/SA008S12	SES008	0.350029	-49.4941	-49.8442
BLOCK00/SES008/SA008S19	SES008	1.96917	-47.9359	-49.905
BLOCK00/SES008/SA008S22	SES008	1.02791	-49.2912	-50.3191
BLOCK00/SES008/SA008S29	SES008	1.44325	-47.9955	-49.4387
BLOCK01/SES014/SA014S10	SES014	2.26704	-47.9993	-50.2664
BLOCK01/SES014/SA014S12	SES014	3.15163	-45.5114	-48.6631
BLOCK01/SES014/SA014S24	SES014	1.85777	-47.3156	-49.1734
BLOCK01/SES014/SA014S26	SES014	2.58569	-45.2202	-47.8059
BLOCK01/SES014/SA014S28	SES014	3.17502	-45.4247	-48.5997
BLOCK01/SES016/SA016S12	SES016	1.69832	-50.1606	-51.8589
BLOCK01/SES016/SA016S13	SES016	1.57576	-48.8903	-50.4661
BLOCK01/SES016/SA016S22	SES016	0.787693	-49.7538	-50.5415
BLOCK01/SES016/SA016S25	SES016	1.51725	-47.0051	-48.5224
BLOCK01/SES016/SA016S27	SES016	1.25174	-47.5086	-48.7603
BLOCK01/SES019/SA019S13	SES019	3.11613	-48.2237	-51.3398
BLOCK01/SES019/SA019S14	SES019	2.10131	-48.4295	-50.5308
BLOCK01/SES019/SA019S22	SES019	3.05872	-47.7365	-50.7952
BLOCK01/SES019/SA019S25	SES019	2.4678	-48.3363	-50.8041
BLOCK01/SES019/SA019S29	SES019	3.10779	-47.9221	-51.0299
BLOCK02/SES029/SA029S11	SES029	1.0978	-48.6835	-49.7813
BLOCK02/SES029/SA029S12	SES029	0.623611	-48.9144	-49.538
BLOCK02/SES029/SA029S20	SES029	0.520863	-49.9188	-50.4396
BLOCK02/SES029/SA029S25	SES029	0.681725	-48.2891	-48.9708
BLOCK02/SES029/SA029S28	SES029	0.364559	-49.5183	-49.8829
BLOCK04/SES042/SA042S12	SES042	2.16545	-46.6541	-48.8195
BLOCK04/SES042/SA042S15	SES042	2.17284	-47.2911	-49.464
BLOCK04/SES042/SA042S22	SES042	3.27504	-45.0736	-48.3486
BLOCK04/SES042/SA042S25	SES042	1.97614	-47.9447	-49.9208
BLOCK04/SES042/SA042S27	SES042	2.04524	-46.4805	-48.5257
BLOCK04/SES048/SA048S11	SES048	1.18177	-48.4074	-49.5891
BLOCK04/SES048/SA048S12	SES048	0.398975	-48.5501	-48.9491
BLOCK04/SES048/SA048S20	SES048	1.12447	-47.9434	-49.0678
BLOCK04/SES048/SA048S23	SES048	1.37737	-48.3876	-49.7649
BLOCK04/SES048/SA048S27	SES048	0.887051	-47.4603	-48.3474
BLOCK06/SES060/SA060S11	SES060	1.21401	-48.5653	-49.7793
BLOCK06/SES060/SA060S12	SES060	-0.628151	-50.8578	-50.2297
BLOCK06/SES060/SA060S22	SES060	-0.564053	-51.2229	-50.6589
BLOCK06/SES060/SA060S24	SES060	1.03559	-48.3538	-49.3894
BLOCK06/SES060/SA060S28	SES060	1.23478	-46.3683	-47.6031
BLOCK06/SES062/SA062S10	SES062	0.731289	-48.5992	-49.3305
BLOCK06/SES062/SA062S11	SES062	1.20963	-48.1032	-49.3129
BLOCK06/SES062/SA062S21	SES062	2.06298	-45.3841	-47.4471
BLOCK06/SES062/SA062S26	SES062	0.456547	-47.62	-48.0766
BLOCK06/SES062/SA062S29	SES062	1.43209	-46.7681	-48.2002
BLOCK06/SES068/SA068S14	SES068	0.328938	-49.1138	-49.4428
BLOCK06/SES068/SA068S15	SES068	1.07623	-47.5744	-48.6506
BLOCK06/SES068/SA068S23	SES068	0.965874	-49.2713	-50.2372
BLOCK06/SES068/SA068S27	SES068	1.81539	-47.2623	-49.0777
BLOCK06/SES068/SA068S29	SES068	0.860271	-48.1601	-49.0203
BLOCK08/SES082/SA082S12	SES082	0.920925	-49.2536	-50.1745
BLOCK08/SES082/SA082S14	SES082	0.348717	-49.8954	-50.2441
BLOCK08/SES082/SA082S21	SES082	0.68198	-49.1762	-49.8582
BLOCK08/SES082/SA082S24	SES082	0.698807	-48.4185	-49.1173
BLOCK08/SES082/SA082S28	SES082	0.134411	-49.8247	-49.9591
BLOCK08/SES083/SA083S14	SES083	-0.344643	-49.7721	-49.4275
BLOCK08/SES083/SA083S15	SES083	0.252117	-49.0674	-49.3196
BLOCK08/SES083/SA083S24	SES083	0.28614	-49.127	-49.4131
BLOCK08/SES083/SA083S26	SES083	0.742676	-48.7348	-49.4774
BLOCK08/SES083/SA083S29	SES083	0.103832	-48.9173	-49.0211
BLOCK08/SES085/SA085S10	SES085	0.109016	-49.0173	-49.1263
BLOCK08/SES085/SA085S13	SES085	0.690075	-49.4817	-50.1718
BLOCK08/SES085/SA085S22	SES085	-2.22229	-51.7647	-49.5424
BLOCK08/SES085/SA085S26	SES085	-0.383656	-49.8026	-49.419
BLOCK08/SES085/SA085S28	SES085	0.878517	-48.6198	-49.4983
BLOCK08/SES087/SA087S15	SES087	1.70849	-48.1236	-49.8321
BLOCK08/SES087/SA087S16	SES087	1.90334	-48.0004	-49.9038
BLOCK08/SES087/SA087S24	SES087	1.46625	-48.2508	-49.7171
BLOCK08/SES087/SA087S26	SES087	1.62206	-47.0817	-48.7038
BLOCK08/SES087/SA087S29	SES087	1.91916	-48.1739	-50.093
BLOCK09/SES099/SA099S15	SES099	1.49545	-48.7195	-50.2149
BLOCK09/SES099/SA099S16	SES099	1.27571	-48.4149	-49.6906
BLOCK09/SES099/SA099S24	SES099	1.48261	-47.8005	-49.2831
BLOCK09/SES099/SA099S26	SES099	1.33843	-47.8807	-49.2192
BLOCK09/SES099/SA099S29	SES099	1.47014	-47.7852	-49.2554
BLOCK10/SES101/SA101S11	SES101	0.167198	-48.8278	-48.995
BLOCK10/SES101/SA101S13	SES101	1.22129	-47.5587	-48.78
BLOCK10/SES101/SA101S22	SES101	0.908329	-49.34	-50.2483
BLOCK10/SES101/SA101S24	SES101	1.36064	-48.5915	-49.9522
BLOCK10/SES101/SA101S28	SES101	0.535595	-49.6335	-50.1691
BLOCK10/SES104/SA104S11	SES104	0.98246	-47.2784	-48.2609
BLOCK10/SES104/SA104S12	SES104	1.38485	-47.1966	-48.5814
BLOCK10/SES104/SA104S21	SES104	1.34588	-48.1831	-49.5289
BLOCK10/SES104/SA104S24	SES104	0.773937	-48.7124	-49.4863
BLOCK10/SES104/SA104S28	SES104	1.21506	-48.1198	-49.3348
BLOCK10/SES105/SA105S12	SES105	0.500103	-49.7256	-50.2257
BLOCK10/SES105/SA105S13	SES105	0.996796	-49.0473	-50.0441
BLOCK10/SES105/SA105S22	SES105	0.545704	-50.1686	-50.7143
BLOCK10/SES105/SA105S26	SES105	1.46364	-49.0364	-50.5
BLOCK10/SES105/SA105S29	SES105	0.51482	-49.4561	-49.9709
BLOCK10/SES106/SA106S09	SES106	1.00108	-49.6806	-50.6817
BLOCK10/SES106/SA106S11	SES106	1.56685	-47.4497	-49.0166
BLOCK10/SES106/SA106S22	SES106	2.3068	-47.9245	-50.2313
BLOCK10/SES106/SA106S27	SES106	0.941833	-48.8133	-49.7551
BLOCK10/SES106/SA106S29	SES106	0.859951	-48.4929	-49.3528
BLOCK11/SES117/SA117S12	SES117	1.09185	-49.479	-50.5709
BLOCK11/SES117/SA117S13	SES117	0.618927	-49.1674	-49.7864
BLOCK11/SES117/SA117S23	SES117	1.90929	-50.2986	-52.2079
BLOCK11/SES117/SA117S25	SES117	1.0725	-49.957	-51.0295
BLOCK11/SES117/SA117S28	SES117	1.60034	-49.7344	-51.3348
BLOCK12/SES120/SA120S08	SES120	1.59137	-50.3802	-51.9715
BLOCK12/SES120/SA120S11	SES120	0.414368	-52.0088	-52.4232
BLOCK12/SES120/SA120S22	SES120	0.367218	-49.5921	-49.9593
BLOCK12/SES120/SA120S24	SES120	0.446938	-49.7989	-50.2458
BLOCK12/SES120/SA120S28	SES120	0.519547	-51.1567	-51.6763
BLOCK12/SES125/SA125S13	SES125	1.93539	-47.0918	-49.0272
BLOCK12/SES125/SA125S14	SES125	1.00508	-48.3276	-49.3327
BLOCK12/SES125/SA125S25	SES125	2.01423	-47.3784	-49.3926
BLOCK12/SES125/SA125S27	SES125	1.66618	-46.791	-48.4572
BLOCK12/SES125/SA125S29	SES125	1.70088	-47.5993	-49.3002
BLOCK12/SES127/SA127S11	SES127	1.24866	-48.7939	-50.0426
BLOCK12/SES127/SA127S12	SES127	-0.111732	-49.1515	-49.0398
BLOCK12/SES127/SA127S23	SES127	0.516205	-49.4144	-49.9306
BLOCK12/SES127/SA127S25	SES127	-0.219818	-49.9918	-49.772
BLOCK12/SES127/SA127S27	SES127	1.06187	-48.5157	-49.5776
BLOCK12/SES129/SA129S11	SES129	1.34766	-47.9597	-49.3074
BLOCK12/SES129/SA129S12	SES129	1.73773	-47.3991	-49.1368
BLOCK12/SES129/SA129S22	SES129	0.905651	-48.6171	-49.5228
BLOCK12/SES129/SA129S27	SES129	1.80231	-47.2863	-49.0886
BLOCK12/SES129/SA129S29	SES129	2.00437	-47.1102	-49.1146
BLOCK14/SES142/SA142S11	SES142	2.07623	-49.1521	-51.2283
BLOCK14/SES142/SA142S12	SES142	0.639198	-50.4708	-51.11
BLOCK14/SES142/SA142S24	SES142	2.01902	-48.8787	-50.8977
BLOCK14/SES142/SA142S27	SES142	2.32799	-48.5031	-50.8311
BLOCK14/SES142/SA142S29	SES142	2.41357	-47.7943	-50.2078
BLOCK14/SES143/SA143S12	SES143	1.22035	-49.4366	-50.6569
BLOCK14/SES143/SA143S13	SES143	0.797653	-49.7329	-50.5306
BLOCK14/SES143/SA143S23	SES143	1.32938	-49.5117	-50.841
BLOCK14/SES143/SA143S25	SES143	0.784416	-49.6667	-50.4511
BLOCK14/SES143/SA143S28	SES143	1.04306	-48.7992	-49.8422
BLOCK14/SES144/SA144S09	SES144	1.04944	-48.7384	-49.7879
BLOCK14/SES144/SA144S11	SES144	0.937931	-49.7833	-50.7213
BLOCK14/SES144/SA144S21	SES144	0.473022	-49.6564	-50.1294
BLOCK14/SES144/SA144S25	SES144	0.721554	-49.7611	-50.4827
BLOCK14/SES144/SA144S29	SES144	-0.00362778	-49.7329	-49.7293
BLOCK14/SES146/SA146S14	SES146	0.524792	-49.8377	-50.3625
BLOCK14/SES146/SA146S15	SES146	0.107536	-49.9341	-50.0416
BLOCK14/SES146/SA146S24	SES146	0.437481	-49.7212	-50.1587
BLOCK14/SES146/SA146S26	SES146	0.863247	-49.7375	-50.6007
BLOCK14/SES146/SA146S29	SES146	0.322151	-50.5077	-50.8298
BLOCK14/SES147/SA147S11	SES147	2.07643	-49.4341	-51.5105
BLOCK14/SES147/SA147S13	SES147	2.76736	-47.8633	-50.6307
BLOCK14/SES147/SA147S23	SES147	1.67883	-49.6392	-51.318
BLOCK14/SES147/SA147S26	SES147	1.53802	-49.6117	-51.1497
BLOCK14/SES147/SA147S28	SES147	2.33649	-48.4762	-50.8127
BLOCK14/SES148/SA148S10	SES148	1.2875	-48.355	-49.6425
BLOCK14/SES148/SA148S12	SES148	1.12014	-49.3751	-50.4952
BLOCK14/SES148/SA148S22	SES148	1.18811	-47.8411	-49.0292
BLOCK14/SES148/SA148S26	SES148	0.983086	-48.4633	-49.4464
BLOCK14/SES148/SA148S29	SES148	0.569294	-49.4686	-50.0378
BLOCK14/SES149/SA149S13	SES149	-0.087429	-49.3647	-49.2773
BLOCK14/SES149/SA149S14	SES149	0.283035	-48.6649	-48.948
BLOCK14/SES149/SA149S24	SES149	1.27866	-48.176	-49.4547
BLOCK14/SES149/SA149S26	SES149	2.0087	-47.2031	-49.2118
BLOCK14/SES149/SA149S28	SES149	2.45501	-46.5632	-49.0182
BLOCK15/SES158/SA158S13	SES158	1.21468	-49.0345	-50.2491
BLOCK15/SES158/SA158S14	SES158	1.90687	-48.3239	-50.2308
BLOCK15/SES158/SA158S23	SES158	0.986668	-48.6615	-49.6482
BLOCK15/SES158/SA158S26	SES158	1.69634	-48.4181	-50.1144
BLOCK15/SES158/SA158S28	SES158	0.941032	-48.9907	-49.9317
BLOCK16/SES162/SA162S10	SES162	0.670368	-49.9862	-50.6566
BLOCK16/SES162/SA162S11	SES162	0.946175	-49.0756	-50.0218
BLOCK16/SES162/SA162S21	SES162	1.66439	-48.8346	-50.499
BLOCK16/SES162/SA162S24	SES162	1.08814	-49.4426	-50.5307
BLOCK16/SES162/SA162S27	SES162	1.534	-49.4013	-50.9353
BLOCK16/SES167/SA167S14	SES167	0.861229	-48.0877	-48.9489
BLOCK16/SES167/SA167S15	SES167	1.46627	-48.572	-50.0383
BLOCK16/SES167/SA167S21	SES167	1.28776	-47.8295	-49.1172
BLOCK16/SES167/SA167S25	SES167	1.56038	-48.9754	-50.5358
BLOCK16/SES167/SA167S29	SES167	2.16748	-47.1002	-49.2677
BLOCK17/SES172/SA172S12	SES172	1.7081	-48.5198	-50.2279
BLOCK17/SES172/SA172S13	SES172	1.54863	-49.2777	-50.8263
BLOCK17/SES172/SA172S23	SES172	0.658657	-48.3812	-49.0399
BLOCK17/SES172/SA172S27	SES172	1.00156	-49.0561	-50.0577
BLOCK17/SES172/SA172S29	SES172	1.03997	-48.692	-49.732
BLOCK17/SES175/SA175S11	SES175	1.57817	-48.9183	-50.4965
BLOCK17/SES175/SA175S13	SES175	1.43673	-48.6986	-50.1353
BLOCK17/SES175/SA175S23	SES175	1.70025	-48.9139	-50.6142
BLOCK17/SES175/SA175S25	SES175	1.3114	-50.4416	-51.753
BLOCK17/SES175/SA175S28	SES175	1.65564	-48.4985	-50.1541
BLOCK17/SES177/SA177S15	SES177	-0.0876656	-49.8632	-49.7756
BLOCK17/SES177/SA177S17	SES177	0.440357	-49.3267	-49.7671
BLOCK17/SES177/SA177S23	SES177	-0.135864	-50.1027	-49.9668
BLOCK17/SES177/SA177S26	SES177	0.632816	-47.5443	-48.1771
BLOCK17/SES177/SA177S28	SES177	0.736694	-48.423	-49.1597
BLOCK18/SES180/SA180S13	SES180	0.765182	-49.2293	-49.9945
BLOCK18/SES180/SA180S15	SES180	0.603527	-49.9001	-50.5037
BLOCK18/SES180/SA180S24	SES180	0.852627	-47.8202	-48.6728
BLOCK18/SES180/SA180S26	SES180	0.849411	-48.5256	-49.375
BLOCK18/SES180/SA180S29	SES180	0.954575	-49.5142	-50.4688
BLOCK18/SES183/SA183S13	SES183	1.03524	-49.7619	-50.7971
BLOCK18/SES183/SA183S14	SES183	0.699856	-49.8707	-50.5706
BLOCK18/SES183/SA183S24	SES183	0.969711	-50.1069	-51.0766
BLOCK18/SES183/SA183S27	SES183	1.18827	-49.1982	-50.3865
BLOCK18/SES183/SA183S29	SES183	1.12407	-48.9407	-50.0647
BLOCK18/SES187/SA187S13	SES187	0.621181	-50.4095	-51.0307
BLOCK18/SES187/SA187S14	SES187	0.785374	-50.2145	-50.9999
BLOCK18/SES187/SA187S24	SES187	1.08383	-49.4798	-50.5636
BLOCK18/SES187/SA187S27	SES187	1.27908	-49.2168	-50.4958
BLOCK18/SES187/SA187S29	SES187	1.57908	-49.1921	-50.7711
BLOCK18/SES189/SA189S10	SES189	1.63146	-51.1903	-52.8218
BLOCK18/SES189/SA189S13	SES189	2.17865	-51.2358	-53.4144
BLOCK18/SES189/SA189S24	SES189	2.03371	-50.4475	-52.4812
BLOCK18/SES189/SA189S26	SES189	1.39804	-50.1811	-51.5791
BLOCK18/SES189/SA189S29	SES189	2.22622	-49.7567	-51.9829
BLOCK20/SES202/SA202S12	SES202	1.06715	-50.6711	-51.7382
BLOCK20/SES202/SA202S14	SES202	2.84414	-47.95	-50.7941
BLOCK20/SES202/SA202S24	SES202	1.68245	-49.2986	-50.981
BLOCK20/SES202/SA202S27	SES202	1.73989	-47.9436	-49.6834
BLOCK20/SES202/SA202S29	SES202	2.10402	-47.8551	-49.9591
BLOCK20/SES206/SA206S15	SES206	0.244785	-48.4161	-48.6609
BLOCK20/SES206/SA206S17	SES206	1.79206	-46.7854	-48.5774
BLOCK20/SES206/SA206S24	SES206	1.7487	-46.89	-48.6387
BLOCK20/SES206/SA206S27	SES206	1.60138	-47.85	-49.4514
BLOCK20/SES206/SA206S29	SES206	1.44169	-46.8131	-48.2548
BLOCK22/SES226/SA226S12	SES226	1.62001	-48.9749	-50.5949
BLOCK22/SES226/SA226S13	SES226	-0.226261	-49.9251	-49.6988
BLOCK22/SES226/SA226S20	SES226	1.20971	-49.057	-50.2668
BLOCK22/SES226/SA226S23	SES226	1.5441	-48.2255	-49.7696
BLOCK22/SES226/SA226S28	SES226	1.97469	-47.7696	-49.7443
BLOCK25/SES259/SA259S13	SES259	3.10453	-46.604	-49.7085
BLOCK25/SES259/SA259S14	SES259	1.66961	-48.0843	-49.7539
BLOCK25/SES259/SA259S22	SES259	1.61546	-47.8511	-49.4666
BLOCK25/SES259/SA259S24	SES259	2.26496	-46.5422	-48.8072
BLOCK25/SES259/SA259S28	SES259	1.79762	-47.1669	-48.9646
BLOCK27/SES270/SA270S14	SES270	1.95609	-48.6768	-50.6329
BLOCK27/SES270/SA270S16	SES270	0.67606	-49.1477	-49.8238
BLOCK27/SES270/SA270S22	SES270	2.24284	-47.8793	-50.1221
BLOCK27/SES270/SA270S26	SES270	1.36126	-49.5704	-50.9316
BLOCK27/SES270/SA270S28	SES270	0.96064	-48.4987	-49.4593
BLOCK27/SES275/SA275S17	SES275	1.23249	-49.4332	-50.6657
BLOCK27/SES275/SA275S18	SES275	0.602287	-49.2744	-49.8766
BLOCK27/SES275/SA275S24	SES275	0.678707	-50.4193	-51.098
BLOCK27/SES275/SA275S26	SES275	1.30312	-48.4548	-49.7579
BLOCK27/SES275/SA275S28	SES275	0.46352	-49.0552	-49.5188
BLOCK29/SES292/SA292S10	SES292	0.355022	-49.5883	-49.9434
BLOCK29/SES292/SA292S12	SES292	0.209473	-50.3972	-50.6067
BLOCK29/SES292/SA292S22	SES292	1.12928	-48.4786	-49.6078
BLOCK29/SES292/SA292S24	SES292	0.291145	-49.2445	-49.5357
BLOCK29/SES292/SA292S27	SES292	0.105667	-48.9094	-49.015
BLOCK00/SES001/SA001S14	SES062	-1.52448	-51.9031	-50.3786
BLOCK00/SES001/SA001S14	SES082	-3.03016	-53.4087	-50.3786
BLOCK00/SES001/SA001S14	SES106	-2.29944	-52.678	-50.3786
BLOCK00/SES001/SA001S14	SES206	-2.97305	-53.3516	-50.3786
BLOCK00/SES001/SA001S15	SES062	-1.87963	-51.2194	-49.3397
BLOCK00/SES001/SA001S15	SES104	-3.00706	-52.3468	-49.3397
BLOCK00/SES001/SA001S15	SES106	-2.17368	-51.5134	-49.3397
BLOCK00/SES001/SA001S15	SES206	-2.90401	-52.2437	-49.3397
BLOCK00/SES001/SA001S24	SES062	-2.52505	-53.2509	-50.7258
BLOCK00/SES001/SA001S24	SES082	-3.0611	-53.7869	-50.7258
BLOCK00/SES001/SA001S24	SES087	-3.14766	-53.8735	-50.7258
BLOCK00/SES001/SA001S24	SES206	-2.29226	-53.0181	-50.7258
BLOCK00/SES001/SA001S27	SES062	-2.07454	-51.3187	-49.2442
BLOCK00/SES001/SA001S27	SES082	-3.14094	-52.3851	-49.2442
BLOCK00/SES001/SA001S27	SES087	-3.50079	-52.745	-49.2442
BLOCK00/SES001/SA001S27	SES206	-3.43234	-52.6765	-49.2442
BLOCK00/SES001/SA001S29	SES062	-2.83413	-53.3521	-50.518
BLOCK00/SES001/SA001S29	SES082	-2.44664	-52.9646	-50.518
BLOCK00/SES001/SA001S29	SES158	-1.88723	-52.4052	-50.518
BLOCK00/SES001/SA001S29	SES206	-4.08602	-54.604	-50.518
BLOCK00/SES003/SA003S11	SES002	-1.00773	-50.7452	-49.7375
BLOCK00/SES003/SA003S11	SES019	-1.18291	-50.9204	-49.7375
BLOCK00/SES003/SA003S11	SES082	-0.173988	-49.9114	-49.7375
BLOCK00/SES003/SA003S11	SES125	-1.23691	-50.9744	-49.7375
BLOCK00/SES003/SA003S15	SES016	-3.18829	-52.5191	-49.3308
BLOCK00/SES003/SA003S15	SES019	-1.33688	-50.6676	-49.3308
BLOCK00/SES003/SA003S15	SES062	-2.23929	-51.5701	-49.3308
BLOCK00/SES003/SA003S15	SES206	-0.995995	-50.3268	-49.3308
BLOCK00/SES003/SA003S22	SES002	-2.2501	-51.7934	-49.5433
BLOCK00/SES003/SA003S22	SES062	-1.72487	-51.2681	-49.5433
BLOCK00/SES003/SA003S22	SES082	-1.01085	-50.5541	-49.5433
BLOCK00/SES003/SA003S22	SES087	-1.5633	-51.1066	-49.5433
BLOCK00/SES003/SA003S25	SES062	-2.86474	-53.0475	-50.1827
BLOCK00/SES003/SA003S25	SES082	-0.184494	-50.3672	-50.1827
BLOCK00/SES003/SA003S25	SES087	-1.04399	-51.2267	-50.1827
BLOCK00/SES003/SA003S25	SES206	-0.991802	-51.1745	-50.1827
BLOCK00/SES003/SA003S29	SES002	-1.80171	-51.8635	-50.0618
BLOCK00/SES003/SA003S29	SES062	-2.3899	-52.4517	-50.0618
BLOCK00/SES003/SA003S29	SES082	-0.50246	-50.5642	-50.0618
BLOCK00/SES003/SA003S29	SES087	-1.79031	-51.8521	-50.0618
BLOCK00/SES004/SA004S12	SES083	-2.29481	-53.1754	-50.8806
BLOCK00/SES004/SA004S12	SES148	-1.85162	-52.7322	-50.8806
BLOCK00/SES004/SA004S12	SES172	-2.07208	-52.9526	-50.8806
BLOCK00/SES004/SA004S12	SES292	-2.2119	-53.0925	-50.8806
BLOCK00/SES004/SA004S17	SES083	-1.97797	-53.0771	-51.0991
BLOCK00/SES004/SA004S17	SES162	-1.16417	-52.2633	-51.0991
BLOCK00/SES004/SA004S17	SES172	-1.96461	-53.0637	-51.0991
BLOCK00/SES004/SA004S17	SES292	-2.0106	-53.1097	-51.0991
BLOCK00/SES004/SA004S24	SES083	-1.9809	-52.2647	-50.2838
BLOCK00/SES004/SA004S24	SES148	-2.11125	-52.395	-50.2838
BLOCK00/SES004/SA004S24	SES172	-1.58411	-51.8679	-50.2838
BLOCK00/SES004/SA004S24	SES292	-1.5812	-51.8649	-50.2838
BLOCK00/SES004/SA004S26	SES083	-1.38763	-51.7256	-50.338
BLOCK00/SES004/SA004S26	SES127	-1.25281	-51.5908	-50.338
BLOCK00/SES004/SA004S26	SES148	-2.48502	-52.823	-50.338
BLOCK00/SES004/SA004S26	SES292	-1.90564	-52.2436	-50.338
BLOCK00/SES004/SA004S28	SES083	-2.45505	-51.8904	-49.4354
BLOCK00/SES004/SA004S28	SES127	-1.48915	-50.9245	-49.4354
BLOCK00/SES004/SA004S28	SES187	-1.81819	-51.2536	-49.4354
BLOCK00/SES004/SA004S28	SES292	-2.75037	-52.1858	-49.4354
BLOCK00/SES006/SA006S10	SES014	-3.47956	-55.6144	-52.1348
BLOCK00/SES006/SA006S10	SES158	-0.80986	-52.9447	-52.1348
BLOCK00/SES006/SA006S10	SES226	-3.99458	-56.1294	-52.1348
BLOCK00/SES006/SA006S10	SES270	-0.491123	-52.6259	-52.1348
BLOCK00/SES006/SA006S11	SES158	-1.36666	-53.1901	-51.8234
BLOCK00/SES006/SA006S11	SES226	-2.75799	-54.5814	-51.8234
BLOCK00/SES006/SA006S11	SES270	-0.607224	-52.4306	-51.8234
BLOCK00/SES006/SA006S11	SES275	-3.5237	-55.3471	-51.8234
BLOCK00/SES006/SA006S23	SES062	-2.23073	-52.8095	-50.5788
BLOCK00/SES006/SA006S23	SES105	-2.40754	-52.9863	-50.5788
BLOCK00/SES006/SA006S23	SES158	-1.17936	-51.7581	-50.5788
BLOCK00/SES006/SA006S23	SES275	-2.56535	-53.1441	-50.5788
BLOCK00/SES006/SA006S26	SES104	-2.58871	-52.7346	-50.1459
BLOCK00/SES006/SA006S26	SES158	-0.480381	-50.6262	-50.1459
BLOCK00/SES006/SA006S26	SES270	-0.024807	-50.1707	-50.1459
BLOCK00/SES006/SA006S26	SES275	-3.94865	-54.0945	-50.1459
BLOCK00/SES006/SA006S28	SES007	-2.53263	-54.1999	-51.6673
BLOCK00/SES006/SA006S28	SES105	-2.7289	-54.3962	-51.6673
BLOCK00/SES006/SA006S28	SES158	-1.34704	-53.0143	-51.6673
BLOCK00/SES006/SA006S28	SES275	-4.08037	-55.7476	-51.6673
BLOCK00/SES009/SA009S12	SES083	-2.071	-51.6962	-49.6252
BLOCK00/SES009/SA009S12	SES148	-1.24718	-50.8723	-49.6252
BLOCK00/SES009/SA009S12	SES177	-1.81934	-51.4445	-49.6252
BLOCK00/SES009/SA009S12	SES292	-1.32141	-50.9466	-49.6252
BLOCK00/SES009/SA009S15	SES007	0.249222	-48.5623	-48.8116
BLOCK00/SES009/SA009S15	SES099	-6.87648	-55.688	-48.8116
BLOCK00/SES009/SA009S15	SES148	-1.83665	-50.6482	-48.8116
BLOCK00/SES009/SA009S15	SES172	-1.6308	-50.4423	-48.8116
BLOCK00/SES009/SA009S24	SES146	-1.0928	-50.3706	-49.2778
BLOCK00/SES009/SA009S24	SES148	-1.36067	-50.6384	-49.2778
BLOCK00/SES009/SA009S24	SES177	-1.2753	-50.5531	-49.2778
BLOCK00/SES009/SA009S24	SES292	-1.3328	-50.6106	-49.2778
BLOCK00/SES009/SA009S26	SES083	-2.36526	-52.046	-49.6807
BLOCK00/SES009/SA009S26	SES101	-1.73916	-51.4199	-49.6807
BLOCK00/SES009/SA009S26	SES120	-1.00733	-50.6881	-49.6807
BLOCK00/SES009/SA009S26	SES177	-2.12484	-51.8056	-49.6807
BLOCK00/SES009/SA009S29	SES083	-1.69419	-50.7452	-49.051
BLOCK00/SES009/SA009S29	SES101	-1.37633	-50.4274	-49.051
BLOCK00/SES009/SA009S29	SES177	-1.76495	-50.816	-49.051
BLOCK00/SES009/SA009S29	SES292	-1.36995	-50.421	-49.051
BLOCK01/SES011/SA011S10	SES019	-0.810936	-50.7666	-49.9557
BLOCK01/SES011/SA011S10	SES042	-0.37532	-50.331	-49.9557
BLOCK01/SES011/SA011S10	SES082	-2.20359	-52.1593	-49.9557
BLOCK01/SES011/SA011S10	SES206	-0.660049	-50.6157	-49.9557
BLOCK01/SES011/SA011S11	SES019	-0.623386	-51.6553	-51.0319
BLOCK01/SES011/SA011S11	SES042	-1.43975	-52.4717	-51.0319
BLOCK01/SES011/SA011S11	SES082	-2.8189	-53.8508	-51.0319
BLOCK01/SES011/SA011S11	SES206	-0.539803	-51.5717	-51.0319
BLOCK01/SES011/SA011S22	SES019	-0.239719	-50.929	-50.6893
BLOCK01/SES011/SA011S22	SES042	-0.38023	-51.0695	-50.6893
BLOCK01/SES011/SA011S22	SES082	-1.71929	-52.4085	-50.6893
BLOCK01/SES011/SA011S22	SES206	-0.993195	-51.6824	-50.6893
BLOCK01/SES011/SA011S24	SES019	-0.583672	-50.5187	-49.9351
BLOCK01/SES011/SA011S24	SES042	-0.296062	-50.2311	-49.9351
BLOCK01/SES011/SA011S24	SES104	-1.74741	-51.6825	-49.9351
BLOCK01/SES011/SA011S24	SES206	0.031662	-49.9034	-49.9351
BLOCK01/SES011/SA011S27	SES082	0.298073	-49.4738	-49.7718
BLOCK01/SES011/SA011S27	SES087	-1.26828	-51.0401	-49.7718
BLOCK01/SES011/SA011S27	SES125	-0.588943	-50.3608	-49.7718
BLOCK01/SES011/SA011S27	SES206	-0.240116	-50.0119	-49.7718
BLOCK01/SES012/SA012S11	SES007	-2.46231	-50.8139	-48.3516
BLOCK01/SES012/SA012S11	SES082	-1.49275	-49.8444	-48.3516
BLOCK01/SES012/SA012S11	SES083	-2.95472	-51.3063	-48.3516
BLOCK01/SES012/SA012S11	SES206	-0.759964	-49.1116	-48.3516
BLOCK01/SES012/SA012S14	SES082	-1.31005	-50.5961	-49.2861
BLOCK01/SES012/SA012S14	SES087	-1.57691	-50.863	-49.2861
BLOCK01/SES012/SA012S14	SES206	-0.669563	-49.9556	-49.2861
BLOCK01/SES012/SA012S14	SES292	-3.4057	-52.6918	-49.2861
BLOCK01/SES012/SA012S24	SES082	-0.425758	-50.4673	-50.0415
BLOCK01/SES012/SA012S24	SES087	-0.91729	-50.9588	-50.0415
BLOCK01/SES012/SA012S24	SES120	-4.20789	-54.2494	-50.0415
BLOCK01/SES012/SA012S24	SES206	-0.506603	-50.5481	-50.0415
BLOCK01/SES012/SA012S26	SES019	-2.73345	-51.87	-49.1366
BLOCK01/SES012/SA012S26	SES082	-1.72357	-50.8602	-49.1366
BLOCK01/SES012/SA012S26	SES206	-0.218189	-49.3548	-49.1366
BLOCK01/SES012/SA012S26	SES292	-3.49306	-52.6297	-49.1366
BLOCK01/SES012/SA012S29	SES062	-2.08176	-50.9134	-48.8316
BLOCK01/SES012/SA012S29	SES082	-0.828403	-49.66	-48.8316
BLOCK01/SES012/SA012S29	SES083	-2.59931	-51.4309	-48.8316
BLOCK01/SES012/SA012S29	SES206	-1.11293	-49.9445	-48.8316
BLOCK01/SES013/SA013S16	SES062	-3.96717	-53.724	-49.7569
BLOCK01/SES013/SA013S16	SES106	-1.07711	-50.834	-49.7569
BLOCK01/SES013/SA013S16	SES206	-1.37395	-51.1308	-49.7569
BLOCK01/SES013/SA013S16	SES226	-0.0579796	-49.8148	-49.7569
BLOCK01/SES013/SA013S17	SES062	-3.14905	-52.1097	-48.9606
BLOCK01/SES013/SA013S17	SES106	-1.76513	-50.7258	-48.9606
BLOCK01/SES013/SA013S17	SES206	-0.422794	-49.3834	-48.9606
BLOCK01/SES013/SA013S17	SES226	0.31493	-48.6457	-48.9606
BLOCK01/SES013/SA013S23	SES104	-1.79795	-51.6521	-49.8541
BLOCK01/SES013/SA013S23	SES106	-0.982773	-50.8369	-49.8541
BLOCK01/SES013/SA013S23	SES206	-1.33921	-51.1933	-49.8541
BLOCK01/SES013/SA013S23	SES270	-0.445972	-50.3001	-49.8541
BLOCK01/SES013/SA013S25	SES042	-1.86884	-50.9725	-49.1037
BLOCK01/SES013/SA013S25	SES104	-1.48276	-50.5864	-49.1037
BLOCK01/SES013/SA013S25	SES106	-0.977425	-50.0811	-49.1037
BLOCK01/SES013/SA013S25	SES206	-1.45563	-50.5593	-49.1037
BLOCK01/SES013/SA013S29	SES062	-3.98727	-53.484	-49.4968
BLOCK01/SES013/SA013S29	SES104	-1.9584	-51.4552	-49.4968
BLOCK01/SES013/SA013S29	SES106	-0.864258	-50.361	-49.4968
BLOCK01/SES013/SA013S29	SES206	-1.43293	-50.9297	-49.4968
BLOCK02/SES021/SA021S13	SES016	-4.17482	-52.9983	-48.8235
BLOCK02/SES021/SA021S13	SES029	-3.11699	-51.9404	-48.8235
BLOCK02/SES021/SA021S13	SES087	-1.80051	-50.624	-48.8235
BLOCK02/SES021/SA021S13	SES206	-0.510887	-49.3343	-48.8235
BLOCK02/SES021/SA021S15	SES087	-1.42971	-48.9992	-47.5695
BLOCK02/SES021/SA021S15	SES125	-0.802162	-48.3717	-47.5695
BLOCK02/SES021/SA021S15	SES206	-0.549591	-48.1191	-47.5695
BLOCK02/SES021/SA021S15	SES226	-1.7523	-49.3218	-47.5695
BLOCK02/SES021/SA021S23	SES062	-3.4089	-53.2019	-49.793
BLOCK02/SES021/SA021S23	SES087	-1.86837	-51.6614	-49.793
BLOCK02/SES021/SA021S23	SES206	-1.54198	-51.335	-49.793
BLOCK02/SES021/SA021S23	SES226	-1.43008	-51.2231	-49.793
BLOCK02/SES021/SA021S27	SES002	-1.4297	-49.9478	-48.5181
BLOCK02/SES021/SA021S27	SES016	-4.33382	-52.8519	-48.5181
BLOCK02/SES021/SA021S27	SES019	-1.97181	-50.4899	-48.5181
BLOCK02/SES021/SA021S27	SES062	-1.46611	-49.9842	-48.5181
BLOCK02/SES021/SA021S29	SES087	-1.62037	-49.8234	-48.203
BLOCK02/SES021/SA021S29	SES125	-0.874916	-49.0779	-48.203
BLOCK02/SES021/SA021S29	SES206	-0.820438	-49.0235	-48.203
BLOCK02/SES021/SA021S29	SES226	-1.75172	-49.9547	-48.203
BLOCK04/SES043/SA043S09	SES083	-1.7809	-52.747	-50.9661
BLOCK04/SES043/SA043S09	SES101	-2.51291	-53.479	-50.9661
BLOCK04/SES043/SA043S09	SES144	-0.773109	-51.7392	-50.9661
BLOCK04/SES043/SA043S09	SES172	-4.09798	-55.0641	-50.9661
BLOCK04/SES043/SA043S11	SES083	-1.12401	-50.6203	-49.4963
BLOCK04/SES043/SA043S11	SES101	-1.51577	-51.0121	-49.4963
BLOCK04/SES043/SA043S11	SES144	-0.933903	-50.4302	-49.4963
BLOCK04/SES043/SA043S11	SES172	-1.77124	-51.2676	-49.4963
BLOCK04/SES043/SA043S23	SES083	-0.53487	-50.7562	-50.2213
BLOCK04/SES043/SA043S23	SES144	-0.226223	-50.4476	-50.2213
BLOCK04/SES043/SA043S23	SES177	-2.63104	-52.8524	-50.2213
BLOCK04/SES043/SA043S23	SES275	-0.602551	-50.8239	-50.2213
BLOCK04/SES043/SA043S26	SES083	-0.905949	-51.0894	-50.1834
BLOCK04/SES043/SA043S26	SES101	-1.35257	-51.536	-50.1834
BLOCK04/SES043/SA043S26	SES144	-0.477345	-50.6608	-50.1834
BLOCK04/SES043/SA043S26	SES177	-1.82331	-52.0067	-50.1834
BLOCK04/SES043/SA043S28	SES016	-1.46022	-51.0199	-49.5597
BLOCK04/SES043/SA043S28	SES083	-0.952614	-50.5123	-49.5597
BLOCK04/SES043/SA043S28	SES101	-0.949287	-50.509	-49.5597
BLOCK04/SES043/SA043S28	SES144	-0.667973	-50.2277	-49.5597
BLOCK04/SES044/SA044S10	SES127	-2.97742	-56.003	-53.0256
BLOCK04/SES044/SA044S10	SES144	-0.756149	-53.7818	-53.0256
BLOCK04/SES044/SA044S10	SES147	-3.97361	-56.9992	-53.0256
BLOCK04/SES044/SA044S10	SES148	-2.64743	-55.673	-53.0256
BLOCK04/SES044/SA044S11	SES101	-2.08499	-54.1973	-52.1123
BLOCK04/SES044/SA044S11	SES144	0.0225983	-52.0897	-52.1123
BLOCK04/SES044/SA044S11	SES147	-3.16606	-55.2784	-52.1123
BLOCK04/SES044/SA044S11	SES177	-2.44748	-54.5598	-52.1123
BLOCK04/SES044/SA044S24	SES007	-2.36465	-53.765	-51.4003
BLOCK04/SES044/SA044S24	SES101	-1.45599	-52.8563	-51.4003
BLOCK04/SES044/SA044S24	SES147	-2.32041	-53.7207	-51.4003
BLOCK04/SES044/SA044S24	SES177	-1.95993	-53.3602	-51.4003
BLOCK04/SES044/SA044S26	SES007	-1.93964	-52.6143	-50.6747
BLOCK04/SES044/SA044S26	SES016	-0.711052	-51.3857	-50.6747
BLOCK04/SES044/SA044S26	SES101	-1.43284	-52.1075	-50.6747
BLOCK04/SES044/SA044S26	SES147	-1.79555	-52.4702	-50.6747
BLOCK04/SES044/SA044S29	SES007	-2.28934	-52.2128	-49.9234
BLOCK04/SES044/SA044S29	SES101	-0.882343	-50.8058	-49.9234
BLOCK04/SES044/SA044S29	SES147	-2.29471	-52.2182	-49.9234
BLOCK04/SES044/SA044S29	SES177	-2.36502	-52.2885	-49.9234
BLOCK04/SES046/SA046S13	SES101	-3.45461	-54.6722	-51.2176
BLOCK04/SES046/SA046S13	SES144	-1.12364	-52.3412	-51.2176
BLOCK04/SES046/SA046S13	SES147	-3.26716	-54.4847	-51.2176
BLOCK04/SES046/SA046S13	SES177	-1.95093	-53.1685	-51.2176
BLOCK04/SES046/SA046S15	SES048	-2.64319	-52.1615	-49.5183
BLOCK04/SES046/SA046S15	SES083	-1.04286	-50.5612	-49.5183
BLOCK04/SES046/SA046S15	SES120	-2.63731	-52.1556	-49.5183
BLOCK04/SES046/SA046S15	SES148	-1.67707	-51.1954	-49.5183
BLOCK04/SES046/SA046S22	SES101	-1.06721	-51.8102	-50.743
BLOCK04/SES046/SA046S22	SES144	-0.924221	-51.6672	-50.743
BLOCK04/SES046/SA046S22	SES147	-2.7291	-53.4721	-50.743
BLOCK04/SES046/SA046S22	SES172	-1.95145	-52.6945	-50.743
BLOCK04/SES046/SA046S25	SES083	-1.45317	-51.7706	-50.3174
BLOCK04/SES046/SA046S25	SES127	-1.36864	-51.6861	-50.3174
BLOCK04/SES046/SA046S25	SES144	-1.77551	-52.093	-50.3174
BLOCK04/SES046/SA046S25	SES148	-1.11863	-51.4361	-50.3174
BLOCK04/SES046/SA046S28	SES007	-4.17952	-55.2027	-51.0232
BLOCK04/SES046/SA046S28	SES105	-2.28015	-53.3034	-51.0232
BLOCK04/SES046/SA046S28	SES147	-2.38722	-53.4104	-51.0232
BLOCK04/SES046/SA046S28	SES148	-1.28502	-52.3083	-51.0232
BLOCK04/SES049/SA049S16	SES104	-1.63535	-52.2439	-50.6086
BLOCK04/SES049/SA049S16	SES106	-1.37958	-51.9881	-50.6086
BLOCK04/SES049/SA049S16	SES120	-3.78228	-54.3908	-50.6086
BLOCK04/SES049/SA049S16	SES206	-1.10755	-51.7161	-50.6086
BLOCK04/SES049/SA049S18	SES099	0.194252	-51.6229	-51.8171
BLOCK04/SES049/SA049S18	SES104	-2.13095	-53.9481	-51.8171
BLOCK04/SES049/SA049S18	SES125	-2.47264	-54.2898	-51.8171
BLOCK04/SES049/SA049S18	SES206	-1.59444	-53.4116	-51.8171
BLOCK04/SES049/SA049S25	SES087	-1.15467	-51.3979	-50.2433
BLOCK04/SES049/SA049S25	SES104	-1.20258	-51.4458	-50.2433
BLOCK04/SES049/SA049S25	SES125	-1.60528	-51.8485	-50.2433
BLOCK04/SES049/SA049S25	SES206	-0.634621	-50.8779	-50.2433
BLOCK04/SES049/SA049S27	SES099	-0.251823	-50.2814	-50.0295
BLOCK04/SES049/SA049S27	SES104	-0.716431	-50.746	-50.0295
BLOCK04/SES049/SA049S27	SES125	-1.2222	-51.2517	-50.0295
BLOCK04/SES049/SA049S27	SES206	-0.943474	-50.973	-50.0295
BLOCK04/SES049/SA049S29	SES099	0.149918	-48.9342	-49.0841
BLOCK04/SES049/SA049S29	SES104	-0.421288	-49.5054	-49.0841
BLOCK04/SES049/SA049S29	SES125	-1.02825	-50.1124	-49.0841
BLOCK04/SES049/SA049S29	SES206	-0.175564	-49.2597	-49.0841
BLOCK06/SES063/SA063S09	SES068	-1.99478	-51.9056	-49.9108
BLOCK06/SES063/SA063S09	SES083	-0.428879	-50.3397	-49.9108
BLOCK06/SES063/SA063S09	SES177	-1.61925	-51.5301	-49.9108
BLOCK06/SES063/SA063S09	SES187	-1.49281	-51.4036	-49.9108
BLOCK06/SES063/SA063S10	SES068	-2.00838	-52.7723	-50.7639
BLOCK06/SES063/SA063S10	SES083	-0.601135	-51.365	-50.7639
BLOCK06/SES063/SA063S10	SES172	-1.05819	-51.8221	-50.7639
BLOCK06/SES063/SA063S10	SES187	-0.927517	-51.6914	-50.7639
BLOCK06/SES063/SA063S20	SES068	-3.456	-53.8867	-50.4307
BLOCK06/SES063/SA063S20	SES083	-1.29007	-51.7208	-50.4307
BLOCK06/SES063/SA063S20	SES172	-2.12831	-52.5591	-50.4307
BLOCK06/SES063/SA063S20	SES187	-0.528019	-50.9588	-50.4307
BLOCK06/SES063/SA063S24	SES029	-2.03418	-51.6791	-49.6449
BLOCK06/SES063/SA063S24	SES083	-0.235409	-49.8803	-49.6449
BLOCK06/SES063/SA063S24	SES177	-1.4192	-51.0641	-49.6449
BLOCK06/SES063/SA063S24	SES189	-1.3357	-50.9806	-49.6449
BLOCK06/SES063/SA063S27	SES083	-0.143291	-51.3636	-51.2203
BLOCK06/SES063/SA063S27	SES172	-0.951214	-52.1715	-51.2203
BLOCK06/SES063/SA063S27	SES187	-1.31018	-52.5305	-51.2203
BLOCK06/SES063/SA063S27	SES292	-1.91644	-53.1367	-51.2203
BLOCK06/SES067/SA067S12	SES083	-1.80566	-51.8012	-49.9956
BLOCK06/SES067/SA067S12	SES172	-3.67772	-53.6733	-49.9956
BLOCK06/SES067/SA067S12	SES202	-0.100311	-50.0959	-49.9956
BLOCK06/SES067/SA067S12	SES292	-1.72226	-51.7178	-49.9956
BLOCK06/SES067/SA067S14	SES085	-1.9525	-51.449	-49.4965
BLOCK06/SES067/SA067S14	SES177	-1.28426	-50.7808	-49.4965
BLOCK06/SES067/SA067S14	SES183	-1.62103	-51.1175	-49.4965
BLOCK06/SES067/SA067S14	SES202	-0.749161	-50.2457	-49.4965
BLOCK06/SES067/SA067S21	SES144	-1.41922	-52.5054	-51.0862
BLOCK06/SES067/SA067S21	SES177	-1.01168	-52.0979	-51.0862
BLOCK06/SES067/SA067S21	SES183	-3.80524	-54.8914	-51.0862
BLOCK06/SES067/SA067S21	SES189	-0.493225	-51.5794	-51.0862
BLOCK06/SES067/SA067S25	SES085	-1.10322	-51.3127	-50.2095
BLOCK06/SES067/SA067S25	SES177	-1.04504	-51.2545	-50.2095
BLOCK06/SES067/SA067S25	SES183	-2.15048	-52.3599	-50.2095
BLOCK06/SES067/SA067S25	SES202	-0.778038	-50.9875	-50.2095
BLOCK06/SES067/SA067S29	SES085	-1.37012	-51.6322	-50.262
BLOCK06/SES067/SA067S29	SES177	-1.26052	-51.5226	-50.262
BLOCK06/SES067/SA067S29	SES183	-1.9614	-52.2234	-50.262
BLOCK06/SES067/SA067S29	SES202	-0.141987	-50.404	-50.262
BLOCK06/SES069/SA069S12	SES029	-3.30939	-52.5115	-49.2021
BLOCK06/SES069/SA069S12	SES082	-0.778553	-49.9807	-49.2021
BLOCK06/SES069/SA069S12	SES087	-2.12687	-51.329	-49.2021
BLOCK06/SES069/SA069S12	SES206	-1.25027	-50.4524	-49.2021
BLOCK06/SES069/SA069S13	SES029	-3.01072	-52.5361	-49.5253
BLOCK06/SES069/SA069S13	SES087	-2.80492	-52.3302	-49.5253
BLOCK06/SES069/SA069S13	SES206	-2.1375	-51.6628	-49.5253
BLOCK06/SES069/SA069S13	SES226	-1.60839	-51.1337	-49.5253
BLOCK06/SES069/SA069S23	SES029	-1.59879	-49.5713	-47.9725
BLOCK06/SES069/SA069S23	SES087	-1.86766	-49.8401	-47.9725
BLOCK06/SES069/SA069S23	SES206	-1.44928	-49.4218	-47.9725
BLOCK06/SES069/SA069S23	SES226	-0.950798	-48.9233	-47.9725
BLOCK06/SES069/SA069S25	SES087	-1.7849	-50.2544	-48.4695
BLOCK06/SES069/SA069S25	SES206	-2.1398	-50.6093	-48.4695
BLOCK06/SES069/SA069S25	SES226	-1.29679	-49.7663	-48.4695
BLOCK06/SES069/SA069S25	SES270	-1.18602	-49.6556	-48.4695
BLOCK06/SES069/SA069S27	SES087	-2.37369	-50.796	-48.4223
BLOCK06/SES069/SA069S27	SES206	-0.719288	-49.1416	-48.4223
BLOCK06/SES069/SA069S27	SES226	-0.474789	-48.8971	-48.4223
BLOCK06/SES069/SA069S27	SES270	-0.851566	-49.2738	-48.4223
BLOCK08/SES081/SA081S11	SES060	-1.58459	-51.758	-50.1734
BLOCK08/SES081/SA081S11	SES062	-4.042	-54.2154	-50.1734
BLOCK08/SES081/SA081S11	SES117	-2.31982	-52.4932	-50.1734
BLOCK08/SES081/SA081S11	SES162	-1.94178	-52.1152	-50.1734
BLOCK08/SES081/SA081S13	SES016	-1.2591	-50.2648	-49.0057
BLOCK08/SES081/SA081S13	SES060	-0.698055	-49.7037	-49.0057
BLOCK08/SES081/SA081S13	SES068	-0.400291	-49.406	-49.0057
BLOCK08/SES081/SA081S13	SES129	-1.83787	-50.8436	-49.0057
BLOCK08/SES081/SA081S24	SES060	-1.18722	-50.768	-49.5808
BLOCK08/SES081/SA081S24	SES068	-1.58781	-51.1686	-49.5808
BLOCK08/SES081/SA081S24	SES117	-2.00366	-51.5845	-49.5808
BLOCK08/SES081/SA081S24	SES275	-2.23639	-51.8172	-49.5808
BLOCK08/SES081/SA081S27	SES007	-1.80764	-51.6631	-49.8555
BLOCK08/SES081/SA081S27	SES060	-1.86524	-51.7207	-49.8555
BLOCK08/SES081/SA081S27	SES117	-1.11066	-50.9662	-49.8555
BLOCK08/SES081/SA081S27	SES275	-2.10427	-51.9598	-49.8555
BLOCK08/SES081/SA081S29	SES007	-1.61239	-50.7701	-49.1577
BLOCK08/SES081/SA081S29	SES060	-1.26152	-50.4193	-49.1577
BLOCK08/SES081/SA081S29	SES117	-1.6165	-50.7742	-49.1577
BLOCK08/SES081/SA081S29	SES275	-2.18633	-51.3441	-49.1577
BLOCK08/SES086/SA086S11	SES029	-5.63267	-56.7603	-51.1276
BLOCK08/SES086/SA086S11	SES082	-1.6619	-52.7895	-51.1276
BLOCK08/SES086/SA086S11	SES087	-1.09644	-52.224	-51.1276
BLOCK08/SES086/SA086S11	SES206	-1.84329	-52.9709	-51.1276
BLOCK08/SES086/SA086S12	SES029	-5.56759	-56.0333	-50.4657
BLOCK08/SES086/SA086S12	SES082	-1.64428	-52.1099	-50.4657
BLOCK08/SES086/SA086S12	SES087	0.343586	-50.1221	-50.4657
BLOCK08/SES086/SA086S12	SES206	-1.35557	-51.8212	-50.4657
BLOCK08/SES086/SA086S20	SES029	-4.83998	-54.1535	-49.3135
BLOCK08/SES086/SA086S20	SES082	-1.82777	-51.1413	-49.3135
BLOCK08/SES086/SA086S20	SES087	0.546803	-48.7667	-49.3135
BLOCK08/SES086/SA086S20	SES206	-0.137299	-49.4508	-49.3135
BLOCK08/SES086/SA086S24	SES087	-0.13139	-50.1355	-50.0042
BLOCK08/SES086/SA086S24	SES104	-2.07381	-52.078	-50.0042
BLOCK08/SES086/SA086S24	SES120	-4.54198	-54.5461	-50.0042
BLOCK08/SES086/SA086S24	SES206	-0.192654	-50.1968	-50.0042
BLOCK08/SES086/SA086S28	SES029	-3.71193	-52.8406	-49.1286
BLOCK08/SES086/SA086S28	SES082	-1.45291	-50.5815	-49.1286
BLOCK08/SES086/SA086S28	SES087	0.0684891	-49.0601	-49.1286
BLOCK08/SES086/SA086S28	SES206	-0.790482	-49.9191	-49.1286
BLOCK08/SES089/SA089S13	SES087	-1.92751	-51.6573	-49.7298
BLOCK08/SES089/SA089S13	SES206	-1.72065	-51.4504	-49.7298
BLOCK08/SES089/SA089S13	SES226	-1.88464	-51.6144	-49.7298
BLOCK08/SES089/SA089S13	SES270	-2.30172	-52.0315	-49.7298
BLOCK08/SES089/SA089S14	SES062	-2.37299	-51.9972	-49.6242
BLOCK08/SES089/SA089S14	SES087	-0.399994	-50.0242	-49.6242
BLOCK08/SES089/SA089S14	SES206	-0.588661	-50.2129	-49.6242
BLOCK08/SES089/SA089S14	SES226	-0.854877	-50.4791	-49.6242
BLOCK08/SES089/SA089S23	SES087	-1.3924	-51.8539	-50.4615
BLOCK08/SES089/SA089S23	SES206	-1.14711	-51.6086	-50.4615
BLOCK08/SES089/SA089S23	SES226	-1.3848	-51.8463	-50.4615
BLOCK08/SES089/SA089S23	SES270	-2.42045	-52.882	-50.4615
BLOCK08/SES089/SA089S25	SES062	-2.37804	-51.831	-49.4529
BLOCK08/SES089/SA089S25	SES087	-0.322861	-49.7758	-49.4529
BLOCK08/SES089/SA089S25	SES206	-0.879692	-50.3326	-49.4529
BLOCK08/SES089/SA089S25	SES226	-1.07441	-50.5273	-49.4529
BLOCK08/SES089/SA089S28	SES062	-2.19646	-51.7065	-49.51
BLOCK08/SES089/SA089S28	SES087	-0.391819	-49.9019	-49.51
BLOCK08/SES089/SA089S28	SES206	-0.348785	-49.8588	-49.51
BLOCK08/SES089/SA089S28	SES226	-0.897202	-50.4072	-49.51
BLOCK09/SES097/SA097S11	SES099	-0.329014	-50.5612	-50.2322
BLOCK09/SES097/SA097S11	SES125	-2.28129	-52.5135	-50.2322
BLOCK09/SES097/SA097S11	SES206	-1.61691	-51.8491	-50.2322
BLOCK09/SES097/SA097S11	SES226	-0.327965	-50.5601	-50.2322
BLOCK09/SES097/SA097S14	SES062	-3.11097	-52.8582	-49.7472
BLOCK09/SES097/SA097S14	SES099	-0.533497	-50.2807	-49.7472
BLOCK09/SES097/SA097S14	SES104	-1.5379	-51.2851	-49.7472
BLOCK09/SES097/SA097S14	SES206	-1.29449	-51.0417	-49.7472
BLOCK09/SES097/SA097S22	SES099	0.266651	-49.5986	-49.8653
BLOCK09/SES097/SA097S22	SES206	-1.08296	-50.9482	-49.8653
BLOCK09/SES097/SA097S22	SES226	-1.46766	-51.3329	-49.8653
BLOCK09/SES097/SA097S22	SES270	0.166534	-49.6987	-49.8653
BLOCK09/SES097/SA097S26	SES099	0.391369	-48.7545	-49.1459
BLOCK09/SES097/SA097S26	SES120	-3.58927	-52.7351	-49.1459
BLOCK09/SES097/SA097S26	SES206	-1.09997	-50.2458	-49.1459
BLOCK09/SES097/SA097S26	SES226	-1.72068	-50.8665	-49.1459
BLOCK09/SES097/SA097S28	SES099	-0.519333	-50.2987	-49.7793
BLOCK09/SES097/SA097S28	SES120	-3.09013	-52.8695	-49.7793
BLOCK09/SES097/SA097S28	SES206	-1.51472	-51.2941	-49.7793
BLOCK09/SES097/SA097S28	SES226	-2.15988	-51.9392	-49.7793
BLOCK09/SES098/SA098S11	SES127	-2.74728	-54.3506	-51.6033
BLOCK09/SES098/SA098S11	SES144	-1.47764	-53.0809	-51.6033
BLOCK09/SES098/SA098S11	SES147	-1.47927	-53.0826	-51.6033
BLOCK09/SES098/SA098S11	SES148	-3.0155	-54.6188	-51.6033
BLOCK09/SES098/SA098S12	SES127	-4.09773	-56.8013	-52.7035
BLOCK09/SES098/SA098S12	SES144	-2.27272	-54.9762	-52.7035
BLOCK09/SES098/SA098S12	SES147	-2.6063	-55.3098	-52.7035
BLOCK09/SES098/SA098S12	SES189	-1.81541	-54.5189	-52.7035
BLOCK09/SES098/SA098S20	SES127	-2.98678	-54.9682	-51.9814
BLOCK09/SES098/SA098S20	SES147	-1.77843	-53.7599	-51.9814
BLOCK09/SES098/SA098S20	SES148	-3.37997	-55.3614	-51.9814
BLOCK09/SES098/SA098S20	SES292	-3.37776	-55.3592	-51.9814
BLOCK09/SES098/SA098S23	SES127	-1.737	-52.959	-51.222
BLOCK09/SES098/SA098S23	SES147	-1.69604	-52.918	-51.222
BLOCK09/SES098/SA098S23	SES187	-1.1058	-52.3278	-51.222
BLOCK09/SES098/SA098S23	SES292	-2.35147	-53.5735	-51.222
BLOCK09/SES098/SA098S27	SES127	-2.77454	-54.2647	-51.4902
BLOCK09/SES098/SA098S27	SES147	-2.8405	-54.3307	-51.4902
BLOCK09/SES098/SA098S27	SES148	-3.58461	-55.0748	-51.4902
BLOCK09/SES098/SA098S27	SES292	-2.6227	-54.1129	-51.4902
BLOCK10/SES102/SA102S13	SES101	-0.891323	-52.4115	-51.5201
BLOCK10/SES102/SA102S13	SES105	-1.7515	-53.2716	-51.5201
BLOCK10/SES102/SA102S13	SES120	-1.63798	-53.1581	-51.5201
BLOCK10/SES102/SA102S13	SES158	-6.55755	-58.0777	-51.5201
BLOCK10/SES102/SA102S14	SES007	-0.479782	-50.0674	-49.5876
BLOCK10/SES102/SA102S14	SES101	-0.298996	-49.8866	-49.5876
BLOCK10/SES102/SA102S14	SES105	-0.707985	-50.2956	-49.5876
BLOCK10/SES102/SA102S14	SES147	-2.31106	-51.8986	-49.5876
BLOCK10/SES102/SA102S22	SES007	-1.48271	-51.1603	-49.6776
BLOCK10/SES102/SA102S22	SES101	-0.476364	-50.154	-49.6776
BLOCK10/SES102/SA102S22	SES105	-0.731064	-50.4087	-49.6776
BLOCK10/SES102/SA102S22	SES158	-4.28278	-53.9604	-49.6776
BLOCK10/SES102/SA102S25	SES007	-1.11294	-50.8307	-49.7177
BLOCK10/SES102/SA102S25	SES101	-0.52494	-50.2427	-49.7177
BLOCK10/SES102/SA102S25	SES105	-0.710968	-50.4287	-49.7177
BLOCK10/SES102/SA102S25	SES147	-3.15216	-52.8699	-49.7177
BLOCK10/SES102/SA102S27	SES007	-1.21054	-51.4862	-50.2757
BLOCK10/SES102/SA102S27	SES101	-0.708534	-50.9842	-50.2757
BLOCK10/SES102/SA102S27	SES105	-0.959072	-51.2347	-50.2757
BLOCK10/SES102/SA102S27	SES147	-2.30075	-52.5764	-50.2757
BLOCK10/SES103/SA103S14	SES105	-3.04841	-54.4785	-51.43
BLOCK10/SES103/SA103S14	SES106	-1.0369	-52.4669	-51.43
BLOCK10/SES103/SA103S14	SES120	-3.60664	-55.0367	-51.43
BLOCK10/SES103/SA103S14	SES206	-1.50004	-52.9301	-51.43
BLOCK10/SES103/SA103S15	SES099	-0.47298	-52.5274	-52.0545
BLOCK10/SES103/SA103S15	SES101	-4.71291	-56.7674	-52.0545
BLOCK10/SES103/SA103S15	SES104	-1.11774	-53.1722	-52.0545
BLOCK10/SES103/SA103S15	SES125	-1.24985	-53.3043	-52.0545
BLOCK10/SES103/SA103S24	SES104	-1.5678	-52.1113	-50.5435
BLOCK10/SES103/SA103S24	SES125	-1.54446	-52.0879	-50.5435
BLOCK10/SES103/SA103S24	SES148	-3.61615	-54.1596	-50.5435
BLOCK10/SES103/SA103S24	SES158	-0.583656	-51.1271	-50.5435
BLOCK10/SES103/SA103S26	SES104	-2.05741	-53.4699	-51.4125
BLOCK10/SES103/SA103S26	SES106	-1.45657	-52.869	-51.4125
BLOCK10/SES103/SA103S26	SES125	-1.67325	-53.0857	-51.4125
BLOCK10/SES103/SA103S26	SES148	-3.81413	-55.2266	-51.4125
BLOCK10/SES103/SA103S28	SES104	-2.72643	-54.8279	-52.1015
BLOCK10/SES103/SA103S28	SES106	-1.9081	-54.0096	-52.1015
BLOCK10/SES103/SA103S28	SES125	-2.60105	-54.7026	-52.1015
BLOCK10/SES103/SA103S28	SES206	-2.89396	-54.9955	-52.1015
BLOCK12/SES121/SA121S12	SES042	-2.4812	-54.7529	-52.2717
BLOCK12/SES121/SA121S12	SES087	-1.64999	-53.9217	-52.2717
BLOCK12/SES121/SA121S12	SES105	-1.90465	-54.1763	-52.2717
BLOCK12/SES121/SA121S12	SES206	-1.07891	-53.3506	-52.2717
BLOCK12/SES121/SA121S14	SES007	-3.57558	-56.3805	-52.8049
BLOCK12/SES121/SA121S14	SES105	-3.13036	-55.9353	-52.8049
BLOCK12/SES121/SA121S14	SES106	-1.81451	-54.6194	-52.8049
BLOCK12/SES121/SA121S14	SES206	-1.69629	-54.5012	-52.8049
BLOCK12/SES121/SA121S23	SES105	-3.52463	-56.2882	-52.7635
BLOCK12/SES121/SA121S23	SES106	-1.57973	-54.3433	-52.7635
BLOCK12/SES121/SA121S23	SES120	-3.643	-56.4065	-52.7635
BLOCK12/SES121/SA121S23	SES206	-1.51567	-54.2792	-52.7635
BLOCK12/SES121/SA121S25	SES007	-3.19115	-56.984	-53.7929
BLOCK12/SES121/SA121S25	SES105	-3.23186	-57.0247	-53.7929
BLOCK12/SES121/SA121S25	SES106	-1.89215	-55.685	-53.7929
BLOCK12/SES121/SA121S25	SES206	-1.60948	-55.4024	-53.7929
BLOCK12/SES121/SA121S27	SES087	-0.260868	-52.2447	-51.9838
BLOCK12/SES121/SA121S27	SES105	-4.61598	-56.5998	-51.9838
BLOCK12/SES121/SA121S27	SES120	-3.63657	-55.6203	-51.9838
BLOCK12/SES121/SA121S27	SES206	-0.867485	-52.8513	-51.9838
BLOCK12/SES124/SA124S16	SES042	-0.907616	-51.2823	-50.3747
BLOCK12/SES124/SA124S16	SES082	-0.925716	-51.3004	-50.3747
BLOCK12/SES124/SA124S16	SES183	-3.60396	-53.9786	-50.3747
BLOCK12/SES124/SA124S16	SES206	-1.44909	-51.8238	-50.3747
BLOCK12/SES124/SA124S17	SES105	-3.00136	-54.214	-51.2127
BLOCK12/SES124/SA124S17	SES149	-2.20545	-53.4181	-51.2127
BLOCK12/SES124/SA124S17	SES158	-2.44368	-53.6563	-51.2127
BLOCK12/SES124/SA124S17	SES275	-4.26637	-55.479	-51.2127
BLOCK12/SES124/SA124S23	SES105	-2.76617	-51.2667	-48.5005
BLOCK12/SES124/SA124S23	SES125	-0.383617	-48.8841	-48.5005
BLOCK12/SES124/SA124S23	SES129	-4.24419	-52.7447	-48.5005
BLOCK12/SES124/SA124S23	SES158	-0.358932	-48.8594	-48.5005
BLOCK12/SES124/SA124S26	SES105	-4.49114	-53.8111	-49.32
BLOCK12/SES124/SA124S26	SES125	-0.644485	-49.9645	-49.32
BLOCK12/SES124/SA124S26	SES129	-5.21001	-54.53	-49.32
BLOCK12/SES124/SA124S26	SES158	-1.17761	-50.4976	-49.32
BLOCK12/SES124/SA124S28	SES104	-0.76976	-49.946	-49.1762
BLOCK12/SES124/SA124S28	SES106	-0.805702	-49.9819	-49.1762
BLOCK12/SES124/SA124S28	SES125	-0.721416	-49.8976	-49.1762
BLOCK12/SES124/SA124S28	SES275	-4.39795	-53.5742	-49.1762
BLOCK12/SES126/SA126S13	SES007	-2.37283	-54.6407	-52.2679
BLOCK12/SES126/SA126S13	SES162	-2.33977	-54.6076	-52.2679
BLOCK12/SES126/SA126S13	SES177	-1.53632	-53.8042	-52.2679
BLOCK12/SES126/SA126S13	SES180	-2.44129	-54.7092	-52.2679
BLOCK12/SES126/SA126S14	SES144	-1.42344	-51.8175	-50.3941
BLOCK12/SES126/SA126S14	SES148	-1.8239	-52.218	-50.3941
BLOCK12/SES126/SA126S14	SES177	-0.552444	-50.9465	-50.3941
BLOCK12/SES126/SA126S14	SES180	-1.09126	-51.4854	-50.3941
BLOCK12/SES126/SA126S20	SES007	-1.76765	-52.5002	-50.7325
BLOCK12/SES126/SA126S20	SES162	-1.98909	-52.7216	-50.7325
BLOCK12/SES126/SA126S20	SES172	-5.36092	-56.0934	-50.7325
BLOCK12/SES126/SA126S20	SES180	-2.25256	-52.9851	-50.7325
BLOCK12/SES126/SA126S24	SES120	-1.20153	-51.4475	-50.246
BLOCK12/SES126/SA126S24	SES162	-1.67192	-51.9179	-50.246
BLOCK12/SES126/SA126S24	SES177	-1.03743	-51.2834	-50.246
BLOCK12/SES126/SA126S24	SES180	-0.684196	-50.9301	-50.246
BLOCK12/SES126/SA126S26	SES120	-0.871578	-52.2521	-51.3806
BLOCK12/SES126/SA126S26	SES177	-1.41997	-52.8005	-51.3806
BLOCK12/SES126/SA126S26	SES180	-1.14581	-52.5264	-51.3806
BLOCK12/SES126/SA126S26	SES202	-2.29604	-53.6766	-51.3806
BLOCK12/SES128/SA128S10	SES087	-2.45136	-52.2003	-49.749
BLOCK12/SES128/SA128S10	SES206	-1.55097	-51.2999	-49.749
BLOCK12/SES128/SA128S10	SES226	-1.0369	-50.7859	-49.749
BLOCK12/SES128/SA128S10	SES270	-0.725246	-50.4742	-49.749
BLOCK12/SES128/SA128S12	SES120	-3.31311	-53.3061	-49.993
BLOCK12/SES128/SA128S12	SES158	-1.71087	-51.7038	-49.993
BLOCK12/SES128/SA128S12	SES206	-1.15372	-51.1467	-49.993
BLOCK12/SES128/SA128S12	SES226	-1.5813	-51.5743	-49.993
BLOCK12/SES128/SA128S21	SES106	-2.78605	-53.4721	-50.686
BLOCK12/SES128/SA128S21	SES120	-2.55684	-53.2428	-50.686
BLOCK12/SES128/SA128S21	SES206	-2.09875	-52.7848	-50.686
BLOCK12/SES128/SA128S21	SES226	-1.82367	-52.5097	-50.686
BLOCK12/SES128/SA128S24	SES087	-2.56746	-53.3078	-50.7404
BLOCK12/SES128/SA128S24	SES120	-1.79233	-52.5327	-50.7404
BLOCK12/SES128/SA128S24	SES206	-1.92249	-52.6629	-50.7404
BLOCK12/SES128/SA128S24	SES226	-2.05291	-52.7933	-50.7404
BLOCK12/SES128/SA128S27	SES099	-0.725937	-50.2303	-49.5044
BLOCK12/SES128/SA128S27	SES120	-1.96534	-51.4697	-49.5044
BLOCK12/SES128/SA128S27	SES206	-1.49391	-50.9983	-49.5044
BLOCK12/SES128/SA128S27	SES226	-1.59479	-51.0992	-49.5044
BLOCK13/SES130/SA130S13	SES143	-2.50531	-54.3831	-51.8778
BLOCK13/SES130/SA130S13	SES144	-0.711418	-52.5892	-51.8778
BLOCK13/SES130/SA130S13	SES146	-0.940311	-52.8181	-51.8778
BLOCK13/SES130/SA130S13	SES275	-3.73136	-55.6091	-51.8778
BLOCK13/SES130/SA130S15	SES143	-2.57863	-52.8071	-50.2285
BLOCK13/SES130/SA130S15	SES144	-0.716644	-50.9452	-50.2285
BLOCK13/SES130/SA130S15	SES146	-1.1972	-51.4257	-50.2285
BLOCK13/SES130/SA130S15	SES275	-1.85422	-52.0827	-50.2285
BLOCK13/SES130/SA130S23	SES127	-2.99789	-54.9365	-51.9386
BLOCK13/SES130/SA130S23	SES144	-1.46066	-53.3992	-51.9386
BLOCK13/SES130/SA130S23	SES146	-1.55676	-53.4953	-51.9386
BLOCK13/SES130/SA130S23	SES162	-1.49295	-53.4315	-51.9386
BLOCK13/SES130/SA130S25	SES127	-2.11711	-52.1232	-50.0061
BLOCK13/SES130/SA130S25	SES144	-0.568707	-50.5748	-50.0061
BLOCK13/SES130/SA130S25	SES146	-0.945568	-50.9516	-50.0061
BLOCK13/SES130/SA130S25	SES275	-1.21058	-51.2166	-50.0061
BLOCK13/SES130/SA130S28	SES127	-1.75858	-52.1435	-50.3849
BLOCK13/SES130/SA130S28	SES144	-1.08425	-51.4691	-50.3849
BLOCK13/SES130/SA130S28	SES146	-1.37436	-51.7592	-50.3849
BLOCK13/SES130/SA130S28	SES275	-0.880795	-51.2657	-50.3849
BLOCK13/SES131/SA131S13	SES002	-2.39296	-54.9328	-52.5398
BLOCK13/SES131/SA131S13	SES007	-3.93861	-56.4784	-52.5398
BLOCK13/SES131/SA131S13	SES099	-1.82904	-54.3689	-52.5398
BLOCK13/SES131/SA131S13	SES105	-2.87617	-55.416	-52.5398
BLOCK13/SES131/SA131S14	SES104	-1.14162	-51.6908	-50.5492
BLOCK13/SES131/SA131S14	SES106	-0.876701	-51.4259	-50.5492
BLOCK13/SES131/SA131S14	SES125	-1.73229	-52.2815	-50.5492
BLOCK13/SES131/SA131S14	SES148	-2.65404	-53.2032	-50.5492
BLOCK13/SES131/SA131S20	SES104	-2.07727	-53.9553	-51.8781
BLOCK13/SES131/SA131S20	SES106	-0.981834	-52.8599	-51.8781
BLOCK13/SES131/SA131S20	SES125	-1.75243	-53.6305	-51.8781
BLOCK13/SES131/SA131S20	SES148	-4.59483	-56.4729	-51.8781
BLOCK13/SES131/SA131S22	SES099	-1.21342	-52.1467	-50.9333
BLOCK13/SES131/SA131S22	SES104	-1.78652	-52.7198	-50.9333
BLOCK13/SES131/SA131S22	SES125	-1.75335	-52.6866	-50.9333
BLOCK13/SES131/SA131S22	SES206	-1.99668	-52.93	-50.9333
BLOCK13/SES131/SA131S29	SES087	-1.51011	-53.2314	-51.7213
BLOCK13/SES131/SA131S29	SES104	-2.23385	-53.9552	-51.7213
BLOCK13/SES131/SA131S29	SES125	-2.0463	-53.7676	-51.7213
BLOCK13/SES131/SA131S29	SES206	-1.80706	-53.5284	-51.7213
BLOCK13/SES132/SA132S11	SES083	-2.18522	-52.1611	-49.9758
BLOCK13/SES132/SA132S11	SES120	-0.283615	-50.2594	-49.9758
BLOCK13/SES132/SA132S11	SES127	-1.0877	-51.0635	-49.9758
BLOCK13/SES132/SA132S11	SES275	-1.10728	-51.0831	-49.9758
BLOCK13/SES132/SA132S12	SES083	-1.66357	-51.4412	-49.7776
BLOCK13/SES132/SA132S12	SES143	-1.56298	-51.3406	-49.7776
BLOCK13/SES132/SA132S12	SES144	-1.14096	-50.9186	-49.7776
BLOCK13/SES132/SA132S12	SES148	-1.50307	-51.2807	-49.7776
BLOCK13/SES132/SA132S22	SES062	-1.23123	-50.6843	-49.4531
BLOCK13/SES132/SA132S22	SES083	-1.41072	-50.8638	-49.4531
BLOCK13/SES132/SA132S22	SES127	-1.15199	-50.6051	-49.4531
BLOCK13/SES132/SA132S22	SES275	-0.82803	-50.2811	-49.4531
BLOCK13/SES132/SA132S24	SES007	-0.540306	-50.1532	-49.6129
BLOCK13/SES132/SA132S24	SES083	-2.06968	-51.6825	-49.6129
BLOCK13/SES132/SA132S24	SES127	-1.70633	-51.3192	-49.6129
BLOCK13/SES132/SA132S24	SES275	-1.36141	-50.9743	-49.6129
BLOCK13/SES132/SA132S27	SES083	-2.26016	-52.6003	-50.3401
BLOCK13/SES132/SA132S27	SES120	-0.261616	-50.6017	-50.3401
BLOCK13/SES132/SA132S27	SES127	-1.60057	-51.9407	-50.3401
BLOCK13/SES132/SA132S27	SES275	-2.13049	-52.4706	-50.3401
BLOCK14/SES141/SA141S09	SES143	-0.801479	-51.6111	-50.8096
BLOCK14/SES141/SA141S09	SES144	-0.817032	-51.6267	-50.8096
BLOCK14/SES141/SA141S09	SES162	-1.11958	-51.9292	-50.8096
BLOCK14/SES141/SA141S09	SES180	-0.954937	-51.7646	-50.8096
BLOCK14/SES141/SA141S15	SES127	-1.61161	-52.0467	-50.4351
BLOCK14/SES141/SA141S15	SES144	-0.996693	-51.4318	-50.4351
BLOCK14/SES141/SA141S15	SES162	-1.30915	-51.7442	-50.4351
BLOCK14/SES141/SA141S15	SES180	-1.14602	-51.5811	-50.4351
BLOCK14/SES141/SA141S24	SES127	-1.19862	-51.3997	-50.201
BLOCK14/SES141/SA141S24	SES144	-1.6741	-51.8751	-50.201
BLOCK14/SES141/SA141S24	SES162	-0.981926	-51.183	-50.201
BLOCK14/SES141/SA141S24	SES183	-2.98381	-53.1848	-50.201
BLOCK14/SES141/SA141S26	SES142	-1.46832	-52.6702	-51.2019
BLOCK14/SES141/SA141S26	SES144	-1.58601	-52.7879	-51.2019
BLOCK14/SES141/SA141S26	SES172	-1.8348	-53.0367	-51.2019
BLOCK14/SES141/SA141S26	SES180	-0.657494	-51.8593	-51.2019
BLOCK14/SES141/SA141S29	SES127	-0.703678	-50.8125	-50.1088
BLOCK14/SES141/SA141S29	SES142	-0.385342	-50.4941	-50.1088
BLOCK14/SES141/SA141S29	SES144	-1.10854	-51.2173	-50.1088
BLOCK14/SES141/SA141S29	SES180	-0.571983	-50.6808	-50.1088
BLOCK15/SES157/SA157S08	SES083	-3.17258	-53.6107	-50.4381
BLOCK15/SES157/SA157S08	SES127	-2.50562	-52.9437	-50.4381
BLOCK15/SES157/SA157S08	SES148	-1.31024	-51.7484	-50.4381
BLOCK15/SES157/SA157S08	SES292	-2.61299	-53.0511	-50.4381
BLOCK15/SES157/SA157S11	SES083	-2.4992	-52.6443	-50.1451
BLOCK15/SES157/SA157S11	SES127	-2.18326	-52.3284	-50.1451
BLOCK15/SES157/SA157S11	SES148	-1.21199	-51.3571	-50.1451
BLOCK15/SES157/SA157S11	SES292	-2.07969	-52.2248	-50.1451
BLOCK15/SES157/SA157S21	SES127	-1.82892	-51.745	-49.9161
BLOCK15/SES157/SA157S21	SES148	-1.03198	-50.9481	-49.9161
BLOCK15/SES157/SA157S21	SES158	-6.00771	-55.9238	-49.9161
BLOCK15/SES157/SA157S21	SES292	-1.74612	-51.6622	-49.9161
BLOCK15/SES157/SA157S24	SES127	-2.47999	-52.5197	-50.0397
BLOCK15/SES157/SA157S24	SES148	-1.01521	-51.0549	-50.0397
BLOCK15/SES157/SA157S24	SES183	-1.97175	-52.0115	-50.0397
BLOCK15/SES157/SA157S24	SES292	-2.35736	-52.3971	-50.0397
BLOCK15/SES157/SA157S26	SES007	-1.1786	-51.1673	-49.9887
BLOCK15/SES157/SA157S26	SES127	-1.61455	-51.6033	-49.9887
BLOCK15/SES157/SA157S26	SES147	-2.49185	-52.4806	-49.9887
BLOCK15/SES157/SA157S26	SES148	-0.950916	-50.9396	-49.9887
BLOCK16/SES161/SA161S10	SES007	-2.28884	-54.1048	-51.8159
BLOCK16/SES161/SA161S10	SES105	-1.94389	-53.7598	-51.8159
BLOCK16/SES161/SA161S10	SES158	-2.61821	-54.4341	-51.8159
BLOCK16/SES161/SA161S10	SES275	-2.55107	-54.367	-51.8159
BLOCK16/SES161/SA161S12	SES007	-2.04508	-53.2635	-51.2184
BLOCK16/SES161/SA161S12	SES105	-2.06852	-53.2869	-51.2184
BLOCK16/SES161/SA161S12	SES158	-1.49724	-52.7157	-51.2184
BLOCK16/SES161/SA161S12	SES275	-2.15142	-53.3698	-51.2184
BLOCK16/SES161/SA161S20	SES007	-2.34101	-55.0906	-52.7496
BLOCK16/SES161/SA161S20	SES105	-2.6613	-55.4109	-52.7496
BLOCK16/SES161/SA161S20	SES158	-2.159	-54.9086	-52.7496
BLOCK16/SES161/SA161S20	SES275	-3.2467	-55.9963	-52.7496
BLOCK16/SES161/SA161S23	SES007	-2.60268	-53.3981	-50.7954
BLOCK16/SES161/SA161S23	SES105	-1.53017	-52.3256	-50.7954
BLOCK16/SES161/SA161S23	SES148	-2.55196	-53.3474	-50.7954
BLOCK16/SES161/SA161S23	SES158	-1.20676	-52.0022	-50.7954
BLOCK16/SES161/SA161S28	SES007	-3.41362	-54.4034	-50.9897
BLOCK16/SES161/SA161S28	SES105	-2.91306	-53.9028	-50.9897
BLOCK16/SES161/SA161S28	SES158	-1.18848	-52.1782	-50.9897
BLOCK16/SES161/SA161S28	SES206	-1.80313	-52.7929	-50.9897
BLOCK16/SES164/SA164S11	SES104	-1.95346	-51.3559	-49.4024
BLOCK16/SES164/SA164S11	SES125	-0.924053	-50.3265	-49.4024
BLOCK16/SES164/SA164S11	SES158	-0.391426	-49.7939	-49.4024
BLOCK16/SES164/SA164S11	SES206	-1.96276	-51.3652	-49.4024
BLOCK16/SES164/SA164S13	SES099	-1.29081	-52.1044	-50.8136
BLOCK16/SES164/SA164S13	SES104	-1.99351	-52.8071	-50.8136
BLOCK16/SES164/SA164S13	SES125	-2.32073	-53.1344	-50.8136
BLOCK16/SES164/SA164S13	SES206	-2.17561	-52.9893	-50.8136
BLOCK16/SES164/SA164S24	SES002	-0.695499	-50.7202	-50.0247
BLOCK16/SES164/SA164S24	SES099	-1.14099	-51.1657	-50.0247
BLOCK16/SES164/SA164S24	SES125	-2.40976	-52.4345	-50.0247
BLOCK16/SES164/SA164S24	SES226	-0.900478	-50.9252	-50.0247
BLOCK16/SES164/SA164S27	SES087	-3.19334	-53.5086	-50.3153
BLOCK16/SES164/SA164S27	SES125	-1.89512	-52.2104	-50.3153
BLOCK16/SES164/SA164S27	SES206	-1.67758	-51.9928	-50.3153
BLOCK16/SES164/SA164S27	SES226	-1.53059	-51.8459	-50.3153
BLOCK16/SES164/SA164S29	SES002	-0.923424	-50.7079	-49.7845
BLOCK16/SES164/SA164S29	SES019	-2.03561	-51.8201	-49.7845
BLOCK16/SES164/SA164S29	SES125	-2.04328	-51.8278	-49.7845
BLOCK16/SES164/SA164S29	SES226	-2.00328	-51.7878	-49.7845
BLOCK16/SES169/SA169S13	SES117	-1.55862	-52.0188	-50.4602
BLOCK16/SES169/SA169S13	SES144	-1.09935	-51.5595	-50.4602
BLOCK16/SES169/SA169S13	SES146	-1.49913	-51.9593	-50.4602
BLOCK16/SES169/SA169S13	SES162	-1.73769	-52.1979	-50.4602
BLOCK16/SES169/SA169S14	SES144	-1.11811	-50.4073	-49.2892
BLOCK16/SES169/SA169S14	SES148	-1.31367	-50.6028	-49.2892
BLOCK16/SES169/SA169S14	SES177	-1.60802	-50.8972	-49.2892
BLOCK16/SES169/SA169S14	SES180	-2.47392	-51.7631	-49.2892
BLOCK16/SES169/SA169S24	SES117	-1.30361	-52.2457	-50.9421
BLOCK16/SES169/SA169S24	SES144	-1.08625	-52.0283	-50.9421
BLOCK16/SES169/SA169S24	SES146	-1.50631	-52.4484	-50.9421
BLOCK16/SES169/SA169S24	SES162	-1.87433	-52.8164	-50.9421
BLOCK16/SES169/SA169S27	SES127	-1.35682	-51.8152	-50.4584
BLOCK16/SES169/SA169S27	SES129	-1.77551	-52.2339	-50.4584
BLOCK16/SES169/SA169S27	SES144	-1.50919	-51.9676	-50.4584
BLOCK16/SES169/SA169S27	SES146	-0.624294	-51.0827	-50.4584
BLOCK16/SES169/SA169S29	SES144	-0.737213	-50.6944	-49.9572
BLOCK16/SES169/SA169S29	SES162	-1.27347	-51.2306	-49.9572
BLOCK16/SES169/SA169S29	SES177	-2.88831	-52.8455	-49.9572
BLOCK16/SES169/SA169S29	SES180	-1.88601	-51.8432	-49.9572
BLOCK17/SES171/SA171S12	SES083	-1.35826	-52.8392	-51.4809
BLOCK17/SES171/SA171S12	SES148	-1.56043	-53.0413	-51.4809
BLOCK17/SES171/SA171S12	SES172	-1.91765	-53.3985	-51.4809
BLOCK17/SES171/SA171S12	SES292	-2.03223	-53.5131	-51.4809
BLOCK17/SES171/SA171S15	SES148	-1.70067	-53.1373	-51.4366
BLOCK17/SES171/SA171S15	SES177	-2.15933	-53.5959	-51.4366
BLOCK17/SES171/SA171S15	SES180	-3.38116	-54.8178	-51.4366
BLOCK17/SES171/SA171S15	SES292	-3.29991	-54.7365	-51.4366
BLOCK17/SES171/SA171S22	SES007	-1.81488	-52.3755	-50.5606
BLOCK17/SES171/SA171S22	SES148	-1.18913	-51.7498	-50.5606
BLOCK17/SES171/SA171S22	SES177	-0.819176	-51.3798	-50.5606
BLOCK17/SES171/SA171S22	SES180	-1.49929	-52.0599	-50.5606
BLOCK17/SES171/SA171S25	SES101	-2.75386	-54.2564	-51.5026
BLOCK17/SES171/SA171S25	SES120	-3.41069	-54.9133	-51.5026
BLOCK17/SES171/SA171S25	SES177	-1.44288	-52.9455	-51.5026
BLOCK17/SES171/SA171S25	SES180	-2.76922	-54.2718	-51.5026
BLOCK17/SES171/SA171S27	SES177	-1.06305	-51.9107	-50.8476
BLOCK17/SES171/SA171S27	SES180	-2.45176	-53.2994	-50.8476
BLOCK17/SES171/SA171S27	SES189	-1.17677	-52.0244	-50.8476
BLOCK17/SES171/SA171S27	SES292	-2.92526	-53.7729	-50.8476
BLOCK17/SES173/SA173S13	SES162	-2.05974	-54.367	-52.3073
BLOCK17/SES173/SA173S13	SES177	-2.72426	-55.0315	-52.3073
BLOCK17/SES173/SA173S13	SES180	-2.31123	-54.6185	-52.3073
BLOCK17/SES173/SA173S13	SES292	-1.67353	-53.9808	-52.3073
BLOCK17/SES173/SA173S14	SES007	-2.87884	-55.3452	-52.4664
BLOCK17/SES173/SA173S14	SES162	-2.25887	-54.7252	-52.4664
BLOCK17/SES173/SA173S14	SES177	-2.2177	-54.6841	-52.4664
BLOCK17/SES173/SA173S14	SES180	-2.74273	-55.2091	-52.4664
BLOCK17/SES173/SA173S24	SES144	-1.3407	-54.202	-52.8613
BLOCK17/SES173/SA173S24	SES162	-2.3754	-55.2367	-52.8613
BLOCK17/SES173/SA173S24	SES177	-2.18433	-55.0456	-52.8613
BLOCK17/SES173/SA173S24	SES180	-2.21659	-55.0778	-52.8613
BLOCK17/SES173/SA173S27	SES162	-2.99002	-54.8955	-51.9055
BLOCK17/SES173/SA173S27	SES177	-2.31818	-54.2237	-51.9055
BLOCK17/SES173/SA173S27	SES180	-2.42422	-54.3297	-51.9055
BLOCK17/SES173/SA173S27	SES292	-2.39563	-54.3011	-51.9055
BLOCK17/SES173/SA173S29	SES162	-2.25574	-54.0457	-51.7899
BLOCK17/SES173/SA173S29	SES175	-1.09724	-52.8872	-51.7899
BLOCK17/SES173/SA173S29	SES177	-2.39956	-54.1895	-51.7899
BLOCK17/SES173/SA173S29	SES292	-3.09359	-54.8835	-51.7899
BLOCK18/SES182/SA182S10	SES144	-1.16546	-51.4776	-50.3122
BLOCK18/SES182/SA182S10	SES177	-1.8548	-52.167	-50.3122
BLOCK18/SES182/SA182S10	SES180	-2.44052	-52.7527	-50.3122
BLOCK18/SES182/SA182S10	SES275	-0.746361	-51.0585	-50.3122
BLOCK18/SES182/SA182S12	SES144	-0.794056	-50.9957	-50.2016
BLOCK18/SES182/SA182S12	SES177	-1.344	-51.5456	-50.2016
BLOCK18/SES182/SA182S12	SES180	-1.58024	-51.7819	-50.2016
BLOCK18/SES182/SA182S12	SES275	-1.55316	-51.7548	-50.2016
BLOCK18/SES182/SA182S21	SES117	-1.5946	-52.7647	-51.1701
BLOCK18/SES182/SA182S21	SES144	-1.45329	-52.6234	-51.1701
BLOCK18/SES182/SA182S21	SES162	-1.25352	-52.4236	-51.1701
BLOCK18/SES182/SA182S21	SES180	-2.16425	-53.3343	-51.1701
BLOCK18/SES182/SA182S23	SES117	-1.44474	-52.2424	-50.7977
BLOCK18/SES182/SA182S23	SES144	-1.63822	-52.4359	-50.7977
BLOCK18/SES182/SA182S23	SES180	-2.14382	-52.9415	-50.7977
BLOCK18/SES182/SA182S23	SES275	-1.12893	-51.9266	-50.7977
BLOCK18/SES182/SA182S25	SES007	-1.28268	-51.9902	-50.7075
BLOCK18/SES182/SA182S25	SES162	-0.908501	-51.616	-50.7075
BLOCK18/SES182/SA182S25	SES177	-1.11127	-51.8187	-50.7075
BLOCK18/SES182/SA182S25	SES180	-1.51582	-52.2233	-50.7075
BLOCK18/SES184/SA184S12	SES177	-1.97792	-52.5198	-50.5419
BLOCK18/SES184/SA184S12	SES180	-1.19126	-51.7331	-50.5419
BLOCK18/SES184/SA184S12	SES189	-3.01195	-53.5538	-50.5419
BLOCK18/SES184/SA184S12	SES292	-2.56047	-53.1024	-50.5419
BLOCK18/SES184/SA184S13	SES101	-1.98845	-52.6154	-50.627
BLOCK18/SES184/SA184S13	SES177	-1.39814	-52.0251	-50.627
BLOCK18/SES184/SA184S13	SES180	-1.80319	-52.4302	-50.627
BLOCK18/SES184/SA184S13	SES292	-1.91166	-52.5386	-50.627
BLOCK18/SES184/SA184S22	SES177	-1.67647	-51.4788	-49.8023
BLOCK18/SES184/SA184S22	SES180	-2.09916	-51.9015	-49.8023
BLOCK18/SES184/SA184S22	SES189	-3.1001	-52.9024	-49.8023
BLOCK18/SES184/SA184S22	SES292	-2.52411	-52.3264	-49.8023
BLOCK18/SES184/SA184S25	SES101	-1.50108	-50.904	-49.4029
BLOCK18/SES184/SA184S25	SES177	-1.8783	-51.2812	-49.4029
BLOCK18/SES184/SA184S25	SES180	-1.71132	-51.1142	-49.4029
BLOCK18/SES184/SA184S25	SES292	-1.44254	-50.8454	-49.4029
BLOCK18/SES184/SA184S27	SES083	-1.95734	-52.1514	-50.1941
BLOCK18/SES184/SA184S27	SES177	-1.41083	-51.6049	-50.1941
BLOCK18/SES184/SA184S27	SES202	-3.05939	-53.2535	-50.1941
BLOCK18/SES184/SA184S27	SES292	-1.51768	-51.7118	-50.1941
BLOCK20/SES204/SA204S12	SES062	-2.33841	-51.455	-49.1166
BLOCK20/SES204/SA204S12	SES083	-3.0187	-52.1353	-49.1166
BLOCK20/SES204/SA204S12	SES206	-0.925697	-50.0423	-49.1166
BLOCK20/SES204/SA204S12	SES226	-2.26844	-51.385	-49.1166
BLOCK20/SES204/SA204S14	SES068	-2.8629	-51.2794	-48.4165
BLOCK20/SES204/SA204S14	SES087	-0.555744	-48.9723	-48.4165
BLOCK20/SES204/SA204S14	SES206	-1.35682	-49.7733	-48.4165
BLOCK20/SES204/SA204S14	SES226	-1.70044	-50.117	-48.4165
BLOCK20/SES204/SA204S22	SES068	-3.43022	-52.5714	-49.1412
BLOCK20/SES204/SA204S22	SES082	-3.28423	-52.4254	-49.1412
BLOCK20/SES204/SA204S22	SES083	-3.33313	-52.4743	-49.1412
BLOCK20/SES204/SA204S22	SES206	-1.30068	-50.4418	-49.1412
BLOCK20/SES204/SA204S25	SES062	-2.66784	-52.0941	-49.4262
BLOCK20/SES204/SA204S25	SES083	-3.22683	-52.6531	-49.4262
BLOCK20/SES204/SA204S25	SES206	-0.682346	-50.1086	-49.4262
BLOCK20/SES204/SA204S25	SES226	-1.71052	-51.1367	-49.4262
BLOCK20/SES204/SA204S27	SES068	-4.06031	-53.7779	-49.7176
BLOCK20/SES204/SA204S27	SES082	-2.285	-52.0026	-49.7176
BLOCK20/SES204/SA204S27	SES087	-1.06893	-50.7865	-49.7176
BLOCK20/SES204/SA204S27	SES206	-0.767925	-50.4855	-49.7176
BLOCK20/SES207/SA207S10	SES127	-0.939804	-51.9426	-51.0028
BLOCK20/SES207/SA207S10	SES183	-1.60094	-52.6038	-51.0028
BLOCK20/SES207/SA207S10	SES189	-1.73587	-52.7387	-51.0028
BLOCK20/SES207/SA207S10	SES292	-1.68344	-52.6863	-51.0028
BLOCK20/SES207/SA207S11	SES127	-2.9412	-53.3177	-50.3765
BLOCK20/SES207/SA207S11	SES183	-2.12131	-52.4978	-50.3765
BLOCK20/SES207/SA207S11	SES187	-1.36253	-51.739	-50.3765
BLOCK20/SES207/SA207S11	SES292	-2.17625	-52.5527	-50.3765
BLOCK20/SES207/SA207S25	SES068	-2.07553	-53.0304	-50.9549
BLOCK20/SES207/SA207S25	SES083	-2.44638	-53.4012	-50.9549
BLOCK20/SES207/SA207S25	SES127	-1.08178	-52.0366	-50.9549
BLOCK20/SES207/SA207S25	SES187	-0.549004	-51.5039	-50.9549
BLOCK20/SES207/SA207S27	SES127	-1.6152	-53.0098	-51.3946
BLOCK20/SES207/SA207S27	SES183	-1.19165	-52.5863	-51.3946
BLOCK20/SES207/SA207S27	SES187	-1.45047	-52.8451	-51.3946
BLOCK20/SES207/SA207S27	SES292	-2.01118	-53.4058	-51.3946
BLOCK20/SES207/SA207S29	SES083	-1.92439	-52.2034	-50.279
BLOCK20/SES207/SA207S29	SES085	-1.4237	-51.7027	-50.279
BLOCK20/SES207/SA207S29	SES172	-2.61907	-52.898	-50.279
BLOCK20/SES207/SA207S29	SES189	-2.38168	-52.6606	-50.279
BLOCK22/SES221/SA221S12	SES068	-2.06247	-52.6581	-50.5957
BLOCK22/SES221/SA221S12	SES143	-2.16086	-52.7565	-50.5957
BLOCK22/SES221/SA221S12	SES175	-0.886311	-51.482	-50.5957
BLOCK22/SES221/SA221S12	SES202	-0.68668	-51.2823	-50.5957
BLOCK22/SES221/SA221S15	SES085	-3.36721	-55.3837	-52.0165
BLOCK22/SES221/SA221S15	SES143	-2.70622	-54.7227	-52.0165
BLOCK22/SES221/SA221S15	SES175	-0.689304	-52.7058	-52.0165
BLOCK22/SES221/SA221S15	SES187	-0.74353	-52.76	-52.0165
BLOCK22/SES221/SA221S23	SES068	-2.26714	-53.21	-50.9429
BLOCK22/SES221/SA221S23	SES143	-2.54533	-53.4882	-50.9429
BLOCK22/SES221/SA221S23	SES175	-0.701054	-51.6439	-50.9429
BLOCK22/SES221/SA221S23	SES189	0.228199	-50.7147	-50.9429
BLOCK22/SES221/SA221S27	SES085	-3.87595	-54.8278	-50.9518
BLOCK22/SES221/SA221S27	SES143	-2.14989	-53.1017	-50.9518
BLOCK22/SES221/SA221S27	SES175	-0.885178	-51.837	-50.9518
BLOCK22/SES221/SA221S27	SES189	0.822399	-50.1294	-50.9518
BLOCK22/SES221/SA221S29	SES085	-4.42134	-56.772	-52.3507
BLOCK22/SES221/SA221S29	SES143	-2.5045	-54.8552	-52.3507
BLOCK22/SES221/SA221S29	SES175	-0.576118	-52.9268	-52.3507
BLOCK22/SES221/SA221S29	SES187	-0.174969	-52.5257	-52.3507
BLOCK22/SES223/SA223S11	SES143	-1.42008	-53.1997	-51.7796
BLOCK22/SES223/SA223S11	SES144	-2.80297	-54.5826	-51.7796
BLOCK22/SES223/SA223S11	SES175	-1.01785	-52.7975	-51.7796
BLOCK22/SES223/SA223S11	SES187	-1.60092	-53.3806	-51.7796
BLOCK22/SES223/SA223S13	SES068	-2.19395	-55.0858	-52.8919
BLOCK22/SES223/SA223S13	SES143	-2.19975	-55.0916	-52.8919
BLOCK22/SES223/SA223S13	SES146	-2.32139	-55.2133	-52.8919
BLOCK22/SES223/SA223S13	SES202	-1.45659	-54.3485	-52.8919
BLOCK22/SES223/SA223S22	SES143	-1.28841	-53.048	-51.7596
BLOCK22/SES223/SA223S22	SES144	-2.23271	-53.9923	-51.7596
BLOCK22/SES223/SA223S22	SES175	-1.15963	-52.9193	-51.7596
BLOCK22/SES223/SA223S22	SES187	-1.05662	-52.8162	-51.7596
BLOCK22/SES223/SA223S25	SES068	-2.40138	-54.2833	-51.8819
BLOCK22/SES223/SA223S25	SES143	-1.98233	-53.8642	-51.8819
BLOCK22/SES223/SA223S25	SES175	-0.815277	-52.6971	-51.8819
BLOCK22/SES223/SA223S25	SES187	-1.34056	-53.2224	-51.8819
BLOCK22/SES223/SA223S27	SES143	-1.07514	-52.8586	-51.7835
BLOCK22/SES223/SA223S27	SES146	-1.51474	-53.2982	-51.7835
BLOCK22/SES223/SA223S27	SES187	-1.44522	-53.2287	-51.7835
BLOCK22/SES223/SA223S27	SES292	-1.86226	-53.6457	-51.7835
BLOCK27/SES273/SA273S12	SES099	-0.192627	-48.3113	-48.1187
BLOCK27/SES273/SA273S12	SES104	-0.803341	-48.922	-48.1187
BLOCK27/SES273/SA273S12	SES125	-1.19881	-49.3175	-48.1187
BLOCK27/SES273/SA273S12	SES206	-0.187981	-48.3066	-48.1187
BLOCK27/SES273/SA273S13	SES099	-0.547741	-48.7376	-48.1899
BLOCK27/SES273/SA273S13	SES104	-1.18184	-49.3717	-48.1899
BLOCK27/SES273/SA273S13	SES206	-0.701519	-48.8914	-48.1899
BLOCK27/SES273/SA273S13	SES292	-3.35875	-51.5486	-48.1899
BLOCK27/SES273/SA273S21	SES099	0.0395508	-48.2445	-48.284
BLOCK27/SES273/SA273S21	SES148	-3.03409	-51.3181	-48.284
BLOCK27/SES273/SA273S21	SES149	-0.539825	-48.8239	-48.284
BLOCK27/SES273/SA273S21	SES177	-4.14685	-52.4309	-48.284
BLOCK27/SES273/SA273S25	SES104	-1.55909	-50.0922	-48.5331
BLOCK27/SES273/SA273S25	SES125	-1.38666	-49.9198	-48.5331
BLOCK27/SES273/SA273S25	SES158	-0.956215	-49.4893	-48.5331
BLOCK27/SES273/SA273S25	SES206	-0.0431023	-48.5762	-48.5331
BLOCK27/SES273/SA273S27	SES099	-0.485191	-48.9884	-48.5032
BLOCK27/SES273/SA273S27	SES104	-1.19268	-49.6959	-48.5032
BLOCK27/SES273/SA273S27	SES149	-0.730556	-49.2338	-48.5032
BLOCK27/SES273/SA273S27	SES275	-2.27639	-50.7796	-48.5032
BLOCK27/SES274/SA274S10	SES105	-1.74685	-50.86	-49.1132
BLOCK27/SES274/SA274S10	SES125	-0.955498	-50.0687	-49.1132
BLOCK27/SES274/SA274S10	SES129	-1.21735	-50.3305	-49.1132
BLOCK27/SES274/SA274S10	SES158	-1.5853	-50.6985	-49.1132
BLOCK27/SES274/SA274S11	SES105	-2.33934	-51.3803	-49.041
BLOCK27/SES274/SA274S11	SES149	-1.0094	-50.0504	-49.041
BLOCK27/SES274/SA274S11	SES158	-0.827019	-49.868	-49.041
BLOCK27/SES274/SA274S11	SES275	-2.34134	-51.3823	-49.041
BLOCK27/SES274/SA274S21	SES105	-2.37667	-51.8985	-49.5219
BLOCK27/SES274/SA274S21	SES129	-1.6312	-51.1531	-49.5219
BLOCK27/SES274/SA274S21	SES149	-1.11984	-50.6417	-49.5219
BLOCK27/SES274/SA274S21	SES158	-2.18174	-51.7036	-49.5219
BLOCK27/SES274/SA274S24	SES105	-2.32017	-51.5745	-49.2544
BLOCK27/SES274/SA274S24	SES129	-2.30709	-51.5615	-49.2544
BLOCK27/SES274/SA274S24	SES149	-0.9151	-50.1695	-49.2544
BLOCK27/SES274/SA274S24	SES158	-2.44811	-51.7025	-49.2544
BLOCK27/SES274/SA274S29	SES105	-2.39757	-51.6747	-49.2771
BLOCK27/SES274/SA274S29	SES106	-2.09898	-51.3761	-49.2771
BLOCK27/SES274/SA274S29	SES120	-2.6125	-51.8896	-49.2771
BLOCK27/SES274/SA274S29	SES275	-2.04942	-51.3266	-49.2771
BLOCK27/SES276/SA276S16	SES148	-1.77603	-52.1801	-50.404
BLOCK27/SES276/SA276S16	SES172	-2.40317	-52.8072	-50.404
BLOCK27/SES276/SA276S16	SES180	-3.40712	-53.8111	-50.404
BLOCK27/SES276/SA276S16	SES292	-1.09557	-51.4996	-50.404
BLOCK27/SES276/SA276S17	SES101	-1.60225	-51.9681	-50.3659
BLOCK27/SES276/SA276S17	SES177	-1.89992	-52.2658	-50.3659
BLOCK27/SES276/SA276S17	SES180	-1.95151	-52.3174	-50.3659
BLOCK27/SES276/SA276S17	SES292	-1.60614	-51.972	-50.3659
BLOCK27/SES276/SA276S24	SES101	-0.909107	-50.2897	-49.3806
BLOCK27/SES276/SA276S24	SES177	-1.61925	-50.9998	-49.3806
BLOCK27/SES276/SA276S24	SES180	-1.94036	-51.3209	-49.3806
BLOCK27/SES276/SA276S24	SES292	-1.92665	-51.3072	-49.3806
BLOCK27/SES276/SA276S26	SES101	-1.92104	-51.6954	-49.7744
BLOCK27/SES276/SA276S26	SES177	-1.59233	-51.3667	-49.7744
BLOCK27/SES276/SA276S26	SES180	-1.00724	-50.7816	-49.7744
BLOCK27/SES276/SA276S26	SES292	-1.22063	-50.995	-49.7744
BLOCK27/SES276/SA276S28	SES101	-1.29845	-51.3153	-50.0169
BLOCK27/SES276/SA276S28	SES177	-1.93162	-51.9485	-50.0169
BLOCK27/SES276/SA276S28	SES180	-1.39146	-51.4083	-50.0169
BLOCK27/SES276/SA276S28	SES292	-2.09755	-52.1144	-50.0169
BLOCK27/SES277/SA277S12	SES101	-1.43278	-52.6302	-51.1974
BLOCK27/SES277/SA277S12	SES177	-2.58398	-53.7814	-51.1974
BLOCK27/SES277/SA277S12	SES180	-2.68968	-53.8871	-51.1974
BLOCK27/SES277/SA277S12	SES292	-3.40873	-54.6061	-51.1974
BLOCK27/SES277/SA277S14	SES177	-1.37716	-53.239	-51.8619
BLOCK27/SES277/SA277S14	SES180	-2.09433	-53.9562	-51.8619
BLOCK27/SES277/SA277S14	SES189	-1.07147	-52.9333	-51.8619
BLOCK27/SES277/SA277S14	SES292	-3.07059	-54.9325	-51.8619
BLOCK27/SES277/SA277S21	SES177	-1.48547	-51.5189	-50.0335
BLOCK27/SES277/SA277S21	SES180	-2.68951	-52.723	-50.0335
BLOCK27/SES277/SA277S21	SES189	-1.69498	-51.7284	-50.0335
BLOCK27/SES277/SA277S21	SES292	-2.74976	-52.7832	-50.0335
BLOCK27/SES277/SA277S24	SES144	-1.41799	-53.1743	-51.7563
BLOCK27/SES277/SA277S24	SES177	-1.71341	-53.4697	-51.7563
BLOCK27/SES277/SA277S24	SES180	-2.61006	-54.3663	-51.7563
BLOCK27/SES277/SA277S24	SES189	-1.53711	-53.2934	-51.7563
BLOCK27/SES277/SA277S29	SES177	-0.829754	-50.2734	-49.4437
BLOCK27/SES277/SA277S29	SES180	-1.77649	-51.2202	-49.4437
BLOCK27/SES277/SA277S29	SES202	-1.94106	-51.3847	-49.4437
BLOCK27/SES277/SA277S29	SES292	-2.17595	-51.6196	-49.4437
BLOCK27/SES279/SA279S09	SES120	-1.81005	-51.3059	-49.4959
BLOCK27/SES279/SA279S09	SES146	-1.69697	-51.1928	-49.4959
BLOCK27/SES279/SA279S09	SES206	-2.21493	-51.7108	-49.4959
BLOCK27/SES279/SA279S09	SES226	-2.45746	-51.9533	-49.4959
BLOCK27/SES279/SA279S10	SES099	-1.20272	-50.4662	-49.2635
BLOCK27/SES279/SA279S10	SES206	-1.55543	-50.8189	-49.2635
BLOCK27/SES279/SA279S10	SES226	-2.34546	-51.609	-49.2635
BLOCK27/SES279/SA279S10	SES292	-1.57467	-50.8382	-49.2635
BLOCK27/SES279/SA279S20	SES099	-2.1601	-51.7848	-49.6247
BLOCK27/SES279/SA279S20	SES206	-1.09944	-50.7242	-49.6247
BLOCK27/SES279/SA279S20	SES226	-2.70401	-52.3288	-49.6247
BLOCK27/SES279/SA279S20	SES292	-1.19995	-50.8247	-49.6247
BLOCK27/SES279/SA279S26	SES099	-1.52917	-51.1622	-49.633
BLOCK27/SES279/SA279S26	SES206	-0.970055	-50.6031	-49.633
BLOCK27/SES279/SA279S26	SES226	-2.24764	-51.8806	-49.633
BLOCK27/SES279/SA279S26	SES292	-1.69941	-51.3324	-49.633
BLOCK27/SES279/SA279S28	SES099	-2.23537	-50.4159	-48.1805
BLOCK27/SES279/SA279S28	SES120	-1.92195	-50.1025	-48.1805
BLOCK27/SES279/SA279S28	SES177	-3.31032	-51.4908	-48.1805
BLOCK27/SES279/SA279S28	SES206	-2.56734	-50.7479	-48.1805
BLOCK29/SES290/SA290S12	SES162	-1.81307	-51.9976	-50.1845
BLOCK29/SES290/SA290S12	SES177	-2.13375	-52.3183	-50.1845
BLOCK29/SES290/SA290S12	SES180	-2.00786	-52.1924	-50.1845
BLOCK29/SES290/SA290S12	SES292	-2.71585	-52.9004	-50.1845
BLOCK29/SES290/SA290S13	SES007	-3.76863	-54.7535	-50.9849
BLOCK29/SES290/SA290S13	SES162	-2.37524	-53.3601	-50.9849
BLOCK29/SES290/SA290S13	SES177	-1.25084	-52.2357	-50.9849
BLOCK29/SES290/SA290S13	SES180	-1.59874	-52.5836	-50.9849
BLOCK29/SES290/SA290S22	SES177	-0.829987	-51.3415	-50.5115
BLOCK29/SES290/SA290S22	SES180	-1.37288	-51.8844	-50.5115
BLOCK29/SES290/SA290S22	SES202	-1.7775	-52.289	-50.5115
BLOCK29/SES290/SA290S22	SES292	-2.30747	-52.819	-50.5115
BLOCK29/SES290/SA290S25	SES162	-1.75563	-51.6343	-49.8787
BLOCK29/SES290/SA290S25	SES177	-1.41967	-51.2984	-49.8787
BLOCK29/SES290/SA290S25	SES180	-1.76464	-51.6433	-49.8787
BLOCK29/SES290/SA290S25	SES292	-1.90264	-51.7813	-49.8787
BLOCK29/SES290/SA290S29	SES177	-0.303612	-50.2766	-49.9729
BLOCK29/SES290/SA290S29	SES180	-0.752464	-50.7254	-49.9729
BLOCK29/SES290/SA290S29	SES275	-2.32363	-52.2966	-49.9729
BLOCK29/SES290/SA290S29	SES292	-1.8947	-51.8677	-49.9729
BLOCK29/SES291/SA291S11	SES105	-3.9452	-54.0181	-50.0729
BLOCK29/SES291/SA291S11	SES125	-1.42937	-51.5022	-50.0729
BLOCK29/SES291/SA291S11	SES158	-1.5126	-51.5855	-50.0729
BLOCK29/SES291/SA291S11	SES275	-4.97366	-55.0465	-50.0729
BLOCK29/SES291/SA291S12	SES158	-0.460125	-49.9795	-49.5194
BLOCK29/SES291/SA291S12	SES226	-0.928776	-50.4482	-49.5194
BLOCK29/SES291/SA291S12	SES270	-0.364208	-49.8836	-49.5194
BLOCK29/SES291/SA291S12	SES275	-5.28578	-54.8052	-49.5194
BLOCK29/SES291/SA291S22	SES082	-1.17747	-50.4634	-49.2859
BLOCK29/SES291/SA291S22	SES158	-1.30199	-50.5879	-49.2859
BLOCK29/SES291/SA291S22	SES259	-1.85644	-51.1424	-49.2859
BLOCK29/SES291/SA291S22	SES275	-4.12505	-53.411	-49.2859
BLOCK29/SES291/SA291S24	SES104	-0.806503	-49.152	-48.3455
BLOCK29/SES291/SA291S24	SES125	-0.644737	-48.9903	-48.3455
BLOCK29/SES291/SA291S24	SES158	-0.757839	-49.1034	-48.3455
BLOCK29/SES291/SA291S24	SES275	-4.90322	-53.2488	-48.3455
BLOCK29/SES291/SA291S27	SES158	-0.261848	-48.9504	-48.6885
BLOCK29/SES291/SA291S27	SES172	-5.95285	-54.6414	-48.6885
BLOCK29/SES291/SA291S27	SES275	-4.71766	-53.4062	-48.6885
BLOCK29/SES291/SA291S27	SES292	-3.72046	-52.409	-48.6885
