BLOCK00/SES002/SA002S12	SES002	1.1528	-8.97082	-10.1236
BLOCK00/SES002/SA002S13	SES002	2.56772	-9.14306	-11.7108
BLOCK00/SES002/SA002S23	SES002	1.51179	-8.91766	-10.4295
BLOCK00/SES002/SA002S26	SES002	1.75071	-10.1019	-11.8527
BLOCK00/SES002/SA002S28	SES002	1.35286	-8.83143	-10.1843
BLOCK00/SES007/SA007S14	SES007	1.14152	-8.0778	-9.21931
BLOCK00/SES007/SA007S15	SES007	1.42365	-8.52102	-9.94467
BLOCK00/SES007/SA007S24	SES007	1.17407	-8.38051	-9.55458
BLOCK00/SES007/SA007S27	SES007	1.51284	-9.51452	-11.0274
BLOCK00/SES007/SA007S29	SES007	1.07763	-7.93759	-9.01522
BLOCK00/SES008/SA008S11	SES008	1.71665	-7.06845	-8.7851
BLOCK00/SES008/SA008S12	SES008	1.04825	-7.78156	-8.82982
BLOCK00/SES008/SA008S19	SES008	1.57592	-7.87608	-9.452
BLOCK00/SES008/SA008S22	SES008	1.15323	-8.46163	-9.61486
BLOCK00/SES008/SA008S29	SES008	1.62376	-7.47192	-9.09568
BLOCK01/SES014/SA014S10	SES014	1.53818	-8.84637	-10.3846
BLOCK01/SES014/SA014S12	SES014	2.23716	-8.27461	-10.5118
BLOCK01/SES014/SA014S24	SES014	2.43588	-8.4289	-10.8648
BLOCK01/SES014/SA014S26	SES014	2.32025	-8.46739	-10.7876
BLOCK01/SES014/SA014S28	SES014	2.47424	-7.55716	-10.0314
BLOCK01/SES016/SA016S12	SES016	2.13997	-9.56534	-11.7053
BLOCK01/SES016/SA016S13	SES016	1.77753	-8.78983	-10.5674
BLOCK01/SES016/SA016S22	SES016	1.58741	-8.34358	-9.93099
BLOCK01/SES016/SA016S25	SES016	1.53208	-7.40238	-8.93446
BLOCK01/SES016/SA016S27	SES016	1.71784	-8.60805	-10.3259
BLOCK01/SES019/SA019S13	SES019	3.2849	-7.66096	-10.9459
BLOCK01/SES019/SA019S14	SES019	1.73593	-9.30455	-11.0405
BLOCK01/SES019/SA019S22	SES019	3.13397	-7.73035	-10.8643
BLOCK01/SES019/SA019S25	SES019	2.91102	-8.26554	-11.1766
BLOCK01/SES019/SA019S29	SES019	3.85633	-8.30405	-12.1604
BLOCK02/SES029/SA029S11	SES029	1.51358	-7.83772	-9.3513
BLOCK02/SES029/SA029S12	SES029	1.13532	-8.32633	-9.46165
BLOCK02/SES029/SA029S20	SES029	1.3279	-7.96167	-9.28956
BLOCK02/SES029/SA029S25	SES029	1.25553	-8.53991	-9.79544
BLOCK02/SES029/SA029S28	SES029	0.872901	-8.69106	-9.56397
BLOCK04/SES042/SA042S12	SES042	1.9252	-8.19177	-10.117
BLOCK04/SES042/SA042S15	SES042	2.33438	-7.44857	-9.78295
BLOCK04/SES042/SA042S22	SES042	3.35962	-9.11983	-12.4794
BLOCK04/SES042/SA042S25	SES042	2.02742	-10.0072	-12.0346
BLOCK04/SES042/SA042S27	SES042	3.19581	-9.0294	-12.2252
BLOCK04/SES048/SA048S11	SES048	1.48386	-7.83603	-9.31989
BLOCK04/SES048/SA048S12	SES048	1.1443	-8.85598	-10.0003
BLOCK04/SES048/SA048S20	SES048	1.68951	-8.20332	-9.89283
BLOCK04/SES048/SA048S23	SES048	1.21978	-8.47148	-9.69126
BLOCK04/SES048/SA048S27	SES048	0.83295	-9.09826	-9.93121
BLOCK06/SES060/SA060S11	SES060	2.13382	-8.28594	-10.4198
BLOCK06/SES060/SA060S12	SES060	1.96518	-8.96565	-10.9308
BLOCK06/SES060/SA060S22	SES060	-0.191241	-10.7613	-10.57
BLOCK06/SES060/SA060S24	SES060	1.28173	-7.67364	-8.95537
BLOCK06/SES060/SA060S28	SES060	1.34498	-7.54974	-8.89472
BLOCK06/SES062/SA062S10	SES062	1.33629	-8.50426	-9.84055
BLOCK06/SES062/SA062S11	SES062	0.742978	-9.49276	-10.2357
BLOCK06/SES062/SA062S21	SES062	1.63209	-6.9237	-8.55578
BLOCK06/SES062/SA062S26	SES062	0.845824	-8.70225	-9.54807
BLOCK06/SES062/SA062S29	SES062	1.5136	-7.72259	-9.23618
BLOCK06/SES068/SA068S14	SES068	1.05184	-8.87308	-9.92491
BLOCK06/SES068/SA068S15	SES068	1.34248	-8.54353	-9.88601
BLOCK06/SES068/SA068S23	SES068	0.974349	-8.80949	-9.78384
BLOCK06/SES068/SA068S27	SES068	2.04394	-7.92161	-9.96554
BLOCK06/SES068/SA068S29	SES068	1.51481	-8.4207	-9.93551
BLOCK08/SES082/SA082S12	SES082	0.82579	-8.80324	-9.62903
BLOCK08/SES082/SA082S14	SES082	1.04789	-9.22195	-10.2698
BLOCK08/SES082/SA082S21	SES082	1.10887	-8.37744	-9.48631
BLOCK08/SES082/SA082S24	SES082	0.911597	-8.81956	-9.73116
BLOCK08/SES082/SA082S28	SES082	1.19738	-8.85506	-10.0524
BLOCK08/SES083/SA083S14	SES083	1.69599	-8.35083	-10.0468
BLOCK08/SES083/SA083S15	SES083	1.48392	-8.09324	-9.57716
BLOCK08/SES083/SA083S24	SES083	1.20333	-8.48312	-9.68644
BLOCK08/SES083/SA083S26	SES083	1.28585	-9.30472	-10.5906
BLOCK08/SES083/SA083S29	SES083	1.04095	-9.05429	-10.0952
BLOCK08/SES085/SA085S10	SES085	1.3535	-7.71832	-9.07182
BLOCK08/SES085/SA085S13	SES085	0.933513	-9.08808	-10.0216
BLOCK08/SES085/SA085S22	SES085	1.64951	-8.05168	-9.70119
BLOCK08/SES085/SA085S26	SES085	1.07861	-9.36192	-10.4405
BLOCK08/SES085/SA085S28	SES085	1.11012	-8.24489	-9.35501
BLOCK08/SES087/SA087S15	SES087	1.96662	-8.94533	-10.912
BLOCK08/SES087/SA087S16	SES087	2.48243	-8.94682	-11.4292
BLOCK08/SES087/SA087S24	SES087	2.55723	-8.97939	-11.5366
BLOCK08/SES087/SA087S26	SES087	1.73983	-8.6385	-10.3783
BLOCK08/SES087/SA087S29	SES087	2.19319	-8.14235	-10.3355
BLOCK09/SES099/SA099S15	SES099	1.97078	-9.54263	-11.5134
BLOCK09/SES099/SA099S16	SES099	1.0118	-9.14478	-10.1566
BLOCK09/SES099/SA099S24	SES099	1.42987	-9.17092	-10.6008
BLOCK09/SES099/SA099S26	SES099	1.96669	-8.85447	-10.8212
BLOCK09/SES099/SA099S29	SES099	1.67416	-9.08806	-10.7622
BLOCK10/SES101/SA101S11	SES101	1.11727	-8.15385	-9.27112
BLOCK10/SES101/SA101S13	SES101	1.47007	-7.67015	-9.14022
BLOCK10/SES101/SA101S22	SES101	1.50765	-9.40068	-10.9083
BLOCK10/SES101/SA101S24	SES101	1.3802	-8.5715	-9.95171
BLOCK10/SES101/SA101S28	SES101	1.47278	-8.67323	-10.146
BLOCK10/SES104/SA104S11	SES104	1.21631	-8.34233	-9.55864
BLOCK10/SES104/SA104S12	SES104	1.28044	-8.61185	-9.89229
BLOCK10/SES104/SA104S21	SES104	1.78583	-8.99304	-10.7789
BLOCK10/SES104/SA104S24	SES104	1.14273	-9.35544	-10.4982
BLOCK10/SES104/SA104S28	SES104	1.92264	-8.914	-10.8366
BLOCK10/SES105/SA105S12	SES105	0.940141	-9.38983	-10.33
BLOCK10/SES105/SA105S13	SES105	0.965115	-8.91155	-9.87667
BLOCK10/SES105/SA105S22	SES105	0.742887	-9.81308	-10.556
BLOCK10/SES105/SA105S26	SES105	1.14762	-9.82635	-10.974
BLOCK10/SES105/SA105S29	SES105	1.25502	-8.41803	-9.67305
BLOCK10/SES106/SA106S09	SES106	1.71453	-9.33143	-11.046
BLOCK10/SES106/SA106S11	SES106	1.83108	-8.43985	-10.2709
BLOCK10/SES106/SA106S22	SES106	1.86508	-9.68926	-11.5543
BLOCK10/SES106/SA106S27	SES106	1.18849	-8.66104	-9.84954
BLOCK10/SES106/SA106S29	SES106	1.14394	-7.87722	-9.02116
BLOCK11/SES117/SA117S12	SES117	0.589087	-10.1155	-10.7046
BLOCK11/SES117/SA117S13	SES117	0.363216	-9.91379	-10.277
BLOCK11/SES117/SA117S23	SES117	1.46673	-9.55503	-11.0218
BLOCK11/SES117/SA117S25	SES117	1.23801	-8.92805	-10.1661
BLOCK11/SES117/SA117S28	SES117	1.39728	-9.13151	-10.5288
BLOCK12/SES120/SA120S08	SES120	1.74481	-9.22321	-10.968
BLOCK12/SES120/SA120S11	SES120	2.3177	-12.1698	-14.4875
BLOCK12/SES120/SA120S22	SES120	1.00246	-8.32259	-9.32505
BLOCK12/SES120/SA120S24	SES120	1.24285	-9.37288	-10.6157
BLOCK12/SES120/SA120S28	SES120	0.822371	-9.70004	-10.5224
BLOCK12/SES125/SA125S13	SES125	1.79106	-8.54732	-10.3384
BLOCK12/SES125/SA125S14	SES125	1.61857	-9.10293	-10.7215
BLOCK12/SES125/SA125S25	SES125	2.08359	-8.77615	-10.8597
BLOCK12/SES125/SA125S27	SES125	1.68656	-8.12193	-9.80849
BLOCK12/SES125/SA125S29	SES125	1.0975	-8.57302	-9.67053
BLOCK12/SES127/SA127S11	SES127	1.34943	-8.47748	-9.82691
BLOCK12/SES127/SA127S12	SES127	0.882145	-7.42254	-8.30469
BLOCK12/SES127/SA127S23	SES127	1.13247	-7.68731	-8.81978
BLOCK12/SES127/SA127S25	SES127	0.970454	-7.86238	-8.83284
BLOCK12/SES127/SA127S27	SES127	1.54535	-7.7286	-9.27395
BLOCK12/SES129/SA129S11	SES129	1.63991	-7.42101	-9.06092
BLOCK12/SES129/SA129S12	SES129	1.2806	-7.57815	-8.85875
BLOCK12/SES129/SA129S22	SES129	1.40284	-8.35111	-9.75395
BLOCK12/SES129/SA129S27	SES129	1.29245	-7.95546	-9.24791
BLOCK12/SES129/SA129S29	SES129	1.09752	-9.20506	-10.3026
BLOCK14/SES142/SA142S11	SES142	1.33032	-7.39107	-8.72139
BLOCK14/SES142/SA142S12	SES142	1.02029	-8.35788	-9.37817
BLOCK14/SES142/SA142S24	SES142	1.31941	-7.87559	-9.195
BLOCK14/SES142/SA142S27	SES142	1.023	-8.12462	-9.14761
BLOCK14/SES142/SA142S29	SES142	1.21924	-7.77903	-8.99827
BLOCK14/SES143/SA143S12	SES143	1.49875	-8.56323	-10.062
BLOCK14/SES143/SA143S13	SES143	1.25785	-8.55768	-9.81553
BLOCK14/SES143/SA143S23	SES143	1.4548	-8.4678	-9.9226
BLOCK14/SES143/SA143S25	SES143	1.30417	-9.03682	-10.341
BLOCK14/SES143/SA143S28	SES143	1.57046	-8.72161	-10.2921
BLOCK14/SES144/SA144S09	SES144	1.42043	-8.37215	-9.79258
BLOCK14/SES144/SA144S11	SES144	0.99797	-8.80923	-9.8072
BLOCK14/SES144/SA144S21	SES144	0.52244	-9.28122	-9.80366
BLOCK14/SES144/SA144S25	SES144	0.925583	-8.50874	-9.43432
BLOCK14/SES144/SA144S29	SES144	0.748672	-9.52453	-10.2732
BLOCK14/SES146/SA146S14	SES146	1.0476	-9.26363	-10.3112
BLOCK14/SES146/SA146S15	SES146	1.44082	-9.28243	-10.7233
BLOCK14/SES146/SA146S24	SES146	1.24373	-9.0419	-10.2856
BLOCK14/SES146/SA146S26	SES146	1.34407	-9.04127	-10.3853
BLOCK14/SES146/SA146S29	SES146	1.71163	-9.14627	-10.8579
BLOCK14/SES147/SA147S11	SES147	0.72004	-9.30935	-10.0294
BLOCK14/SES147/SA147S13	SES147	1.16698	-8.28142	-9.4484
BLOCK14/SES147/SA147S23	SES147	1.02668	-8.56717	-9.59385
BLOCK14/SES147/SA147S26	SES147	1.14094	-8.51749	-9.65843
BLOCK14/SES147/SA147S28	SES147	1.30271	-7.63204	-8.93475
BLOCK14/SES148/SA148S10	SES148	0.999935	-7.9351	-8.93503
BLOCK14/SES148/SA148S12	SES148	0.989329	-8.9651	-9.95443
BLOCK14/SES148/SA148S22	SES148	1.26715	-7.97993	-9.24708
BLOCK14/SES148/SA148S26	SES148	0.965725	-7.68968	-8.65541
BLOCK14/SES148/SA148S29	SES148	0.976696	-8.65199	-9.62869
BLOCK14/SES149/SA149S13	SES149	1.30925	-8.32118	-9.63042
BLOCK14/SES149/SA149S14	SES149	1.54833	-7.87938	-9.42771
BLOCK14/SES149/SA149S24	SES149	1.4214	-8.2784	-9.6998
BLOCK14/SES149/SA149S26	SES149	1.59187	-7.9973	-9.58917
BLOCK14/SES149/SA149S28	SES149	1.60115	-7.44468	-9.04583
BLOCK15/SES158/SA158S13	SES158	1.75304	-9.19476	-10.9478
BLOCK15/SES158/SA158S14	SES158	1.6694	-9.99049	-11.6599
BLOCK15/SES158/SA158S23	SES158	1.54385	-8.2385	-9.78234
BLOCK15/SES158/SA158S26	SES158	1.93093	-8.76385	-10.6948
BLOCK15/SES158/SA158S28	SES158	1.47199	-9.09374	-10.5657
BLOCK16/SES162/SA162S10	SES162	0.947713	-9.27236	-10.2201
BLOCK16/SES162/SA162S11	SES162	0.95416	-8.32275	-9.27691
BLOCK16/SES162/SA162S21	SES162	1.20687	-8.16002	-9.36689
BLOCK16/SES162/SA162S24	SES162	1.27098	-8.32368	-9.59465
BLOCK16/SES162/SA162S27	SES162	0.846524	-9.61812	-10.4646
BLOCK16/SES167/SA167S14	SES167	1.30695	-7.21784	-8.52479
BLOCK16/SES167/SA167S15	SES167	1.47902	-6.98272	-8.46174
BLOCK16/SES167/SA167S21	SES167	1.3853	-6.88649	-8.27179
BLOCK16/SES167/SA167S25	SES167	1.91822	-7.15541	-9.07363
BLOCK16/SES167/SA167S29	SES167	1.78392	-6.39297	-8.17689
BLOCK17/SES172/SA172S12	SES172	1.09662	-9.34247	-10.4391
BLOCK17/SES172/SA172S13	SES172	1.39112	-9.14488	-10.536
BLOCK17/SES172/SA172S23	SES172	1.41519	-7.92878	-9.34397
BLOCK17/SES172/SA172S27	SES172	1.17945	-9.61794	-10.7974
BLOCK17/SES172/SA172S29	SES172	1.46595	-8.54996	-10.0159
BLOCK17/SES175/SA175S11	SES175	1.44462	-8.94006	-10.3847
BLOCK17/SES175/SA175S13	SES175	1.37535	-6.95579	-8.33115
BLOCK17/SES175/SA175S23	SES175	1.8503	-7.41545	-9.26574
BLOCK17/SES175/SA175S25	SES175	1.03788	-9.1323	-10.1702
BLOCK17/SES175/SA175S28	SES175	1.57894	-7.96304	-9.54198
BLOCK17/SES177/SA177S15	SES177	0.918143	-9.48111	-10.3993
BLOCK17/SES177/SA177S17	SES177	1.11516	-9.21503	-10.3302
BLOCK17/SES177/SA177S23	SES177	0.587545	-9.42376	-10.0113
BLOCK17/SES177/SA177S26	SES177	1.17282	-7.87639	-9.04921
BLOCK17/SES177/SA177S28	SES177	1.19642	-8.97578	-10.1722
BLOCK18/SES180/SA180S13	SES180	1.25718	-9.6191	-10.8763
BLOCK18/SES180/SA180S15	SES180	1.2811	-8.2492	-9.5303
BLOCK18/SES180/SA180S24	SES180	1.64841	-7.44402	-9.09243
BLOCK18/SES180/SA180S26	SES180	0.948709	-8.32994	-9.27865
BLOCK18/SES180/SA180S29	SES180	0.764904	-9.21667	-9.98158
BLOCK18/SES183/SA183S13	SES183	1.18696	-8.48923	-9.67618
BLOCK18/SES183/SA183S14	SES183	0.677025	-9.41344	-10.0905
BLOCK18/SES183/SA183S24	SES183	1.46292	-9.07296	-10.5359
BLOCK18/SES183/SA183S27	SES183	1.19473	-9.18983	-10.3846
BLOCK18/SES183/SA183S29	SES183	1.20237	-8.74214	-9.94451
BLOCK18/SES187/SA187S13	SES187	0.925187	-9.91582	-10.841
BLOCK18/SES187/SA187S14	SES187	1.42061	-9.69833	-11.1189
BLOCK18/SES187/SA187S24	SES187	0.870897	-9.47242	-10.3433
BLOCK18/SES187/SA187S27	SES187	1.02249	-9.46744	-10.4899
BLOCK18/SES187/SA187S29	SES187	2.00578	-10.3824	-12.3882
BLOCK18/SES189/SA189S10	SES189	1.32977	-9.47921	-10.809
BLOCK18/SES189/SA189S13	SES189	1.94722	-10.3525	-12.2997
BLOCK18/SES189/SA189S24	SES189	1.53502	-8.69821	-10.2332
BLOCK18/SES189/SA189S26	SES189	1.25844	-9.16243	-10.4209
BLOCK18/SES189/SA189S29	SES189	1.69339	-8.76965	-10.463
BLOCK20/SES202/SA202S12	SES202	1.06903	-8.77551	-9.84453
BLOCK20/SES202/SA202S14	SES202	1.35947	-8.61338	-9.97286
BLOCK20/SES202/SA202S24	SES202	1.092	-9.18691	-10.2789
BLOCK20/SES202/SA202S27	SES202	1.15536	-8.23192	-9.38728
BLOCK20/SES202/SA202S29	SES202	1.33928	-8.29018	-9.62946
BLOCK20/SES206/SA206S15	SES206	0.751155	-8.4383	-9.18945
BLOCK20/SES206/SA206S17	SES206	1.89181	-9.11773	-11.0095
BLOCK20/SES206/SA206S24	SES206	2.13422	-7.84823	-9.98245
BLOCK20/SES206/SA206S27	SES206	1.8635	-9.40833	-11.2718
BLOCK20/SES206/SA206S29	SES206	2.91126	-8.54316	-11.4544
BLOCK22/SES226/SA226S12	SES226	1.45411	-8.97133	-10.4254
BLOCK22/SES226/SA226S13	SES226	0.377659	-10.4057	-10.7834
BLOCK22/SES226/SA226S20	SES226	1.23996	-9.33758	-10.5775
BLOCK22/SES226/SA226S23	SES226	1.3673	-8.58597	-9.95327
BLOCK22/SES226/SA226S28	SES226	1.766	-8.11855	-9.88455
BLOCK25/SES259/SA259S13	SES259	2.07049	-8.75737	-10.8279
BLOCK25/SES259/SA259S14	SES259	2.03824	-8.09187	-10.1301
BLOCK25/SES259/SA259S22	SES259	2.33162	-8.40245	-10.7341
BLOCK25/SES259/SA259S24	SES259	1.90318	-8.83852	-10.7417
BLOCK25/SES259/SA259S28	SES259	1.84993	-8.5483	-10.3982
BLOCK27/SES270/SA270S14	SES270	2.65157	-8.45923	-11.1108
BLOCK27/SES270/SA270S16	SES270	1.55897	-8.09113	-9.65009
BLOCK27/SES270/SA270S22	SES270	2.68482	-8.0524	-10.7372
BLOCK27/SES270/SA270S26	SES270	2.12947	-8.05381	-10.1833
BLOCK27/SES270/SA270S28	SES270	1.69271	-8.21126	-9.90396
BLOCK27/SES275/SA275S17	SES275	0.985681	-8.51082	-9.4965
BLOCK27/SES275/SA275S18	SES275	0.9693	-8.75499	-9.72429
BLOCK27/SES275/SA275S24	SES275	0.53307	-9.2728	-9.80587
BLOCK27/SES275/SA275S26	SES275	1.16333	-8.41125	-9.57458
BLOCK27/SES275/SA275S28	SES275	0.940907	-8.79334	-9.73424
BLOCK29/SES292/SA292S10	SES292	0.422943	-8.89032	-9.31326
BLOCK29/SES292/SA292S12	SES292	1.14017	-10.078	-11.2182
BLOCK29/SES292/SA292S22	SES292	1.11737	-9.23169	-10.3491
BLOCK29/SES292/SA292S24	SES292	1.04819	-9.29129	-10.3395
BLOCK29/SES292/SA292S27	SES292	0.619697	-8.85209	-9.47179
BLOCK00/SES001/SA001S14	SES062	-0.366831	-10.9251	-10.5583
BLOCK00/SES001/SA001S14	SES082	0.718868	-9.83941	-10.5583
BLOCK00/SES001/SA001S14	SES106	0.517472	-10.0408	-10.5583
BLOCK00/SES001/SA001S14	SES206	0.112535	-10.4457	-10.5583
BLOCK00/SES001/SA001S15	SES062	0.15871	-9.25692	-9.41563
BLOCK00/SES001/SA001S15	SES104	0.725303	-8.69033	-9.41563
BLOCK00/SES001/SA001S15	SES106	0.496536	-8.91909	-9.41563
BLOCK00/SES001/SA001S15	SES206	-0.0715427	-9.48717	-9.41563
BLOCK00/SES001/SA001S24	SES062	0.572963	-9.21043	-9.78339
BLOCK00/SES001/SA001S24	SES082	0.737406	-9.04599	-9.78339
BLOCK00/SES001/SA001S24	SES087	-0.150047	-9.93344	-9.78339
BLOCK00/SES001/SA001S24	SES206	0.897429	-8.88597	-9.78339
BLOCK00/SES001/SA001S27	SES062	0.595483	-7.69828	-8.29376
BLOCK00/SES001/SA001S27	SES082	0.792885	-7.50088	-8.29376
BLOCK00/SES001/SA001S27	SES087	0.377596	-7.91617	-8.29376
BLOCK00/SES001/SA001S27	SES206	0.422949	-7.87081	-8.29376
BLOCK00/SES001/SA001S29	SES062	0.339936	-9.82958	-10.1695
BLOCK00/SES001/SA001S29	SES082	0.824897	-9.34461	-10.1695
BLOCK00/SES001/SA001S29	SES158	0.803094	-9.36642	-10.1695
BLOCK00/SES001/SA001S29	SES206	0.202126	-9.96739	-10.1695
BLOCK00/SES003/SA003S11	SES002	0.737551	-8.91616	-9.65371
BLOCK00/SES003/SA003S11	SES019	-0.62875	-10.2825	-9.65371
BLOCK00/SES003/SA003S11	SES082	0.638725	-9.01498	-9.65371
BLOCK00/SES003/SA003S11	SES125	0.213754	-9.43995	-9.65371
BLOCK00/SES003/SA003S15	SES016	0.014946	-9.44109	-9.45604
BLOCK00/SES003/SA003S15	SES019	-2.50739	-11.9634	-9.45604
BLOCK00/SES003/SA003S15	SES062	1.21967	-8.23637	-9.45604
BLOCK00/SES003/SA003S15	SES206	0.429602	-9.02644	-9.45604
BLOCK00/SES003/SA003S22	SES002	0.819323	-8.86085	-9.68017
BLOCK00/SES003/SA003S22	SES062	1.1914	-8.48878	-9.68017
BLOCK00/SES003/SA003S22	SES082	0.737323	-8.94285	-9.68017
BLOCK00/SES003/SA003S22	SES087	0.752657	-8.92752	-9.68017
BLOCK00/SES003/SA003S25	SES062	1.78619	-9.95956	-11.7457
BLOCK00/SES003/SA003S25	SES082	0.318664	-11.4271	-11.7457
BLOCK00/SES003/SA003S25	SES087	1.57143	-10.1743	-11.7457
BLOCK00/SES003/SA003S25	SES206	1.59961	-10.1461	-11.7457
BLOCK00/SES003/SA003S29	SES002	0.71312	-9.23408	-9.9472
BLOCK00/SES003/SA003S29	SES062	0.28027	-9.66693	-9.9472
BLOCK00/SES003/SA003S29	SES082	0.230152	-9.71705	-9.9472
BLOCK00/SES003/SA003S29	SES087	0.266257	-9.68094	-9.9472
BLOCK00/SES004/SA004S12	SES083	0.654	-8.40845	-9.06245
BLOCK00/SES004/SA004S12	SES148	0.236356	-8.8261	-9.06245
BLOCK00/SES004/SA004S12	SES172	0.798883	-8.26357	-9.06245
BLOCK00/SES004/SA004S12	SES292	0.107735	-8.95472	-9.06245
BLOCK00/SES004/SA004S17	SES083	0.275607	-8.91603	-9.19163
BLOCK00/SES004/SA004S17	SES162	0.466162	-8.72547	-9.19163
BLOCK00/SES004/SA004S17	SES172	0.640964	-8.55067	-9.19163
BLOCK00/SES004/SA004S17	SES292	0.0754805	-9.11615	-9.19163
BLOCK00/SES004/SA004S24	SES083	0.484844	-8.6264	-9.11125
BLOCK00/SES004/SA004S24	SES148	-0.107159	-9.21841	-9.11125
BLOCK00/SES004/SA004S24	SES172	0.546694	-8.56456	-9.11125
BLOCK00/SES004/SA004S24	SES292	0.367561	-8.74369	-9.11125
BLOCK00/SES004/SA004S26	SES083	0.247008	-9.48967	-9.73668
BLOCK00/SES004/SA004S26	SES127	1.29523	-8.44145	-9.73668
BLOCK00/SES004/SA004S26	SES148	-0.303498	-10.0402	-9.73668
BLOCK00/SES004/SA004S26	SES292	-0.359892	-10.0966	-9.73668
BLOCK00/SES004/SA004S28	SES083	0.85039	-8.42555	-9.27594
BLOCK00/SES004/SA004S28	SES127	1.37023	-7.9057	-9.27594
BLOCK00/SES004/SA004S28	SES187	1.24763	-8.0283	-9.27594
BLOCK00/SES004/SA004S28	SES292	0.188564	-9.08737	-9.27594
BLOCK00/SES006/SA006S10	SES014	0.556836	-10.8703	-11.4271
BLOCK00/SES006/SA006S10	SES158	0.282729	-11.1444	-11.4271
BLOCK00/SES006/SA006S10	SES226	-0.388536	-11.8156	-11.4271
BLOCK00/SES006/SA006S10	SES270	1.25684	-10.1703	-11.4271
BLOCK00/SES006/SA006S11	SES158	0.41955	-10.8226	-11.2421
BLOCK00/SES006/SA006S11	SES226	0.603904	-10.6382	-11.2421
BLOCK00/SES006/SA006S11	SES270	1.55161	-9.69053	-11.2421
BLOCK00/SES006/SA006S11	SES275	-0.114257	-11.3564	-11.2421
BLOCK00/SES006/SA006S23	SES062	-0.703102	-12.4036	-11.7005
BLOCK00/SES006/SA006S23	SES105	-0.548863	-12.2494	-11.7005
BLOCK00/SES006/SA006S23	SES158	0.196847	-11.5037	-11.7005
BLOCK00/SES006/SA006S23	SES275	-0.199667	-11.9002	-11.7005
BLOCK00/SES006/SA006S26	SES104	-0.270281	-11.447	-11.1767
BLOCK00/SES006/SA006S26	SES158	-0.0200815	-11.1968	-11.1767
BLOCK00/SES006/SA006S26	SES270	1.00995	-10.1667	-11.1767
BLOCK00/SES006/SA006S26	SES275	-0.354114	-11.5308	-11.1767
BLOCK00/SES006/SA006S28	SES007	0.119023	-11.3388	-11.4578
BLOCK00/SES006/SA006S28	SES105	-0.415514	-11.8733	-11.4578
BLOCK00/SES006/SA006S28	SES158	0.444231	-11.0136	-11.4578
BLOCK00/SES006/SA006S28	SES275	-0.402317	-11.8601	-11.4578
BLOCK00/SES009/SA009S12	SES083	0.116714	-10.2244	-10.3411
BLOCK00/SES009/SA009S12	SES148	-1.71657	-12.0577	-10.3411
BLOCK00/SES009/SA009S12	SES177	0.698393	-9.64275	-10.3411
BLOCK00/SES009/SA009S12	SES292	0.820954	-9.52019	-10.3411
BLOCK00/SES009/SA009S15	SES007	0.873345	-8.7074	-9.58074
BLOCK00/SES009/SA009S15	SES099	-1.6885	-11.2692	-9.58074
BLOCK00/SES009/SA009S15	SES148	-0.47763	-10.0584	-9.58074
BLOCK00/SES009/SA009S15	SES172	0.0332346	-9.54751	-9.58074
BLOCK00/SES009/SA009S24	SES146	0.916782	-9.36959	-10.2864
BLOCK00/SES009/SA009S24	SES148	-1.01181	-11.2982	-10.2864
BLOCK00/SES009/SA009S24	SES177	0.886114	-9.40026	-10.2864
BLOCK00/SES009/SA009S24	SES292	0.770915	-9.51546	-10.2864
BLOCK00/SES009/SA009S26	SES083	-0.077404	-9.70959	-9.63219
BLOCK00/SES009/SA009S26	SES101	-0.410795	-10.043	-9.63219
BLOCK00/SES009/SA009S26	SES120	0.494665	-9.13752	-9.63219
BLOCK00/SES009/SA009S26	SES177	0.50596	-9.12623	-9.63219
BLOCK00/SES009/SA009S29	SES083	-0.103517	-9.79642	-9.6929
BLOCK00/SES009/SA009S29	SES101	0.0402861	-9.65262	-9.6929
BLOCK00/SES009/SA009S29	SES177	0.587651	-9.10525	-9.6929
BLOCK00/SES009/SA009S29	SES292	0.622093	-9.07081	-9.6929
BLOCK01/SES011/SA011S10	SES019	-1.2223	-13.3181	-12.0958
BLOCK01/SES011/SA011S10	SES042	2.63217	-9.46358	-12.0958
BLOCK01/SES011/SA011S10	SES082	1.59339	-10.5024	-12.0958
BLOCK01/SES011/SA011S10	SES206	1.32171	-10.774	-12.0958
BLOCK01/SES011/SA011S11	SES019	-1.73163	-11.9239	-10.1923
BLOCK01/SES011/SA011S11	SES042	1.45205	-8.7402	-10.1923
BLOCK01/SES011/SA011S11	SES082	0.83159	-9.36066	-10.1923
BLOCK01/SES011/SA011S11	SES206	0.109879	-10.0824	-10.1923
BLOCK01/SES011/SA011S22	SES019	-0.85387	-11.8157	-10.9618
BLOCK01/SES011/SA011S22	SES042	1.64305	-9.31874	-10.9618
BLOCK01/SES011/SA011S22	SES082	0.629535	-10.3322	-10.9618
BLOCK01/SES011/SA011S22	SES206	-0.0796824	-11.0415	-10.9618
BLOCK01/SES011/SA011S24	SES019	-1.0829	-11.595	-10.5121
BLOCK01/SES011/SA011S24	SES042	2.3403	-8.17177	-10.5121
BLOCK01/SES011/SA011S24	SES104	1.64092	-8.87115	-10.5121
BLOCK01/SES011/SA011S24	SES206	1.37446	-9.13761	-10.5121
BLOCK01/SES011/SA011S27	SES082	1.03942	-9.20165	-10.2411
BLOCK01/SES011/SA011S27	SES087	-0.234975	-10.476	-10.2411
BLOCK01/SES011/SA011S27	SES125	0.926449	-9.31462	-10.2411
BLOCK01/SES011/SA011S27	SES206	0.649068	-9.592	-10.2411
BLOCK01/SES012/SA012S11	SES007	0.738379	-8.63071	-9.36909
BLOCK01/SES012/SA012S11	SES082	1.02981	-8.33928	-9.36909
BLOCK01/SES012/SA012S11	SES083	0.125164	-9.24392	-9.36909
BLOCK01/SES012/SA012S11	SES206	0.778891	-8.5902	-9.36909
BLOCK01/SES012/SA012S14	SES082	1.10219	-9.79959	-10.9018
BLOCK01/SES012/SA012S14	SES087	0.315689	-10.5861	-10.9018
BLOCK01/SES012/SA012S14	SES206	1.20069	-9.70109	-10.9018
BLOCK01/SES012/SA012S14	SES292	0.713708	-10.1881	-10.9018
BLOCK01/SES012/SA012S24	SES082	1.09808	-9.69367	-10.7917
BLOCK01/SES012/SA012S24	SES087	0.0105	-10.7812	-10.7917
BLOCK01/SES012/SA012S24	SES120	0.264146	-10.5276	-10.7917
BLOCK01/SES012/SA012S24	SES206	0.746515	-10.0452	-10.7917
BLOCK01/SES012/SA012S26	SES019	-2.98851	-15.1896	-12.2011
BLOCK01/SES012/SA012S26	SES082	1.4319	-10.7692	-12.2011
BLOCK01/SES012/SA012S26	SES206	2.36979	-9.8313	-12.2011
BLOCK01/SES012/SA012S26	SES292	1.29492	-10.9062	-12.2011
BLOCK01/SES012/SA012S29	SES062	0.817561	-8.35422	-9.17178
BLOCK01/SES012/SA012S29	SES082	1.02304	-8.14875	-9.17178
BLOCK01/SES012/SA012S29	SES083	0.0566902	-9.11509	-9.17178
BLOCK01/SES012/SA012S29	SES206	1.18416	-7.98762	-9.17178
BLOCK01/SES013/SA013S16	SES062	-0.614452	-12.5489	-11.9344
BLOCK01/SES013/SA013S16	SES106	0.823367	-11.1111	-11.9344
BLOCK01/SES013/SA013S16	SES206	0.832687	-11.1017	-11.9344
BLOCK01/SES013/SA013S16	SES226	0.648278	-11.2862	-11.9344
BLOCK01/SES013/SA013S17	SES062	0.635015	-9.95338	-10.5884
BLOCK01/SES013/SA013S17	SES106	0.554685	-10.0337	-10.5884
BLOCK01/SES013/SA013S17	SES206	1.34888	-9.23951	-10.5884
BLOCK01/SES013/SA013S17	SES226	0.78125	-9.80714	-10.5884
BLOCK01/SES013/SA013S23	SES104	1.48731	-10.3017	-11.789
BLOCK01/SES013/SA013S23	SES106	1.27613	-10.5128	-11.789
BLOCK01/SES013/SA013S23	SES206	0.366261	-11.4227	-11.789
BLOCK01/SES013/SA013S23	SES270	0.871688	-10.9173	-11.789
BLOCK01/SES013/SA013S25	SES042	-0.10016	-11.0495	-10.9493
BLOCK01/SES013/SA013S25	SES104	1.57975	-9.36956	-10.9493
BLOCK01/SES013/SA013S25	SES106	0.904392	-10.0449	-10.9493
BLOCK01/SES013/SA013S25	SES206	0.481984	-10.4673	-10.9493
BLOCK01/SES013/SA013S29	SES062	0.237063	-10.9595	-11.1966
BLOCK01/SES013/SA013S29	SES104	1.07535	-10.1212	-11.1966
BLOCK01/SES013/SA013S29	SES106	1.03355	-10.163	-11.1966
BLOCK01/SES013/SA013S29	SES206	0.0525913	-11.144	-11.1966
BLOCK02/SES021/SA021S13	SES016	0.295149	-9.85735	-10.1525
BLOCK02/SES021/SA021S13	SES029	0.537541	-9.61495	-10.1525
BLOCK02/SES021/SA021S13	SES087	-1.28224	-11.4347	-10.1525
BLOCK02/SES021/SA021S13	SES206	-0.512173	-10.6647	-10.1525
BLOCK02/SES021/SA021S15	SES087	0.0763597	-9.87835	-9.95471
BLOCK02/SES021/SA021S15	SES125	0.82818	-9.12653	-9.95471
BLOCK02/SES021/SA021S15	SES206	0.424637	-9.53007	-9.95471
BLOCK02/SES021/SA021S15	SES226	0.517586	-9.43712	-9.95471
BLOCK02/SES021/SA021S23	SES062	-0.302328	-11.6027	-11.3004
BLOCK02/SES021/SA021S23	SES087	0.780325	-10.52	-11.3004
BLOCK02/SES021/SA021S23	SES206	1.26038	-10.04	-11.3004
BLOCK02/SES021/SA021S23	SES226	0.917068	-10.3833	-11.3004
BLOCK02/SES021/SA021S27	SES002	1.20449	-8.88701	-10.0915
BLOCK02/SES021/SA021S27	SES016	-0.391646	-10.4831	-10.0915
BLOCK02/SES021/SA021S27	SES019	0.24567	-9.84583	-10.0915
BLOCK02/SES021/SA021S27	SES062	0.467677	-9.62382	-10.0915
BLOCK02/SES021/SA021S29	SES087	0.727713	-10.8808	-11.6085
BLOCK02/SES021/SA021S29	SES125	0.769756	-10.8388	-11.6085
BLOCK02/SES021/SA021S29	SES206	1.54696	-10.0616	-11.6085
BLOCK02/SES021/SA021S29	SES226	1.09314	-10.5154	-11.6085
BLOCK04/SES043/SA043S09	SES083	0.879668	-9.6086	-10.4883
BLOCK04/SES043/SA043S09	SES101	0.596086	-9.89218	-10.4883
BLOCK04/SES043/SA043S09	SES144	1.00348	-9.48478	-10.4883
BLOCK04/SES043/SA043S09	SES172	0.130324	-10.3579	-10.4883
BLOCK04/SES043/SA043S11	SES083	1.07594	-8.31052	-9.38646
BLOCK04/SES043/SA043S11	SES101	0.630382	-8.75608	-9.38646
BLOCK04/SES043/SA043S11	SES144	1.16778	-8.21867	-9.38646
BLOCK04/SES043/SA043S11	SES172	0.316455	-9.07	-9.38646
BLOCK04/SES043/SA043S23	SES083	0.91353	-8.78428	-9.69781
BLOCK04/SES043/SA043S23	SES144	0.970885	-8.72692	-9.69781
BLOCK04/SES043/SA043S23	SES177	0.659572	-9.03824	-9.69781
BLOCK04/SES043/SA043S23	SES275	0.65592	-9.04189	-9.69781
BLOCK04/SES043/SA043S26	SES083	0.675875	-10.1097	-10.7856
BLOCK04/SES043/SA043S26	SES101	0.511236	-10.2743	-10.7856
BLOCK04/SES043/SA043S26	SES144	1.14575	-9.63983	-10.7856
BLOCK04/SES043/SA043S26	SES177	0.516693	-10.2689	-10.7856
BLOCK04/SES043/SA043S28	SES016	0.287523	-9.58274	-9.87026
BLOCK04/SES043/SA043S28	SES083	0.608665	-9.2616	-9.87026
BLOCK04/SES043/SA043S28	SES101	0.157826	-9.71244	-9.87026
BLOCK04/SES043/SA043S28	SES144	0.563641	-9.30662	-9.87026
BLOCK04/SES044/SA044S10	SES127	0.00327778	-11.1415	-11.1448
BLOCK04/SES044/SA044S10	SES144	1.20376	-9.941	-11.1448
BLOCK04/SES044/SA044S10	SES147	-0.584514	-11.7293	-11.1448
BLOCK04/SES044/SA044S10	SES148	-0.10493	-11.2497	-11.1448
BLOCK04/SES044/SA044S11	SES101	1.23207	-8.99808	-10.2301
BLOCK04/SES044/SA044S11	SES144	1.1316	-9.09855	-10.2301
BLOCK04/SES044/SA044S11	SES147	-0.347016	-10.5772	-10.2301
BLOCK04/SES044/SA044S11	SES177	0.728642	-9.50151	-10.2301
BLOCK04/SES044/SA044S24	SES007	-0.935685	-11.2213	-10.2856
BLOCK04/SES044/SA044S24	SES101	1.25	-9.03563	-10.2856
BLOCK04/SES044/SA044S24	SES147	0.183082	-10.1025	-10.2856
BLOCK04/SES044/SA044S24	SES177	0.826859	-9.45877	-10.2856
BLOCK04/SES044/SA044S26	SES007	0.435094	-9.36108	-9.79617
BLOCK04/SES044/SA044S26	SES016	0.888876	-8.9073	-9.79617
BLOCK04/SES044/SA044S26	SES101	1.41057	-8.3856	-9.79617
BLOCK04/SES044/SA044S26	SES147	1.02323	-8.77294	-9.79617
BLOCK04/SES044/SA044S29	SES007	0.303609	-9.79607	-10.0997
BLOCK04/SES044/SA044S29	SES101	1.29756	-8.80211	-10.0997
BLOCK04/SES044/SA044S29	SES147	0.537703	-9.56197	-10.0997
BLOCK04/SES044/SA044S29	SES177	1.00307	-9.09661	-10.0997
BLOCK04/SES046/SA046S13	SES101	0.57007	-10.3547	-10.9248
BLOCK04/SES046/SA046S13	SES144	0.899244	-10.0255	-10.9248
BLOCK04/SES046/SA046S13	SES147	-0.259499	-11.1843	-10.9248
BLOCK04/SES046/SA046S13	SES177	0.462156	-10.4626	-10.9248
BLOCK04/SES046/SA046S15	SES048	0.945534	-8.49355	-9.43909
BLOCK04/SES046/SA046S15	SES083	0.983384	-8.4557	-9.43909
BLOCK04/SES046/SA046S15	SES120	-0.296515	-9.7356	-9.43909
BLOCK04/SES046/SA046S15	SES148	0.268735	-9.17035	-9.43909
BLOCK04/SES046/SA046S22	SES101	0.894619	-9.47305	-10.3677
BLOCK04/SES046/SA046S22	SES144	1.23823	-9.12944	-10.3677
BLOCK04/SES046/SA046S22	SES147	0.038517	-10.3292	-10.3677
BLOCK04/SES046/SA046S22	SES172	0.906196	-9.46148	-10.3677
BLOCK04/SES046/SA046S25	SES083	0.532199	-8.72451	-9.25671
BLOCK04/SES046/SA046S25	SES127	0.379809	-8.8769	-9.25671
BLOCK04/SES046/SA046S25	SES144	0.834516	-8.42219	-9.25671
BLOCK04/SES046/SA046S25	SES148	-0.0967503	-9.35346	-9.25671
BLOCK04/SES046/SA046S28	SES007	-0.0723095	-9.53138	-9.45907
BLOCK04/SES046/SA046S28	SES105	0.451254	-9.00782	-9.45907
BLOCK04/SES046/SA046S28	SES147	0.327438	-9.13164	-9.45907
BLOCK04/SES046/SA046S28	SES148	-0.460317	-9.91939	-9.45907
BLOCK04/SES049/SA049S16	SES104	0.852971	-10.895	-11.748
BLOCK04/SES049/SA049S16	SES106	-0.511477	-12.2594	-11.748
BLOCK04/SES049/SA049S16	SES120	0.496193	-11.2518	-11.748
BLOCK04/SES049/SA049S16	SES206	0.399614	-11.3483	-11.748
BLOCK04/SES049/SA049S18	SES099	0.912005	-9.9718	-10.8838
BLOCK04/SES049/SA049S18	SES104	0.458419	-10.4254	-10.8838
BLOCK04/SES049/SA049S18	SES125	0.323407	-10.5604	-10.8838
BLOCK04/SES049/SA049S18	SES206	0.34973	-10.5341	-10.8838
BLOCK04/SES049/SA049S25	SES087	0.593515	-11.6952	-12.2888
BLOCK04/SES049/SA049S25	SES104	1.59576	-10.693	-12.2888
BLOCK04/SES049/SA049S25	SES125	0.48648	-11.8023	-12.2888
BLOCK04/SES049/SA049S25	SES206	1.54537	-10.7434	-12.2888
BLOCK04/SES049/SA049S27	SES099	-0.105559	-10.3563	-10.2508
BLOCK04/SES049/SA049S27	SES104	1.22262	-9.02813	-10.2508
BLOCK04/SES049/SA049S27	SES125	0.0310698	-10.2197	-10.2508
BLOCK04/SES049/SA049S27	SES206	0.21619	-10.0346	-10.2508
BLOCK04/SES049/SA049S29	SES099	0.990902	-9.2398	-10.2307
BLOCK04/SES049/SA049S29	SES104	1.79331	-8.4374	-10.2307
BLOCK04/SES049/SA049S29	SES125	1.11245	-9.11825	-10.2307
BLOCK04/SES049/SA049S29	SES206	0.92647	-9.30423	-10.2307
BLOCK06/SES063/SA063S09	SES068	-0.377234	-11.6203	-11.2431
BLOCK06/SES063/SA063S09	SES083	0.473072	-10.77	-11.2431
BLOCK06/SES063/SA063S09	SES177	0.227601	-11.0155	-11.2431
BLOCK06/SES063/SA063S09	SES187	0.277492	-10.9656	-11.2431
BLOCK06/SES063/SA063S10	SES068	0.178899	-10.6188	-10.7977
BLOCK06/SES063/SA063S10	SES083	0.373517	-10.4242	-10.7977
BLOCK06/SES063/SA063S10	SES172	1.00879	-9.78895	-10.7977
BLOCK06/SES063/SA063S10	SES187	0.787114	-10.0106	-10.7977
BLOCK06/SES063/SA063S20	SES068	-0.400582	-11.9037	-11.5031
BLOCK06/SES063/SA063S20	SES083	0.341526	-11.1615	-11.5031
BLOCK06/SES063/SA063S20	SES172	0.963194	-10.5399	-11.5031
BLOCK06/SES063/SA063S20	SES187	0.876274	-10.6268	-11.5031
BLOCK06/SES063/SA063S24	SES029	-0.0300417	-11.3632	-11.3332
BLOCK06/SES063/SA063S24	SES083	0.801522	-10.5316	-11.3332
BLOCK06/SES063/SA063S24	SES177	0.406809	-10.9264	-11.3332
BLOCK06/SES063/SA063S24	SES189	1.34383	-9.98933	-11.3332
BLOCK06/SES063/SA063S27	SES083	1.04551	-9.80482	-10.8503
BLOCK06/SES063/SA063S27	SES172	0.2317	-10.6186	-10.8503
BLOCK06/SES063/SA063S27	SES187	0.356083	-10.4943	-10.8503
BLOCK06/SES063/SA063S27	SES292	0.3311	-10.5192	-10.8503
BLOCK06/SES067/SA067S12	SES083	0.471937	-8.6123	-9.08423
BLOCK06/SES067/SA067S12	SES172	0.174873	-8.90936	-9.08423
BLOCK06/SES067/SA067S12	SES202	0.834529	-8.2497	-9.08423
BLOCK06/SES067/SA067S12	SES292	0.0135794	-9.07065	-9.08423
BLOCK06/SES067/SA067S14	SES085	0.635525	-7.24368	-7.87921
BLOCK06/SES067/SA067S14	SES177	0.369405	-7.5098	-7.87921
BLOCK06/SES067/SA067S14	SES183	0.963097	-6.91611	-7.87921
BLOCK06/SES067/SA067S14	SES202	0.790797	-7.08841	-7.87921
BLOCK06/SES067/SA067S21	SES144	0.640475	-9.77955	-10.42
BLOCK06/SES067/SA067S21	SES177	0.521015	-9.89901	-10.42
BLOCK06/SES067/SA067S21	SES183	0.267911	-10.1521	-10.42
BLOCK06/SES067/SA067S21	SES189	0.44928	-9.97074	-10.42
BLOCK06/SES067/SA067S25	SES085	-1.03425	-10.7337	-9.69945
BLOCK06/SES067/SA067S25	SES177	0.26969	-9.42976	-9.69945
BLOCK06/SES067/SA067S25	SES183	0.226337	-9.47312	-9.69945
BLOCK06/SES067/SA067S25	SES202	0.101054	-9.5984	-9.69945
BLOCK06/SES067/SA067S29	SES085	-0.187651	-10.3541	-10.1664
BLOCK06/SES067/SA067S29	SES177	0.0988874	-10.0676	-10.1664
BLOCK06/SES067/SA067S29	SES183	0.133416	-10.033	-10.1664
BLOCK06/SES067/SA067S29	SES202	0.636297	-9.53015	-10.1664
BLOCK06/SES069/SA069S12	SES029	0.242805	-9.83533	-10.0781
BLOCK06/SES069/SA069S12	SES082	1.33888	-8.73925	-10.0781
BLOCK06/SES069/SA069S12	SES087	0.537882	-9.54025	-10.0781
BLOCK06/SES069/SA069S12	SES206	1.40064	-8.67749	-10.0781
BLOCK06/SES069/SA069S13	SES029	0.230219	-9.76494	-9.99516
BLOCK06/SES069/SA069S13	SES087	0.646478	-9.34868	-9.99516
BLOCK06/SES069/SA069S13	SES206	1.01737	-8.9778	-9.99516
BLOCK06/SES069/SA069S13	SES226	1.97037	-8.02479	-9.99516
BLOCK06/SES069/SA069S23	SES029	0.848269	-8.11739	-8.96566
BLOCK06/SES069/SA069S23	SES087	0.86032	-8.10534	-8.96566
BLOCK06/SES069/SA069S23	SES206	0.549055	-8.4166	-8.96566
BLOCK06/SES069/SA069S23	SES226	1.02227	-7.94339	-8.96566
BLOCK06/SES069/SA069S25	SES087	0.222975	-9.78534	-10.0083
BLOCK06/SES069/SA069S25	SES206	0.530887	-9.47743	-10.0083
BLOCK06/SES069/SA069S25	SES226	1.07037	-8.93795	-10.0083
BLOCK06/SES069/SA069S25	SES270	0.893005	-9.11531	-10.0083
BLOCK06/SES069/SA069S27	SES087	0.405404	-10.1615	-10.5669
BLOCK06/SES069/SA069S27	SES206	1.14382	-9.42306	-10.5669
BLOCK06/SES069/SA069S27	SES226	1.17172	-9.39516	-10.5669
BLOCK06/SES069/SA069S27	SES270	0.182635	-10.3842	-10.5669
BLOCK08/SES081/SA081S11	SES060	0.237026	-9.98437	-10.2214
BLOCK08/SES081/SA081S11	SES062	0.645487	-9.5759	-10.2214
BLOCK08/SES081/SA081S11	SES117	-0.515863	-10.7373	-10.2214
BLOCK08/SES081/SA081S11	SES162	-0.670049	-10.8914	-10.2214
BLOCK08/SES081/SA081S13	SES016	0.562153	-8.6514	-9.21355
BLOCK08/SES081/SA081S13	SES060	0.692358	-8.52119	-9.21355
BLOCK08/SES081/SA081S13	SES068	0.731056	-8.48249	-9.21355
BLOCK08/SES081/SA081S13	SES129	-0.308264	-9.52181	-9.21355
BLOCK08/SES081/SA081S24	SES060	0.543219	-9.25462	-9.79784
BLOCK08/SES081/SA081S24	SES068	0.762444	-9.03539	-9.79784
BLOCK08/SES081/SA081S24	SES117	-0.176194	-9.97403	-9.79784
BLOCK08/SES081/SA081S24	SES275	-0.0404339	-9.83827	-9.79784
BLOCK08/SES081/SA081S27	SES007	1.45462	-10.1618	-11.6165
BLOCK08/SES081/SA081S27	SES060	0.870527	-10.7459	-11.6165
BLOCK08/SES081/SA081S27	SES117	1.14047	-10.476	-11.6165
BLOCK08/SES081/SA081S27	SES275	-0.371572	-11.988	-11.6165
BLOCK08/SES081/SA081S29	SES007	1.31754	-10.0722	-11.3897
BLOCK08/SES081/SA081S29	SES060	1.32909	-10.0607	-11.3897
BLOCK08/SES081/SA081S29	SES117	0.857691	-10.5321	-11.3897
BLOCK08/SES081/SA081S29	SES275	-1.03073	-12.4205	-11.3897
BLOCK08/SES086/SA086S11	SES029	-0.091073	-12.203	-12.1119
BLOCK08/SES086/SA086S11	SES082	0.616423	-11.4955	-12.1119
BLOCK08/SES086/SA086S11	SES087	1.4782	-10.6337	-12.1119
BLOCK08/SES086/SA086S11	SES206	0.34494	-11.767	-12.1119
BLOCK08/SES086/SA086S12	SES029	0.344855	-11.2141	-11.559
BLOCK08/SES086/SA086S12	SES082	0.562245	-10.9967	-11.559
BLOCK08/SES086/SA086S12	SES087	1.919	-9.63997	-11.559
BLOCK08/SES086/SA086S12	SES206	1.46591	-10.0931	-11.559
BLOCK08/SES086/SA086S20	SES029	-0.0118179	-11.281	-11.2692
BLOCK08/SES086/SA086S20	SES082	0.455481	-10.8137	-11.2692
BLOCK08/SES086/SA086S20	SES087	1.37207	-9.89708	-11.2692
BLOCK08/SES086/SA086S20	SES206	1.38305	-9.8861	-11.2692
BLOCK08/SES086/SA086S24	SES087	2.05085	-10.6314	-12.6822
BLOCK08/SES086/SA086S24	SES104	1.32892	-11.3533	-12.6822
BLOCK08/SES086/SA086S24	SES120	1.5529	-11.1293	-12.6822
BLOCK08/SES086/SA086S24	SES206	2.17825	-10.504	-12.6822
BLOCK08/SES086/SA086S28	SES029	0.356075	-10.3912	-10.7472
BLOCK08/SES086/SA086S28	SES082	0.937154	-9.81009	-10.7472
BLOCK08/SES086/SA086S28	SES087	1.90597	-8.84128	-10.7472
BLOCK08/SES086/SA086S28	SES206	1.42181	-9.32544	-10.7472
BLOCK08/SES089/SA089S13	SES087	1.15993	-10.2557	-11.4156
BLOCK08/SES089/SA089S13	SES206	0.626555	-10.789	-11.4156
BLOCK08/SES089/SA089S13	SES226	1.54357	-9.87201	-11.4156
BLOCK08/SES089/SA089S13	SES270	0.674682	-10.7409	-11.4156
BLOCK08/SES089/SA089S14	SES062	0.557232	-9.58938	-10.1466
BLOCK08/SES089/SA089S14	SES087	1.14764	-8.99897	-10.1466
BLOCK08/SES089/SA089S14	SES206	0.668889	-9.47773	-10.1466
BLOCK08/SES089/SA089S14	SES226	0.0954332	-10.0512	-10.1466
BLOCK08/SES089/SA089S23	SES087	0.804727	-11.4143	-12.219
BLOCK08/SES089/SA089S23	SES206	1.41424	-10.8048	-12.219
BLOCK08/SES089/SA089S23	SES226	1.36686	-10.8521	-12.219
BLOCK08/SES089/SA089S23	SES270	0.558717	-11.6603	-12.219
BLOCK08/SES089/SA089S25	SES062	1.09625	-9.66544	-10.7617
BLOCK08/SES089/SA089S25	SES087	0.892182	-9.86951	-10.7617
BLOCK08/SES089/SA089S25	SES206	0.468178	-10.2935	-10.7617
BLOCK08/SES089/SA089S25	SES226	0.919825	-9.84187	-10.7617
BLOCK08/SES089/SA089S28	SES062	1.63801	-9.49498	-11.133
BLOCK08/SES089/SA089S28	SES087	1.77862	-9.35437	-11.133
BLOCK08/SES089/SA089S28	SES206	1.17031	-9.96268	-11.133
BLOCK08/SES089/SA089S28	SES226	1.53205	-9.60094	-11.133
BLOCK09/SES097/SA097S11	SES099	0.863933	-10.3725	-11.2365
BLOCK09/SES097/SA097S11	SES125	0.846535	-10.3899	-11.2365
BLOCK09/SES097/SA097S11	SES206	0.187279	-11.0492	-11.2365
BLOCK09/SES097/SA097S11	SES226	1.62578	-9.61068	-11.2365
BLOCK09/SES097/SA097S14	SES062	0.537585	-10.4561	-10.9937
BLOCK09/SES097/SA097S14	SES099	0.228845	-10.7648	-10.9937
BLOCK09/SES097/SA097S14	SES104	1.62699	-9.36667	-10.9937
BLOCK09/SES097/SA097S14	SES206	0.447282	-10.5464	-10.9937
BLOCK09/SES097/SA097S22	SES099	0.979481	-9.79344	-10.7729
BLOCK09/SES097/SA097S22	SES206	0.257707	-10.5152	-10.7729
BLOCK09/SES097/SA097S22	SES226	0.593523	-10.1794	-10.7729
BLOCK09/SES097/SA097S22	SES270	0.415874	-10.357	-10.7729
BLOCK09/SES097/SA097S26	SES099	2.47618	-9.9319	-12.4081
BLOCK09/SES097/SA097S26	SES120	1.51349	-10.8946	-12.4081
BLOCK09/SES097/SA097S26	SES206	1.60054	-10.8075	-12.4081
BLOCK09/SES097/SA097S26	SES226	2.49467	-9.91341	-12.4081
BLOCK09/SES097/SA097S28	SES099	0.778287	-9.40243	-10.1807
BLOCK09/SES097/SA097S28	SES120	0.686499	-9.49422	-10.1807
BLOCK09/SES097/SA097S28	SES206	0.703817	-9.4769	-10.1807
BLOCK09/SES097/SA097S28	SES226	0.938946	-9.24177	-10.1807
BLOCK09/SES098/SA098S11	SES127	0.35486	-9.21297	-9.56783
BLOCK09/SES098/SA098S11	SES144	0.62213	-8.9457	-9.56783
BLOCK09/SES098/SA098S11	SES147	0.646243	-8.92159	-9.56783
BLOCK09/SES098/SA098S11	SES148	-0.842292	-10.4101	-9.56783
BLOCK09/SES098/SA098S12	SES127	-0.593533	-12.0496	-11.456
BLOCK09/SES098/SA098S12	SES144	-0.195197	-11.6512	-11.456
BLOCK09/SES098/SA098S12	SES147	-0.052001	-11.508	-11.456
BLOCK09/SES098/SA098S12	SES189	0.0440931	-11.4119	-11.456
BLOCK09/SES098/SA098S20	SES127	-1.14874	-12.2731	-11.1243
BLOCK09/SES098/SA098S20	SES147	-0.00551605	-11.1298	-11.1243
BLOCK09/SES098/SA098S20	SES148	-3.90797	-15.0323	-11.1243
BLOCK09/SES098/SA098S20	SES292	0.546001	-10.5783	-11.1243
BLOCK09/SES098/SA098S23	SES127	-0.304564	-10.6445	-10.3399
BLOCK09/SES098/SA098S23	SES147	-0.01686	-10.3568	-10.3399
BLOCK09/SES098/SA098S23	SES187	0.551717	-9.78822	-10.3399
BLOCK09/SES098/SA098S23	SES292	0.222668	-10.1173	-10.3399
BLOCK09/SES098/SA098S27	SES127	-0.534126	-11.2556	-10.7215
BLOCK09/SES098/SA098S27	SES147	-0.549984	-11.2715	-10.7215
BLOCK09/SES098/SA098S27	SES148	-1.15163	-11.8731	-10.7215
BLOCK09/SES098/SA098S27	SES292	0.813772	-9.90771	-10.7215
BLOCK10/SES102/SA102S13	SES101	0.83148	-10.8577	-11.6892
BLOCK10/SES102/SA102S13	SES105	0.0493937	-11.6398	-11.6892
BLOCK10/SES102/SA102S13	SES120	-0.187845	-11.877	-11.6892
BLOCK10/SES102/SA102S13	SES158	0.458397	-11.2308	-11.6892
BLOCK10/SES102/SA102S14	SES007	1.01886	-8.51841	-9.53727
BLOCK10/SES102/SA102S14	SES101	0.577428	-8.95984	-9.53727
BLOCK10/SES102/SA102S14	SES105	0.598381	-8.93889	-9.53727
BLOCK10/SES102/SA102S14	SES147	0.324352	-9.21292	-9.53727
BLOCK10/SES102/SA102S22	SES007	-0.141922	-9.97386	-9.83194
BLOCK10/SES102/SA102S22	SES101	0.465241	-9.3667	-9.83194
BLOCK10/SES102/SA102S22	SES105	0.414375	-9.41756	-9.83194
BLOCK10/SES102/SA102S22	SES158	-0.505882	-10.3378	-9.83194
BLOCK10/SES102/SA102S25	SES007	0.763449	-9.14047	-9.90392
BLOCK10/SES102/SA102S25	SES101	0.829051	-9.07487	-9.90392
BLOCK10/SES102/SA102S25	SES105	0.248986	-9.65494	-9.90392
BLOCK10/SES102/SA102S25	SES147	-0.0518007	-9.95572	-9.90392
BLOCK10/SES102/SA102S27	SES007	0.909288	-9.21281	-10.1221
BLOCK10/SES102/SA102S27	SES101	0.832749	-9.28935	-10.1221
BLOCK10/SES102/SA102S27	SES105	0.308928	-9.81317	-10.1221
BLOCK10/SES102/SA102S27	SES147	-0.0379448	-10.16	-10.1221
BLOCK10/SES103/SA103S14	SES105	0.0412903	-11.3799	-11.4212
BLOCK10/SES103/SA103S14	SES106	0.555695	-10.8655	-11.4212
BLOCK10/SES103/SA103S14	SES120	-0.388555	-11.8097	-11.4212
BLOCK10/SES103/SA103S14	SES206	0.426437	-10.9948	-11.4212
BLOCK10/SES103/SA103S15	SES099	-0.24339	-11.9043	-11.6609
BLOCK10/SES103/SA103S15	SES101	-0.354395	-12.0153	-11.6609
BLOCK10/SES103/SA103S15	SES104	-0.0197725	-11.6807	-11.6609
BLOCK10/SES103/SA103S15	SES125	-0.0552492	-11.7162	-11.6609
BLOCK10/SES103/SA103S24	SES104	0.418916	-10.8117	-11.2306
BLOCK10/SES103/SA103S24	SES125	-0.665877	-11.8964	-11.2306
BLOCK10/SES103/SA103S24	SES148	-0.328138	-11.5587	-11.2306
BLOCK10/SES103/SA103S24	SES158	-0.0515718	-11.2821	-11.2306
BLOCK10/SES103/SA103S26	SES104	0.391268	-10.3548	-10.746
BLOCK10/SES103/SA103S26	SES106	0.533579	-10.2125	-10.746
BLOCK10/SES103/SA103S26	SES125	0.118376	-10.6277	-10.746
BLOCK10/SES103/SA103S26	SES148	-0.484242	-11.2303	-10.746
BLOCK10/SES103/SA103S28	SES104	1.00859	-10.434	-11.4425
BLOCK10/SES103/SA103S28	SES106	0.562273	-10.8803	-11.4425
BLOCK10/SES103/SA103S28	SES125	-0.267914	-11.7105	-11.4425
BLOCK10/SES103/SA103S28	SES206	0.239511	-11.203	-11.4425
BLOCK12/SES121/SA121S12	SES042	0.630049	-10.2491	-10.8791
BLOCK12/SES121/SA121S12	SES087	0.385942	-10.4932	-10.8791
BLOCK12/SES121/SA121S12	SES105	0.545403	-10.3337	-10.8791
BLOCK12/SES121/SA121S12	SES206	0.778157	-10.101	-10.8791
BLOCK12/SES121/SA121S14	SES007	1.81674	-12.9449	-14.7616
BLOCK12/SES121/SA121S14	SES105	1.12494	-13.6367	-14.7616
BLOCK12/SES121/SA121S14	SES106	1.72552	-13.0361	-14.7616
BLOCK12/SES121/SA121S14	SES206	2.49475	-12.2669	-14.7616
BLOCK12/SES121/SA121S23	SES105	1.70542	-12.7944	-14.4999
BLOCK12/SES121/SA121S23	SES106	1.42208	-13.0778	-14.4999
BLOCK12/SES121/SA121S23	SES120	0.96611	-13.5338	-14.4999
BLOCK12/SES121/SA121S23	SES206	2.99423	-11.5056	-14.4999
BLOCK12/SES121/SA121S25	SES007	1.9633	-12.7807	-14.744
BLOCK12/SES121/SA121S25	SES105	0.959159	-13.7848	-14.744
BLOCK12/SES121/SA121S25	SES106	2.33088	-12.4131	-14.744
BLOCK12/SES121/SA121S25	SES206	2.78855	-11.9554	-14.744
BLOCK12/SES121/SA121S27	SES087	2.88475	-11.3083	-14.1931
BLOCK12/SES121/SA121S27	SES105	0.5888	-13.6043	-14.1931
BLOCK12/SES121/SA121S27	SES120	2.15031	-12.0428	-14.1931
BLOCK12/SES121/SA121S27	SES206	2.7485	-11.4446	-14.1931
BLOCK12/SES124/SA124S16	SES042	0.785462	-7.69252	-8.47798
BLOCK12/SES124/SA124S16	SES082	0.490584	-7.9874	-8.47798
BLOCK12/SES124/SA124S16	SES183	-0.232857	-8.71084	-8.47798
BLOCK12/SES124/SA124S16	SES206	-0.0516243	-8.5296	-8.47798
BLOCK12/SES124/SA124S17	SES105	-0.159475	-10.0927	-9.93324
BLOCK12/SES124/SA124S17	SES149	-0.0350857	-9.96832	-9.93324
BLOCK12/SES124/SA124S17	SES158	-0.195688	-10.1289	-9.93324
BLOCK12/SES124/SA124S17	SES275	-0.0889444	-10.0222	-9.93324
BLOCK12/SES124/SA124S23	SES105	-0.629364	-9.49324	-8.86388
BLOCK12/SES124/SA124S23	SES125	1.68378	-7.18009	-8.86388
BLOCK12/SES124/SA124S23	SES129	-0.26271	-9.12659	-8.86388
BLOCK12/SES124/SA124S23	SES158	0.710247	-8.15363	-8.86388
BLOCK12/SES124/SA124S26	SES105	-0.531467	-9.8588	-9.32733
BLOCK12/SES124/SA124S26	SES125	0.618595	-8.70873	-9.32733
BLOCK12/SES124/SA124S26	SES129	-0.53932	-9.86665	-9.32733
BLOCK12/SES124/SA124S26	SES158	0.513907	-8.81342	-9.32733
BLOCK12/SES124/SA124S28	SES104	1.29745	-7.8166	-9.11405
BLOCK12/SES124/SA124S28	SES106	0.413732	-8.70032	-9.11405
BLOCK12/SES124/SA124S28	SES125	1.32484	-7.78921	-9.11405
BLOCK12/SES124/SA124S28	SES275	0.464224	-8.64983	-9.11405
BLOCK12/SES126/SA126S13	SES007	0.973936	-9.32792	-10.3019
BLOCK12/SES126/SA126S13	SES162	-0.200172	-10.502	-10.3019
BLOCK12/SES126/SA126S13	SES177	0.599072	-9.70278	-10.3019
BLOCK12/SES126/SA126S13	SES180	0.356408	-9.94545	-10.3019
BLOCK12/SES126/SA126S14	SES144	0.55616	-9.03523	-9.59139
BLOCK12/SES126/SA126S14	SES148	-0.381734	-9.97312	-9.59139
BLOCK12/SES126/SA126S14	SES177	0.822152	-8.76924	-9.59139
BLOCK12/SES126/SA126S14	SES180	0.318768	-9.27262	-9.59139
BLOCK12/SES126/SA126S20	SES007	0.343734	-8.28698	-8.63071
BLOCK12/SES126/SA126S20	SES162	-0.164442	-8.79515	-8.63071
BLOCK12/SES126/SA126S20	SES172	-0.0723228	-8.70303	-8.63071
BLOCK12/SES126/SA126S20	SES180	0.251923	-8.37879	-8.63071
BLOCK12/SES126/SA126S24	SES120	0.923948	-8.46456	-9.38851
BLOCK12/SES126/SA126S24	SES162	-0.0959969	-9.48451	-9.38851
BLOCK12/SES126/SA126S24	SES177	0.54852	-8.83999	-9.38851
BLOCK12/SES126/SA126S24	SES180	0.528996	-8.85951	-9.38851
BLOCK12/SES126/SA126S26	SES120	1.2281	-8.63326	-9.86135
BLOCK12/SES126/SA126S26	SES177	0.220616	-9.64074	-9.86135
BLOCK12/SES126/SA126S26	SES180	0.436739	-9.42461	-9.86135
BLOCK12/SES126/SA126S26	SES202	0.28548	-9.57587	-9.86135
BLOCK12/SES128/SA128S10	SES087	0.37073	-10.6784	-11.0492
BLOCK12/SES128/SA128S10	SES206	0.69865	-10.3505	-11.0492
BLOCK12/SES128/SA128S10	SES226	0.981043	-10.0681	-11.0492
BLOCK12/SES128/SA128S10	SES270	0.902277	-10.1469	-11.0492
BLOCK12/SES128/SA128S12	SES120	1.54126	-9.24189	-10.7831
BLOCK12/SES128/SA128S12	SES158	1.26559	-9.51756	-10.7831
BLOCK12/SES128/SA128S12	SES206	1.1483	-9.63485	-10.7831
BLOCK12/SES128/SA128S12	SES226	0.0821009	-10.701	-10.7831
BLOCK12/SES128/SA128S21	SES106	-0.0611773	-10.8844	-10.8232
BLOCK12/SES128/SA128S21	SES120	1.32444	-9.4988	-10.8232
BLOCK12/SES128/SA128S21	SES206	1.06544	-9.7578	-10.8232
BLOCK12/SES128/SA128S21	SES226	1.56903	-9.25422	-10.8232
BLOCK12/SES128/SA128S24	SES087	1.16947	-10.4865	-11.6559
BLOCK12/SES128/SA128S24	SES120	1.71161	-9.94433	-11.6559
BLOCK12/SES128/SA128S24	SES206	1.95731	-9.69863	-11.6559
BLOCK12/SES128/SA128S24	SES226	0.708052	-10.9479	-11.6559
BLOCK12/SES128/SA128S27	SES099	1.5171	-9.49661	-11.0137
BLOCK12/SES128/SA128S27	SES120	1.85352	-9.16019	-11.0137
BLOCK12/SES128/SA128S27	SES206	1.6297	-9.38401	-11.0137
BLOCK12/SES128/SA128S27	SES226	0.882306	-10.1314	-11.0137
BLOCK13/SES130/SA130S13	SES143	0.728589	-10.0671	-10.7957
BLOCK13/SES130/SA130S13	SES144	1.18579	-9.60987	-10.7957
BLOCK13/SES130/SA130S13	SES146	-0.205527	-11.0012	-10.7957
BLOCK13/SES130/SA130S13	SES275	-0.711904	-11.5076	-10.7957
BLOCK13/SES130/SA130S15	SES143	0.633537	-8.91646	-9.54999
BLOCK13/SES130/SA130S15	SES144	1.02884	-8.52115	-9.54999
BLOCK13/SES130/SA130S15	SES146	0.595526	-8.95447	-9.54999
BLOCK13/SES130/SA130S15	SES275	0.426657	-9.12334	-9.54999
BLOCK13/SES130/SA130S23	SES127	0.759768	-9.41487	-10.1746
BLOCK13/SES130/SA130S23	SES144	1.37102	-8.80362	-10.1746
BLOCK13/SES130/SA130S23	SES146	0.620756	-9.55388	-10.1746
BLOCK13/SES130/SA130S23	SES162	0.583797	-9.59084	-10.1746
BLOCK13/SES130/SA130S25	SES127	0.601616	-8.64909	-9.2507
BLOCK13/SES130/SA130S25	SES144	1.08891	-8.1618	-9.2507
BLOCK13/SES130/SA130S25	SES146	0.717177	-8.53353	-9.2507
BLOCK13/SES130/SA130S25	SES275	0.262354	-8.98835	-9.2507
BLOCK13/SES130/SA130S28	SES127	0.722461	-9.23771	-9.96017
BLOCK13/SES130/SA130S28	SES144	0.576219	-9.38395	-9.96017
BLOCK13/SES130/SA130S28	SES146	0.45273	-9.50744	-9.96017
BLOCK13/SES130/SA130S28	SES275	-0.0229759	-9.98314	-9.96017
BLOCK13/SES131/SA131S13	SES002	0.857359	-9.569	-10.4264
BLOCK13/SES131/SA131S13	SES007	0.0790892	-10.3473	-10.4264
BLOCK13/SES131/SA131S13	SES099	0.580395	-9.84596	-10.4264
BLOCK13/SES131/SA131S13	SES105	0.00168228	-10.4247	-10.4264
BLOCK13/SES131/SA131S14	SES104	0.767175	-7.80094	-8.56812
BLOCK13/SES131/SA131S14	SES106	0.192956	-8.37516	-8.56812
BLOCK13/SES131/SA131S14	SES125	-0.0079031	-8.57602	-8.56812
BLOCK13/SES131/SA131S14	SES148	0.962044	-7.60607	-8.56812
BLOCK13/SES131/SA131S20	SES104	0.943982	-10.3278	-11.2718
BLOCK13/SES131/SA131S20	SES106	0.440107	-10.8317	-11.2718
BLOCK13/SES131/SA131S20	SES125	0.654347	-10.6174	-11.2718
BLOCK13/SES131/SA131S20	SES148	-0.143727	-11.4155	-11.2718
BLOCK13/SES131/SA131S22	SES099	0.738564	-9.00241	-9.74097
BLOCK13/SES131/SA131S22	SES104	1.32606	-8.41491	-9.74097
BLOCK13/SES131/SA131S22	SES125	1.4033	-8.33767	-9.74097
BLOCK13/SES131/SA131S22	SES206	1.19223	-8.54875	-9.74097
BLOCK13/SES131/SA131S29	SES087	0.319701	-11.1574	-11.4771
BLOCK13/SES131/SA131S29	SES104	0.496365	-10.9807	-11.4771
BLOCK13/SES131/SA131S29	SES125	-0.0764017	-11.5535	-11.4771
BLOCK13/SES131/SA131S29	SES206	0.752867	-10.7242	-11.4771
BLOCK13/SES132/SA132S11	SES083	0.242718	-10.0591	-10.3018
BLOCK13/SES132/SA132S11	SES120	1.3414	-8.96043	-10.3018
BLOCK13/SES132/SA132S11	SES127	-0.829819	-11.1316	-10.3018
BLOCK13/SES132/SA132S11	SES275	-0.155849	-10.4577	-10.3018
BLOCK13/SES132/SA132S12	SES083	0.245223	-9.4084	-9.65362
BLOCK13/SES132/SA132S12	SES143	-0.323729	-9.97735	-9.65362
BLOCK13/SES132/SA132S12	SES144	0.340167	-9.31346	-9.65362
BLOCK13/SES132/SA132S12	SES148	-1.04163	-10.6953	-9.65362
BLOCK13/SES132/SA132S22	SES062	1.04947	-9.48487	-10.5343
BLOCK13/SES132/SA132S22	SES083	-0.0225191	-10.5569	-10.5343
BLOCK13/SES132/SA132S22	SES127	-0.956316	-11.4907	-10.5343
BLOCK13/SES132/SA132S22	SES275	0.107922	-10.4264	-10.5343
BLOCK13/SES132/SA132S24	SES007	1.5231	-8.33765	-9.86075
BLOCK13/SES132/SA132S24	SES083	0.403108	-9.45765	-9.86075
BLOCK13/SES132/SA132S24	SES127	-1.06648	-10.9272	-9.86075
BLOCK13/SES132/SA132S24	SES275	0.0132999	-9.84745	-9.86075
BLOCK13/SES132/SA132S27	SES083	-0.621063	-11.9047	-11.2836
BLOCK13/SES132/SA132S27	SES120	1.77517	-9.50845	-11.2836
BLOCK13/SES132/SA132S27	SES127	-2.41421	-13.6978	-11.2836
BLOCK13/SES132/SA132S27	SES275	-0.886091	-12.1697	-11.2836
BLOCK14/SES141/SA141S09	SES143	0.179509	-8.4593	-8.63881
BLOCK14/SES141/SA141S09	SES144	0.609697	-8.02912	-8.63881
BLOCK14/SES141/SA141S09	SES162	0.172993	-8.46582	-8.63881
BLOCK14/SES141/SA141S09	SES180	0.270952	-8.36786	-8.63881
BLOCK14/SES141/SA141S15	SES127	0.00524616	-9.45835	-9.4636
BLOCK14/SES141/SA141S15	SES144	0.207712	-9.25588	-9.4636
BLOCK14/SES141/SA141S15	SES162	-0.32048	-9.78408	-9.4636
BLOCK14/SES141/SA141S15	SES180	0.304333	-9.15926	-9.4636
BLOCK14/SES141/SA141S24	SES127	-0.0156641	-9.7759	-9.76023
BLOCK14/SES141/SA141S24	SES144	0.28608	-9.47415	-9.76023
BLOCK14/SES141/SA141S24	SES162	-0.282309	-10.0425	-9.76023
BLOCK14/SES141/SA141S24	SES183	-0.456065	-10.2163	-9.76023
BLOCK14/SES141/SA141S26	SES142	0.986838	-9.26253	-10.2494
BLOCK14/SES141/SA141S26	SES144	0.00958633	-10.2398	-10.2494
BLOCK14/SES141/SA141S26	SES172	-0.18716	-10.4365	-10.2494
BLOCK14/SES141/SA141S26	SES180	0.414199	-9.83517	-10.2494
BLOCK14/SES141/SA141S29	SES127	0.639883	-8.57727	-9.21716
BLOCK14/SES141/SA141S29	SES142	0.820642	-8.39651	-9.21716
BLOCK14/SES141/SA141S29	SES144	0.475508	-8.74165	-9.21716
BLOCK14/SES141/SA141S29	SES180	0.678355	-8.5388	-9.21716
BLOCK15/SES157/SA157S08	SES083	0.350728	-8.51268	-8.8634
BLOCK15/SES157/SA157S08	SES127	0.352276	-8.51113	-8.8634
BLOCK15/SES157/SA157S08	SES148	0.134445	-8.72896	-8.8634
BLOCK15/SES157/SA157S08	SES292	0.178087	-8.68532	-8.8634
BLOCK15/SES157/SA157S11	SES083	0.318854	-9.46584	-9.7847
BLOCK15/SES157/SA157S11	SES127	0.241117	-9.54358	-9.7847
BLOCK15/SES157/SA157S11	SES148	-0.182062	-9.96676	-9.7847
BLOCK15/SES157/SA157S11	SES292	0.150545	-9.63415	-9.7847
BLOCK15/SES157/SA157S21	SES127	0.951996	-7.97233	-8.92433
BLOCK15/SES157/SA157S21	SES148	1.1603	-7.76403	-8.92433
BLOCK15/SES157/SA157S21	SES158	-1.20807	-10.1324	-8.92433
BLOCK15/SES157/SA157S21	SES292	0.899819	-8.02451	-8.92433
BLOCK15/SES157/SA157S24	SES127	0.469505	-9.0739	-9.54341
BLOCK15/SES157/SA157S24	SES148	0.0472336	-9.49617	-9.54341
BLOCK15/SES157/SA157S24	SES183	-0.374227	-9.91763	-9.54341
BLOCK15/SES157/SA157S24	SES292	0.185947	-9.35746	-9.54341
BLOCK15/SES157/SA157S26	SES007	0.0279446	-8.98671	-9.01465
BLOCK15/SES157/SA157S26	SES127	0.891741	-8.12291	-9.01465
BLOCK15/SES157/SA157S26	SES147	0.337135	-8.67752	-9.01465
BLOCK15/SES157/SA157S26	SES148	0.0454683	-8.96918	-9.01465
BLOCK16/SES161/SA161S10	SES007	0.773344	-9.31684	-10.0902
BLOCK16/SES161/SA161S10	SES105	0.565152	-9.52503	-10.0902
BLOCK16/SES161/SA161S10	SES158	0.337602	-9.75258	-10.0902
BLOCK16/SES161/SA161S10	SES275	0.49345	-9.59674	-10.0902
BLOCK16/SES161/SA161S12	SES007	1.3946	-11.8143	-13.2089
BLOCK16/SES161/SA161S12	SES105	0.439269	-12.7696	-13.2089
BLOCK16/SES161/SA161S12	SES158	1.16965	-12.0392	-13.2089
BLOCK16/SES161/SA161S12	SES275	-1.0179	-14.2268	-13.2089
BLOCK16/SES161/SA161S20	SES007	1.59601	-10.7077	-12.3037
BLOCK16/SES161/SA161S20	SES105	0.123132	-12.1806	-12.3037
BLOCK16/SES161/SA161S20	SES158	2.04219	-10.2615	-12.3037
BLOCK16/SES161/SA161S20	SES275	-0.662143	-12.9659	-12.3037
BLOCK16/SES161/SA161S23	SES007	0.567083	-11.6713	-12.2384
BLOCK16/SES161/SA161S23	SES105	1.25663	-10.9818	-12.2384
BLOCK16/SES161/SA161S23	SES148	-0.019105	-12.2575	-12.2384
BLOCK16/SES161/SA161S23	SES158	-1.33167	-13.5701	-12.2384
BLOCK16/SES161/SA161S28	SES007	1.54085	-11.0036	-12.5444
BLOCK16/SES161/SA161S28	SES105	0.196566	-12.3478	-12.5444
BLOCK16/SES161/SA161S28	SES158	2.22995	-10.3145	-12.5444
BLOCK16/SES161/SA161S28	SES206	2.24411	-10.3003	-12.5444
BLOCK16/SES164/SA164S11	SES104	0.754821	-9.71818	-10.473
BLOCK16/SES164/SA164S11	SES125	1.39628	-9.07672	-10.473
BLOCK16/SES164/SA164S11	SES158	0.794511	-9.67849	-10.473
BLOCK16/SES164/SA164S11	SES206	-0.0197344	-10.4927	-10.473
BLOCK16/SES164/SA164S13	SES099	-0.517826	-11.5043	-10.9865
BLOCK16/SES164/SA164S13	SES104	0.990543	-9.99592	-10.9865
BLOCK16/SES164/SA164S13	SES125	0.928924	-10.0575	-10.9865
BLOCK16/SES164/SA164S13	SES206	-0.219058	-11.2055	-10.9865
BLOCK16/SES164/SA164S24	SES002	2.02682	-8.12132	-10.1481
BLOCK16/SES164/SA164S24	SES099	-0.138992	-10.2871	-10.1481
BLOCK16/SES164/SA164S24	SES125	0.995891	-9.15225	-10.1481
BLOCK16/SES164/SA164S24	SES226	1.72428	-8.42385	-10.1481
BLOCK16/SES164/SA164S27	SES087	-0.391033	-10.9543	-10.5633
BLOCK16/SES164/SA164S27	SES125	0.906407	-9.6569	-10.5633
BLOCK16/SES164/SA164S27	SES206	-0.33161	-10.8949	-10.5633
BLOCK16/SES164/SA164S27	SES226	1.5739	-8.9894	-10.5633
BLOCK16/SES164/SA164S29	SES002	1.15163	-9.18223	-10.3339
BLOCK16/SES164/SA164S29	SES019	0.177471	-10.1564	-10.3339
BLOCK16/SES164/SA164S29	SES125	0.782495	-9.55136	-10.3339
BLOCK16/SES164/SA164S29	SES226	1.24099	-9.09287	-10.3339
BLOCK16/SES169/SA169S13	SES117	0.251139	-9.82465	-10.0758
BLOCK16/SES169/SA169S13	SES144	0.715583	-9.3602	-10.0758
BLOCK16/SES169/SA169S13	SES146	0.788985	-9.2868	-10.0758
BLOCK16/SES169/SA169S13	SES162	0.0410585	-10.0347	-10.0758
BLOCK16/SES169/SA169S14	SES144	0.628117	-8.17857	-8.80669
BLOCK16/SES169/SA169S14	SES148	0.598947	-8.20774	-8.80669
BLOCK16/SES169/SA169S14	SES177	1.1345	-7.67219	-8.80669
BLOCK16/SES169/SA169S14	SES180	0.727808	-8.07888	-8.80669
BLOCK16/SES169/SA169S24	SES117	0.356061	-9.89384	-10.2499
BLOCK16/SES169/SA169S24	SES144	0.399937	-9.84996	-10.2499
BLOCK16/SES169/SA169S24	SES146	0.672407	-9.57749	-10.2499
BLOCK16/SES169/SA169S24	SES162	0.298718	-9.95118	-10.2499
BLOCK16/SES169/SA169S27	SES127	0.300842	-9.47201	-9.77285
BLOCK16/SES169/SA169S27	SES129	0.35886	-9.41399	-9.77285
BLOCK16/SES169/SA169S27	SES144	0.637998	-9.13486	-9.77285
BLOCK16/SES169/SA169S27	SES146	0.72658	-9.04627	-9.77285
BLOCK16/SES169/SA169S29	SES144	0.621922	-8.17512	-8.79705
BLOCK16/SES169/SA169S29	SES162	0.40286	-8.39419	-8.79705
BLOCK16/SES169/SA169S29	SES177	0.66109	-8.13596	-8.79705
BLOCK16/SES169/SA169S29	SES180	0.512488	-8.28456	-8.79705
BLOCK17/SES171/SA171S12	SES083	0.551675	-10.2395	-10.7911
BLOCK17/SES171/SA171S12	SES148	-0.431217	-11.2223	-10.7911
BLOCK17/SES171/SA171S12	SES172	0.194268	-10.5969	-10.7911
BLOCK17/SES171/SA171S12	SES292	0.0536814	-10.7374	-10.7911
BLOCK17/SES171/SA171S15	SES148	0.144005	-9.65713	-9.80113
BLOCK17/SES171/SA171S15	SES177	0.348554	-9.45258	-9.80113
BLOCK17/SES171/SA171S15	SES180	0.135274	-9.66586	-9.80113
BLOCK17/SES171/SA171S15	SES292	0.304287	-9.49685	-9.80113
BLOCK17/SES171/SA171S22	SES007	0.301935	-7.87922	-8.18115
BLOCK17/SES171/SA171S22	SES148	0.629021	-7.55213	-8.18115
BLOCK17/SES171/SA171S22	SES177	0.268747	-7.91241	-8.18115
BLOCK17/SES171/SA171S22	SES180	0.31022	-7.87093	-8.18115
BLOCK17/SES171/SA171S25	SES101	0.332435	-10.1116	-10.444
BLOCK17/SES171/SA171S25	SES120	-0.545444	-10.9894	-10.444
BLOCK17/SES171/SA171S25	SES177	0.340655	-10.1033	-10.444
BLOCK17/SES171/SA171S25	SES180	0.607427	-9.83656	-10.444
BLOCK17/SES171/SA171S27	SES177	0.312738	-10.3609	-10.6736
BLOCK17/SES171/SA171S27	SES180	-0.481974	-11.1556	-10.6736
BLOCK17/SES171/SA171S27	SES189	0.667812	-10.0058	-10.6736
BLOCK17/SES171/SA171S27	SES292	-0.10985	-10.7835	-10.6736
BLOCK17/SES173/SA173S13	SES162	-0.383132	-10.855	-10.4719
BLOCK17/SES173/SA173S13	SES177	0.0956707	-10.3762	-10.4719
BLOCK17/SES173/SA173S13	SES180	0.781223	-9.69063	-10.4719
BLOCK17/SES173/SA173S13	SES292	1.50677	-8.96509	-10.4719
BLOCK17/SES173/SA173S14	SES007	0.143689	-9.37622	-9.51991
BLOCK17/SES173/SA173S14	SES162	-0.9877	-10.5076	-9.51991
BLOCK17/SES173/SA173S14	SES177	0.0142984	-9.50561	-9.51991
BLOCK17/SES173/SA173S14	SES180	0.337102	-9.1828	-9.51991
BLOCK17/SES173/SA173S24	SES144	-0.105432	-10.5847	-10.4793
BLOCK17/SES173/SA173S24	SES162	-0.741484	-11.2207	-10.4793
BLOCK17/SES173/SA173S24	SES177	0.321157	-10.1581	-10.4793
BLOCK17/SES173/SA173S24	SES180	0.181468	-10.2978	-10.4793
BLOCK17/SES173/SA173S27	SES162	-2.14633	-12.524	-10.3776
BLOCK17/SES173/SA173S27	SES177	-0.559202	-10.9368	-10.3776
BLOCK17/SES173/SA173S27	SES180	0.25306	-10.1246	-10.3776
BLOCK17/SES173/SA173S27	SES292	1.03043	-9.34719	-10.3776
BLOCK17/SES173/SA173S29	SES162	-0.51709	-10.433	-9.91593
BLOCK17/SES173/SA173S29	SES175	0.531505	-9.38442	-9.91593
BLOCK17/SES173/SA173S29	SES177	0.377009	-9.53892	-9.91593
BLOCK17/SES173/SA173S29	SES292	0.698592	-9.21733	-9.91593
BLOCK18/SES182/SA182S10	SES144	0.624653	-8.9507	-9.57535
BLOCK18/SES182/SA182S10	SES177	0.600529	-8.97482	-9.57535
BLOCK18/SES182/SA182S10	SES180	-0.42121	-9.99656	-9.57535
BLOCK18/SES182/SA182S10	SES275	-0.408884	-9.98424	-9.57535
BLOCK18/SES182/SA182S12	SES144	0.575861	-8.93762	-9.51349
BLOCK18/SES182/SA182S12	SES177	0.357837	-9.15565	-9.51349
BLOCK18/SES182/SA182S12	SES180	-0.418248	-9.93173	-9.51349
BLOCK18/SES182/SA182S12	SES275	-0.0446939	-9.55818	-9.51349
BLOCK18/SES182/SA182S21	SES117	0.193882	-11.0512	-11.2451
BLOCK18/SES182/SA182S21	SES144	0.393393	-10.8517	-11.2451
BLOCK18/SES182/SA182S21	SES162	-0.155141	-11.4002	-11.2451
BLOCK18/SES182/SA182S21	SES180	-0.436144	-11.6812	-11.2451
BLOCK18/SES182/SA182S23	SES117	0.174342	-11.7924	-11.9667
BLOCK18/SES182/SA182S23	SES144	0.217235	-11.7495	-11.9667
BLOCK18/SES182/SA182S23	SES180	-0.352056	-12.3188	-11.9667
BLOCK18/SES182/SA182S23	SES275	-0.525358	-12.4921	-11.9667
BLOCK18/SES182/SA182S25	SES007	1.33749	-8.98637	-10.3239
BLOCK18/SES182/SA182S25	SES162	-0.375432	-10.6993	-10.3239
BLOCK18/SES182/SA182S25	SES177	0.816805	-9.50705	-10.3239
BLOCK18/SES182/SA182S25	SES180	-0.673325	-10.9972	-10.3239
BLOCK18/SES184/SA184S12	SES177	0.435492	-9.39575	-9.83124
BLOCK18/SES184/SA184S12	SES180	1.18432	-8.64692	-9.83124
BLOCK18/SES184/SA184S12	SES189	0.00357437	-9.82767	-9.83124
BLOCK18/SES184/SA184S12	SES292	1.05757	-8.77367	-9.83124
BLOCK18/SES184/SA184S13	SES101	0.375564	-9.32303	-9.69859
BLOCK18/SES184/SA184S13	SES177	0.591801	-9.10679	-9.69859
BLOCK18/SES184/SA184S13	SES180	0.758056	-8.94054	-9.69859
BLOCK18/SES184/SA184S13	SES292	0.469435	-9.22916	-9.69859
BLOCK18/SES184/SA184S22	SES177	0.836541	-9.22815	-10.0647
BLOCK18/SES184/SA184S22	SES180	0.891716	-9.17297	-10.0647
BLOCK18/SES184/SA184S22	SES189	0.474239	-9.59045	-10.0647
BLOCK18/SES184/SA184S22	SES292	0.191754	-9.87293	-10.0647
BLOCK18/SES184/SA184S25	SES101	0.701778	-8.88111	-9.58289
BLOCK18/SES184/SA184S25	SES177	0.451409	-9.13148	-9.58289
BLOCK18/SES184/SA184S25	SES180	1.26508	-8.31781	-9.58289
BLOCK18/SES184/SA184S25	SES292	0.731655	-8.85123	-9.58289
BLOCK18/SES184/SA184S27	SES083	0.209914	-9.23586	-9.44578
BLOCK18/SES184/SA184S27	SES177	0.618669	-8.82711	-9.44578
BLOCK18/SES184/SA184S27	SES202	0.64821	-8.79757	-9.44578
BLOCK18/SES184/SA184S27	SES292	0.63565	-8.81013	-9.44578
BLOCK20/SES204/SA204S12	SES062	1.25654	-8.73843	-9.99497
BLOCK20/SES204/SA204S12	SES083	0.326838	-9.66813	-9.99497
BLOCK20/SES204/SA204S12	SES206	1.62997	-8.365	-9.99497
BLOCK20/SES204/SA204S12	SES226	0.703337	-9.29163	-9.99497
BLOCK20/SES204/SA204S14	SES068	1.26535	-8.18325	-9.4486
BLOCK20/SES204/SA204S14	SES087	1.79604	-7.65256	-9.4486
BLOCK20/SES204/SA204S14	SES206	1.55388	-7.89472	-9.4486
BLOCK20/SES204/SA204S14	SES226	0.460056	-8.98854	-9.4486
BLOCK20/SES204/SA204S22	SES068	1.36007	-8.53852	-9.89859
BLOCK20/SES204/SA204S22	SES082	1.10078	-8.79781	-9.89859
BLOCK20/SES204/SA204S22	SES083	-0.356879	-10.2555	-9.89859
BLOCK20/SES204/SA204S22	SES206	1.72604	-8.17255	-9.89859
BLOCK20/SES204/SA204S25	SES062	1.1673	-8.54505	-9.71234
BLOCK20/SES204/SA204S25	SES083	0.0320921	-9.68025	-9.71234
BLOCK20/SES204/SA204S25	SES206	1.62248	-8.08986	-9.71234
BLOCK20/SES204/SA204S25	SES226	0.575486	-9.13686	-9.71234
BLOCK20/SES204/SA204S27	SES068	1.21331	-8.99022	-10.2035
BLOCK20/SES204/SA204S27	SES082	0.403857	-9.79968	-10.2035
BLOCK20/SES204/SA204S27	SES087	1.63713	-8.56641	-10.2035
BLOCK20/SES204/SA204S27	SES206	1.02285	-9.18068	-10.2035
BLOCK20/SES207/SA207S10	SES127	-0.343964	-9.35503	-9.01107
BLOCK20/SES207/SA207S10	SES183	-0.0441113	-9.05518	-9.01107
BLOCK20/SES207/SA207S10	SES189	0.498816	-8.51225	-9.01107
BLOCK20/SES207/SA207S10	SES292	-0.381334	-9.3924	-9.01107
BLOCK20/SES207/SA207S11	SES127	-0.0932226	-9.885	-9.79177
BLOCK20/SES207/SA207S11	SES183	-0.657048	-10.4488	-9.79177
BLOCK20/SES207/SA207S11	SES187	0.402497	-9.38928	-9.79177
BLOCK20/SES207/SA207S11	SES292	0.437761	-9.35401	-9.79177
BLOCK20/SES207/SA207S25	SES068	0.287367	-9.77563	-10.063
BLOCK20/SES207/SA207S25	SES083	-0.0656786	-10.1287	-10.063
BLOCK20/SES207/SA207S25	SES127	0.653506	-9.40949	-10.063
BLOCK20/SES207/SA207S25	SES187	0.675783	-9.38721	-10.063
BLOCK20/SES207/SA207S27	SES127	0.33236	-9.65227	-9.98463
BLOCK20/SES207/SA207S27	SES183	-0.557512	-10.5421	-9.98463
BLOCK20/SES207/SA207S27	SES187	0.354416	-9.63021	-9.98463
BLOCK20/SES207/SA207S27	SES292	0.263402	-9.72123	-9.98463
BLOCK20/SES207/SA207S29	SES083	-0.853146	-10.2229	-9.36973
BLOCK20/SES207/SA207S29	SES085	0.0677719	-9.30196	-9.36973
BLOCK20/SES207/SA207S29	SES172	0.707869	-8.66186	-9.36973
BLOCK20/SES207/SA207S29	SES189	-0.868081	-10.2378	-9.36973
BLOCK22/SES221/SA221S12	SES068	1.0654	-8.13995	-9.20536
BLOCK22/SES221/SA221S12	SES143	-0.176082	-9.38144	-9.20536
BLOCK22/SES221/SA221S12	SES175	0.895536	-8.30982	-9.20536
BLOCK22/SES221/SA221S12	SES202	0.694876	-8.51048	-9.20536
BLOCK22/SES221/SA221S15	SES085	0.595498	-8.73588	-9.33138
BLOCK22/SES221/SA221S15	SES143	0.151439	-9.17994	-9.33138
BLOCK22/SES221/SA221S15	SES175	0.799365	-8.53201	-9.33138
BLOCK22/SES221/SA221S15	SES187	0.242197	-9.08918	-9.33138
BLOCK22/SES221/SA221S23	SES068	1.33768	-8.19546	-9.53314
BLOCK22/SES221/SA221S23	SES143	-0.263999	-9.79714	-9.53314
BLOCK22/SES221/SA221S23	SES175	0.380116	-9.15303	-9.53314
BLOCK22/SES221/SA221S23	SES189	0.000650406	-9.53249	-9.53314
BLOCK22/SES221/SA221S27	SES085	0.788807	-8.88861	-9.67742
BLOCK22/SES221/SA221S27	SES143	-0.0218601	-9.69928	-9.67742
BLOCK22/SES221/SA221S27	SES175	0.388226	-9.28919	-9.67742
BLOCK22/SES221/SA221S27	SES189	-0.258032	-9.93545	-9.67742
BLOCK22/SES221/SA221S29	SES085	1.51801	-8.03161	-9.54963
BLOCK22/SES221/SA221S29	SES143	0.451703	-9.09793	-9.54963
BLOCK22/SES221/SA221S29	SES175	0.897079	-8.65255	-9.54963
BLOCK22/SES221/SA221S29	SES187	-0.178329	-9.72796	-9.54963
BLOCK22/SES223/SA223S11	SES143	0.408934	-9.45216	-9.86109
BLOCK22/SES223/SA223S11	SES144	0.00209522	-9.859	-9.86109
BLOCK22/SES223/SA223S11	SES175	0.587816	-9.27327	-9.86109
BLOCK22/SES223/SA223S11	SES187	0.35335	-9.50774	-9.86109
BLOCK22/SES223/SA223S13	SES068	1.13773	-8.60317	-9.74091
BLOCK22/SES223/SA223S13	SES143	0.280725	-9.46018	-9.74091
BLOCK22/SES223/SA223S13	SES146	0.500087	-9.24082	-9.74091
BLOCK22/SES223/SA223S13	SES202	0.953774	-8.78713	-9.74091
BLOCK22/SES223/SA223S22	SES143	0.191756	-9.4417	-9.63346
BLOCK22/SES223/SA223S22	SES144	-0.385689	-10.0191	-9.63346
BLOCK22/SES223/SA223S22	SES175	0.688303	-8.94516	-9.63346
BLOCK22/SES223/SA223S22	SES187	0.0494471	-9.58401	-9.63346
BLOCK22/SES223/SA223S25	SES068	0.6437	-9.49561	-10.1393
BLOCK22/SES223/SA223S25	SES143	0.0650806	-10.0742	-10.1393
BLOCK22/SES223/SA223S25	SES175	0.765457	-9.37385	-10.1393
BLOCK22/SES223/SA223S25	SES187	0.197999	-9.94131	-10.1393
BLOCK22/SES223/SA223S27	SES143	1.1393	-9.35285	-10.4922
BLOCK22/SES223/SA223S27	SES146	0.538055	-9.9541	-10.4922
BLOCK22/SES223/SA223S27	SES187	0.554628	-9.93753	-10.4922
BLOCK22/SES223/SA223S27	SES292	0.92216	-9.57	-10.4922
BLOCK27/SES273/SA273S12	SES099	1.26138	-9.26829	-10.5297
BLOCK27/SES273/SA273S12	SES104	2.05571	-8.47397	-10.5297
BLOCK27/SES273/SA273S12	SES125	1.45583	-9.07384	-10.5297
BLOCK27/SES273/SA273S12	SES206	1.6382	-8.89148	-10.5297
BLOCK27/SES273/SA273S13	SES099	-0.384983	-9.88054	-9.49556
BLOCK27/SES273/SA273S13	SES104	1.1653	-8.33026	-9.49556
BLOCK27/SES273/SA273S13	SES206	0.26222	-9.23334	-9.49556
BLOCK27/SES273/SA273S13	SES292	0.590354	-8.9052	-9.49556
BLOCK27/SES273/SA273S21	SES099	-0.347625	-10.1613	-9.81366
BLOCK27/SES273/SA273S21	SES148	-0.919554	-10.7332	-9.81366
BLOCK27/SES273/SA273S21	SES149	-0.0197935	-9.83345	-9.81366
BLOCK27/SES273/SA273S21	SES177	-0.0608597	-9.87452	-9.81366
BLOCK27/SES273/SA273S25	SES104	1.50998	-9.54936	-11.0593
BLOCK27/SES273/SA273S25	SES125	1.14521	-9.91413	-11.0593
BLOCK27/SES273/SA273S25	SES158	1.7583	-9.30104	-11.0593
BLOCK27/SES273/SA273S25	SES206	1.2346	-9.82475	-11.0593
BLOCK27/SES273/SA273S27	SES099	-0.049263	-8.93061	-8.88135
BLOCK27/SES273/SA273S27	SES104	0.83765	-8.0437	-8.88135
BLOCK27/SES273/SA273S27	SES149	0.415984	-8.46537	-8.88135
BLOCK27/SES273/SA273S27	SES275	0.261676	-8.61967	-8.88135
BLOCK27/SES274/SA274S10	SES105	0.339177	-8.66977	-9.00895
BLOCK27/SES274/SA274S10	SES125	0.0655127	-8.94344	-9.00895
BLOCK27/SES274/SA274S10	SES129	1.45614	-7.55281	-9.00895
BLOCK27/SES274/SA274S10	SES158	-0.904054	-9.913	-9.00895
BLOCK27/SES274/SA274S11	SES105	0.180742	-8.80885	-8.98959
BLOCK27/SES274/SA274S11	SES149	0.5589	-8.43069	-8.98959
BLOCK27/SES274/SA274S11	SES158	0.0785294	-8.91106	-8.98959
BLOCK27/SES274/SA274S11	SES275	0.417696	-8.5719	-8.98959
BLOCK27/SES274/SA274S21	SES105	0.271276	-9.05457	-9.32585
BLOCK27/SES274/SA274S21	SES129	0.739427	-8.58642	-9.32585
BLOCK27/SES274/SA274S21	SES149	0.0781984	-9.24765	-9.32585
BLOCK27/SES274/SA274S21	SES158	-0.611725	-9.93757	-9.32585
BLOCK27/SES274/SA274S24	SES105	-0.245613	-10.1666	-9.92102
BLOCK27/SES274/SA274S24	SES129	0.893088	-9.02793	-9.92102
BLOCK27/SES274/SA274S24	SES149	-0.481205	-10.4022	-9.92102
BLOCK27/SES274/SA274S24	SES158	-0.696781	-10.6178	-9.92102
BLOCK27/SES274/SA274S29	SES105	-0.0915976	-9.73968	-9.64808
BLOCK27/SES274/SA274S29	SES106	-0.152604	-9.80069	-9.64808
BLOCK27/SES274/SA274S29	SES120	0.342796	-9.30529	-9.64808
BLOCK27/SES274/SA274S29	SES275	0.272597	-9.37549	-9.64808
BLOCK27/SES276/SA276S16	SES148	0.601609	-8.74754	-9.34915
BLOCK27/SES276/SA276S16	SES172	1.0049	-8.34425	-9.34915
BLOCK27/SES276/SA276S16	SES180	1.09531	-8.25384	-9.34915
BLOCK27/SES276/SA276S16	SES292	0.636063	-8.71309	-9.34915
BLOCK27/SES276/SA276S17	SES101	0.592255	-9.19596	-9.78821
BLOCK27/SES276/SA276S17	SES177	0.535353	-9.25286	-9.78821
BLOCK27/SES276/SA276S17	SES180	0.609496	-9.17872	-9.78821
BLOCK27/SES276/SA276S17	SES292	0.399097	-9.38912	-9.78821
BLOCK27/SES276/SA276S24	SES101	0.712029	-8.36268	-9.07471
BLOCK27/SES276/SA276S24	SES177	0.708975	-8.36573	-9.07471
BLOCK27/SES276/SA276S24	SES180	0.504018	-8.57069	-9.07471
BLOCK27/SES276/SA276S24	SES292	0.277325	-8.79738	-9.07471
BLOCK27/SES276/SA276S26	SES101	0.61623	-8.34977	-8.966
BLOCK27/SES276/SA276S26	SES177	0.258149	-8.70785	-8.966
BLOCK27/SES276/SA276S26	SES180	0.489671	-8.47633	-8.966
BLOCK27/SES276/SA276S26	SES292	0.572679	-8.39332	-8.966
BLOCK27/SES276/SA276S28	SES101	0.312455	-8.62675	-8.9392
BLOCK27/SES276/SA276S28	SES177	-0.0291548	-8.96836	-8.9392
BLOCK27/SES276/SA276S28	SES180	0.794872	-8.14433	-8.9392
BLOCK27/SES276/SA276S28	SES292	0.534566	-8.40464	-8.9392
BLOCK27/SES277/SA277S12	SES101	0.853267	-9.92089	-10.7742
BLOCK27/SES277/SA277S12	SES177	0.255092	-10.5191	-10.7742
BLOCK27/SES277/SA277S12	SES180	0.433153	-10.341	-10.7742
BLOCK27/SES277/SA277S12	SES292	0.255628	-10.5185	-10.7742
BLOCK27/SES277/SA277S14	SES177	0.185536	-10.7979	-10.9835
BLOCK27/SES277/SA277S14	SES180	-0.186615	-11.1701	-10.9835
BLOCK27/SES277/SA277S14	SES189	0.869455	-10.114	-10.9835
BLOCK27/SES277/SA277S14	SES292	-0.0261307	-11.0096	-10.9835
BLOCK27/SES277/SA277S21	SES177	0.284659	-9.98592	-10.2706
BLOCK27/SES277/SA277S21	SES180	0.0301952	-10.2404	-10.2706
BLOCK27/SES277/SA277S21	SES189	0.617523	-9.65305	-10.2706
BLOCK27/SES277/SA277S21	SES292	-0.15109	-10.4217	-10.2706
BLOCK27/SES277/SA277S24	SES144	0.937369	-10.1961	-11.1335
BLOCK27/SES277/SA277S24	SES177	0.225771	-10.9077	-11.1335
BLOCK27/SES277/SA277S24	SES180	-0.67903	-11.8125	-11.1335
BLOCK27/SES277/SA277S24	SES189	0.932438	-10.201	-11.1335
BLOCK27/SES277/SA277S29	SES177	0.550206	-8.21074	-8.76095
BLOCK27/SES277/SA277S29	SES180	0.342129	-8.41882	-8.76095
BLOCK27/SES277/SA277S29	SES202	0.657306	-8.10364	-8.76095
BLOCK27/SES277/SA277S29	SES292	-0.12642	-8.88737	-8.76095
BLOCK27/SES279/SA279S09	SES120	0.392074	-9.21593	-9.60801
BLOCK27/SES279/SA279S09	SES146	0.375865	-9.23214	-9.60801
BLOCK27/SES279/SA279S09	SES206	1.3459	-8.26211	-9.60801
BLOCK27/SES279/SA279S09	SES226	0.429533	-9.17847	-9.60801
BLOCK27/SES279/SA279S10	SES099	0.547517	-9.5984	-10.1459
BLOCK27/SES279/SA279S10	SES206	0.433627	-9.71229	-10.1459
BLOCK27/SES279/SA279S10	SES226	-0.319358	-10.4653	-10.1459
BLOCK27/SES279/SA279S10	SES292	0.715205	-9.43071	-10.1459
BLOCK27/SES279/SA279S20	SES099	-0.0457602	-10.6766	-10.6309
BLOCK27/SES279/SA279S20	SES206	0.802323	-9.82855	-10.6309
BLOCK27/SES279/SA279S20	SES226	0.229469	-10.4014	-10.6309
BLOCK27/SES279/SA279S20	SES292	0.784365	-9.84651	-10.6309
BLOCK27/SES279/SA279S26	SES099	1.35954	-9.90042	-11.26
BLOCK27/SES279/SA279S26	SES206	1.59492	-9.66504	-11.26
BLOCK27/SES279/SA279S26	SES226	0.753109	-10.5068	-11.26
BLOCK27/SES279/SA279S26	SES292	1.78412	-9.47583	-11.26
BLOCK27/SES279/SA279S28	SES099	0.408714	-8.89181	-9.30052
BLOCK27/SES279/SA279S28	SES120	0.469413	-8.83111	-9.30052
BLOCK27/SES279/SA279S28	SES177	0.0239954	-9.27653	-9.30052
BLOCK27/SES279/SA279S28	SES206	0.84266	-8.45786	-9.30052
BLOCK29/SES290/SA290S12	SES162	0.992274	-7.84658	-8.83885
BLOCK29/SES290/SA290S12	SES177	1.01746	-7.82139	-8.83885
BLOCK29/SES290/SA290S12	SES180	0.552724	-8.28613	-8.83885
BLOCK29/SES290/SA290S12	SES292	0.0280657	-8.81079	-8.83885
BLOCK29/SES290/SA290S13	SES007	1.00992	-8.0638	-9.07372
BLOCK29/SES290/SA290S13	SES162	0.0360575	-9.03766	-9.07372
BLOCK29/SES290/SA290S13	SES177	0.574565	-8.49915	-9.07372
BLOCK29/SES290/SA290S13	SES180	0.924379	-8.14934	-9.07372
BLOCK29/SES290/SA290S22	SES177	0.664742	-8.19511	-8.85985
BLOCK29/SES290/SA290S22	SES180	0.687418	-8.17244	-8.85985
BLOCK29/SES290/SA290S22	SES202	0.811735	-8.04812	-8.85985
BLOCK29/SES290/SA290S22	SES292	0.731786	-8.12807	-8.85985
BLOCK29/SES290/SA290S25	SES162	0.438804	-8.88533	-9.32413
BLOCK29/SES290/SA290S25	SES177	1.15486	-8.16927	-9.32413
BLOCK29/SES290/SA290S25	SES180	1.18547	-8.13866	-9.32413
BLOCK29/SES290/SA290S25	SES292	0.848579	-8.47555	-9.32413
BLOCK29/SES290/SA290S29	SES177	0.67823	-7.92502	-8.60325
BLOCK29/SES290/SA290S29	SES180	0.806891	-7.79636	-8.60325
BLOCK29/SES290/SA290S29	SES275	0.216539	-8.38671	-8.60325
BLOCK29/SES290/SA290S29	SES292	0.513056	-8.09019	-8.60325
BLOCK29/SES291/SA291S11	SES105	-0.113054	-10.5802	-10.4671
BLOCK29/SES291/SA291S11	SES125	0.436297	-10.0308	-10.4671
BLOCK29/SES291/SA291S11	SES158	0.581223	-9.88591	-10.4671
BLOCK29/SES291/SA291S11	SES275	0.12147	-10.3457	-10.4671
BLOCK29/SES291/SA291S12	SES158	2.21639	-8.90493	-11.1213
BLOCK29/SES291/SA291S12	SES226	0.638226	-10.4831	-11.1213
BLOCK29/SES291/SA291S12	SES270	0.624774	-10.4965	-11.1213
BLOCK29/SES291/SA291S12	SES275	-0.560506	-11.6818	-11.1213
BLOCK29/SES291/SA291S22	SES082	1.1563	-8.94208	-10.0984
BLOCK29/SES291/SA291S22	SES158	1.27103	-8.82735	-10.0984
BLOCK29/SES291/SA291S22	SES259	1.09917	-8.99922	-10.0984
BLOCK29/SES291/SA291S22	SES275	-0.495524	-10.5939	-10.0984
BLOCK29/SES291/SA291S24	SES104	1.68733	-8.37256	-10.0599
BLOCK29/SES291/SA291S24	SES125	1.04049	-9.01939	-10.0599
BLOCK29/SES291/SA291S24	SES158	1.3201	-8.73979	-10.0599
BLOCK29/SES291/SA291S24	SES275	0.252122	-9.80777	-10.0599
BLOCK29/SES291/SA291S27	SES158	1.17048	-8.61078	-9.78126
BLOCK29/SES291/SA291S27	SES172	-0.0825644	-9.86382	-9.78126
BLOCK29/SES291/SA291S27	SES275	0.0799723	-9.70128	-9.78126
BLOCK29/SES291/SA291S27	SES292	0.675614	-9.10564	-9.78126
Threshold search:
THR	-3.9079777643	9	0(0)	1(1000)
THR	-3.830334686657	8.991	0(0)	0.999(999)
THR	-3.752691609014	8.991	0(0)	0.999(999)
THR	-3.675048531371	8.991	0(0)	0.999(999)
THR	-3.597405453728	8.991	0(0)	0.999(999)
THR	-3.519762376085	8.991	0(0)	0.999(999)
THR	-3.442119298442	8.991	0(0)	0.999(999)
THR	-3.364476220799	8.991	0(0)	0.999(999)
THR	-3.286833143156	8.991	0(0)	0.999(999)
THR	-3.209190065513	8.991	0(0)	0.999(999)
THR	-3.13154698787	8.991	0(0)	0.999(999)
THR	-3.053903910227	8.991	0(0)	0.999(999)
THR	-2.976260832584	8.982	0(0)	0.998(998)
THR	-2.898617754941	8.982	0(0)	0.998(998)
THR	-2.820974677298	8.982	0(0)	0.998(998)
THR	-2.743331599655	8.982	0(0)	0.998(998)
THR	-2.665688522012	8.982	0(0)	0.998(998)
THR	-2.588045444369	8.982	0(0)	0.998(998)
THR	-2.510402366726	8.982	0(0)	0.998(998)
THR	-2.432759289083	8.973	0(0)	0.997(997)
THR	-2.35511621144	8.964	0(0)	0.996(996)
THR	-2.277473133797	8.964	0(0)	0.996(996)
THR	-2.199830056154	8.964	0(0)	0.996(996)
THR	-2.122186978511	8.955	0(0)	0.995(995)
THR	-2.044543900868	8.955	0(0)	0.995(995)
THR	-1.966900823225	8.955	0(0)	0.995(995)
THR	-1.889257745582	8.955	0(0)	0.995(995)
THR	-1.811614667939	8.955	0(0)	0.995(995)
THR	-1.733971590296	8.955	0(0)	0.995(995)
THR	-1.656328512653	8.928	0(0)	0.992(992)
THR	-1.57868543501	8.928	0(0)	0.992(992)
THR	-1.501042357367	8.928	0(0)	0.992(992)
THR	-1.423399279724	8.928	0(0)	0.992(992)
THR	-1.345756202081	8.928	0(0)	0.992(992)
THR	-1.268113124438	8.91	0(0)	0.99(990)
THR	-1.190470046795	8.892	0(0)	0.988(988)
THR	-1.112826969152	8.874	0(0)	0.986(986)
THR	-1.035183891509	8.847	0(0)	0.983(983)
THR	-0.957540813865997	8.802	0(0)	0.978(978)
THR	-0.879897736222997	8.757	0(0)	0.973(973)
THR	-0.802254658579997	8.712	0(0)	0.968(968)
THR	-0.724611580936997	8.703	0(0)	0.967(967)
THR	-0.646968503293997	8.622	0(0)	0.958(958)
THR	-0.569325425650997	8.559	0(0)	0.951(951)
THR	-0.491682348007997	8.406	0(0)	0.934(934)
THR	-0.414039270364997	8.307	0(0)	0.923(923)
THR	-0.336396192721997	8.073	0(0)	0.897(897)
THR	-0.258753115078997	7.929	0(0)	0.881(881)
THR	-0.181110037435997	7.789	0.004(1)	0.865(865)
THR	-0.103466959792997	7.591	0.004(1)	0.843(843)
THR	-0.0258238821499975	7.303	0.004(1)	0.811(811)
THR	0.0518191954930025	6.925	0.004(1)	0.769(769)
THR	0.129462273136003	6.682	0.004(1)	0.742(742)
THR	0.207105350779002	6.376	0.004(1)	0.708(708)
THR	0.284748428422002	5.863	0.004(1)	0.651(651)
THR	0.362391506065002	5.368	0.004(1)	0.596(596)
THR	0.440034583708002	4.93	0.016(4)	0.546(546)
THR	0.517677661351002	4.516	0.016(4)	0.5(500)
THR	0.595320738994003	4.019	0.032(8)	0.443(443)
THR	0.672963816637002	3.465	0.036(9)	0.381(381)
THR	0.750606894280002	3.08	0.056(14)	0.336(336)
THR	0.828249971923002	2.664	0.072(18)	0.288(288)
THR	0.905893049566002	2.31	0.096(24)	0.246(246)
THR	0.983536127209002	2.086	0.16(40)	0.214(214)
THR	1.061179204852	1.902	0.228(57)	0.186(186)
THR	1.138822282495	1.796	0.284(71)	0.168(168)
THR	1.216465360138	1.622	0.38(95)	0.138(138)
THR	1.294108437781	1.527	0.456(114)	0.119(119)
THR	1.371751515424	1.383	0.528(132)	0.095(95)
THR	1.449394593067	1.331	0.584(146)	0.083(83)
THR	1.52703767071	1.286	0.656(164)	0.07(70)
THR	1.604680748353	1.167	0.708(177)	0.051(51)
THR	1.682323825996	1.109	0.74(185)	0.041(41)
THR	1.759966903639	1.093	0.796(199)	0.033(33)
THR	1.837609981282	1.054	0.82(205)	0.026(26)
THR	1.915253058925	1.06	0.844(211)	0.024(24)
THR	1.992896136568	1.06	0.88(220)	0.02(20)
THR	2.070539214211	1.044	0.9(225)	0.016(16)
THR	2.148182291854	1.064	0.92(230)	0.016(16)
THR	2.225825369497	1.041	0.924(231)	0.013(13)
THR	2.30346844714	1.027	0.928(232)	0.011(11)
THR	2.381111524783	1.016	0.944(236)	0.008(8)
THR	2.458754602426	1.02	0.948(237)	0.008(8)
THR	2.536397680069	1.001	0.956(239)	0.005(5)
THR	2.614040757712	1.009	0.964(241)	0.005(5)
THR	2.691683835355	1.008	0.972(243)	0.004(4)
THR	2.769326912998	0.999	0.972(243)	0.003(3)
THR	2.846969990641	0.99	0.972(243)	0.002(2)
THR	2.924613068284	0.989	0.98(245)	0.001(1)
THR	3.002256145927	0.98	0.98(245)	0(0)
THR	3.07989922357	0.98	0.98(245)	0(0)
THR	3.157542301213	0.984	0.984(246)	0(0)
THR	3.235185378856	0.988	0.988(247)	0(0)
THR	3.312828456499	0.992	0.992(248)	0(0)
THR	3.390471534142	0.996	0.996(249)	0(0)
THR	3.468114611785	0.996	0.996(249)	0(0)
THR	3.545757689428	0.996	0.996(249)	0(0)
THR	3.623400767071	0.996	0.996(249)	0(0)
THR	3.701043844714	0.996	0.996(249)	0(0)
THR	3.778686922357	0.996	0.996(249)	0(0)
THR	3.85633000000001	1	1(250)	0(0)


==============================================
THR: 3.002256145927
Missed:     245/250=0.9800
FalseAlarm: 0/1000=0.0000
----------------------------------------------
==> CostDetection: 98.0
==============================================
